0:0:0:0:0:0:0:1 -  -  [18/Dec/2013:16:22:32 +0000] "GET / HTTP/1.1" 404 1174 
0:0:0:0:0:0:0:1 -  -  [18/Dec/2013:16:22:33 +0000] "GET /favicon.ico HTTP/1.1" 200 1150 
0:0:0:0:0:0:0:1 -  -  [18/Dec/2013:16:22:35 +0000] "GET /AppInsight HTTP/1.1" 302 0 
0:0:0:0:0:0:0:1 -  -  [18/Dec/2013:16:22:35 +0000] "GET /AppInsight/ HTTP/1.1" 200 807 
0:0:0:0:0:0:0:1 -  -  [18/Dec/2013:16:22:35 +0000] "GET /AppInsight/js/lib/require.js HTTP/1.1" 200 80260 
0:0:0:0:0:0:0:1 -  -  [18/Dec/2013:16:22:35 +0000] "GET /AppInsight/css/compiled/hp-piano.css HTTP/1.1" 200 426364 
0:0:0:0:0:0:0:1 -  -  [18/Dec/2013:16:22:35 +0000] "GET /AppInsight/img/hp-piano/hp-piano-icons.png HTTP/1.1" 200 32409 
0:0:0:0:0:0:0:1 -  -  [18/Dec/2013:16:22:35 +0000] "GET /AppInsight/js/xsys/shell-require.js HTTP/1.1" 200 1837 
0:0:0:0:0:0:0:1 -  -  [18/Dec/2013:16:22:35 +0000] "GET /AppInsight/js/xsys/shell/MainPageRoutes.js HTTP/1.1" 200 19900 
0:0:0:0:0:0:0:1 -  -  [18/Dec/2013:16:22:35 +0000] "GET /AppInsight/js/hp/Application.js HTTP/1.1" 200 3281 
0:0:0:0:0:0:0:1 -  -  [18/Dec/2013:16:22:35 +0000] "GET /AppInsight/js/lib/jquery-ui-1.8.16.piano.min.js HTTP/1.1" 200 210463 
0:0:0:0:0:0:0:1 -  -  [18/Dec/2013:16:22:35 +0000] "GET /AppInsight/js/lib/modernizr-2.0.6.js HTTP/1.1" 200 43394 
0:0:0:0:0:0:0:1 -  -  [18/Dec/2013:16:22:36 +0000] "GET /AppInsight/js/lib/json2.js HTTP/1.1" 200 17594 
0:0:0:0:0:0:0:1 -  -  [18/Dec/2013:16:22:35 +0000] "GET /AppInsight/js/hp/model/DevelopmentSettings.js HTTP/1.1" 200 3820 
0:0:0:0:0:0:0:1 -  -  [18/Dec/2013:16:22:35 +0000] "GET /AppInsight/js/lib/jquery-1.7.1.js HTTP/1.1" 200 248235 
0:0:0:0:0:0:0:1 -  -  [18/Dec/2013:16:22:36 +0000] "GET /AppInsight/js/hp/core/Router.js HTTP/1.1" 200 30458 
0:0:0:0:0:0:0:1 -  -  [18/Dec/2013:16:22:36 +0000] "GET /AppInsight/js/hp/core/UrlFragment.js HTTP/1.1" 200 12866 
0:0:0:0:0:0:0:1 -  -  [18/Dec/2013:16:22:36 +0000] "GET /AppInsight/js/hp/model/SessionRoutes.js HTTP/1.1" 200 6584 
0:0:0:0:0:0:0:1 -  -  [18/Dec/2013:16:22:36 +0000] "GET /AppInsight/js/hp/core/Banner.js HTTP/1.1" 200 11342 
0:0:0:0:0:0:0:1 -  -  [18/Dec/2013:16:22:36 +0000] "GET /AppInsight/js/hp/core/Localizer.js HTTP/1.1" 200 4880 
0:0:0:0:0:0:0:1 -  -  [18/Dec/2013:16:22:36 +0000] "GET /AppInsight/js/hp/view/login/LoginView.js HTTP/1.1" 200 10809 
0:0:0:0:0:0:0:1 -  -  [18/Dec/2013:16:22:36 +0000] "GET /AppInsight/js/lib/text.js HTTP/1.1" 200 13107 
0:0:0:0:0:0:0:1 -  -  [18/Dec/2013:16:22:36 +0000] "GET /AppInsight/js/hp/core/Environment.js HTTP/1.1" 200 1983 
0:0:0:0:0:0:0:1 -  -  [18/Dec/2013:16:22:36 +0000] "GET /AppInsight/js/hp/presenter/settings/DevelopmentPresenter.js HTTP/1.1" 200 2117 
0:0:0:0:0:0:0:1 -  -  [18/Dec/2013:16:22:36 +0000] "GET /AppInsight/js/hp/core/Validator.js HTTP/1.1" 200 7632 
0:0:0:0:0:0:0:1 -  -  [18/Dec/2013:16:22:36 +0000] "GET /AppInsight/js/hp/view/LocationView.js HTTP/1.1" 200 1211 
0:0:0:0:0:0:0:1 -  -  [18/Dec/2013:16:22:36 +0000] "GET /AppInsight/js/hp/core/EventDispatcher.js HTTP/1.1" 200 2066 
0:0:0:0:0:0:0:1 -  -  [18/Dec/2013:16:22:36 +0000] "GET /AppInsight/js/hp/model/Session.js HTTP/1.1" 200 10849 
0:0:0:0:0:0:0:1 -  -  [18/Dec/2013:16:22:36 +0000] "GET /AppInsight/js/hp/core/HashManager.js HTTP/1.1" 200 3561 
0:0:0:0:0:0:0:1 -  -  [18/Dec/2013:16:22:36 +0000] "GET /AppInsight/js/hp/core/Pager.js HTTP/1.1" 200 7232 
0:0:0:0:0:0:0:1 -  -  [18/Dec/2013:16:22:36 +0000] "GET /AppInsight/js/hp/core/Performance.js HTTP/1.1" 200 3532 
0:0:0:0:0:0:0:1 -  -  [18/Dec/2013:16:22:36 +0000] "GET /AppInsight/js/lib/jquery.cookie.js HTTP/1.1" 200 2284 
0:0:0:0:0:0:0:1 -  -  [18/Dec/2013:16:22:36 +0000] "GET /AppInsight/js/hp/services/Log.js HTTP/1.1" 200 393 
0:0:0:0:0:0:0:1 -  -  [18/Dec/2013:16:22:36 +0000] "GET /AppInsight/js/hp/view/NotAuthorizedView.js HTTP/1.1" 200 1632 
0:0:0:0:0:0:0:1 -  -  [18/Dec/2013:16:22:36 +0000] "GET /AppInsight/js/xsys/xSysAuthn.js HTTP/1.1" 200 3892 
0:0:0:0:0:0:0:1 -  -  [18/Dec/2013:16:22:37 +0000] "GET /AppInsight/js/hp/core/Notifications.js HTTP/1.1" 200 16768 
0:0:0:0:0:0:0:1 -  -  [18/Dec/2013:16:22:36 +0000] "GET /AppInsight/js/lib/ECMA262-5.js HTTP/1.1" 200 997 
0:0:0:0:0:0:0:1 -  -  [18/Dec/2013:16:22:37 +0000] "GET /AppInsight/js/hp/core/Uploads.js HTTP/1.1" 200 18560 
0:0:0:0:0:0:0:1 -  -  [18/Dec/2013:16:22:37 +0000] "GET /AppInsight/js/hp/view/SearchBoxView.js HTTP/1.1" 200 11124 
0:0:0:0:0:0:0:1 -  -  [18/Dec/2013:16:22:37 +0000] "GET /AppInsight/js/hp/core/MainMenu.js HTTP/1.1" 200 11567 
0:0:0:0:0:0:0:1 -  -  [18/Dec/2013:16:22:37 +0000] "GET /AppInsight/js/hp/core/Sidebar.js HTTP/1.1" 200 6507 
0:0:0:0:0:0:0:1 -  -  [18/Dec/2013:16:22:37 +0000] "GET /AppInsight/js/hp/presenter/LoginPresenter.js HTTP/1.1" 200 9290 
0:0:0:0:0:0:0:1 -  -  [18/Dec/2013:16:22:37 +0000] "GET /AppInsight/js/lib/jquery.selectBox.js HTTP/1.1" 200 30105 
0:0:0:0:0:0:0:1 -  -  [18/Dec/2013:16:22:37 +0000] "GET /AppInsight/js/hp/lib/jquery.hpTooltip.js HTTP/1.1" 200 4706 
0:0:0:0:0:0:0:1 -  -  [18/Dec/2013:16:22:37 +0000] "GET /AppInsight/js/hp/core/HelpMenu.js HTTP/1.1" 200 6625 
0:0:0:0:0:0:0:1 -  -  [18/Dec/2013:16:22:37 +0000] "GET /AppInsight/pages/core/body_contents.html HTTP/1.1" 200 1818 
0:0:0:0:0:0:0:1 -  -  [18/Dec/2013:16:22:37 +0000] "GET /AppInsight/js/lib/jquery.timeago.js HTTP/1.1" 200 5068 
0:0:0:0:0:0:0:1 -  -  [18/Dec/2013:16:22:37 +0000] "GET /AppInsight/pages/core/not_authorized.html HTTP/1.1" 200 732 
0:0:0:0:0:0:0:1 -  -  [18/Dec/2013:16:22:37 +0000] "GET /AppInsight/pages/core/simple_banner.html HTTP/1.1" 200 279 
0:0:0:0:0:0:0:1 -  -  [18/Dec/2013:16:22:37 +0000] "GET /AppInsight/js/hp/core/Language.js HTTP/1.1" 200 1954 
0:0:0:0:0:0:0:1 -  -  [18/Dec/2013:16:22:37 +0000] "GET /AppInsight/pages/core/banner.html HTTP/1.1" 200 5953 
0:0:0:0:0:0:0:1 -  -  [18/Dec/2013:16:22:37 +0000] "GET /AppInsight/js/lib/jquery.validate.js HTTP/1.1" 200 39317 
0:0:0:0:0:0:0:1 -  -  [18/Dec/2013:16:22:37 +0000] "GET /AppInsight/js/hp/services/REST.js HTTP/1.1" 200 9607 
0:0:0:0:0:0:0:1 -  -  [18/Dec/2013:16:22:37 +0000] "GET /AppInsight/js/hp/core/LinkTargetBuilder.js HTTP/1.1" 200 13429 
0:0:0:0:0:0:0:1 -  -  [18/Dec/2013:16:22:37 +0000] "GET /AppInsight/js/xsys/services/ComplianceService.js HTTP/1.1" 200 158717 
0:0:0:0:0:0:0:1 -  -  [18/Dec/2013:16:22:37 +0000] "GET /AppInsight/js/xsys/xSysSessionService.js HTTP/1.1" 200 438 
0:0:0:0:0:0:0:1 -  -  [18/Dec/2013:16:22:37 +0000] "GET /AppInsight/js/hp/presenter/SearchBoxPresenter.js HTTP/1.1" 200 4615 
0:0:0:0:0:0:0:1 -  -  [18/Dec/2013:16:22:37 +0000] "GET /AppInsight/js/hp/lib/date.js HTTP/1.1" 200 2051 
0:0:0:0:0:0:0:1 -  -  [18/Dec/2013:16:22:37 +0000] "GET /AppInsight/js/hp/view/DialogView.js HTTP/1.1" 200 11475 
0:0:0:0:0:0:0:1 -  -  [18/Dec/2013:16:22:37 +0000] "GET /AppInsight/js/hp/core/Style.js HTTP/1.1" 200 7395 
0:0:0:0:0:0:0:1 -  -  [18/Dec/2013:16:22:37 +0000] "GET /AppInsight/js/hp/lib/jquery.hpStatus.js HTTP/1.1" 200 3925 
0:0:0:0:0:0:0:1 -  -  [18/Dec/2013:16:22:37 +0000] "GET /AppInsight/js/hp/lib/jquery.hpSafeClone.js HTTP/1.1" 200 606 
0:0:0:0:0:0:0:1 -  -  [18/Dec/2013:16:22:37 +0000] "GET /AppInsight/js/hp/model/UploadManager.js HTTP/1.1" 200 3400 
0:0:0:0:0:0:0:1 -  -  [18/Dec/2013:16:22:37 +0000] "GET /AppInsight/pages/core/upload-cancel-confirmation.html HTTP/1.1" 200 1149 
0:0:0:0:0:0:0:1 -  -  [18/Dec/2013:16:22:37 +0000] "GET /AppInsight/js/hp/lib/jquery.hpTimestamp.js HTTP/1.1" 200 5069 
0:0:0:0:0:0:0:1 -  -  [18/Dec/2013:16:22:37 +0000] "GET /AppInsight/pages/core/page_label.html HTTP/1.1" 200 218 
0:0:0:0:0:0:0:1 -  -  [18/Dec/2013:16:22:37 +0000] "GET /AppInsight/js/hp/lib/jquery.hpUtilizationMeter.js HTTP/1.1" 200 6343 
0:0:0:0:0:0:0:1 -  -  [18/Dec/2013:16:22:37 +0000] "GET /AppInsight/js/hp/model/Login.js HTTP/1.1" 200 1382 
0:0:0:0:0:0:0:1 -  -  [18/Dec/2013:16:22:37 +0000] "GET /AppInsight/pages/core/main_menu.html HTTP/1.1" 200 401 
0:0:0:0:0:0:0:1 -  -  [18/Dec/2013:16:22:37 +0000] "GET /AppInsight/pages/core/page_sub_nav.html HTTP/1.1" 200 437 
0:0:0:0:0:0:0:1 -  -  [18/Dec/2013:16:22:37 +0000] "GET /AppInsight/js/hp/services/lum.js HTTP/1.1" 200 1231 
0:0:0:0:0:0:0:1 -  -  [18/Dec/2013:16:22:37 +0000] "GET /AppInsight/js/xsys/xSysAuthz.js HTTP/1.1" 200 818 
0:0:0:0:0:0:0:1 -  -  [18/Dec/2013:16:22:37 +0000] "GET /AppInsight/pages/xsys/help_menu.html HTTP/1.1" 200 1722 
0:0:0:0:0:0:0:1 -  -  [18/Dec/2013:16:22:38 +0000] "GET /AppInsight/js/xsys/lang/en.js HTTP/1.1" 200 443 
0:0:0:0:0:0:0:1 -  -  [18/Dec/2013:16:22:38 +0000] "GET /AppInsight/pages/core/dialog_overlay.html HTTP/1.1" 200 293 
0:0:0:0:0:0:0:1 -  -  [18/Dec/2013:16:22:38 +0000] "GET /AppInsight/js/hp/services/Encoder.js HTTP/1.1" 200 2060 
0:0:0:0:0:0:0:1 -  -  [18/Dec/2013:16:22:38 +0000] "GET /AppInsight/js/hp/services/IndexFilter.js HTTP/1.1" 200 23199 
0:0:0:0:0:0:0:1 -  -  [18/Dec/2013:16:22:38 +0000] "GET /AppInsight/pages/core/dialog_notification.html HTTP/1.1" 200 502 
0:0:0:0:0:0:0:1 -  -  [18/Dec/2013:16:22:38 +0000] "GET /AppInsight/js/hp/lib/interval.js HTTP/1.1" 200 4259 
0:0:0:0:0:0:0:1 -  -  [18/Dec/2013:16:22:38 +0000] "GET /AppInsight/js/hp/core/lang/core-en.js HTTP/1.1" 200 11289 
0:0:0:0:0:0:0:1 -  -  [18/Dec/2013:16:22:38 +0000] "GET /AppInsight/js/hp/lib/jquery.hpEllipsis.js HTTP/1.1" 200 2557 
0:0:0:0:0:0:0:1 -  -  [18/Dec/2013:16:22:38 +0000] "GET /AppInsight/js/fs/lang/fs-en.js HTTP/1.1" 200 479 
0:0:0:0:0:0:0:1 -  -  [18/Dec/2013:16:22:38 +0000] "GET /AppInsight/js/hp/core/lang/search-en.js HTTP/1.1" 200 568 
0:0:0:0:0:0:0:1 -  -  [18/Dec/2013:16:22:38 +0000] "GET /AppInsight/js/hp/core/lang/login-en.js HTTP/1.1" 200 657 
0:0:0:0:0:0:0:1 -  -  [18/Dec/2013:16:22:38 +0000] "GET /AppInsight/js/hp/core/lang/help-en.js HTTP/1.1" 200 501 
0:0:0:0:0:0:0:1 -  -  [18/Dec/2013:16:22:38 +0000] "GET /AppInsight/js/hp/core/lang/upload-en.js HTTP/1.1" 200 989 
0:0:0:0:0:0:0:1 -  -  [18/Dec/2013:16:22:38 +0000] "GET /AppInsight/js/xsys/lang/xsys-en.js HTTP/1.1" 200 380 
0:0:0:0:0:0:0:1 -  -  [18/Dec/2013:16:22:38 +0000] "GET /AppInsight/js/lib/jquery.dateFormat.js HTTP/1.1" 200 14788 
0:0:0:0:0:0:0:1 -  -  [18/Dec/2013:16:22:38 +0000] "GET /AppInsight/js/fs/lang/settings-en.js HTTP/1.1" 200 38291 
0:0:0:0:0:0:0:1 -  -  [18/Dec/2013:16:22:38 +0000] "GET /AppInsight/js/hp/core/lang/settings-en.js HTTP/1.1" 200 1096 
0:0:0:0:0:0:0:1 -  -  [18/Dec/2013:16:22:38 +0000] "GET /AppInsight/js/fs/lang/alerts-en.js HTTP/1.1" 200 7336 
0:0:0:0:0:0:0:1 -  -  [18/Dec/2013:16:22:38 +0000] "GET /AppInsight/js/fs/lang/status-en.js HTTP/1.1" 200 4945 
0:0:0:0:0:0:0:1 -  -  [18/Dec/2013:16:22:38 +0000] "GET /AppInsight/js/hp/core/lang/notify-en.js HTTP/1.1" 200 390 
0:0:0:0:0:0:0:1 -  -  [18/Dec/2013:16:22:38 +0000] "GET /AppInsight/js/fs/lang/users-en.js HTTP/1.1" 200 8192 
0:0:0:0:0:0:0:1 -  -  [18/Dec/2013:16:22:38 +0000] "GET /AppInsight/js/fs/lang/welcome-en.js HTTP/1.1" 200 605 
0:0:0:0:0:0:0:1 -  -  [18/Dec/2013:16:22:38 +0000] "GET /AppInsight/js/fs/lang/displayitemlist-en.js HTTP/1.1" 200 238 
0:0:0:0:0:0:0:1 -  -  [18/Dec/2013:16:22:38 +0000] "GET /AppInsight/js/hp/services/EulaService.js HTTP/1.1" 200 1298 
0:0:0:0:0:0:0:1 -  -  [18/Dec/2013:16:22:38 +0000] "GET /rest/appliance/eula/status?_=1387383758850 HTTP/1.1" 404 1293 
0:0:0:0:0:0:0:1 -  -  [18/Dec/2013:16:22:38 +0000] "GET /AppInsight/pages/xsys/loginindex.html HTTP/1.1" 200 3217 
0:0:0:0:0:0:0:1 -  -  [18/Dec/2013:16:22:39 +0000] "GET /AppInsight/fonts/HPSimplifiedW04-Regular.ttf HTTP/1.1" 200 122504 
0:0:0:0:0:0:0:1 -  -  [18/Dec/2013:16:22:39 +0000] "GET /AppInsight/fonts/HPSimplifiedW04-Bold.ttf HTTP/1.1" 200 111864 
0:0:0:0:0:0:0:1 -  -  [18/Dec/2013:16:22:39 +0000] "GET /AppInsight/img/hp-piano/down-arrow-select.png HTTP/1.1" 200 2915 
0:0:0:0:0:0:0:1 -  -  [18/Dec/2013:16:22:39 +0000] "GET /AppInsight/fonts/HPSimplifiedW04-Light.ttf HTTP/1.1" 200 142784 
0:0:0:0:0:0:0:1 -  -  [18/Dec/2013:16:22:39 +0000] "GET /AppInsight/img/login_hero.png HTTP/1.1" 200 467589 
0:0:0:0:0:0:0:1 -  -  [18/Dec/2013:16:22:54 +0000] "POST /xFrameworkRestAPI/api/Login HTTP/1.1" 200 155 
0:0:0:0:0:0:0:1 -  -  [18/Dec/2013:16:22:54 +0000] "GET /AppInsight/pages/xsys/dashboard/index.html HTTP/1.1" 200 33622 
0:0:0:0:0:0:0:1 -  -  [18/Dec/2013:16:22:54 +0000] "GET /AppInsight/js/xsys/view/dashboard/DashboardView.js HTTP/1.1" 200 114126 
0:0:0:0:0:0:0:1 -  -  [18/Dec/2013:16:22:54 +0000] "GET /AppInsight/js/xsys/presenter/compliance/CompliancePresenter.js HTTP/1.1" 200 9944 
0:0:0:0:0:0:0:1 -  -  [18/Dec/2013:16:22:54 +0000] "GET /AppInsight/js/xsys/view/cpuinfo/CPUView.js HTTP/1.1" 200 17016 
0:0:0:0:0:0:0:1 -  -  [18/Dec/2013:16:22:54 +0000] "GET /AppInsight/js/xsys/view/compliance/ComplianceView.js HTTP/1.1" 200 33055 
0:0:0:0:0:0:0:1 -  -  [18/Dec/2013:16:22:55 +0000] "GET /AppInsight/js/hp/lib/jquery.hpPlot.js HTTP/1.1" 200 1794 
0:0:0:0:0:0:0:1 -  -  [18/Dec/2013:16:22:54 +0000] "GET /AppInsight/js/hp/lib/jquery.hpProgressBar.js HTTP/1.1" 200 1855 
0:0:0:0:0:0:0:1 -  -  [18/Dec/2013:16:22:54 +0000] "GET /AppInsight/js/xsys/presenter/dashboard/DashboardPresenter.js HTTP/1.1" 200 2661 
0:0:0:0:0:0:0:1 -  -  [18/Dec/2013:16:22:55 +0000] "GET /AppInsight/js/xsys/model/compliance/ComplianceResource.js HTTP/1.1" 200 155 
0:0:0:0:0:0:0:1 -  -  [18/Dec/2013:16:22:54 +0000] "GET /AppInsight/js/hp/lib/jquery.hpDonut.js HTTP/1.1" 200 3234 
0:0:0:0:0:0:0:1 -  -  [18/Dec/2013:16:22:54 +0000] "GET /AppInsight/js/hp/lib/jquery.hpGridPanels.js HTTP/1.1" 200 6244 
0:0:0:0:0:0:0:1 -  -  [18/Dec/2013:16:22:55 +0000] "GET /AppInsight/js/hp/lib/jquery.hpDropMenu.js HTTP/1.1" 200 7533 
0:0:0:0:0:0:0:1 -  -  [18/Dec/2013:16:22:55 +0000] "GET /AppInsight/js/hp/view/MasterPaneView.js HTTP/1.1" 200 18196 
0:0:0:0:0:0:0:1 -  -  [18/Dec/2013:16:22:55 +0000] "GET /AppInsight/js/hp/view/NotificationsView.js HTTP/1.1" 200 21003 
0:0:0:0:0:0:0:1 -  -  [18/Dec/2013:16:22:55 +0000] "GET /AppInsight/js/hp/model/Resource.js HTTP/1.1" 200 34734 
0:0:0:0:0:0:0:1 -  -  [18/Dec/2013:16:22:55 +0000] "GET /AppInsight/js/lib/jquery.flot.fillbetween.js HTTP/1.1" 200 7595 
0:0:0:0:0:0:0:1 -  -  [18/Dec/2013:16:22:55 +0000] "GET /AppInsight/js/lib/jquery.flot.selection.js HTTP/1.1" 200 13187 
0:0:0:0:0:0:0:1 -  -  [18/Dec/2013:16:22:55 +0000] "GET /AppInsight/js/lib/jquery.flot.pie.js HTTP/1.1" 200 22646 
0:0:0:0:0:0:0:1 -  -  [18/Dec/2013:16:22:55 +0000] "GET /AppInsight/js/hp/view/MasterTableView.js HTTP/1.1" 200 29993 
0:0:0:0:0:0:0:1 -  -  [18/Dec/2013:16:22:55 +0000] "GET /AppInsight/pages/core/master_sub_nav.html HTTP/1.1" 200 243 
0:0:0:0:0:0:0:1 -  -  [18/Dec/2013:16:22:55 +0000] "GET /AppInsight/js/hp/presenter/MasterPanePresenter.js HTTP/1.1" 200 29686 
0:0:0:0:0:0:0:1 -  -  [18/Dec/2013:16:22:55 +0000] "GET /AppInsight/js/hp/view/MasterGridView.js HTTP/1.1" 200 15157 
0:0:0:0:0:0:0:1 -  -  [18/Dec/2013:16:22:55 +0000] "GET /AppInsight/pages/core/no_details.html HTTP/1.1" 200 836 
0:0:0:0:0:0:0:1 -  -  [18/Dec/2013:16:22:55 +0000] "GET /AppInsight/pages/core/no_items.html HTTP/1.1" 200 449 
0:0:0:0:0:0:0:1 -  -  [18/Dec/2013:16:22:55 +0000] "GET /AppInsight/pages/core/master_header.html HTTP/1.1" 200 372 
0:0:0:0:0:0:0:1 -  -  [18/Dec/2013:16:22:55 +0000] "GET /AppInsight/js/hp/view/MasterErrorView.js HTTP/1.1" 200 3378 
0:0:0:0:0:0:0:1 -  -  [18/Dec/2013:16:22:55 +0000] "GET /AppInsight/js/lib/jquery.flot.js HTTP/1.1" 200 106849 
0:0:0:0:0:0:0:1 -  -  [18/Dec/2013:16:22:55 +0000] "GET /AppInsight/pages/core/details_notifications.html HTTP/1.1" 200 2210 
0:0:0:0:0:0:0:1 -  -  [18/Dec/2013:16:22:55 +0000] "GET /AppInsight/js/hp/lib/jquery.hpCollapsible.js HTTP/1.1" 200 2725 
0:0:0:0:0:0:0:1 -  -  [18/Dec/2013:16:22:55 +0000] "GET /AppInsight/js/hp/presenter/NotificationsPresenter.js HTTP/1.1" 200 6389 
0:0:0:0:0:0:0:1 -  -  [18/Dec/2013:16:22:55 +0000] "GET /AppInsight/js/hp/lib/jquery.hpSelect.js HTTP/1.1" 200 21238 
0:0:0:0:0:0:0:1 -  -  [18/Dec/2013:16:22:55 +0000] "GET /AppInsight/js/hp/services/ResourceService.js HTTP/1.1" 200 3023 
0:0:0:0:0:0:0:1 -  -  [18/Dec/2013:16:22:55 +0000] "GET /AppInsight/js/lib/jquery.dataTables.js HTTP/1.1" 200 377589 
0:0:0:0:0:0:0:1 -  -  [18/Dec/2013:16:22:56 +0000] "GET /AppInsight/js/lib/excanvas.js HTTP/1.1" 200 41246 
0:0:0:0:0:0:0:1 -  -  [18/Dec/2013:16:22:56 +0000] "GET /AppInsight/pages/core/hp_select_sort_directions.html HTTP/1.1" 200 303 
0:0:0:0:0:0:0:1 -  -  [18/Dec/2013:16:22:56 +0000] "GET /AppInsight/js/fs/services/tasks/TasksService.js HTTP/1.1" 200 1990 
0:0:0:0:0:0:0:1 -  -  [18/Dec/2013:16:22:56 +0000] "GET /AppInsight/js/fs/services/alerts/AlertsService.js HTTP/1.1" 200 9079 
0:0:0:0:0:0:0:1 -  -  [18/Dec/2013:16:22:56 +0000] "GET /xFrameworkRestAPI/api/GetNodeList?_=1387383776930 HTTP/1.1" 200 359 
0:0:0:0:0:0:0:1 -  -  [18/Dec/2013:16:22:56 +0000] "GET /xFrameworkRestAPI/api/InitializeMgtModule?mgt_module=compliance&_=1387383776416 HTTP/1.1" 200 94 
0:0:0:0:0:0:0:1 -  -  [18/Dec/2013:16:22:57 +0000] "GET /xFrameworkRestAPI/api/GetCurrentVersion?_=1387383777835 HTTP/1.1" 200 95 
0:0:0:0:0:0:0:1 -  -  [18/Dec/2013:16:22:57 +0000] "GET /xFrameworkRestAPI/api/RetrieveComplianceHistory/10?_=1387383777835 HTTP/1.1" 200 114 
0:0:0:0:0:0:0:1 -  -  [18/Dec/2013:16:22:57 +0000] "GET /xFrameworkRestAPI/api/GetAllVersions?_=1387383777866 HTTP/1.1" 200 97 
0:0:0:0:0:0:0:1 -  -  [18/Dec/2013:16:22:58 +0000] "POST /xFrameworkRestAPI/api/getConfigList HTTP/1.1" 200 194 
0:0:0:0:0:0:0:1 -  -  [18/Dec/2013:16:22:58 +0000] "GET /xFrameworkRestAPI/api/GetNodeList?_=1387383778522 HTTP/1.1" 200 359 
0:0:0:0:0:0:0:1 -  -  [18/Dec/2013:16:23:05 +0000] "POST /xFrameworkRestAPI/api/RunWorkflowSequenceForResultObject/RC01-SW5900-BOT/compliance_switch HTTP/1.1" 200 442 
0:0:0:0:0:0:0:1 -  -  [18/Dec/2013:16:23:05 +0000] "POST /xFrameworkRestAPI/api/RunWorkflowSequenceForResultObject/RC01-SW5900-TOP/compliance_switch HTTP/1.1" 200 442 
0:0:0:0:0:0:0:1 -  -  [18/Dec/2013:16:23:05 +0000] "POST /xFrameworkRestAPI/api/RunWorkflowSequenceForResultObject/RC01-MANAGEMENT-CMC/compliance_management HTTP/1.1" 200 2662 
0:0:0:0:0:0:0:1 -  -  [18/Dec/2013:16:23:05 +0000] "POST /xFrameworkRestAPI/api/RunWorkflowSequenceForResultObject/RC01-ENC-TOP-BL1/compliance_blades HTTP/1.1" 200 6759 
0:0:0:0:0:0:0:1 -  -  [18/Dec/2013:16:23:06 +0000] "POST /xFrameworkRestAPI/api/RunWorkflowSequenceForResultObject/RC01-ENC-TOP-BL2/compliance_blades HTTP/1.1" 200 6759 
0:0:0:0:0:0:0:1 -  -  [18/Dec/2013:16:23:06 +0000] "POST /xFrameworkRestAPI/api/RunWorkflowSequenceForResultObject/RC01-ENC-TOP-BL3/compliance_blades HTTP/1.1" 200 6759 
0:0:0:0:0:0:0:1 -  -  [18/Dec/2013:16:23:06 +0000] "POST /xFrameworkRestAPI/api/RunWorkflowSequenceForResultObject/RC01-ENCLOSURE-TOP/compliance_enclosure HTTP/1.1" 200 1144 
0:0:0:0:0:0:0:1 -  -  [18/Dec/2013:16:23:06 +0000] "POST /xFrameworkRestAPI/api/RunWorkflowSequenceForResultObject/RC01-SERVICEGUARD-TOP/compliance_serviceguard HTTP/1.1" 200 2690 
0:0:0:0:0:0:0:1 -  -  [18/Dec/2013:16:23:06 +0000] "POST /xFrameworkRestAPI/api/RunWorkflowSequenceForResultObject/RC01-SERVICEGUARD-BOT/compliance_serviceguard HTTP/1.1" 200 2690 
0:0:0:0:0:0:0:1 -  -  [18/Dec/2013:16:23:06 +0000] "POST /xFrameworkRestAPI/api/RunWorkflowSequenceForResultObject/RC01-ENC-TOP-BL4/compliance_blades HTTP/1.1" 200 6759 
0:0:0:0:0:0:0:1 -  -  [18/Dec/2013:16:23:06 +0000] "GET /xFrameworkRestAPI/api/GetWorkflowVar/_server_model_number?_=1387383786696 HTTP/1.1" 200 95 
0:0:0:0:0:0:0:1 -  -  [18/Dec/2013:16:23:06 +0000] "GET /xFrameworkRestAPI/api/GetWorkflowVar/_server_model_number?_=1387383786712 HTTP/1.1" 200 95 
0:0:0:0:0:0:0:1 -  -  [18/Dec/2013:16:23:06 +0000] "GET /xFrameworkRestAPI/api/GetWorkflowVar/_server_model_number?_=1387383786727 HTTP/1.1" 200 110 
0:0:0:0:0:0:0:1 -  -  [18/Dec/2013:16:23:06 +0000] "GET /xFrameworkRestAPI/api/GetWorkflowVar/_server_model_number?_=1387383786727 HTTP/1.1" 200 100 
0:0:0:0:0:0:0:1 -  -  [18/Dec/2013:16:23:06 +0000] "POST /xFrameworkRestAPI/api/RunWorkflowSequenceForResultObject/RC01-3PAR-TOP/compliance_three_par HTTP/1.1" 200 590 
0:0:0:0:0:0:0:1 -  -  [18/Dec/2013:16:23:06 +0000] "POST /xFrameworkRestAPI/api/RunWorkflowSequenceForResultObject/RC01-ENC-TOP-BL1/getDISKinfo HTTP/1.1" 200 6759 
0:0:0:0:0:0:0:1 -  -  [18/Dec/2013:16:23:06 +0000] "POST /xFrameworkRestAPI/api/RunWorkflowSequenceForResultObject/RC01-SERVICEPROCESSOR/compliance_serviceprocessor HTTP/1.1" 200 2327 
0:0:0:0:0:0:0:1 -  -  [18/Dec/2013:16:23:07 +0000] "GET /xFrameworkRestAPI/api/GetWorkflowVar/_server_model_number?_=1387383787102 HTTP/1.1" 200 100 
0:0:0:0:0:0:0:1 -  -  [18/Dec/2013:16:23:07 +0000] "GET /xFrameworkRestAPI/api/GetWorkflowVar/_server_model_number?_=1387383787133 HTTP/1.1" 200 110 
0:0:0:0:0:0:0:1 -  -  [18/Dec/2013:16:23:07 +0000] "GET /xFrameworkRestAPI/api/GetWorkflowVar/_server_model_number?_=1387383787117 HTTP/1.1" 200 100 
0:0:0:0:0:0:0:1 -  -  [18/Dec/2013:16:23:07 +0000] "GET /xFrameworkRestAPI/api/GetWorkflowVar/_server_model_number?_=1387383787133 HTTP/1.1" 200 95 
0:0:0:0:0:0:0:1 -  -  [18/Dec/2013:16:23:07 +0000] "GET /xFrameworkRestAPI/api/GetWorkflowVar/_server_model_number?_=1387383787133 HTTP/1.1" 200 110 
0:0:0:0:0:0:0:1 -  -  [18/Dec/2013:16:23:07 +0000] "GET /xFrameworkRestAPI/api/GetWorkflowVar/_server_model_number?_=1387383787149 HTTP/1.1" 200 100 
0:0:0:0:0:0:0:1 -  -  [18/Dec/2013:16:23:07 +0000] "GET /xFrameworkRestAPI/api/GetWorkflowVar/_server_serial_number?_=1387383787149 HTTP/1.1" 200 95 
0:0:0:0:0:0:0:1 -  -  [18/Dec/2013:16:23:07 +0000] "GET /xFrameworkRestAPI/api/GetWorkflowVar/_server_serial_number?_=1387383787149 HTTP/1.1" 200 95 
0:0:0:0:0:0:0:1 -  -  [18/Dec/2013:16:23:07 +0000] "GET /xFrameworkRestAPI/api/GetWorkflowVar/_server_serial_number?_=1387383787149 HTTP/1.1" 200 106 
0:0:0:0:0:0:0:1 -  -  [18/Dec/2013:16:23:07 +0000] "GET /xFrameworkRestAPI/api/GetWorkflowVar/_server_serial_number?_=1387383787164 HTTP/1.1" 200 108 
0:0:0:0:0:0:0:1 -  -  [18/Dec/2013:16:23:07 +0000] "GET /xFrameworkRestAPI/api/GetWorkflowVar/~~_Disk_Usage?_=1387383787164 HTTP/1.1" 200 719 
0:0:0:0:0:0:0:1 -  -  [18/Dec/2013:16:23:07 +0000] "GET /xFrameworkRestAPI/api/GetWorkflowVar/_server_model_number?_=1387383787180 HTTP/1.1" 200 112 
0:0:0:0:0:0:0:1 -  -  [18/Dec/2013:16:23:07 +0000] "GET /xFrameworkRestAPI/api/GetWorkflowVar/_server_model_number?_=1387383787164 HTTP/1.1" 200 114 
0:0:0:0:0:0:0:1 -  -  [18/Dec/2013:16:23:07 +0000] "GET /xFrameworkRestAPI/api/GetWorkflowVar/_server_serial_number?_=1387383787476 HTTP/1.1" 200 108 
0:0:0:0:0:0:0:1 -  -  [18/Dec/2013:16:23:07 +0000] "GET /AppInsight/media/notify.mp3 HTTP/1.1" 206 13571 
0:0:0:0:0:0:0:1 -  -  [18/Dec/2013:16:23:07 +0000] "GET /xFrameworkRestAPI/api/GetWorkflowVar/_server_serial_number?_=1387383787507 HTTP/1.1" 200 106 
0:0:0:0:0:0:0:1 -  -  [18/Dec/2013:16:23:07 +0000] "GET /xFrameworkRestAPI/api/GetWorkflowVar/_server_serial_number?_=1387383787523 HTTP/1.1" 200 108 
0:0:0:0:0:0:0:1 -  -  [18/Dec/2013:16:23:07 +0000] "GET /xFrameworkRestAPI/api/GetWorkflowVar/_server_serial_number?_=1387383787523 HTTP/1.1" 200 95 
0:0:0:0:0:0:0:1 -  -  [18/Dec/2013:16:23:07 +0000] "GET /xFrameworkRestAPI/api/GetWorkflowVar/_server_serial_number?_=1387383787523 HTTP/1.1" 200 106 
0:0:0:0:0:0:0:1 -  -  [18/Dec/2013:16:23:07 +0000] "GET /xFrameworkRestAPI/api/GetWorkflowVar/_server_serial_number?_=1387383787523 HTTP/1.1" 200 108 
0:0:0:0:0:0:0:1 -  -  [18/Dec/2013:16:23:07 +0000] "GET /xFrameworkRestAPI/api/GetWorkflowVar/_server_serial_number?_=1387383787539 HTTP/1.1" 200 106 
0:0:0:0:0:0:0:1 -  -  [18/Dec/2013:16:23:07 +0000] "GET /xFrameworkRestAPI/api/GetWorkflowVar/_server_serial_number?_=1387383787539 HTTP/1.1" 200 106 
0:0:0:0:0:0:0:1 -  -  [18/Dec/2013:16:23:07 +0000] "POST /xFrameworkRestAPI/api/RunWorkflowSequenceForResultObject/RC01-ENC-TOP-BL2/getDISKinfo HTTP/1.1" 200 6759 
0:0:0:0:0:0:0:1 -  -  [18/Dec/2013:16:23:07 +0000] "GET /xFrameworkRestAPI/api/GetWorkflowVar/~~_Disk_Usage?_=1387383787617 HTTP/1.1" 200 719 
0:0:0:0:0:0:0:1 -  -  [18/Dec/2013:16:23:07 +0000] "POST /xFrameworkRestAPI/api/RunWorkflowSequenceForResultObject/RC01-ENC-TOP-BL3/getDISKinfo HTTP/1.1" 200 6759 
0:0:0:0:0:0:0:1 -  -  [18/Dec/2013:16:23:07 +0000] "GET /xFrameworkRestAPI/api/GetWorkflowVar/~~_Disk_Usage?_=1387383787679 HTTP/1.1" 200 719 
0:0:0:0:0:0:0:1 -  -  [18/Dec/2013:16:23:07 +0000] "POST /xFrameworkRestAPI/api/RunWorkflowSequenceForResultObject/RC01-ENC-TOP-BL4/getDISKinfo HTTP/1.1" 200 6759 
0:0:0:0:0:0:0:1 -  -  [18/Dec/2013:16:23:07 +0000] "GET /xFrameworkRestAPI/api/GetWorkflowVar/~~_Disk_Usage?_=1387383787757 HTTP/1.1" 200 719 
0:0:0:0:0:0:0:1 -  -  [18/Dec/2013:16:23:07 +0000] "POST /xFrameworkRestAPI/api/RunWorkflowSequenceForResultObject/RC01-ENC-TOP-BL1/getHDBinfo HTTP/1.1" 200 6759 
0:0:0:0:0:0:0:1 -  -  [18/Dec/2013:16:23:07 +0000] "GET /xFrameworkRestAPI/api/GetWorkflowVar/~~hana-hdb?_=1387383787897 HTTP/1.1" 200 1509 
0:0:0:0:0:0:0:1 -  -  [18/Dec/2013:16:23:07 +0000] "POST /xFrameworkRestAPI/api/RunWorkflowSequenceForResultObject/RC01-ENC-TOP-BL2/getHDBinfo HTTP/1.1" 200 6759 
0:0:0:0:0:0:0:1 -  -  [18/Dec/2013:16:23:07 +0000] "GET /xFrameworkRestAPI/api/GetWorkflowVar/~~hana-hdb?_=1387383787991 HTTP/1.1" 200 1509 
0:0:0:0:0:0:0:1 -  -  [18/Dec/2013:16:23:08 +0000] "POST /xFrameworkRestAPI/api/RunWorkflowSequenceForResultObject/RC01-ENC-TOP-BL3/getHDBinfo HTTP/1.1" 200 6759 
0:0:0:0:0:0:0:1 -  -  [18/Dec/2013:16:23:08 +0000] "GET /xFrameworkRestAPI/api/GetWorkflowVar/~~hana-hdb?_=1387383788038 HTTP/1.1" 200 1509 
0:0:0:0:0:0:0:1 -  -  [18/Dec/2013:16:23:08 +0000] "POST /xFrameworkRestAPI/api/RunWorkflowSequenceForResultObject/RC01-ENC-TOP-BL4/getHDBinfo HTTP/1.1" 200 6759 
0:0:0:0:0:0:0:1 -  -  [18/Dec/2013:16:23:08 +0000] "GET /xFrameworkRestAPI/api/GetWorkflowVar/~~hana-hdb?_=1387383788100 HTTP/1.1" 200 1509 
0:0:0:0:0:0:0:1 -  -  [18/Dec/2013:16:23:08 +0000] "POST /xFrameworkRestAPI/api/RunWorkflowSequenceForResultObject/RC01-ENC-TOP-BL1/getHANAfsUsage HTTP/1.1" 200 6759 
0:0:0:0:0:0:0:1 -  -  [18/Dec/2013:16:23:08 +0000] "GET /xFrameworkRestAPI/api/GetWorkflowVar/~~HANA_FS_Info?_=1387383788350 HTTP/1.1" 200 148 
0:0:0:0:0:0:0:1 -  -  [18/Dec/2013:16:23:08 +0000] "POST /xFrameworkRestAPI/api/RunWorkflowSequenceForResultObject/RC01-ENC-TOP-BL2/getHANAfsUsage HTTP/1.1" 200 6759 
0:0:0:0:0:0:0:1 -  -  [18/Dec/2013:16:23:08 +0000] "GET /xFrameworkRestAPI/api/GetWorkflowVar/~~HANA_FS_Info?_=1387383788428 HTTP/1.1" 200 148 
0:0:0:0:0:0:0:1 -  -  [18/Dec/2013:16:23:08 +0000] "POST /xFrameworkRestAPI/api/RunWorkflowSequenceForResultObject/RC01-ENC-TOP-BL3/getHANAfsUsage HTTP/1.1" 200 6759 
0:0:0:0:0:0:0:1 -  -  [18/Dec/2013:16:23:08 +0000] "GET /xFrameworkRestAPI/api/GetWorkflowVar/~~HANA_FS_Info?_=1387383788490 HTTP/1.1" 200 148 
0:0:0:0:0:0:0:1 -  -  [18/Dec/2013:16:23:08 +0000] "POST /xFrameworkRestAPI/api/RunWorkflowSequenceForResultObject/RC01-ENC-TOP-BL4/getHANAfsUsage HTTP/1.1" 200 6759 
0:0:0:0:0:0:0:1 -  -  [18/Dec/2013:16:23:08 +0000] "GET /xFrameworkRestAPI/api/GetWorkflowVar/~~HANA_FS_Info?_=1387383788553 HTTP/1.1" 200 148 
0:0:0:0:0:0:0:1 -  -  [18/Dec/2013:16:23:08 +0000] "POST /xFrameworkRestAPI/api/RunWorkflowSequenceForResultObject/RC01-ENC-TOP-BL1/getHANAProcesses HTTP/1.1" 200 6759 
0:0:0:0:0:0:0:1 -  -  [18/Dec/2013:16:23:08 +0000] "GET /xFrameworkRestAPI/api/GetWorkflowVar/~~hana-processes?_=1387383788740 HTTP/1.1" 200 1240 
0:0:0:0:0:0:0:1 -  -  [18/Dec/2013:16:23:08 +0000] "POST /xFrameworkRestAPI/api/RunWorkflowSequenceForResultObject/RC01-ENC-TOP-BL2/getHANAProcesses HTTP/1.1" 200 6759 
0:0:0:0:0:0:0:1 -  -  [18/Dec/2013:16:23:08 +0000] "GET /xFrameworkRestAPI/api/GetWorkflowVar/~~hana-processes?_=1387383788833 HTTP/1.1" 200 1240 
0:0:0:0:0:0:0:1 -  -  [18/Dec/2013:16:23:08 +0000] "POST /xFrameworkRestAPI/api/RunWorkflowSequenceForResultObject/RC01-ENC-TOP-BL3/getHANAProcesses HTTP/1.1" 200 6759 
0:0:0:0:0:0:0:1 -  -  [18/Dec/2013:16:23:08 +0000] "GET /xFrameworkRestAPI/api/GetWorkflowVar/~~hana-processes?_=1387383788927 HTTP/1.1" 200 1240 
0:0:0:0:0:0:0:1 -  -  [18/Dec/2013:16:23:08 +0000] "POST /xFrameworkRestAPI/api/RunWorkflowSequenceForResultObject/RC01-ENC-TOP-BL4/getHANAProcesses HTTP/1.1" 200 6759 
0:0:0:0:0:0:0:1 -  -  [18/Dec/2013:16:23:09 +0000] "GET /xFrameworkRestAPI/api/GetWorkflowVar/~~hana-processes?_=1387383789005 HTTP/1.1" 200 1240 
0:0:0:0:0:0:0:1 -  -  [18/Dec/2013:16:23:09 +0000] "POST /xFrameworkRestAPI/api/RunWorkflowSequenceForResultObject/RC01-ENC-TOP-BL1/getServerCPUusage HTTP/1.1" 200 6759 
0:0:0:0:0:0:0:1 -  -  [18/Dec/2013:16:23:09 +0000] "GET /xFrameworkRestAPI/api/GetWorkflowVar/~~_Processor_Stats?_=1387383789223 HTTP/1.1" 200 272 
0:0:0:0:0:0:0:1 -  -  [18/Dec/2013:16:23:09 +0000] "POST /xFrameworkRestAPI/api/RunWorkflowSequenceForResultObject/RC01-ENC-TOP-BL2/getServerCPUusage HTTP/1.1" 200 6759 
0:0:0:0:0:0:0:1 -  -  [18/Dec/2013:16:23:09 +0000] "GET /xFrameworkRestAPI/api/GetWorkflowVar/~~_Processor_Stats?_=1387383789317 HTTP/1.1" 200 272 
0:0:0:0:0:0:0:1 -  -  [18/Dec/2013:16:23:09 +0000] "POST /xFrameworkRestAPI/api/RunWorkflowSequenceForResultObject/RC01-ENC-TOP-BL3/getServerCPUusage HTTP/1.1" 200 6759 
0:0:0:0:0:0:0:1 -  -  [18/Dec/2013:16:23:09 +0000] "GET /xFrameworkRestAPI/api/GetWorkflowVar/~~_Processor_Stats?_=1387383789379 HTTP/1.1" 200 272 
0:0:0:0:0:0:0:1 -  -  [18/Dec/2013:16:23:09 +0000] "POST /xFrameworkRestAPI/api/RunWorkflowSequenceForResultObject/RC01-ENC-TOP-BL4/getServerCPUusage HTTP/1.1" 200 6759 
0:0:0:0:0:0:0:1 -  -  [18/Dec/2013:16:23:09 +0000] "GET /xFrameworkRestAPI/api/GetWorkflowVar/~~_Processor_Stats?_=1387383789442 HTTP/1.1" 200 272 
0:0:0:0:0:0:0:1 -  -  [18/Dec/2013:16:23:09 +0000] "POST /xFrameworkRestAPI/api/RunWorkflowSequenceForResultObject/RC01-ENC-TOP-BL1/getServerMemoryusage HTTP/1.1" 200 6759 
0:0:0:0:0:0:0:1 -  -  [18/Dec/2013:16:23:09 +0000] "GET /xFrameworkRestAPI/api/GetWorkflowVar/~~_VM_Stats?_=1387383789567 HTTP/1.1" 200 224 
0:0:0:0:0:0:0:1 -  -  [18/Dec/2013:16:23:09 +0000] "POST /xFrameworkRestAPI/api/RunWorkflowSequenceForResultObject/RC01-ENC-TOP-BL2/getServerMemoryusage HTTP/1.1" 200 6759 
0:0:0:0:0:0:0:1 -  -  [18/Dec/2013:16:23:09 +0000] "GET /xFrameworkRestAPI/api/GetWorkflowVar/~~_VM_Stats?_=1387383789629 HTTP/1.1" 200 224 
0:0:0:0:0:0:0:1 -  -  [18/Dec/2013:16:23:09 +0000] "POST /xFrameworkRestAPI/api/RunWorkflowSequenceForResultObject/RC01-ENC-TOP-BL3/getServerMemoryusage HTTP/1.1" 200 6759 
0:0:0:0:0:0:0:1 -  -  [18/Dec/2013:16:23:09 +0000] "GET /xFrameworkRestAPI/api/GetWorkflowVar/~~_VM_Stats?_=1387383789691 HTTP/1.1" 200 224 
0:0:0:0:0:0:0:1 -  -  [18/Dec/2013:16:23:09 +0000] "POST /xFrameworkRestAPI/api/RunWorkflowSequenceForResultObject/RC01-ENC-TOP-BL4/getServerMemoryusage HTTP/1.1" 200 6759 
0:0:0:0:0:0:0:1 -  -  [18/Dec/2013:16:23:09 +0000] "GET /xFrameworkRestAPI/api/GetWorkflowVar/~~_VM_Stats?_=1387383789754 HTTP/1.1" 200 224 
0:0:0:0:0:0:0:1 -  -  [18/Dec/2013:16:23:19 +0000] "GET /rest/appliance/eula/status?_=1387383799504 HTTP/1.1" 404 1293 
0:0:0:0:0:0:0:1 -  -  [18/Dec/2013:16:23:26 +0000] "POST /xFrameworkRestAPI/api/Login HTTP/1.1" 200 213 
0:0:0:0:0:0:0:1 -  -  [18/Dec/2013:16:23:27 +0000] "GET /xFrameworkRestAPI/api/InitializeMgtModule?mgt_module=compliance&_=1387383807148 HTTP/1.1" 200 94 
0:0:0:0:0:0:0:1 -  -  [18/Dec/2013:16:23:27 +0000] "GET /xFrameworkRestAPI/api/GetCurrentVersion?_=1387383807241 HTTP/1.1" 200 95 
0:0:0:0:0:0:0:1 -  -  [18/Dec/2013:16:23:27 +0000] "GET /xFrameworkRestAPI/api/RetrieveComplianceHistory/10?_=1387383807226 HTTP/1.1" 200 114 
0:0:0:0:0:0:0:1 -  -  [18/Dec/2013:16:23:27 +0000] "GET /xFrameworkRestAPI/api/GetAllVersions?_=1387383807257 HTTP/1.1" 200 97 
0:0:0:0:0:0:0:1 -  -  [18/Dec/2013:16:23:27 +0000] "POST /xFrameworkRestAPI/api/getConfigList HTTP/1.1" 200 194 
0:0:0:0:0:0:0:1 -  -  [18/Dec/2013:16:23:27 +0000] "GET /xFrameworkRestAPI/api/GetNodeList?_=1387383807319 HTTP/1.1" 200 359 
0:0:0:0:0:0:0:1 -  -  [18/Dec/2013:16:23:27 +0000] "GET /xFrameworkRestAPI/api/GetNodeList?_=1387383807647 HTTP/1.1" 200 359 
0:0:0:0:0:0:0:1 -  -  [18/Dec/2013:16:23:27 +0000] "GET /xFrameworkRestAPI/api/GetNodeConfig/Generic/HANA_Version_info?_=1387383807897 HTTP/1.1" 200 96 
0:0:0:0:0:0:0:1 -  -  [18/Dec/2013:16:23:05 +0000] "POST /xFrameworkRestAPI/api/RunWorkflowSequenceForResultObject/RC01-SAN-BOT/compliance_sanswitch HTTP/1.1" 200 356 
0:0:0:0:0:0:0:1 -  -  [18/Dec/2013:16:23:05 +0000] "POST /xFrameworkRestAPI/api/RunWorkflowSequenceForResultObject/RC01-SAN-TOP/compliance_sanswitch HTTP/1.1" 200 356 
0:0:0:0:0:0:0:1 -  -  [18/Dec/2013:16:24:19 +0000] "POST /xFrameworkRestAPI/api/Logout HTTP/1.1" 200 94 
0:0:0:0:0:0:0:1 -  -  [18/Dec/2013:16:24:19 +0000] "GET /rest/appliance/eula/status?_=1387383859657 HTTP/1.1" 404 1293 
0:0:0:0:0:0:0:1 -  -  [18/Dec/2013:16:25:23 +0000] "POST /xFrameworkRestAPI/api/Login HTTP/1.1" 200 155 
0:0:0:0:0:0:0:1 -  -  [18/Dec/2013:16:25:23 +0000] "GET /xFrameworkRestAPI/api/InitializeMgtModule?mgt_module=compliance&_=1387383923358 HTTP/1.1" 200 94 
0:0:0:0:0:0:0:1 -  -  [18/Dec/2013:16:25:23 +0000] "GET /xFrameworkRestAPI/api/GetCurrentVersion?_=1387383923451 HTTP/1.1" 200 95 
0:0:0:0:0:0:0:1 -  -  [18/Dec/2013:16:25:23 +0000] "GET /xFrameworkRestAPI/api/RetrieveComplianceHistory/10?_=1387383923436 HTTP/1.1" 200 114 
0:0:0:0:0:0:0:1 -  -  [18/Dec/2013:16:25:23 +0000] "GET /xFrameworkRestAPI/api/GetAllVersions?_=1387383923467 HTTP/1.1" 200 97 
0:0:0:0:0:0:0:1 -  -  [18/Dec/2013:16:25:23 +0000] "POST /xFrameworkRestAPI/api/getConfigList HTTP/1.1" 200 194 
0:0:0:0:0:0:0:1 -  -  [18/Dec/2013:16:25:23 +0000] "GET /xFrameworkRestAPI/api/GetNodeList?_=1387383923529 HTTP/1.1" 200 359 
0:0:0:0:0:0:0:1 -  -  [18/Dec/2013:16:25:23 +0000] "GET /xFrameworkRestAPI/api/GetNodeList?_=1387383923872 HTTP/1.1" 200 359 
0:0:0:0:0:0:0:1 -  -  [18/Dec/2013:16:25:24 +0000] "GET /xFrameworkRestAPI/api/GetNodeConfig/Generic/HANA_Version_info?_=1387383924122 HTTP/1.1" 200 96 
0:0:0:0:0:0:0:1 -  -  [18/Dec/2013:16:25:29 +0000] "POST /xFrameworkRestAPI/api/RunWorkflowSequenceForResultObject/RC01-MANAGEMENT-CMC/compliance_management HTTP/1.1" 200 2662 
0:0:0:0:0:0:0:1 -  -  [18/Dec/2013:16:25:29 +0000] "POST /xFrameworkRestAPI/api/RunWorkflowSequenceForResultObject/RC01-ENC-TOP-BL1/compliance_blades HTTP/1.1" 200 6759 
0:0:0:0:0:0:0:1 -  -  [18/Dec/2013:16:25:29 +0000] "POST /xFrameworkRestAPI/api/RunWorkflowSequenceForResultObject/RC01-ENC-TOP-BL2/compliance_blades HTTP/1.1" 200 6759 
0:0:0:0:0:0:0:1 -  -  [18/Dec/2013:16:25:29 +0000] "POST /xFrameworkRestAPI/api/RunWorkflowSequenceForResultObject/RC01-ENC-TOP-BL3/compliance_blades HTTP/1.1" 200 6759 
0:0:0:0:0:0:0:1 -  -  [18/Dec/2013:16:25:29 +0000] "POST /xFrameworkRestAPI/api/RunWorkflowSequenceForResultObject/RC01-ENCLOSURE-TOP/compliance_enclosure HTTP/1.1" 200 1144 
0:0:0:0:0:0:0:1 -  -  [18/Dec/2013:16:25:29 +0000] "POST /xFrameworkRestAPI/api/RunWorkflowSequenceForResultObject/RC01-ENC-TOP-BL4/compliance_blades HTTP/1.1" 200 6759 
0:0:0:0:0:0:0:1 -  -  [18/Dec/2013:16:25:29 +0000] "POST /xFrameworkRestAPI/api/RunWorkflowSequenceForResultObject/RC01-SW5900-BOT/compliance_switch HTTP/1.1" 200 442 
0:0:0:0:0:0:0:1 -  -  [18/Dec/2013:16:25:29 +0000] "POST /xFrameworkRestAPI/api/RunWorkflowSequenceForResultObject/RC01-SW5900-TOP/compliance_switch HTTP/1.1" 200 442 
0:0:0:0:0:0:0:1 -  -  [18/Dec/2013:16:25:29 +0000] "POST /xFrameworkRestAPI/api/RunWorkflowSequenceForResultObject/RC01-SERVICEGUARD-TOP/compliance_serviceguard HTTP/1.1" 200 2690 
0:0:0:0:0:0:0:1 -  -  [18/Dec/2013:16:25:29 +0000] "POST /xFrameworkRestAPI/api/RunWorkflowSequenceForResultObject/RC01-3PAR-TOP/compliance_three_par HTTP/1.1" 200 590 
0:0:0:0:0:0:0:1 -  -  [18/Dec/2013:16:25:30 +0000] "GET /xFrameworkRestAPI/api/GetWorkflowVar/_server_model_number?_=1387383929644 HTTP/1.1" 200 110 
0:0:0:0:0:0:0:1 -  -  [18/Dec/2013:16:25:30 +0000] "GET /xFrameworkRestAPI/api/GetWorkflowVar/_server_model_number?_=1387383929676 HTTP/1.1" 200 100 
0:0:0:0:0:0:0:1 -  -  [18/Dec/2013:16:25:29 +0000] "POST /xFrameworkRestAPI/api/RunWorkflowSequenceForResultObject/RC01-SERVICEPROCESSOR/compliance_serviceprocessor HTTP/1.1" 200 2327 
0:0:0:0:0:0:0:1 -  -  [18/Dec/2013:16:25:29 +0000] "POST /xFrameworkRestAPI/api/RunWorkflowSequenceForResultObject/RC01-SERVICEGUARD-BOT/compliance_serviceguard HTTP/1.1" 200 2690 
0:0:0:0:0:0:0:1 -  -  [18/Dec/2013:16:25:30 +0000] "GET /xFrameworkRestAPI/api/GetWorkflowVar/_server_model_number?_=1387383929769 HTTP/1.1" 200 100 
0:0:0:0:0:0:0:1 -  -  [18/Dec/2013:16:25:30 +0000] "GET /xFrameworkRestAPI/api/GetWorkflowVar/_server_model_number?_=1387383929785 HTTP/1.1" 200 100 
0:0:0:0:0:0:0:1 -  -  [18/Dec/2013:16:25:30 +0000] "GET /xFrameworkRestAPI/api/GetWorkflowVar/_server_model_number?_=1387383929863 HTTP/1.1" 200 95 
0:0:0:0:0:0:0:1 -  -  [18/Dec/2013:16:25:30 +0000] "GET /xFrameworkRestAPI/api/GetWorkflowVar/_server_model_number?_=1387383929910 HTTP/1.1" 200 100 
0:0:0:0:0:0:0:1 -  -  [18/Dec/2013:16:25:30 +0000] "GET /xFrameworkRestAPI/api/GetWorkflowVar/_server_model_number?_=1387383929956 HTTP/1.1" 200 95 
0:0:0:0:0:0:0:1 -  -  [18/Dec/2013:16:25:30 +0000] "GET /xFrameworkRestAPI/api/GetWorkflowVar/_server_model_number?_=1387383929941 HTTP/1.1" 200 95 
0:0:0:0:0:0:0:1 -  -  [18/Dec/2013:16:25:30 +0000] "GET /xFrameworkRestAPI/api/GetWorkflowVar/_server_model_number?_=1387383930019 HTTP/1.1" 200 110 
0:0:0:0:0:0:0:1 -  -  [18/Dec/2013:16:25:30 +0000] "GET /xFrameworkRestAPI/api/GetWorkflowVar/_server_model_number?_=1387383930081 HTTP/1.1" 200 114 
0:0:0:0:0:0:0:1 -  -  [18/Dec/2013:16:25:30 +0000] "POST /xFrameworkRestAPI/api/RunWorkflowSequenceForResultObject/RC01-ENC-TOP-BL1/getDISKinfo HTTP/1.1" 200 6759 
0:0:0:0:0:0:0:1 -  -  [18/Dec/2013:16:25:30 +0000] "GET /xFrameworkRestAPI/api/GetWorkflowVar/_server_serial_number?_=1387383930097 HTTP/1.1" 200 106 
0:0:0:0:0:0:0:1 -  -  [18/Dec/2013:16:25:30 +0000] "GET /xFrameworkRestAPI/api/GetWorkflowVar/_server_model_number?_=1387383930097 HTTP/1.1" 200 110 
0:0:0:0:0:0:0:1 -  -  [18/Dec/2013:16:25:30 +0000] "GET /xFrameworkRestAPI/api/GetWorkflowVar/_server_serial_number?_=1387383930112 HTTP/1.1" 200 108 
0:0:0:0:0:0:0:1 -  -  [18/Dec/2013:16:25:30 +0000] "GET /xFrameworkRestAPI/api/GetWorkflowVar/_server_model_number?_=1387383930112 HTTP/1.1" 200 112 
0:0:0:0:0:0:0:1 -  -  [18/Dec/2013:16:25:30 +0000] "GET /xFrameworkRestAPI/api/GetWorkflowVar/_server_serial_number?_=1387383930112 HTTP/1.1" 200 108 
0:0:0:0:0:0:0:1 -  -  [18/Dec/2013:16:25:30 +0000] "GET /xFrameworkRestAPI/api/GetWorkflowVar/_server_serial_number?_=1387383930112 HTTP/1.1" 200 108 
0:0:0:0:0:0:0:1 -  -  [18/Dec/2013:16:25:30 +0000] "GET /xFrameworkRestAPI/api/GetWorkflowVar/_server_serial_number?_=1387383930128 HTTP/1.1" 200 95 
0:0:0:0:0:0:0:1 -  -  [18/Dec/2013:16:25:30 +0000] "GET /xFrameworkRestAPI/api/GetWorkflowVar/_server_serial_number?_=1387383930128 HTTP/1.1" 200 108 
0:0:0:0:0:0:0:1 -  -  [18/Dec/2013:16:25:30 +0000] "GET /xFrameworkRestAPI/api/GetWorkflowVar/_server_serial_number?_=1387383930128 HTTP/1.1" 200 95 
0:0:0:0:0:0:0:1 -  -  [18/Dec/2013:16:25:30 +0000] "GET /xFrameworkRestAPI/api/GetWorkflowVar/_server_serial_number?_=1387383930128 HTTP/1.1" 200 95 
0:0:0:0:0:0:0:1 -  -  [18/Dec/2013:16:25:30 +0000] "GET /xFrameworkRestAPI/api/GetWorkflowVar/_server_serial_number?_=1387383930128 HTTP/1.1" 200 106 
0:0:0:0:0:0:0:1 -  -  [18/Dec/2013:16:25:30 +0000] "GET /xFrameworkRestAPI/api/GetWorkflowVar/~~_Disk_Usage?_=1387383930144 HTTP/1.1" 200 719 
0:0:0:0:0:0:0:1 -  -  [18/Dec/2013:16:25:30 +0000] "GET /xFrameworkRestAPI/api/GetWorkflowVar/_server_serial_number?_=1387383930128 HTTP/1.1" 200 106 
0:0:0:0:0:0:0:1 -  -  [18/Dec/2013:16:25:30 +0000] "GET /xFrameworkRestAPI/api/GetWorkflowVar/_server_serial_number?_=1387383930144 HTTP/1.1" 200 106 
0:0:0:0:0:0:0:1 -  -  [18/Dec/2013:16:25:30 +0000] "GET /xFrameworkRestAPI/api/GetWorkflowVar/_server_serial_number?_=1387383930159 HTTP/1.1" 200 106 
0:0:0:0:0:0:0:1 -  -  [18/Dec/2013:16:25:30 +0000] "POST /xFrameworkRestAPI/api/RunWorkflowSequenceForResultObject/RC01-ENC-TOP-BL2/getDISKinfo HTTP/1.1" 200 6759 
0:0:0:0:0:0:0:1 -  -  [18/Dec/2013:16:25:30 +0000] "GET /xFrameworkRestAPI/api/GetWorkflowVar/~~_Disk_Usage?_=1387383930206 HTTP/1.1" 200 719 
0:0:0:0:0:0:0:1 -  -  [18/Dec/2013:16:25:30 +0000] "POST /xFrameworkRestAPI/api/RunWorkflowSequenceForResultObject/RC01-ENC-TOP-BL3/getDISKinfo HTTP/1.1" 200 6759 
0:0:0:0:0:0:0:1 -  -  [18/Dec/2013:16:25:30 +0000] "GET /xFrameworkRestAPI/api/GetWorkflowVar/~~_Disk_Usage?_=1387383930268 HTTP/1.1" 200 719 
0:0:0:0:0:0:0:1 -  -  [18/Dec/2013:16:25:30 +0000] "POST /xFrameworkRestAPI/api/RunWorkflowSequenceForResultObject/RC01-ENC-TOP-BL4/getDISKinfo HTTP/1.1" 200 6759 
0:0:0:0:0:0:0:1 -  -  [18/Dec/2013:16:25:30 +0000] "GET /xFrameworkRestAPI/api/GetWorkflowVar/~~_Disk_Usage?_=1387383930315 HTTP/1.1" 200 719 
0:0:0:0:0:0:0:1 -  -  [18/Dec/2013:16:25:30 +0000] "POST /xFrameworkRestAPI/api/RunWorkflowSequenceForResultObject/RC01-ENC-TOP-BL1/getHDBinfo HTTP/1.1" 200 6759 
0:0:0:0:0:0:0:1 -  -  [18/Dec/2013:16:25:30 +0000] "GET /xFrameworkRestAPI/api/GetWorkflowVar/~~hana-hdb?_=1387383930424 HTTP/1.1" 200 1509 
0:0:0:0:0:0:0:1 -  -  [18/Dec/2013:16:25:30 +0000] "POST /xFrameworkRestAPI/api/RunWorkflowSequenceForResultObject/RC01-ENC-TOP-BL2/getHDBinfo HTTP/1.1" 200 6759 
0:0:0:0:0:0:0:1 -  -  [18/Dec/2013:16:25:30 +0000] "GET /xFrameworkRestAPI/api/GetWorkflowVar/~~hana-hdb?_=1387383930471 HTTP/1.1" 200 1509 
0:0:0:0:0:0:0:1 -  -  [18/Dec/2013:16:25:30 +0000] "POST /xFrameworkRestAPI/api/RunWorkflowSequenceForResultObject/RC01-ENC-TOP-BL3/getHDBinfo HTTP/1.1" 200 6759 
0:0:0:0:0:0:0:1 -  -  [18/Dec/2013:16:25:30 +0000] "GET /xFrameworkRestAPI/api/GetWorkflowVar/~~hana-hdb?_=1387383930534 HTTP/1.1" 200 1509 
0:0:0:0:0:0:0:1 -  -  [18/Dec/2013:16:25:30 +0000] "POST /xFrameworkRestAPI/api/RunWorkflowSequenceForResultObject/RC01-ENC-TOP-BL4/getHDBinfo HTTP/1.1" 200 6759 
0:0:0:0:0:0:0:1 -  -  [18/Dec/2013:16:25:30 +0000] "GET /xFrameworkRestAPI/api/GetWorkflowVar/~~hana-hdb?_=1387383930580 HTTP/1.1" 200 1509 
0:0:0:0:0:0:0:1 -  -  [18/Dec/2013:16:25:30 +0000] "POST /xFrameworkRestAPI/api/RunWorkflowSequenceForResultObject/RC01-ENC-TOP-BL1/getHANAfsUsage HTTP/1.1" 200 6759 
0:0:0:0:0:0:0:1 -  -  [18/Dec/2013:16:25:30 +0000] "GET /xFrameworkRestAPI/api/GetWorkflowVar/~~HANA_FS_Info?_=1387383930721 HTTP/1.1" 200 148 
0:0:0:0:0:0:0:1 -  -  [18/Dec/2013:16:25:30 +0000] "POST /xFrameworkRestAPI/api/RunWorkflowSequenceForResultObject/RC01-ENC-TOP-BL2/getHANAfsUsage HTTP/1.1" 200 6759 
0:0:0:0:0:0:0:1 -  -  [18/Dec/2013:16:25:30 +0000] "GET /xFrameworkRestAPI/api/GetWorkflowVar/~~HANA_FS_Info?_=1387383930846 HTTP/1.1" 200 148 
0:0:0:0:0:0:0:1 -  -  [18/Dec/2013:16:25:30 +0000] "POST /xFrameworkRestAPI/api/RunWorkflowSequenceForResultObject/RC01-ENC-TOP-BL3/getHANAfsUsage HTTP/1.1" 200 6759 
0:0:0:0:0:0:0:1 -  -  [18/Dec/2013:16:25:30 +0000] "GET /xFrameworkRestAPI/api/GetWorkflowVar/~~HANA_FS_Info?_=1387383930924 HTTP/1.1" 200 148 
0:0:0:0:0:0:0:1 -  -  [18/Dec/2013:16:25:30 +0000] "POST /xFrameworkRestAPI/api/RunWorkflowSequenceForResultObject/RC01-ENC-TOP-BL4/getHANAfsUsage HTTP/1.1" 200 6759 
0:0:0:0:0:0:0:1 -  -  [18/Dec/2013:16:25:31 +0000] "GET /xFrameworkRestAPI/api/GetWorkflowVar/~~HANA_FS_Info?_=1387383931017 HTTP/1.1" 200 148 
0:0:0:0:0:0:0:1 -  -  [18/Dec/2013:16:25:31 +0000] "POST /xFrameworkRestAPI/api/RunWorkflowSequenceForResultObject/RC01-ENC-TOP-BL1/getHANAProcesses HTTP/1.1" 200 6759 
0:0:0:0:0:0:0:1 -  -  [18/Dec/2013:16:25:31 +0000] "GET /xFrameworkRestAPI/api/GetWorkflowVar/~~hana-processes?_=1387383931173 HTTP/1.1" 200 1240 
0:0:0:0:0:0:0:1 -  -  [18/Dec/2013:16:25:31 +0000] "POST /xFrameworkRestAPI/api/RunWorkflowSequenceForResultObject/RC01-ENC-TOP-BL2/getHANAProcesses HTTP/1.1" 200 6759 
0:0:0:0:0:0:0:1 -  -  [18/Dec/2013:16:25:31 +0000] "GET /xFrameworkRestAPI/api/GetWorkflowVar/~~hana-processes?_=1387383931236 HTTP/1.1" 200 1240 
0:0:0:0:0:0:0:1 -  -  [18/Dec/2013:16:25:31 +0000] "POST /xFrameworkRestAPI/api/RunWorkflowSequenceForResultObject/RC01-ENC-TOP-BL3/getHANAProcesses HTTP/1.1" 200 6759 
0:0:0:0:0:0:0:1 -  -  [18/Dec/2013:16:25:31 +0000] "GET /xFrameworkRestAPI/api/GetWorkflowVar/~~hana-processes?_=1387383931314 HTTP/1.1" 200 1240 
0:0:0:0:0:0:0:1 -  -  [18/Dec/2013:16:25:31 +0000] "POST /xFrameworkRestAPI/api/RunWorkflowSequenceForResultObject/RC01-ENC-TOP-BL4/getHANAProcesses HTTP/1.1" 200 6759 
0:0:0:0:0:0:0:1 -  -  [18/Dec/2013:16:25:31 +0000] "GET /xFrameworkRestAPI/api/GetWorkflowVar/~~hana-processes?_=1387383931376 HTTP/1.1" 200 1240 
0:0:0:0:0:0:0:1 -  -  [18/Dec/2013:16:25:31 +0000] "POST /xFrameworkRestAPI/api/RunWorkflowSequenceForResultObject/RC01-ENC-TOP-BL1/getServerCPUusage HTTP/1.1" 200 6759 
0:0:0:0:0:0:0:1 -  -  [18/Dec/2013:16:25:31 +0000] "GET /xFrameworkRestAPI/api/GetWorkflowVar/~~_Processor_Stats?_=1387383931516 HTTP/1.1" 200 272 
0:0:0:0:0:0:0:1 -  -  [18/Dec/2013:16:25:31 +0000] "POST /xFrameworkRestAPI/api/RunWorkflowSequenceForResultObject/RC01-ENC-TOP-BL2/getServerCPUusage HTTP/1.1" 200 6759 
0:0:0:0:0:0:0:1 -  -  [18/Dec/2013:16:25:31 +0000] "GET /xFrameworkRestAPI/api/GetWorkflowVar/~~_Processor_Stats?_=1387383931579 HTTP/1.1" 200 272 
0:0:0:0:0:0:0:1 -  -  [18/Dec/2013:16:25:31 +0000] "POST /xFrameworkRestAPI/api/RunWorkflowSequenceForResultObject/RC01-ENC-TOP-BL3/getServerCPUusage HTTP/1.1" 200 6759 
0:0:0:0:0:0:0:1 -  -  [18/Dec/2013:16:25:31 +0000] "GET /xFrameworkRestAPI/api/GetWorkflowVar/~~_Processor_Stats?_=1387383931641 HTTP/1.1" 200 272 
0:0:0:0:0:0:0:1 -  -  [18/Dec/2013:16:25:31 +0000] "POST /xFrameworkRestAPI/api/RunWorkflowSequenceForResultObject/RC01-ENC-TOP-BL4/getServerCPUusage HTTP/1.1" 200 6759 
0:0:0:0:0:0:0:1 -  -  [18/Dec/2013:16:25:31 +0000] "GET /xFrameworkRestAPI/api/GetWorkflowVar/~~_Processor_Stats?_=1387383931672 HTTP/1.1" 200 272 
0:0:0:0:0:0:0:1 -  -  [18/Dec/2013:16:25:31 +0000] "POST /xFrameworkRestAPI/api/RunWorkflowSequenceForResultObject/RC01-ENC-TOP-BL1/getServerMemoryusage HTTP/1.1" 200 6759 
0:0:0:0:0:0:0:1 -  -  [18/Dec/2013:16:25:31 +0000] "GET /xFrameworkRestAPI/api/GetWorkflowVar/~~_VM_Stats?_=1387383931813 HTTP/1.1" 200 224 
0:0:0:0:0:0:0:1 -  -  [18/Dec/2013:16:25:31 +0000] "POST /xFrameworkRestAPI/api/RunWorkflowSequenceForResultObject/RC01-ENC-TOP-BL2/getServerMemoryusage HTTP/1.1" 200 6759 
0:0:0:0:0:0:0:1 -  -  [18/Dec/2013:16:25:31 +0000] "GET /xFrameworkRestAPI/api/GetWorkflowVar/~~_VM_Stats?_=1387383931891 HTTP/1.1" 200 224 
0:0:0:0:0:0:0:1 -  -  [18/Dec/2013:16:25:31 +0000] "POST /xFrameworkRestAPI/api/RunWorkflowSequenceForResultObject/RC01-ENC-TOP-BL3/getServerMemoryusage HTTP/1.1" 200 6759 
0:0:0:0:0:0:0:1 -  -  [18/Dec/2013:16:25:31 +0000] "GET /xFrameworkRestAPI/api/GetWorkflowVar/~~_VM_Stats?_=1387383931953 HTTP/1.1" 200 224 
0:0:0:0:0:0:0:1 -  -  [18/Dec/2013:16:25:31 +0000] "POST /xFrameworkRestAPI/api/RunWorkflowSequenceForResultObject/RC01-ENC-TOP-BL4/getServerMemoryusage HTTP/1.1" 200 6759 
0:0:0:0:0:0:0:1 -  -  [18/Dec/2013:16:25:32 +0000] "GET /xFrameworkRestAPI/api/GetWorkflowVar/~~_VM_Stats?_=1387383931984 HTTP/1.1" 200 224 
0:0:0:0:0:0:0:1 -  -  [18/Dec/2013:16:25:29 +0000] "POST /xFrameworkRestAPI/api/RunWorkflowSequenceForResultObject/RC01-SAN-TOP/compliance_sanswitch HTTP/1.1" 200 356 
0:0:0:0:0:0:0:1 -  -  [18/Dec/2013:16:25:29 +0000] "POST /xFrameworkRestAPI/api/RunWorkflowSequenceForResultObject/RC01-SAN-BOT/compliance_sanswitch HTTP/1.1" 200 356 
0:0:0:0:0:0:0:1 -  -  [18/Dec/2013:16:25:51 +0000] "POST /xFrameworkRestAPI/api/UpdateComplianceHistory HTTP/1.1" 200 94 
0:0:0:0:0:0:0:1 -  -  [18/Dec/2013:16:25:58 +0000] "GET /AppInsight/pages/xsys/compliance/index.html HTTP/1.1" 200 9536 
0:0:0:0:0:0:0:1 -  -  [18/Dec/2013:16:25:58 +0000] "GET /AppInsight/js/xsys/shell/ComplianceRoutes.js HTTP/1.1" 200 2935 
0:0:0:0:0:0:0:1 -  -  [18/Dec/2013:16:25:59 +0000] "GET /xFrameworkRestAPI/api/GetCategoryList?_=1387383959117 HTTP/1.1" 200 307 
0:0:0:0:0:0:0:1 -  -  [18/Dec/2013:16:26:16 +0000] "GET /AppInsight/pages/xsys/onsiteconfig/index.html HTTP/1.1" 200 7667 
0:0:0:0:0:0:0:1 -  -  [18/Dec/2013:16:26:16 +0000] "GET /AppInsight/js/xsys/view/onsiteconfig/OnsiteConfigView.js HTTP/1.1" 200 15579 
0:0:0:0:0:0:0:1 -  -  [18/Dec/2013:16:26:16 +0000] "GET /AppInsight/js/hp/view/MasterListView.js HTTP/1.1" 200 19249 
0:0:0:0:0:0:0:1 -  -  [18/Dec/2013:16:26:16 +0000] "GET /xFrameworkRestAPI/api/RetrieveComplianceHistory/10?_=1387383976714 HTTP/1.1" 200 158 
0:0:0:0:0:0:0:1 -  -  [18/Dec/2013:16:26:16 +0000] "POST /xFrameworkRestAPI/api/RunWorkflowSequenceForResultObject/RC01-ENC-TOP-BL1/getHANAonsiteInfo HTTP/1.1" 200 6759 
0:0:0:0:0:0:0:1 -  -  [18/Dec/2013:16:26:16 +0000] "GET /xFrameworkRestAPI/api/GetWorkflowVar/~~_HANA_Info?_=1387383976964 HTTP/1.1" 200 146 
0:0:0:0:0:0:0:1 -  -  [18/Dec/2013:16:26:16 +0000] "POST /xFrameworkRestAPI/api/RunWorkflowSequenceForResultObject/RC01-ENC-TOP-BL2/getHANAonsiteInfo HTTP/1.1" 200 6759 
0:0:0:0:0:0:0:1 -  -  [18/Dec/2013:16:26:17 +0000] "GET /xFrameworkRestAPI/api/GetWorkflowVar/~~_HANA_Info?_=1387383977026 HTTP/1.1" 200 146 
0:0:0:0:0:0:0:1 -  -  [18/Dec/2013:16:26:17 +0000] "POST /xFrameworkRestAPI/api/RunWorkflowSequenceForResultObject/RC01-ENC-TOP-BL3/getHANAonsiteInfo HTTP/1.1" 200 6759 
0:0:0:0:0:0:0:1 -  -  [18/Dec/2013:16:26:17 +0000] "GET /xFrameworkRestAPI/api/GetWorkflowVar/~~_HANA_Info?_=1387383977073 HTTP/1.1" 200 146 
0:0:0:0:0:0:0:1 -  -  [18/Dec/2013:16:26:17 +0000] "POST /xFrameworkRestAPI/api/RunWorkflowSequenceForResultObject/RC01-ENC-TOP-BL4/getHANAonsiteInfo HTTP/1.1" 200 6759 
0:0:0:0:0:0:0:1 -  -  [18/Dec/2013:16:26:17 +0000] "GET /xFrameworkRestAPI/api/GetWorkflowVar/~~_HANA_Info?_=1387383977135 HTTP/1.1" 200 146 
0:0:0:0:0:0:0:1 -  -  [18/Dec/2013:16:26:33 +0000] "POST /xFrameworkRestAPI/api/Logout HTTP/1.1" 200 94 
0:0:0:0:0:0:0:1 -  -  [18/Dec/2013:16:26:33 +0000] "GET /rest/appliance/eula/status?_=1387383993936 HTTP/1.1" 404 1293 
0:0:0:0:0:0:0:1 -  -  [18/Dec/2013:16:26:39 +0000] "POST /xFrameworkRestAPI/api/Login HTTP/1.1" 200 156 
0:0:0:0:0:0:0:1 -  -  [18/Dec/2013:16:26:40 +0000] "GET /xFrameworkRestAPI/api/InitializeMgtModule?mgt_module=compliance&_=1387384000130 HTTP/1.1" 200 94 
0:0:0:0:0:0:0:1 -  -  [18/Dec/2013:16:26:40 +0000] "GET /xFrameworkRestAPI/api/GetCurrentVersion?_=1387384000223 HTTP/1.1" 200 95 
0:0:0:0:0:0:0:1 -  -  [18/Dec/2013:16:26:40 +0000] "GET /xFrameworkRestAPI/api/RetrieveComplianceHistory/10?_=1387384000223 HTTP/1.1" 200 158 
0:0:0:0:0:0:0:1 -  -  [18/Dec/2013:16:26:40 +0000] "GET /xFrameworkRestAPI/api/GetAllVersions?_=1387384000239 HTTP/1.1" 200 97 
0:0:0:0:0:0:0:1 -  -  [18/Dec/2013:16:26:40 +0000] "POST /xFrameworkRestAPI/api/getConfigList HTTP/1.1" 200 194 
0:0:0:0:0:0:0:1 -  -  [18/Dec/2013:16:26:40 +0000] "GET /xFrameworkRestAPI/api/GetNodeList?_=1387384000297 HTTP/1.1" 200 359 
0:0:0:0:0:0:0:1 -  -  [18/Dec/2013:16:26:40 +0000] "GET /xFrameworkRestAPI/api/GetNodeList?_=1387384000625 HTTP/1.1" 200 359 
0:0:0:0:0:0:0:1 -  -  [18/Dec/2013:16:26:40 +0000] "POST /xFrameworkRestAPI/api/RunWorkflowSequenceForResultObject/RC01-ENC-TOP-BL1/getDISKinfo HTTP/1.1" 200 94 
0:0:0:0:0:0:0:1 -  -  [18/Dec/2013:16:26:40 +0000] "POST /xFrameworkRestAPI/api/RunWorkflowSequenceForResultObject/RC01-MANAGEMENT-CMC/compliance_management HTTP/1.1" 200 2662 
0:0:0:0:0:0:0:1 -  -  [18/Dec/2013:16:26:41 +0000] "POST /xFrameworkRestAPI/api/RunWorkflowSequenceForResultObject/RC01-ENC-TOP-BL1/compliance_blades HTTP/1.1" 200 6759 
0:0:0:0:0:0:0:1 -  -  [18/Dec/2013:16:26:41 +0000] "POST /xFrameworkRestAPI/api/RunWorkflowSequenceForResultObject/RC01-ENC-TOP-BL2/compliance_blades HTTP/1.1" 200 6759 
0:0:0:0:0:0:0:1 -  -  [18/Dec/2013:16:26:40 +0000] "POST /xFrameworkRestAPI/api/RunWorkflowSequenceForResultObject/RC01-SW5900-TOP/compliance_switch HTTP/1.1" 200 442 
0:0:0:0:0:0:0:1 -  -  [18/Dec/2013:16:26:41 +0000] "POST /xFrameworkRestAPI/api/RunWorkflowSequenceForResultObject/RC01-ENC-TOP-BL3/compliance_blades HTTP/1.1" 200 6759 
0:0:0:0:0:0:0:1 -  -  [18/Dec/2013:16:26:41 +0000] "POST /xFrameworkRestAPI/api/RunWorkflowSequenceForResultObject/RC01-ENC-TOP-BL4/compliance_blades HTTP/1.1" 200 6759 
0:0:0:0:0:0:0:1 -  -  [18/Dec/2013:16:26:41 +0000] "POST /xFrameworkRestAPI/api/RunWorkflowSequenceForResultObject/RC01-ENCLOSURE-TOP/compliance_enclosure HTTP/1.1" 200 1144 
0:0:0:0:0:0:0:1 -  -  [18/Dec/2013:16:26:41 +0000] "POST /xFrameworkRestAPI/api/RunWorkflowSequenceForResultObject/RC01-SERVICEGUARD-TOP/compliance_serviceguard HTTP/1.1" 200 2690 
0:0:0:0:0:0:0:1 -  -  [18/Dec/2013:16:26:41 +0000] "POST /xFrameworkRestAPI/api/RunWorkflowSequenceForResultObject/RC01-SERVICEGUARD-BOT/compliance_serviceguard HTTP/1.1" 200 2690 
0:0:0:0:0:0:0:1 -  -  [18/Dec/2013:16:26:40 +0000] "POST /xFrameworkRestAPI/api/RunWorkflowSequenceForResultObject/RC01-SW5900-BOT/compliance_switch HTTP/1.1" 200 442 
0:0:0:0:0:0:0:1 -  -  [18/Dec/2013:16:26:41 +0000] "GET /xFrameworkRestAPI/api/GetNodeConfig/Generic/HANA_Version_info?_=1387384001015 HTTP/1.1" 200 96 
0:0:0:0:0:0:0:1 -  -  [18/Dec/2013:16:26:41 +0000] "GET /xFrameworkRestAPI/api/GetWorkflowVar/~~_Disk_Usage?_=1387384001124 HTTP/1.1" 200 719 
0:0:0:0:0:0:0:1 -  -  [18/Dec/2013:16:26:41 +0000] "GET /xFrameworkRestAPI/api/GetWorkflowVar/_server_model_number?_=1387384001155 HTTP/1.1" 200 110 
0:0:0:0:0:0:0:1 -  -  [18/Dec/2013:16:26:41 +0000] "GET /xFrameworkRestAPI/api/GetWorkflowVar/_server_model_number?_=1387384001249 HTTP/1.1" 200 100 
0:0:0:0:0:0:0:1 -  -  [18/Dec/2013:16:26:41 +0000] "GET /xFrameworkRestAPI/api/GetWorkflowVar/_server_model_number?_=1387384001280 HTTP/1.1" 200 100 
0:0:0:0:0:0:0:1 -  -  [18/Dec/2013:16:26:41 +0000] "GET /xFrameworkRestAPI/api/GetWorkflowVar/_server_model_number?_=1387384001374 HTTP/1.1" 200 95 
0:0:0:0:0:0:0:1 -  -  [18/Dec/2013:16:26:41 +0000] "GET /xFrameworkRestAPI/api/GetWorkflowVar/_server_model_number?_=1387384001405 HTTP/1.1" 200 100 
0:0:0:0:0:0:0:1 -  -  [18/Dec/2013:16:26:41 +0000] "GET /xFrameworkRestAPI/api/GetWorkflowVar/_server_model_number?_=1387384001452 HTTP/1.1" 200 100 
0:0:0:0:0:0:0:1 -  -  [18/Dec/2013:16:26:41 +0000] "GET /xFrameworkRestAPI/api/GetWorkflowVar/_server_model_number?_=1387384001514 HTTP/1.1" 200 95 
0:0:0:0:0:0:0:1 -  -  [18/Dec/2013:16:26:41 +0000] "GET /xFrameworkRestAPI/api/GetWorkflowVar/_server_model_number?_=1387384001545 HTTP/1.1" 200 110 
0:0:0:0:0:0:0:1 -  -  [18/Dec/2013:16:26:41 +0000] "GET /xFrameworkRestAPI/api/GetWorkflowVar/_server_model_number?_=1387384001561 HTTP/1.1" 200 110 
0:0:0:0:0:0:0:1 -  -  [18/Dec/2013:16:26:41 +0000] "GET /xFrameworkRestAPI/api/GetWorkflowVar/_server_model_number?_=1387384001561 HTTP/1.1" 200 95 
0:0:0:0:0:0:0:1 -  -  [18/Dec/2013:16:26:41 +0000] "POST /xFrameworkRestAPI/api/RunWorkflowSequenceForResultObject/RC01-3PAR-TOP/compliance_three_par HTTP/1.1" 200 590 
0:0:0:0:0:0:0:1 -  -  [18/Dec/2013:16:26:41 +0000] "POST /xFrameworkRestAPI/api/RunWorkflowSequenceForResultObject/RC01-SERVICEPROCESSOR/compliance_serviceprocessor HTTP/1.1" 200 2327 
0:0:0:0:0:0:0:1 -  -  [18/Dec/2013:16:26:41 +0000] "GET /xFrameworkRestAPI/api/GetWorkflowVar/_server_serial_number?_=1387384001608 HTTP/1.1" 200 106 
0:0:0:0:0:0:0:1 -  -  [18/Dec/2013:16:26:41 +0000] "GET /xFrameworkRestAPI/api/GetWorkflowVar/_server_serial_number?_=1387384001608 HTTP/1.1" 200 108 
0:0:0:0:0:0:0:1 -  -  [18/Dec/2013:16:26:41 +0000] "GET /xFrameworkRestAPI/api/GetWorkflowVar/_server_serial_number?_=1387384001608 HTTP/1.1" 200 108 
0:0:0:0:0:0:0:1 -  -  [18/Dec/2013:16:26:41 +0000] "GET /xFrameworkRestAPI/api/GetWorkflowVar/_server_serial_number?_=1387384001608 HTTP/1.1" 200 95 
0:0:0:0:0:0:0:1 -  -  [18/Dec/2013:16:26:41 +0000] "GET /xFrameworkRestAPI/api/GetWorkflowVar/_server_serial_number?_=1387384001623 HTTP/1.1" 200 108 
0:0:0:0:0:0:0:1 -  -  [18/Dec/2013:16:26:41 +0000] "GET /xFrameworkRestAPI/api/GetWorkflowVar/_server_serial_number?_=1387384001623 HTTP/1.1" 200 108 
0:0:0:0:0:0:0:1 -  -  [18/Dec/2013:16:26:41 +0000] "GET /xFrameworkRestAPI/api/GetWorkflowVar/_server_serial_number?_=1387384001639 HTTP/1.1" 200 106 
0:0:0:0:0:0:0:1 -  -  [18/Dec/2013:16:26:41 +0000] "GET /xFrameworkRestAPI/api/GetWorkflowVar/_server_model_number?_=1387384001639 HTTP/1.1" 200 114 
0:0:0:0:0:0:0:1 -  -  [18/Dec/2013:16:26:41 +0000] "GET /xFrameworkRestAPI/api/GetWorkflowVar/_server_serial_number?_=1387384001623 HTTP/1.1" 200 95 
0:0:0:0:0:0:0:1 -  -  [18/Dec/2013:16:26:41 +0000] "GET /xFrameworkRestAPI/api/GetWorkflowVar/_server_serial_number?_=1387384001639 HTTP/1.1" 200 106 
0:0:0:0:0:0:0:1 -  -  [18/Dec/2013:16:26:41 +0000] "POST /xFrameworkRestAPI/api/RunWorkflowSequenceForResultObject/RC01-ENC-TOP-BL2/getDISKinfo HTTP/1.1" 200 6759 
0:0:0:0:0:0:0:1 -  -  [18/Dec/2013:16:26:41 +0000] "GET /xFrameworkRestAPI/api/GetWorkflowVar/_server_serial_number?_=1387384001639 HTTP/1.1" 200 95 
0:0:0:0:0:0:0:1 -  -  [18/Dec/2013:16:26:41 +0000] "GET /xFrameworkRestAPI/api/GetWorkflowVar/_server_model_number?_=1387384001654 HTTP/1.1" 200 112 
0:0:0:0:0:0:0:1 -  -  [18/Dec/2013:16:26:41 +0000] "GET /xFrameworkRestAPI/api/GetWorkflowVar/_server_serial_number?_=1387384001686 HTTP/1.1" 200 106 
0:0:0:0:0:0:0:1 -  -  [18/Dec/2013:16:26:41 +0000] "GET /xFrameworkRestAPI/api/GetWorkflowVar/~~_Disk_Usage?_=1387384001686 HTTP/1.1" 200 719 
0:0:0:0:0:0:0:1 -  -  [18/Dec/2013:16:26:41 +0000] "GET /xFrameworkRestAPI/api/GetWorkflowVar/_server_serial_number?_=1387384001717 HTTP/1.1" 200 106 
0:0:0:0:0:0:0:1 -  -  [18/Dec/2013:16:26:41 +0000] "POST /xFrameworkRestAPI/api/RunWorkflowSequenceForResultObject/RC01-ENC-TOP-BL3/getDISKinfo HTTP/1.1" 200 6759 
0:0:0:0:0:0:0:1 -  -  [18/Dec/2013:16:26:41 +0000] "GET /xFrameworkRestAPI/api/GetWorkflowVar/~~_Disk_Usage?_=1387384001764 HTTP/1.1" 200 719 
0:0:0:0:0:0:0:1 -  -  [18/Dec/2013:16:26:41 +0000] "POST /xFrameworkRestAPI/api/RunWorkflowSequenceForResultObject/RC01-ENC-TOP-BL4/getDISKinfo HTTP/1.1" 200 6759 
0:0:0:0:0:0:0:1 -  -  [18/Dec/2013:16:26:41 +0000] "GET /xFrameworkRestAPI/api/GetWorkflowVar/~~_Disk_Usage?_=1387384001826 HTTP/1.1" 200 719 
0:0:0:0:0:0:0:1 -  -  [18/Dec/2013:16:26:41 +0000] "POST /xFrameworkRestAPI/api/RunWorkflowSequenceForResultObject/RC01-ENC-TOP-BL1/getHDBinfo HTTP/1.1" 200 6759 
0:0:0:0:0:0:0:1 -  -  [18/Dec/2013:16:26:41 +0000] "GET /xFrameworkRestAPI/api/GetWorkflowVar/~~hana-hdb?_=1387384001967 HTTP/1.1" 200 1509 
0:0:0:0:0:0:0:1 -  -  [18/Dec/2013:16:26:41 +0000] "POST /xFrameworkRestAPI/api/RunWorkflowSequenceForResultObject/RC01-ENC-TOP-BL2/getHDBinfo HTTP/1.1" 200 6759 
0:0:0:0:0:0:0:1 -  -  [18/Dec/2013:16:26:42 +0000] "GET /xFrameworkRestAPI/api/GetWorkflowVar/~~hana-hdb?_=1387384002076 HTTP/1.1" 200 1509 
0:0:0:0:0:0:0:1 -  -  [18/Dec/2013:16:26:42 +0000] "POST /xFrameworkRestAPI/api/RunWorkflowSequenceForResultObject/RC01-ENC-TOP-BL3/getHDBinfo HTTP/1.1" 200 6759 
0:0:0:0:0:0:0:1 -  -  [18/Dec/2013:16:26:42 +0000] "GET /xFrameworkRestAPI/api/GetWorkflowVar/~~hana-hdb?_=1387384002123 HTTP/1.1" 200 1509 
0:0:0:0:0:0:0:1 -  -  [18/Dec/2013:16:26:42 +0000] "POST /xFrameworkRestAPI/api/RunWorkflowSequenceForResultObject/RC01-ENC-TOP-BL4/getHDBinfo HTTP/1.1" 200 6759 
0:0:0:0:0:0:0:1 -  -  [18/Dec/2013:16:26:42 +0000] "GET /xFrameworkRestAPI/api/GetWorkflowVar/~~hana-hdb?_=1387384002185 HTTP/1.1" 200 1509 
0:0:0:0:0:0:0:1 -  -  [18/Dec/2013:16:26:42 +0000] "POST /xFrameworkRestAPI/api/RunWorkflowSequenceForResultObject/RC01-ENC-TOP-BL1/getHANAfsUsage HTTP/1.1" 200 6759 
0:0:0:0:0:0:0:1 -  -  [18/Dec/2013:16:26:42 +0000] "GET /xFrameworkRestAPI/api/GetWorkflowVar/~~HANA_FS_Info?_=1387384002310 HTTP/1.1" 200 148 
0:0:0:0:0:0:0:1 -  -  [18/Dec/2013:16:26:42 +0000] "POST /xFrameworkRestAPI/api/RunWorkflowSequenceForResultObject/RC01-ENC-TOP-BL2/getHANAfsUsage HTTP/1.1" 200 6759 
0:0:0:0:0:0:0:1 -  -  [18/Dec/2013:16:26:42 +0000] "GET /xFrameworkRestAPI/api/GetWorkflowVar/~~HANA_FS_Info?_=1387384002419 HTTP/1.1" 200 148 
0:0:0:0:0:0:0:1 -  -  [18/Dec/2013:16:26:42 +0000] "POST /xFrameworkRestAPI/api/RunWorkflowSequenceForResultObject/RC01-ENC-TOP-BL3/getHANAfsUsage HTTP/1.1" 200 6759 
0:0:0:0:0:0:0:1 -  -  [18/Dec/2013:16:26:42 +0000] "GET /xFrameworkRestAPI/api/GetWorkflowVar/~~HANA_FS_Info?_=1387384002497 HTTP/1.1" 200 148 
0:0:0:0:0:0:0:1 -  -  [18/Dec/2013:16:26:42 +0000] "POST /xFrameworkRestAPI/api/RunWorkflowSequenceForResultObject/RC01-ENC-TOP-BL4/getHANAfsUsage HTTP/1.1" 200 6759 
0:0:0:0:0:0:0:1 -  -  [18/Dec/2013:16:26:42 +0000] "GET /xFrameworkRestAPI/api/GetWorkflowVar/~~HANA_FS_Info?_=1387384002591 HTTP/1.1" 200 148 
0:0:0:0:0:0:0:1 -  -  [18/Dec/2013:16:26:42 +0000] "POST /xFrameworkRestAPI/api/RunWorkflowSequenceForResultObject/RC01-ENC-TOP-BL1/getHANAProcesses HTTP/1.1" 200 6759 
0:0:0:0:0:0:0:1 -  -  [18/Dec/2013:16:26:42 +0000] "GET /xFrameworkRestAPI/api/GetWorkflowVar/~~hana-processes?_=1387384002731 HTTP/1.1" 200 1240 
0:0:0:0:0:0:0:1 -  -  [18/Dec/2013:16:26:42 +0000] "POST /xFrameworkRestAPI/api/RunWorkflowSequenceForResultObject/RC01-ENC-TOP-BL2/getHANAProcesses HTTP/1.1" 200 6759 
0:0:0:0:0:0:0:1 -  -  [18/Dec/2013:16:26:42 +0000] "GET /xFrameworkRestAPI/api/GetWorkflowVar/~~hana-processes?_=1387384002809 HTTP/1.1" 200 1240 
0:0:0:0:0:0:0:1 -  -  [18/Dec/2013:16:26:42 +0000] "POST /xFrameworkRestAPI/api/RunWorkflowSequenceForResultObject/RC01-ENC-TOP-BL3/getHANAProcesses HTTP/1.1" 200 6759 
0:0:0:0:0:0:0:1 -  -  [18/Dec/2013:16:26:42 +0000] "GET /xFrameworkRestAPI/api/GetWorkflowVar/~~hana-processes?_=1387384002840 HTTP/1.1" 200 1240 
0:0:0:0:0:0:0:1 -  -  [18/Dec/2013:16:26:42 +0000] "POST /xFrameworkRestAPI/api/RunWorkflowSequenceForResultObject/RC01-ENC-TOP-BL4/getHANAProcesses HTTP/1.1" 200 6759 
0:0:0:0:0:0:0:1 -  -  [18/Dec/2013:16:26:42 +0000] "GET /xFrameworkRestAPI/api/GetWorkflowVar/~~hana-processes?_=1387384002887 HTTP/1.1" 200 1240 
0:0:0:0:0:0:0:1 -  -  [18/Dec/2013:16:26:42 +0000] "POST /xFrameworkRestAPI/api/RunWorkflowSequenceForResultObject/RC01-ENC-TOP-BL1/getServerCPUusage HTTP/1.1" 200 6759 
0:0:0:0:0:0:0:1 -  -  [18/Dec/2013:16:26:43 +0000] "GET /xFrameworkRestAPI/api/GetWorkflowVar/~~_Processor_Stats?_=1387384003012 HTTP/1.1" 200 272 
0:0:0:0:0:0:0:1 -  -  [18/Dec/2013:16:26:43 +0000] "POST /xFrameworkRestAPI/api/RunWorkflowSequenceForResultObject/RC01-ENC-TOP-BL2/getServerCPUusage HTTP/1.1" 200 6759 
0:0:0:0:0:0:0:1 -  -  [18/Dec/2013:16:26:43 +0000] "GET /xFrameworkRestAPI/api/GetWorkflowVar/~~_Processor_Stats?_=1387384003090 HTTP/1.1" 200 272 
0:0:0:0:0:0:0:1 -  -  [18/Dec/2013:16:26:43 +0000] "POST /xFrameworkRestAPI/api/RunWorkflowSequenceForResultObject/RC01-ENC-TOP-BL3/getServerCPUusage HTTP/1.1" 200 6759 
0:0:0:0:0:0:0:1 -  -  [18/Dec/2013:16:26:43 +0000] "GET /xFrameworkRestAPI/api/GetWorkflowVar/~~_Processor_Stats?_=1387384003152 HTTP/1.1" 200 272 
0:0:0:0:0:0:0:1 -  -  [18/Dec/2013:16:26:43 +0000] "POST /xFrameworkRestAPI/api/RunWorkflowSequenceForResultObject/RC01-ENC-TOP-BL4/getServerCPUusage HTTP/1.1" 200 6759 
0:0:0:0:0:0:0:1 -  -  [18/Dec/2013:16:26:43 +0000] "GET /xFrameworkRestAPI/api/GetWorkflowVar/~~_Processor_Stats?_=1387384003215 HTTP/1.1" 200 272 
0:0:0:0:0:0:0:1 -  -  [18/Dec/2013:16:26:43 +0000] "POST /xFrameworkRestAPI/api/RunWorkflowSequenceForResultObject/RC01-ENC-TOP-BL1/getServerMemoryusage HTTP/1.1" 200 6759 
0:0:0:0:0:0:0:1 -  -  [18/Dec/2013:16:26:43 +0000] "GET /xFrameworkRestAPI/api/GetWorkflowVar/~~_VM_Stats?_=1387384003339 HTTP/1.1" 200 224 
0:0:0:0:0:0:0:1 -  -  [18/Dec/2013:16:26:43 +0000] "POST /xFrameworkRestAPI/api/RunWorkflowSequenceForResultObject/RC01-ENC-TOP-BL2/getServerMemoryusage HTTP/1.1" 200 6759 
0:0:0:0:0:0:0:1 -  -  [18/Dec/2013:16:26:43 +0000] "GET /xFrameworkRestAPI/api/GetWorkflowVar/~~_VM_Stats?_=1387384003417 HTTP/1.1" 200 224 
0:0:0:0:0:0:0:1 -  -  [18/Dec/2013:16:26:43 +0000] "POST /xFrameworkRestAPI/api/RunWorkflowSequenceForResultObject/RC01-ENC-TOP-BL3/getServerMemoryusage HTTP/1.1" 200 6759 
0:0:0:0:0:0:0:1 -  -  [18/Dec/2013:16:26:43 +0000] "GET /xFrameworkRestAPI/api/GetWorkflowVar/~~_VM_Stats?_=1387384003511 HTTP/1.1" 200 224 
0:0:0:0:0:0:0:1 -  -  [18/Dec/2013:16:26:43 +0000] "POST /xFrameworkRestAPI/api/RunWorkflowSequenceForResultObject/RC01-ENC-TOP-BL4/getServerMemoryusage HTTP/1.1" 200 6759 
0:0:0:0:0:0:0:1 -  -  [18/Dec/2013:16:26:43 +0000] "GET /xFrameworkRestAPI/api/GetWorkflowVar/~~_VM_Stats?_=1387384003589 HTTP/1.1" 200 224 
0:0:0:0:0:0:0:1 -  -  [18/Dec/2013:16:26:40 +0000] "POST /xFrameworkRestAPI/api/RunWorkflowSequenceForResultObject/RC01-SAN-BOT/compliance_sanswitch HTTP/1.1" 200 356 
0:0:0:0:0:0:0:1 -  -  [18/Dec/2013:16:26:40 +0000] "POST /xFrameworkRestAPI/api/RunWorkflowSequenceForResultObject/RC01-SAN-TOP/compliance_sanswitch HTTP/1.1" 200 356 
0:0:0:0:0:0:0:1 -  -  [18/Dec/2013:16:27:02 +0000] "POST /xFrameworkRestAPI/api/UpdateComplianceHistory HTTP/1.1" 200 94 
0:0:0:0:0:0:0:1 -  -  [18/Dec/2013:16:27:11 +0000] "GET /AppInsight/js/xsys/view/bios/BiosView.js HTTP/1.1" 200 16889 
0:0:0:0:0:0:0:1 -  -  [18/Dec/2013:16:27:11 +0000] "GET /AppInsight/pages/xsys/bios/index.html HTTP/1.1" 200 7068 
0:0:0:0:0:0:0:1 -  -  [18/Dec/2013:16:27:12 +0000] "GET /AppInsight/js/hp/model/map/Map.js HTTP/1.1" 200 9291 
0:0:0:0:0:0:0:1 -  -  [18/Dec/2013:16:27:12 +0000] "GET /AppInsight/js/hp/view/map/MapView.js HTTP/1.1" 200 29263 
0:0:0:0:0:0:0:1 -  -  [18/Dec/2013:16:27:12 +0000] "GET /AppInsight/js/hp/model/map/MapRow.js HTTP/1.1" 200 4925 
0:0:0:0:0:0:0:1 -  -  [18/Dec/2013:16:27:12 +0000] "GET /AppInsight/js/hp/model/map/MapLink.js HTTP/1.1" 200 3204 
0:0:0:0:0:0:0:1 -  -  [18/Dec/2013:16:27:12 +0000] "GET /AppInsight/js/hp/presenter/MapPresenter.js HTTP/1.1" 200 2558 
0:0:0:0:0:0:0:1 -  -  [18/Dec/2013:16:27:12 +0000] "GET /AppInsight/js/hp/core/StatusState.js HTTP/1.1" 200 2315 
0:0:0:0:0:0:0:1 -  -  [18/Dec/2013:16:27:12 +0000] "GET /AppInsight/js/hp/model/map/MapNode.js HTTP/1.1" 200 4024 
0:0:0:0:0:0:0:1 -  -  [18/Dec/2013:16:27:12 +0000] "GET /xFrameworkRestAPI/api/RetrieveComplianceHistory/10?_=1387384032402 HTTP/1.1" 200 202 
0:0:0:0:0:0:0:1 -  -  [18/Dec/2013:16:27:12 +0000] "GET /xFrameworkRestAPI/api/GetNodeConfig/RC01-ENC-TOP-BL1/Conrep_Location?_=1387384032511 HTTP/1.1" 200 153 
0:0:0:0:0:0:0:1 -  -  [18/Dec/2013:16:27:12 +0000] "POST /xFrameworkRestAPI/api/RunWorkflowSequenceForResultObject/RC01-ENC-TOP-BL1/getBIOSInfo HTTP/1.1" 200 6759 
0:0:0:0:0:0:0:1 -  -  [18/Dec/2013:16:27:12 +0000] "GET /xFrameworkRestAPI/api/GetWorkflowVar/~~BIOS_Power_Settings?_=1387384032558 HTTP/1.1" 200 150 
0:0:0:0:0:0:0:1 -  -  [18/Dec/2013:16:27:12 +0000] "GET /xFrameworkRestAPI/api/GetNodeConfig/RC01-ENC-TOP-BL2/Conrep_Location?_=1387384032636 HTTP/1.1" 200 163 
0:0:0:0:0:0:0:1 -  -  [18/Dec/2013:16:27:12 +0000] "POST /xFrameworkRestAPI/api/RunWorkflowSequenceForResultObject/RC01-ENC-TOP-BL2/getBIOSInfo HTTP/1.1" 200 6759 
0:0:0:0:0:0:0:1 -  -  [18/Dec/2013:16:27:12 +0000] "GET /xFrameworkRestAPI/api/GetWorkflowVar/~~BIOS_Power_Settings?_=1387384032714 HTTP/1.1" 200 150 
0:0:0:0:0:0:0:1 -  -  [18/Dec/2013:16:27:12 +0000] "GET /xFrameworkRestAPI/api/GetNodeConfig/RC01-ENC-TOP-BL3/Conrep_Location?_=1387384032730 HTTP/1.1" 200 163 
0:0:0:0:0:0:0:1 -  -  [18/Dec/2013:16:27:12 +0000] "POST /xFrameworkRestAPI/api/RunWorkflowSequenceForResultObject/RC01-ENC-TOP-BL3/getBIOSInfo HTTP/1.1" 200 6759 
0:0:0:0:0:0:0:1 -  -  [18/Dec/2013:16:27:12 +0000] "GET /xFrameworkRestAPI/api/GetWorkflowVar/~~BIOS_Power_Settings?_=1387384032808 HTTP/1.1" 200 150 
0:0:0:0:0:0:0:1 -  -  [18/Dec/2013:16:27:12 +0000] "GET /xFrameworkRestAPI/api/GetNodeConfig/RC01-ENC-TOP-BL4/Conrep_Location?_=1387384032823 HTTP/1.1" 200 163 
0:0:0:0:0:0:0:1 -  -  [18/Dec/2013:16:27:12 +0000] "POST /xFrameworkRestAPI/api/RunWorkflowSequenceForResultObject/RC01-ENC-TOP-BL4/getBIOSInfo HTTP/1.1" 200 6759 
0:0:0:0:0:0:0:1 -  -  [18/Dec/2013:16:27:12 +0000] "GET /xFrameworkRestAPI/api/GetWorkflowVar/~~BIOS_Power_Settings?_=1387384032901 HTTP/1.1" 200 150 
0:0:0:0:0:0:0:1 -  -  [18/Dec/2013:16:27:18 +0000] "GET /AppInsight/pages/xsys/network/index.html HTTP/1.1" 200 10697 
0:0:0:0:0:0:0:1 -  -  [18/Dec/2013:16:27:18 +0000] "GET /AppInsight/js/xsys/view/network/NetworkView.js HTTP/1.1" 200 24216 
0:0:0:0:0:0:0:1 -  -  [18/Dec/2013:16:27:18 +0000] "GET /xFrameworkRestAPI/api/RetrieveComplianceHistory/10?_=1387384038736 HTTP/1.1" 200 202 
0:0:0:0:0:0:0:1 -  -  [18/Dec/2013:16:27:18 +0000] "POST /xFrameworkRestAPI/api/RunWorkflowSequenceForResultObject/RC01-ENC-TOP-BL1/getNetworkInfo HTTP/1.1" 200 6759 
0:0:0:0:0:0:0:1 -  -  [18/Dec/2013:16:27:18 +0000] "GET /xFrameworkRestAPI/api/GetWorkflowVar/~~_Bond_Details?_=1387384038908 HTTP/1.1" 200 532 
0:0:0:0:0:0:0:1 -  -  [18/Dec/2013:16:27:18 +0000] "PUT /xFrameworkRestAPI/api/SetNodeConfig/RC01-ENC-TOP-BL1/iLO_IP HTTP/1.1" 200 94 
0:0:0:0:0:0:0:1 -  -  [18/Dec/2013:16:27:46 +0000] "POST /xFrameworkRestAPI/api/Logout HTTP/1.1" 200 94 
0:0:0:0:0:0:0:1 -  -  [18/Dec/2013:16:27:47 +0000] "GET /rest/appliance/eula/status?_=1387384067427 HTTP/1.1" 404 1293 
