0:0:0:0:0:0:0:1 -  -  [06/Mar/2014:00:57:32 +0000] "GET /univ/img/4.jpg HTTP/1.1" 304 0 
0:0:0:0:0:0:0:1 -  -  [06/Mar/2014:00:57:36 +0000] "GET /univ/img/5.jpg HTTP/1.1" 304 0 
0:0:0:0:0:0:0:1 -  -  [06/Mar/2014:00:57:40 +0000] "GET /univ/img/1.jpg HTTP/1.1" 304 0 
0:0:0:0:0:0:0:1 -  -  [06/Mar/2014:00:57:44 +0000] "GET /univ/img/2.jpg HTTP/1.1" 304 0 
0:0:0:0:0:0:0:1 -  -  [06/Mar/2014:00:57:48 +0000] "GET /univ/img/3.jpg HTTP/1.1" 304 0 
0:0:0:0:0:0:0:1 -  -  [06/Mar/2014:03:37:32 +0000] "GET /univ/img/4.jpg HTTP/1.1" 304 0 
0:0:0:0:0:0:0:1 -  -  [06/Mar/2014:03:37:36 +0000] "GET /univ/img/5.jpg HTTP/1.1" 304 0 
0:0:0:0:0:0:0:1 -  -  [06/Mar/2014:03:37:40 +0000] "GET /univ/img/1.jpg HTTP/1.1" 304 0 
0:0:0:0:0:0:0:1 -  -  [06/Mar/2014:03:37:44 +0000] "GET /univ/img/2.jpg HTTP/1.1" 304 0 
0:0:0:0:0:0:0:1 -  -  [06/Mar/2014:03:37:48 +0000] "GET /univ/img/3.jpg HTTP/1.1" 304 0 
0:0:0:0:0:0:0:1 -  -  [06/Mar/2014:06:33:31 +0000] "GET /univ/img/4.jpg HTTP/1.1" 304 0 
0:0:0:0:0:0:0:1 -  -  [06/Mar/2014:06:33:35 +0000] "GET /univ/img/5.jpg HTTP/1.1" 304 0 
0:0:0:0:0:0:0:1 -  -  [06/Mar/2014:06:33:39 +0000] "GET /univ/img/1.jpg HTTP/1.1" 304 0 
0:0:0:0:0:0:0:1 -  -  [06/Mar/2014:06:33:43 +0000] "GET /univ/img/2.jpg HTTP/1.1" 304 0 
0:0:0:0:0:0:0:1 -  -  [06/Mar/2014:06:33:47 +0000] "GET /univ/img/3.jpg HTTP/1.1" 304 0 
0:0:0:0:0:0:0:1 -  -  [06/Mar/2014:09:46:51 +0000] "GET /univ/img/4.jpg HTTP/1.1" 304 0 
0:0:0:0:0:0:0:1 -  -  [06/Mar/2014:09:46:55 +0000] "GET /univ/img/5.jpg HTTP/1.1" 304 0 
0:0:0:0:0:0:0:1 -  -  [06/Mar/2014:09:46:59 +0000] "GET /univ/img/1.jpg HTTP/1.1" 304 0 
0:0:0:0:0:0:0:1 -  -  [06/Mar/2014:09:47:03 +0000] "GET /univ/img/2.jpg HTTP/1.1" 304 0 
0:0:0:0:0:0:0:1 -  -  [06/Mar/2014:09:47:07 +0000] "GET /univ/img/3.jpg HTTP/1.1" 304 0 
0:0:0:0:0:0:0:1 -  -  [06/Mar/2014:13:19:30 +0000] "GET /univ/img/4.jpg HTTP/1.1" 304 0 
0:0:0:0:0:0:0:1 -  -  [06/Mar/2014:13:19:34 +0000] "GET /univ/img/5.jpg HTTP/1.1" 304 0 
0:0:0:0:0:0:0:1 -  -  [06/Mar/2014:13:19:38 +0000] "GET /univ/img/1.jpg HTTP/1.1" 304 0 
0:0:0:0:0:0:0:1 -  -  [06/Mar/2014:13:19:42 +0000] "GET /univ/img/2.jpg HTTP/1.1" 304 0 
0:0:0:0:0:0:0:1 -  -  [06/Mar/2014:13:19:46 +0000] "GET /univ/img/3.jpg HTTP/1.1" 304 0 
0:0:0:0:0:0:0:1 -  -  [06/Mar/2014:17:13:30 +0000] "GET /univ/img/4.jpg HTTP/1.1" 304 0 
0:0:0:0:0:0:0:1 -  -  [06/Mar/2014:17:13:34 +0000] "GET /univ/img/5.jpg HTTP/1.1" 304 0 
0:0:0:0:0:0:0:1 -  -  [06/Mar/2014:17:13:38 +0000] "GET /univ/img/1.jpg HTTP/1.1" 304 0 
0:0:0:0:0:0:0:1 -  -  [06/Mar/2014:17:13:42 +0000] "GET /univ/img/2.jpg HTTP/1.1" 304 0 
0:0:0:0:0:0:0:1 -  -  [06/Mar/2014:17:13:46 +0000] "GET /univ/img/3.jpg HTTP/1.1" 304 0 
0:0:0:0:0:0:0:1 -  -  [06/Mar/2014:21:30:49 +0000] "GET /univ/img/4.jpg HTTP/1.1" 304 0 
0:0:0:0:0:0:0:1 -  -  [06/Mar/2014:21:30:53 +0000] "GET /univ/img/5.jpg HTTP/1.1" 304 0 
0:0:0:0:0:0:0:1 -  -  [06/Mar/2014:21:30:57 +0000] "GET /univ/img/1.jpg HTTP/1.1" 304 0 
0:0:0:0:0:0:0:1 -  -  [06/Mar/2014:21:31:01 +0000] "GET /univ/img/2.jpg HTTP/1.1" 304 0 
0:0:0:0:0:0:0:1 -  -  [06/Mar/2014:21:31:05 +0000] "GET /univ/img/3.jpg HTTP/1.1" 304 0 
0:0:0:0:0:0:0:1 -  -  [06/Mar/2014:22:24:50 +0000] "GET /univ/ HTTP/1.1" 200 1158 
0:0:0:0:0:0:0:1 -  -  [06/Mar/2014:22:24:50 +0000] "GET /univ/js/lib/require.js HTTP/1.1" 304 0 
0:0:0:0:0:0:0:1 -  -  [06/Mar/2014:22:24:50 +0000] "GET /univ/css/style.css HTTP/1.1" 200 68119 
0:0:0:0:0:0:0:1 -  -  [06/Mar/2014:22:24:50 +0000] "GET /univ/img/logo.png HTTP/1.1" 304 0 
0:0:0:0:0:0:0:1 -  -  [06/Mar/2014:22:24:50 +0000] "GET /univ/img/gradient-top.png HTTP/1.1" 304 0 
0:0:0:0:0:0:0:1 -  -  [06/Mar/2014:22:24:50 +0000] "GET /univ/img/gradient-bottom.png HTTP/1.1" 304 0 
0:0:0:0:0:0:0:1 -  -  [06/Mar/2014:22:24:50 +0000] "GET /univ/js/common.js HTTP/1.1" 304 0 
0:0:0:0:0:0:0:1 -  -  [06/Mar/2014:22:24:50 +0000] "GET /univ/js/lib/jquery.js HTTP/1.1" 304 0 
0:0:0:0:0:0:0:1 -  -  [06/Mar/2014:22:24:50 +0000] "GET /univ/js/app/StartApp.js HTTP/1.1" 200 1207 
0:0:0:0:0:0:0:1 -  -  [06/Mar/2014:22:24:50 +0000] "GET /univ/js/lib/modernizr-2.5.3.min.js HTTP/1.1" 304 0 
0:0:0:0:0:0:0:1 -  -  [06/Mar/2014:22:24:50 +0000] "GET /univ/js/app/PageRoutes.js HTTP/1.1" 200 4322 
0:0:0:0:0:0:0:1 -  -  [06/Mar/2014:22:24:50 +0000] "GET /univ/js/app/LocationView.js HTTP/1.1" 200 1169 
0:0:0:0:0:0:0:1 -  -  [06/Mar/2014:22:24:50 +0000] "GET /univ/js/app/Environment.js HTTP/1.1" 200 1457 
0:0:0:0:0:0:0:1 -  -  [06/Mar/2014:22:24:50 +0000] "GET /univ/js/app/UrlFragment.js HTTP/1.1" 200 13952 
0:0:0:0:0:0:0:1 -  -  [06/Mar/2014:22:24:50 +0000] "GET /univ/js/app/Router.js HTTP/1.1" 200 30216 
0:0:0:0:0:0:0:1 -  -  [06/Mar/2014:22:24:50 +0000] "GET /univ/js/lib/jquery.cookie.js HTTP/1.1" 304 0 
0:0:0:0:0:0:0:1 -  -  [06/Mar/2014:22:24:50 +0000] "GET /univ/js/app/Events.js HTTP/1.1" 200 1048 
0:0:0:0:0:0:0:1 -  -  [06/Mar/2014:22:24:50 +0000] "GET /univ/js/app/HashManager.js HTTP/1.1" 200 3564 
0:0:0:0:0:0:0:1 -  -  [06/Mar/2014:22:24:50 +0000] "GET /univ/js/app/Pager.js HTTP/1.1" 200 3599 
0:0:0:0:0:0:0:1 -  -  [06/Mar/2014:22:24:50 +0000] "GET /univ/js/lib/text.js HTTP/1.1" 200 13366 
0:0:0:0:0:0:0:1 -  -  [06/Mar/2014:22:24:50 +0000] "GET /univ/js/app/HomeView.js HTTP/1.1" 200 4231 
0:0:0:0:0:0:0:1 -  -  [06/Mar/2014:22:24:50 +0000] "GET /univ/js/lib/spin.min.js HTTP/1.1" 304 0 
0:0:0:0:0:0:0:1 -  -  [06/Mar/2014:22:24:50 +0000] "GET /univ/js/lib/plugins-min.js HTTP/1.1" 304 0 
0:0:0:0:0:0:0:1 -  -  [06/Mar/2014:22:24:50 +0000] "GET /univ/js/lib/jquery.fitvids.js HTTP/1.1" 304 0 
0:0:0:0:0:0:0:1 -  -  [06/Mar/2014:22:24:50 +0000] "GET /univ/js/lib/typeahead.bundle.js HTTP/1.1" 304 0 
0:0:0:0:0:0:0:1 -  -  [06/Mar/2014:22:24:50 +0000] "GET /univ/module/home/index.html HTTP/1.1" 200 2002 
0:0:0:0:0:0:0:1 -  -  [06/Mar/2014:22:24:50 +0000] "GET /univ/js/lib/bloodhound.js HTTP/1.1" 304 0 
0:0:0:0:0:0:0:1 -  -  [06/Mar/2014:22:24:50 +0000] "GET /univ/img/ss-facebook.png HTTP/1.1" 304 0 
0:0:0:0:0:0:0:1 -  -  [06/Mar/2014:22:24:50 +0000] "GET /univ/img/ss-twitter.png HTTP/1.1" 304 0 
0:0:0:0:0:0:0:1 -  -  [06/Mar/2014:22:24:50 +0000] "GET /univ/img/ss-pinterest.png HTTP/1.1" 304 0 
0:0:0:0:0:0:0:1 -  -  [06/Mar/2014:22:24:50 +0000] "GET /univ/css/font-awesome.css HTTP/1.1" 304 0 
0:0:0:0:0:0:0:1 -  -  [06/Mar/2014:22:24:50 +0000] "GET /univ/img/next-up.png HTTP/1.1" 304 0 
0:0:0:0:0:0:0:1 -  -  [06/Mar/2014:22:24:57 +0000] "GET /univ/ HTTP/1.1" 304 0 
0:0:0:0:0:0:0:1 -  -  [06/Mar/2014:22:24:57 +0000] "GET /univ/css/style.css HTTP/1.1" 304 0 
0:0:0:0:0:0:0:1 -  -  [06/Mar/2014:22:24:57 +0000] "GET /univ/js/lib/require.js HTTP/1.1" 304 0 
0:0:0:0:0:0:0:1 -  -  [06/Mar/2014:22:24:57 +0000] "GET /univ/img/logo.png HTTP/1.1" 304 0 
0:0:0:0:0:0:0:1 -  -  [06/Mar/2014:22:24:57 +0000] "GET /univ/img/gradient-top.png HTTP/1.1" 304 0 
0:0:0:0:0:0:0:1 -  -  [06/Mar/2014:22:24:57 +0000] "GET /univ/img/gradient-bottom.png HTTP/1.1" 304 0 
0:0:0:0:0:0:0:1 -  -  [06/Mar/2014:22:24:57 +0000] "GET /univ/js/app/StartApp.js HTTP/1.1" 304 0 
0:0:0:0:0:0:0:1 -  -  [06/Mar/2014:22:24:57 +0000] "GET /univ/js/app/PageRoutes.js HTTP/1.1" 304 0 
0:0:0:0:0:0:0:1 -  -  [06/Mar/2014:22:24:57 +0000] "GET /univ/js/app/LocationView.js HTTP/1.1" 304 0 
0:0:0:0:0:0:0:1 -  -  [06/Mar/2014:22:24:57 +0000] "GET /univ/js/app/Environment.js HTTP/1.1" 304 0 
0:0:0:0:0:0:0:1 -  -  [06/Mar/2014:22:24:57 +0000] "GET /univ/js/app/UrlFragment.js HTTP/1.1" 304 0 
0:0:0:0:0:0:0:1 -  -  [06/Mar/2014:22:24:57 +0000] "GET /univ/js/app/Router.js HTTP/1.1" 304 0 
0:0:0:0:0:0:0:1 -  -  [06/Mar/2014:22:24:58 +0000] "GET /univ/js/app/Events.js HTTP/1.1" 304 0 
0:0:0:0:0:0:0:1 -  -  [06/Mar/2014:22:24:58 +0000] "GET /univ/js/app/HashManager.js HTTP/1.1" 304 0 
0:0:0:0:0:0:0:1 -  -  [06/Mar/2014:22:24:58 +0000] "GET /univ/js/app/Pager.js HTTP/1.1" 304 0 
0:0:0:0:0:0:0:1 -  -  [06/Mar/2014:22:24:58 +0000] "GET /univ/js/lib/text.js HTTP/1.1" 304 0 
0:0:0:0:0:0:0:1 -  -  [06/Mar/2014:22:24:58 +0000] "GET /univ/js/app/HomeView.js HTTP/1.1" 304 0 
0:0:0:0:0:0:0:1 -  -  [06/Mar/2014:22:24:58 +0000] "GET /univ/module/home/index.html HTTP/1.1" 304 0 
0:0:0:0:0:0:0:1 -  -  [06/Mar/2014:22:25:01 +0000] "GET /univ/ HTTP/1.1" 304 0 
0:0:0:0:0:0:0:1 -  -  [06/Mar/2014:22:25:01 +0000] "GET /univ/css/style.css HTTP/1.1" 304 0 
0:0:0:0:0:0:0:1 -  -  [06/Mar/2014:22:25:01 +0000] "GET /univ/js/lib/require.js HTTP/1.1" 304 0 
0:0:0:0:0:0:0:1 -  -  [06/Mar/2014:22:25:01 +0000] "GET /univ/img/logo.png HTTP/1.1" 304 0 
0:0:0:0:0:0:0:1 -  -  [06/Mar/2014:22:25:01 +0000] "GET /univ/img/gradient-top.png HTTP/1.1" 304 0 
0:0:0:0:0:0:0:1 -  -  [06/Mar/2014:22:25:01 +0000] "GET /univ/img/gradient-bottom.png HTTP/1.1" 304 0 
0:0:0:0:0:0:0:1 -  -  [06/Mar/2014:22:25:01 +0000] "GET /univ/js/app/PageRoutes.js HTTP/1.1" 304 0 
0:0:0:0:0:0:0:1 -  -  [06/Mar/2014:22:25:01 +0000] "GET /univ/js/app/StartApp.js HTTP/1.1" 304 0 
0:0:0:0:0:0:0:1 -  -  [06/Mar/2014:22:25:01 +0000] "GET /univ/js/app/Router.js HTTP/1.1" 304 0 
0:0:0:0:0:0:0:1 -  -  [06/Mar/2014:22:25:01 +0000] "GET /univ/js/app/UrlFragment.js HTTP/1.1" 304 0 
0:0:0:0:0:0:0:1 -  -  [06/Mar/2014:22:25:01 +0000] "GET /univ/js/app/LocationView.js HTTP/1.1" 304 0 
0:0:0:0:0:0:0:1 -  -  [06/Mar/2014:22:25:01 +0000] "GET /univ/js/app/Environment.js HTTP/1.1" 304 0 
0:0:0:0:0:0:0:1 -  -  [06/Mar/2014:22:25:02 +0000] "GET /univ/module/home/index.html HTTP/1.1" 304 0 
0:0:0:0:0:0:0:1 -  -  [06/Mar/2014:22:25:05 +0000] "GET /univ/js/app/EntryView.js HTTP/1.1" 200 3151 
0:0:0:0:0:0:0:1 -  -  [06/Mar/2014:22:25:05 +0000] "GET /univ/module/entry/index.html HTTP/1.1" 200 3087 
0:0:0:0:0:0:0:1 -  -  [06/Mar/2014:22:25:05 +0000] "GET /univ/js/lib/jquery.validate.min.js HTTP/1.1" 304 0 
0:0:0:0:0:0:0:1 -  -  [06/Mar/2014:22:25:05 +0000] "GET /univ/img/smalllogo.png HTTP/1.1" 200 3179 
0:0:0:0:0:0:0:1 -  -  [06/Mar/2014:22:25:05 +0000] "GET /univ/img/modal-close.png HTTP/1.1" 304 0 
0:0:0:0:0:0:0:1 -  -  [06/Mar/2014:22:25:05 +0000] "GET /univ/fonts/fontawesome-webfont.woff?v=3.2.1 HTTP/1.1" 304 0 
0:0:0:0:0:0:0:1 -  -  [06/Mar/2014:22:25:57 +0000] "GET /univ/ HTTP/1.1" 304 0 
0:0:0:0:0:0:0:1 -  -  [06/Mar/2014:22:25:57 +0000] "GET /univ/css/style.css HTTP/1.1" 304 0 
0:0:0:0:0:0:0:1 -  -  [06/Mar/2014:22:25:57 +0000] "GET /univ/js/lib/require.js HTTP/1.1" 304 0 
0:0:0:0:0:0:0:1 -  -  [06/Mar/2014:22:25:57 +0000] "GET /univ/img/logo.png HTTP/1.1" 304 0 
0:0:0:0:0:0:0:1 -  -  [06/Mar/2014:22:25:57 +0000] "GET /univ/img/gradient-top.png HTTP/1.1" 304 0 
0:0:0:0:0:0:0:1 -  -  [06/Mar/2014:22:25:57 +0000] "GET /univ/img/gradient-bottom.png HTTP/1.1" 304 0 
0:0:0:0:0:0:0:1 -  -  [06/Mar/2014:22:25:57 +0000] "GET /univ/js/app/StartApp.js HTTP/1.1" 304 0 
0:0:0:0:0:0:0:1 -  -  [06/Mar/2014:22:25:57 +0000] "GET /univ/js/app/PageRoutes.js HTTP/1.1" 304 0 
0:0:0:0:0:0:0:1 -  -  [06/Mar/2014:22:25:57 +0000] "GET /univ/js/app/LocationView.js HTTP/1.1" 304 0 
0:0:0:0:0:0:0:1 -  -  [06/Mar/2014:22:25:57 +0000] "GET /univ/js/app/Environment.js HTTP/1.1" 304 0 
0:0:0:0:0:0:0:1 -  -  [06/Mar/2014:22:25:57 +0000] "GET /univ/js/app/UrlFragment.js HTTP/1.1" 304 0 
0:0:0:0:0:0:0:1 -  -  [06/Mar/2014:22:25:57 +0000] "GET /univ/js/app/Router.js HTTP/1.1" 304 0 
0:0:0:0:0:0:0:1 -  -  [06/Mar/2014:22:25:57 +0000] "GET /univ/js/app/Events.js HTTP/1.1" 304 0 
0:0:0:0:0:0:0:1 -  -  [06/Mar/2014:22:25:57 +0000] "GET /univ/js/app/HashManager.js HTTP/1.1" 304 0 
0:0:0:0:0:0:0:1 -  -  [06/Mar/2014:22:25:57 +0000] "GET /univ/js/app/Pager.js HTTP/1.1" 304 0 
0:0:0:0:0:0:0:1 -  -  [06/Mar/2014:22:25:57 +0000] "GET /univ/js/lib/text.js HTTP/1.1" 304 0 
0:0:0:0:0:0:0:1 -  -  [06/Mar/2014:22:25:57 +0000] "GET /univ/js/app/HomeView.js HTTP/1.1" 304 0 
0:0:0:0:0:0:0:1 -  -  [06/Mar/2014:22:25:57 +0000] "GET /univ/module/home/index.html HTTP/1.1" 304 0 
0:0:0:0:0:0:0:1 -  -  [06/Mar/2014:22:44:17 +0000] "GET /univ/ HTTP/1.1" 304 0 
0:0:0:0:0:0:0:1 -  -  [06/Mar/2014:22:44:17 +0000] "GET /univ/css/style.css HTTP/1.1" 304 0 
0:0:0:0:0:0:0:1 -  -  [06/Mar/2014:22:44:17 +0000] "GET /univ/js/lib/require.js HTTP/1.1" 304 0 
0:0:0:0:0:0:0:1 -  -  [06/Mar/2014:22:44:17 +0000] "GET /univ/img/logo.png HTTP/1.1" 304 0 
0:0:0:0:0:0:0:1 -  -  [06/Mar/2014:22:44:17 +0000] "GET /univ/img/gradient-top.png HTTP/1.1" 304 0 
0:0:0:0:0:0:0:1 -  -  [06/Mar/2014:22:44:17 +0000] "GET /univ/img/gradient-bottom.png HTTP/1.1" 304 0 
0:0:0:0:0:0:0:1 -  -  [06/Mar/2014:22:44:17 +0000] "GET /univ/js/app/StartApp.js HTTP/1.1" 304 0 
0:0:0:0:0:0:0:1 -  -  [06/Mar/2014:22:44:17 +0000] "GET /univ/js/app/PageRoutes.js HTTP/1.1" 200 4774 
0:0:0:0:0:0:0:1 -  -  [06/Mar/2014:22:44:17 +0000] "GET /univ/js/app/LocationView.js HTTP/1.1" 304 0 
0:0:0:0:0:0:0:1 -  -  [06/Mar/2014:22:44:17 +0000] "GET /univ/js/app/Environment.js HTTP/1.1" 304 0 
0:0:0:0:0:0:0:1 -  -  [06/Mar/2014:22:44:17 +0000] "GET /univ/js/app/UrlFragment.js HTTP/1.1" 304 0 
0:0:0:0:0:0:0:1 -  -  [06/Mar/2014:22:44:17 +0000] "GET /univ/js/app/Router.js HTTP/1.1" 304 0 
0:0:0:0:0:0:0:1 -  -  [06/Mar/2014:22:44:17 +0000] "GET /univ/js/app/Events.js HTTP/1.1" 304 0 
0:0:0:0:0:0:0:1 -  -  [06/Mar/2014:22:44:17 +0000] "GET /univ/js/app/HashManager.js HTTP/1.1" 304 0 
0:0:0:0:0:0:0:1 -  -  [06/Mar/2014:22:44:17 +0000] "GET /univ/js/app/Pager.js HTTP/1.1" 304 0 
0:0:0:0:0:0:0:1 -  -  [06/Mar/2014:22:44:17 +0000] "GET /univ/js/lib/text.js HTTP/1.1" 304 0 
0:0:0:0:0:0:0:1 -  -  [06/Mar/2014:22:44:17 +0000] "GET /univ/js/app/HomeView.js HTTP/1.1" 304 0 
0:0:0:0:0:0:0:1 -  -  [06/Mar/2014:22:44:17 +0000] "GET /univ/module/home/index.html HTTP/1.1" 304 0 
0:0:0:0:0:0:0:1 -  -  [06/Mar/2014:22:44:30 +0000] "GET /univ/module/register/index.html HTTP/1.1" 200 2657 
0:0:0:0:0:0:0:1 -  -  [06/Mar/2014:22:44:30 +0000] "GET /univ/js/app/view/RegisterView.js HTTP/1.1" 200 3151 
0:0:0:0:0:0:0:1 -  -  [06/Mar/2014:22:44:30 +0000] "GET /univ/js/app/app/Router.js HTTP/1.1" 404 1390 
0:0:0:0:0:0:0:1 -  -  [06/Mar/2014:22:44:59 +0000] "GET /univ/ HTTP/1.1" 304 0 
0:0:0:0:0:0:0:1 -  -  [06/Mar/2014:22:44:59 +0000] "GET /univ/css/style.css HTTP/1.1" 304 0 
0:0:0:0:0:0:0:1 -  -  [06/Mar/2014:22:44:59 +0000] "GET /univ/js/lib/require.js HTTP/1.1" 304 0 
0:0:0:0:0:0:0:1 -  -  [06/Mar/2014:22:44:59 +0000] "GET /univ/img/logo.png HTTP/1.1" 304 0 
0:0:0:0:0:0:0:1 -  -  [06/Mar/2014:22:44:59 +0000] "GET /univ/img/gradient-top.png HTTP/1.1" 304 0 
0:0:0:0:0:0:0:1 -  -  [06/Mar/2014:22:44:59 +0000] "GET /univ/img/gradient-bottom.png HTTP/1.1" 304 0 
0:0:0:0:0:0:0:1 -  -  [06/Mar/2014:22:44:59 +0000] "GET /univ/js/app/PageRoutes.js HTTP/1.1" 304 0 
0:0:0:0:0:0:0:1 -  -  [06/Mar/2014:22:45:00 +0000] "GET /univ/js/app/view/RegisterView.js HTTP/1.1" 404 1397 
0:0:0:0:0:0:0:1 -  -  [06/Mar/2014:22:45:00 +0000] "GET /univ/module/register/index.html HTTP/1.1" 304 0 
0:0:0:0:0:0:0:1 -  -  [06/Mar/2014:22:45:19 +0000] "GET /univ/ HTTP/1.1" 304 0 
0:0:0:0:0:0:0:1 -  -  [06/Mar/2014:22:45:19 +0000] "GET /univ/css/style.css HTTP/1.1" 304 0 
0:0:0:0:0:0:0:1 -  -  [06/Mar/2014:22:45:19 +0000] "GET /univ/js/lib/require.js HTTP/1.1" 304 0 
0:0:0:0:0:0:0:1 -  -  [06/Mar/2014:22:45:19 +0000] "GET /univ/img/logo.png HTTP/1.1" 304 0 
0:0:0:0:0:0:0:1 -  -  [06/Mar/2014:22:45:19 +0000] "GET /univ/img/gradient-top.png HTTP/1.1" 304 0 
0:0:0:0:0:0:0:1 -  -  [06/Mar/2014:22:45:19 +0000] "GET /univ/img/gradient-bottom.png HTTP/1.1" 304 0 
0:0:0:0:0:0:0:1 -  -  [06/Mar/2014:22:45:19 +0000] "GET /univ/js/app/PageRoutes.js HTTP/1.1" 200 4769 
0:0:0:0:0:0:0:1 -  -  [06/Mar/2014:22:45:19 +0000] "GET /univ/js/app/RegisterView.js HTTP/1.1" 200 3151 
0:0:0:0:0:0:0:1 -  -  [06/Mar/2014:22:45:19 +0000] "GET /univ/module/register/index.html HTTP/1.1" 304 0 
0:0:0:0:0:0:0:1 -  -  [06/Mar/2014:22:45:19 +0000] "GET /univ/img/smalllogo.png HTTP/1.1" 304 0 
0:0:0:0:0:0:0:1 -  -  [06/Mar/2014:22:47:21 +0000] "GET /univ/ HTTP/1.1" 304 0 
0:0:0:0:0:0:0:1 -  -  [06/Mar/2014:22:47:21 +0000] "GET /univ/css/style.css HTTP/1.1" 304 0 
0:0:0:0:0:0:0:1 -  -  [06/Mar/2014:22:47:21 +0000] "GET /univ/js/lib/require.js HTTP/1.1" 304 0 
0:0:0:0:0:0:0:1 -  -  [06/Mar/2014:22:47:21 +0000] "GET /univ/img/logo.png HTTP/1.1" 304 0 
0:0:0:0:0:0:0:1 -  -  [06/Mar/2014:22:47:21 +0000] "GET /univ/img/gradient-top.png HTTP/1.1" 304 0 
0:0:0:0:0:0:0:1 -  -  [06/Mar/2014:22:47:21 +0000] "GET /univ/img/gradient-bottom.png HTTP/1.1" 304 0 
0:0:0:0:0:0:0:1 -  -  [06/Mar/2014:22:47:21 +0000] "GET /univ/js/app/StartApp.js HTTP/1.1" 304 0 
0:0:0:0:0:0:0:1 -  -  [06/Mar/2014:22:47:21 +0000] "GET /univ/js/app/PageRoutes.js HTTP/1.1" 304 0 
0:0:0:0:0:0:0:1 -  -  [06/Mar/2014:22:47:21 +0000] "GET /univ/js/app/LocationView.js HTTP/1.1" 304 0 
0:0:0:0:0:0:0:1 -  -  [06/Mar/2014:22:47:21 +0000] "GET /univ/js/app/Environment.js HTTP/1.1" 304 0 
0:0:0:0:0:0:0:1 -  -  [06/Mar/2014:22:47:21 +0000] "GET /univ/js/app/UrlFragment.js HTTP/1.1" 304 0 
0:0:0:0:0:0:0:1 -  -  [06/Mar/2014:22:47:21 +0000] "GET /univ/js/app/Router.js HTTP/1.1" 304 0 
0:0:0:0:0:0:0:1 -  -  [06/Mar/2014:22:47:22 +0000] "GET /univ/js/app/Events.js HTTP/1.1" 304 0 
0:0:0:0:0:0:0:1 -  -  [06/Mar/2014:22:47:22 +0000] "GET /univ/js/app/HashManager.js HTTP/1.1" 304 0 
0:0:0:0:0:0:0:1 -  -  [06/Mar/2014:22:47:22 +0000] "GET /univ/js/app/Pager.js HTTP/1.1" 304 0 
0:0:0:0:0:0:0:1 -  -  [06/Mar/2014:22:47:22 +0000] "GET /univ/js/lib/text.js HTTP/1.1" 304 0 
0:0:0:0:0:0:0:1 -  -  [06/Mar/2014:22:47:22 +0000] "GET /univ/js/app/RegisterView.js HTTP/1.1" 304 0 
0:0:0:0:0:0:0:1 -  -  [06/Mar/2014:22:47:22 +0000] "GET /univ/module/register/index.html HTTP/1.1" 200 2824 
0:0:0:0:0:0:0:1 -  -  [06/Mar/2014:22:51:03 +0000] "GET /univ/ HTTP/1.1" 304 0 
0:0:0:0:0:0:0:1 -  -  [06/Mar/2014:22:51:03 +0000] "GET /univ/css/style.css HTTP/1.1" 304 0 
0:0:0:0:0:0:0:1 -  -  [06/Mar/2014:22:51:03 +0000] "GET /univ/js/lib/require.js HTTP/1.1" 304 0 
0:0:0:0:0:0:0:1 -  -  [06/Mar/2014:22:51:03 +0000] "GET /univ/img/gradient-top.png HTTP/1.1" 304 0 
0:0:0:0:0:0:0:1 -  -  [06/Mar/2014:22:51:03 +0000] "GET /univ/img/logo.png HTTP/1.1" 304 0 
0:0:0:0:0:0:0:1 -  -  [06/Mar/2014:22:51:03 +0000] "GET /univ/img/gradient-bottom.png HTTP/1.1" 304 0 
0:0:0:0:0:0:0:1 -  -  [06/Mar/2014:22:51:03 +0000] "GET /univ/js/app/StartApp.js HTTP/1.1" 304 0 
0:0:0:0:0:0:0:1 -  -  [06/Mar/2014:22:51:03 +0000] "GET /univ/js/app/PageRoutes.js HTTP/1.1" 304 0 
0:0:0:0:0:0:0:1 -  -  [06/Mar/2014:22:51:03 +0000] "GET /univ/js/app/LocationView.js HTTP/1.1" 304 0 
0:0:0:0:0:0:0:1 -  -  [06/Mar/2014:22:51:03 +0000] "GET /univ/js/app/Environment.js HTTP/1.1" 304 0 
0:0:0:0:0:0:0:1 -  -  [06/Mar/2014:22:51:03 +0000] "GET /univ/js/app/UrlFragment.js HTTP/1.1" 304 0 
0:0:0:0:0:0:0:1 -  -  [06/Mar/2014:22:51:03 +0000] "GET /univ/js/app/Router.js HTTP/1.1" 304 0 
0:0:0:0:0:0:0:1 -  -  [06/Mar/2014:22:51:04 +0000] "GET /univ/js/app/Events.js HTTP/1.1" 304 0 
0:0:0:0:0:0:0:1 -  -  [06/Mar/2014:22:51:04 +0000] "GET /univ/js/app/HashManager.js HTTP/1.1" 304 0 
0:0:0:0:0:0:0:1 -  -  [06/Mar/2014:22:51:04 +0000] "GET /univ/js/app/Pager.js HTTP/1.1" 304 0 
0:0:0:0:0:0:0:1 -  -  [06/Mar/2014:22:51:04 +0000] "GET /univ/js/lib/text.js HTTP/1.1" 304 0 
0:0:0:0:0:0:0:1 -  -  [06/Mar/2014:22:51:04 +0000] "GET /univ/js/app/RegisterView.js HTTP/1.1" 200 3063 
0:0:0:0:0:0:0:1 -  -  [06/Mar/2014:22:51:04 +0000] "GET /univ/module/register/index.html HTTP/1.1" 200 2825 
0:0:0:0:0:0:0:1 -  -  [06/Mar/2014:22:51:04 +0000] "GET /univ/img/smalllogo.png HTTP/1.1" 304 0 
0:0:0:0:0:0:0:1 -  -  [06/Mar/2014:22:52:21 +0000] "GET /univ/ HTTP/1.1" 304 0 
0:0:0:0:0:0:0:1 -  -  [06/Mar/2014:22:52:21 +0000] "GET /univ/js/lib/require.js HTTP/1.1" 304 0 
0:0:0:0:0:0:0:1 -  -  [06/Mar/2014:22:52:21 +0000] "GET /univ/css/style.css HTTP/1.1" 200 68141 
0:0:0:0:0:0:0:1 -  -  [06/Mar/2014:22:52:21 +0000] "GET /univ/img/logo.png HTTP/1.1" 304 0 
0:0:0:0:0:0:0:1 -  -  [06/Mar/2014:22:52:21 +0000] "GET /univ/img/gradient-top.png HTTP/1.1" 304 0 
0:0:0:0:0:0:0:1 -  -  [06/Mar/2014:22:52:21 +0000] "GET /univ/img/gradient-bottom.png HTTP/1.1" 304 0 
0:0:0:0:0:0:0:1 -  -  [06/Mar/2014:22:52:21 +0000] "GET /univ/js/app/PageRoutes.js HTTP/1.1" 304 0 
0:0:0:0:0:0:0:1 -  -  [06/Mar/2014:22:52:21 +0000] "GET /univ/js/app/RegisterView.js HTTP/1.1" 304 0 
0:0:0:0:0:0:0:1 -  -  [06/Mar/2014:22:52:21 +0000] "GET /univ/module/register/index.html HTTP/1.1" 304 0 
0:0:0:0:0:0:0:1 -  -  [06/Mar/2014:22:52:37 +0000] "GET /univ/ HTTP/1.1" 304 0 
0:0:0:0:0:0:0:1 -  -  [06/Mar/2014:22:52:37 +0000] "GET /univ/js/lib/require.js HTTP/1.1" 304 0 
0:0:0:0:0:0:0:1 -  -  [06/Mar/2014:22:52:37 +0000] "GET /univ/css/style.css HTTP/1.1" 200 68140 
0:0:0:0:0:0:0:1 -  -  [06/Mar/2014:22:52:37 +0000] "GET /univ/img/logo.png HTTP/1.1" 304 0 
0:0:0:0:0:0:0:1 -  -  [06/Mar/2014:22:52:37 +0000] "GET /univ/img/gradient-top.png HTTP/1.1" 304 0 
0:0:0:0:0:0:0:1 -  -  [06/Mar/2014:22:52:37 +0000] "GET /univ/img/gradient-bottom.png HTTP/1.1" 304 0 
0:0:0:0:0:0:0:1 -  -  [06/Mar/2014:22:52:38 +0000] "GET /univ/module/register/index.html HTTP/1.1" 304 0 
0:0:0:0:0:0:0:1 -  -  [06/Mar/2014:22:52:45 +0000] "GET /univ/ HTTP/1.1" 304 0 
0:0:0:0:0:0:0:1 -  -  [06/Mar/2014:22:52:45 +0000] "GET /univ/js/lib/require.js HTTP/1.1" 304 0 
0:0:0:0:0:0:0:1 -  -  [06/Mar/2014:22:52:45 +0000] "GET /univ/css/style.css HTTP/1.1" 200 68141 
0:0:0:0:0:0:0:1 -  -  [06/Mar/2014:22:52:45 +0000] "GET /univ/img/logo.png HTTP/1.1" 304 0 
0:0:0:0:0:0:0:1 -  -  [06/Mar/2014:22:52:45 +0000] "GET /univ/img/gradient-top.png HTTP/1.1" 304 0 
0:0:0:0:0:0:0:1 -  -  [06/Mar/2014:22:52:45 +0000] "GET /univ/img/gradient-bottom.png HTTP/1.1" 304 0 
0:0:0:0:0:0:0:1 -  -  [06/Mar/2014:22:52:49 +0000] "GET /univ/ HTTP/1.1" 304 0 
0:0:0:0:0:0:0:1 -  -  [06/Mar/2014:22:52:49 +0000] "GET /univ/css/style.css HTTP/1.1" 304 0 
0:0:0:0:0:0:0:1 -  -  [06/Mar/2014:22:52:49 +0000] "GET /univ/js/lib/require.js HTTP/1.1" 304 0 
0:0:0:0:0:0:0:1 -  -  [06/Mar/2014:22:52:49 +0000] "GET /univ/js/app/HomeView.js HTTP/1.1" 304 0 
0:0:0:0:0:0:0:1 -  -  [06/Mar/2014:22:52:49 +0000] "GET /univ/module/home/index.html HTTP/1.1" 304 0 
0:0:0:0:0:0:0:1 -  -  [06/Mar/2014:22:52:52 +0000] "GET /univ/js/app/EntryView.js HTTP/1.1" 304 0 
0:0:0:0:0:0:0:1 -  -  [06/Mar/2014:22:52:52 +0000] "GET /univ/module/entry/index.html HTTP/1.1" 200 3066 
0:0:0:0:0:0:0:1 -  -  [06/Mar/2014:22:53:00 +0000] "GET /univ/ HTTP/1.1" 304 0 
0:0:0:0:0:0:0:1 -  -  [06/Mar/2014:22:53:00 +0000] "GET /univ/css/style.css HTTP/1.1" 304 0 
0:0:0:0:0:0:0:1 -  -  [06/Mar/2014:22:53:00 +0000] "GET /univ/js/lib/require.js HTTP/1.1" 304 0 
0:0:0:0:0:0:0:1 -  -  [06/Mar/2014:22:53:00 +0000] "GET /univ/img/logo.png HTTP/1.1" 304 0 
0:0:0:0:0:0:0:1 -  -  [06/Mar/2014:22:53:00 +0000] "GET /univ/img/gradient-top.png HTTP/1.1" 304 0 
0:0:0:0:0:0:0:1 -  -  [06/Mar/2014:22:53:00 +0000] "GET /univ/img/gradient-bottom.png HTTP/1.1" 304 0 
0:0:0:0:0:0:0:1 -  -  [06/Mar/2014:22:53:12 +0000] "GET /univ/module/register/index.html HTTP/1.1" 304 0 
0:0:0:0:0:0:0:1 -  -  [06/Mar/2014:22:53:12 +0000] "GET /univ/js/app/RegisterView.js HTTP/1.1" 304 0 
0:0:0:0:0:0:0:1 -  -  [06/Mar/2014:22:54:05 +0000] "GET /univ/ HTTP/1.1" 304 0 
0:0:0:0:0:0:0:1 -  -  [06/Mar/2014:22:54:05 +0000] "GET /univ/js/lib/require.js HTTP/1.1" 304 0 
0:0:0:0:0:0:0:1 -  -  [06/Mar/2014:22:54:05 +0000] "GET /univ/css/style.css HTTP/1.1" 200 68159 
0:0:0:0:0:0:0:1 -  -  [06/Mar/2014:22:54:05 +0000] "GET /univ/img/logo.png HTTP/1.1" 304 0 
0:0:0:0:0:0:0:1 -  -  [06/Mar/2014:22:54:05 +0000] "GET /univ/img/gradient-top.png HTTP/1.1" 304 0 
0:0:0:0:0:0:0:1 -  -  [06/Mar/2014:22:54:05 +0000] "GET /univ/img/gradient-bottom.png HTTP/1.1" 304 0 
0:0:0:0:0:0:0:1 -  -  [06/Mar/2014:22:54:05 +0000] "GET /univ/js/app/StartApp.js HTTP/1.1" 304 0 
0:0:0:0:0:0:0:1 -  -  [06/Mar/2014:22:54:05 +0000] "GET /univ/js/app/PageRoutes.js HTTP/1.1" 304 0 
0:0:0:0:0:0:0:1 -  -  [06/Mar/2014:22:54:06 +0000] "GET /univ/js/app/LocationView.js HTTP/1.1" 304 0 
0:0:0:0:0:0:0:1 -  -  [06/Mar/2014:22:54:06 +0000] "GET /univ/js/app/Environment.js HTTP/1.1" 304 0 
0:0:0:0:0:0:0:1 -  -  [06/Mar/2014:22:54:06 +0000] "GET /univ/js/app/UrlFragment.js HTTP/1.1" 304 0 
0:0:0:0:0:0:0:1 -  -  [06/Mar/2014:22:54:06 +0000] "GET /univ/js/app/Router.js HTTP/1.1" 304 0 
0:0:0:0:0:0:0:1 -  -  [06/Mar/2014:22:54:06 +0000] "GET /univ/js/app/Events.js HTTP/1.1" 304 0 
0:0:0:0:0:0:0:1 -  -  [06/Mar/2014:22:54:06 +0000] "GET /univ/js/app/HashManager.js HTTP/1.1" 304 0 
0:0:0:0:0:0:0:1 -  -  [06/Mar/2014:22:54:06 +0000] "GET /univ/js/app/Pager.js HTTP/1.1" 304 0 
0:0:0:0:0:0:0:1 -  -  [06/Mar/2014:22:54:06 +0000] "GET /univ/js/lib/text.js HTTP/1.1" 304 0 
0:0:0:0:0:0:0:1 -  -  [06/Mar/2014:22:54:06 +0000] "GET /univ/js/app/RegisterView.js HTTP/1.1" 304 0 
0:0:0:0:0:0:0:1 -  -  [06/Mar/2014:22:54:06 +0000] "GET /univ/module/register/index.html HTTP/1.1" 304 0 
0:0:0:0:0:0:0:1 -  -  [06/Mar/2014:22:54:06 +0000] "GET /univ/img/smalllogo.png HTTP/1.1" 304 0 
0:0:0:0:0:0:0:1 -  -  [06/Mar/2014:22:54:33 +0000] "GET /univ/ HTTP/1.1" 304 0 
0:0:0:0:0:0:0:1 -  -  [06/Mar/2014:22:54:33 +0000] "GET /univ/js/lib/require.js HTTP/1.1" 304 0 
0:0:0:0:0:0:0:1 -  -  [06/Mar/2014:22:54:33 +0000] "GET /univ/css/style.css HTTP/1.1" 200 68191 
0:0:0:0:0:0:0:1 -  -  [06/Mar/2014:22:54:33 +0000] "GET /univ/img/logo.png HTTP/1.1" 304 0 
0:0:0:0:0:0:0:1 -  -  [06/Mar/2014:22:54:33 +0000] "GET /univ/img/gradient-top.png HTTP/1.1" 304 0 
0:0:0:0:0:0:0:1 -  -  [06/Mar/2014:22:54:33 +0000] "GET /univ/img/gradient-bottom.png HTTP/1.1" 304 0 
0:0:0:0:0:0:0:1 -  -  [06/Mar/2014:22:54:33 +0000] "GET /univ/module/register/index.html HTTP/1.1" 304 0 
0:0:0:0:0:0:0:1 -  -  [06/Mar/2014:22:54:42 +0000] "GET /univ/img/project-page-logo.png HTTP/1.1" 200 4971 
0:0:0:0:0:0:0:1 -  -  [06/Mar/2014:22:55:30 +0000] "GET /univ/ HTTP/1.1" 304 0 
0:0:0:0:0:0:0:1 -  -  [06/Mar/2014:22:55:30 +0000] "GET /univ/css/style.css HTTP/1.1" 304 0 
0:0:0:0:0:0:0:1 -  -  [06/Mar/2014:22:55:30 +0000] "GET /univ/js/lib/require.js HTTP/1.1" 304 0 
0:0:0:0:0:0:0:1 -  -  [06/Mar/2014:22:55:30 +0000] "GET /univ/img/logo.png HTTP/1.1" 304 0 
0:0:0:0:0:0:0:1 -  -  [06/Mar/2014:22:55:30 +0000] "GET /univ/img/gradient-top.png HTTP/1.1" 304 0 
0:0:0:0:0:0:0:1 -  -  [06/Mar/2014:22:55:30 +0000] "GET /univ/img/gradient-bottom.png HTTP/1.1" 304 0 
0:0:0:0:0:0:0:1 -  -  [06/Mar/2014:22:55:30 +0000] "GET /univ/js/app/PageRoutes.js HTTP/1.1" 304 0 
0:0:0:0:0:0:0:1 -  -  [06/Mar/2014:22:55:31 +0000] "GET /univ/js/app/RegisterView.js HTTP/1.1" 304 0 
0:0:0:0:0:0:0:1 -  -  [06/Mar/2014:22:55:31 +0000] "GET /univ/module/register/index.html HTTP/1.1" 200 2834 
0:0:0:0:0:0:0:1 -  -  [06/Mar/2014:22:56:03 +0000] "GET /univ/ HTTP/1.1" 304 0 
0:0:0:0:0:0:0:1 -  -  [06/Mar/2014:22:56:03 +0000] "GET /univ/js/lib/require.js HTTP/1.1" 304 0 
0:0:0:0:0:0:0:1 -  -  [06/Mar/2014:22:56:03 +0000] "GET /univ/css/style.css HTTP/1.1" 304 0 
0:0:0:0:0:0:0:1 -  -  [06/Mar/2014:22:56:03 +0000] "GET /univ/img/logo.png HTTP/1.1" 304 0 
0:0:0:0:0:0:0:1 -  -  [06/Mar/2014:22:56:03 +0000] "GET /univ/img/gradient-top.png HTTP/1.1" 304 0 
0:0:0:0:0:0:0:1 -  -  [06/Mar/2014:22:56:03 +0000] "GET /univ/img/gradient-bottom.png HTTP/1.1" 304 0 
0:0:0:0:0:0:0:1 -  -  [06/Mar/2014:22:56:03 +0000] "GET /univ/js/app/HomeView.js HTTP/1.1" 304 0 
0:0:0:0:0:0:0:1 -  -  [06/Mar/2014:22:56:03 +0000] "GET /univ/module/home/index.html HTTP/1.1" 304 0 
0:0:0:0:0:0:0:1 -  -  [06/Mar/2014:22:56:06 +0000] "GET /univ/js/app/EntryView.js HTTP/1.1" 304 0 
0:0:0:0:0:0:0:1 -  -  [06/Mar/2014:22:56:06 +0000] "GET /univ/module/entry/index.html HTTP/1.1" 200 3066 
0:0:0:0:0:0:0:1 -  -  [06/Mar/2014:22:56:09 +0000] "GET /univ/ HTTP/1.1" 304 0 
0:0:0:0:0:0:0:1 -  -  [06/Mar/2014:22:56:09 +0000] "GET /univ/css/style.css HTTP/1.1" 304 0 
0:0:0:0:0:0:0:1 -  -  [06/Mar/2014:22:56:09 +0000] "GET /univ/js/lib/require.js HTTP/1.1" 304 0 
0:0:0:0:0:0:0:1 -  -  [06/Mar/2014:22:56:16 +0000] "GET /univ/module/register/index.html HTTP/1.1" 304 0 
0:0:0:0:0:0:0:1 -  -  [06/Mar/2014:22:56:16 +0000] "GET /univ/js/app/RegisterView.js HTTP/1.1" 304 0 
0:0:0:0:0:0:0:1 -  -  [06/Mar/2014:22:56:57 +0000] "GET /univ/ HTTP/1.1" 304 0 
0:0:0:0:0:0:0:1 -  -  [06/Mar/2014:22:56:57 +0000] "GET /univ/css/style.css HTTP/1.1" 304 0 
0:0:0:0:0:0:0:1 -  -  [06/Mar/2014:22:56:57 +0000] "GET /univ/js/lib/require.js HTTP/1.1" 304 0 
0:0:0:0:0:0:0:1 -  -  [06/Mar/2014:22:56:57 +0000] "GET /univ/img/logo.png HTTP/1.1" 304 0 
0:0:0:0:0:0:0:1 -  -  [06/Mar/2014:22:56:57 +0000] "GET /univ/img/gradient-top.png HTTP/1.1" 304 0 
0:0:0:0:0:0:0:1 -  -  [06/Mar/2014:22:56:57 +0000] "GET /univ/img/gradient-bottom.png HTTP/1.1" 304 0 
0:0:0:0:0:0:0:1 -  -  [06/Mar/2014:22:56:57 +0000] "GET /univ/js/app/PageRoutes.js HTTP/1.1" 304 0 
0:0:0:0:0:0:0:1 -  -  [06/Mar/2014:22:57:11 +0000] "GET /univ/module/register/index.html HTTP/1.1" 304 0 
0:0:0:0:0:0:0:1 -  -  [06/Mar/2014:22:57:11 +0000] "GET /univ/js/app/RegisterView.js HTTP/1.1" 304 0 
0:0:0:0:0:0:0:1 -  -  [06/Mar/2014:22:57:11 +0000] "GET /univ/img/smalllogo.png HTTP/1.1" 304 0 
0:0:0:0:0:0:0:1 -  -  [06/Mar/2014:22:57:11 +0000] "GET /univ/data/univslist.json?_=1394146617970 HTTP/1.1" 200 217 
0:0:0:0:0:0:0:1 -  -  [06/Mar/2014:22:59:01 +0000] "GET /univ/ HTTP/1.1" 304 0 
0:0:0:0:0:0:0:1 -  -  [06/Mar/2014:22:59:01 +0000] "GET /univ/css/style.css HTTP/1.1" 304 0 
0:0:0:0:0:0:0:1 -  -  [06/Mar/2014:22:59:01 +0000] "GET /univ/js/lib/require.js HTTP/1.1" 304 0 
0:0:0:0:0:0:0:1 -  -  [06/Mar/2014:22:59:01 +0000] "GET /univ/img/logo.png HTTP/1.1" 304 0 
0:0:0:0:0:0:0:1 -  -  [06/Mar/2014:22:59:01 +0000] "GET /univ/img/gradient-bottom.png HTTP/1.1" 304 0 
0:0:0:0:0:0:0:1 -  -  [06/Mar/2014:22:59:01 +0000] "GET /univ/img/gradient-top.png HTTP/1.1" 304 0 
0:0:0:0:0:0:0:1 -  -  [06/Mar/2014:22:59:01 +0000] "GET /univ/js/app/StartApp.js HTTP/1.1" 304 0 
0:0:0:0:0:0:0:1 -  -  [06/Mar/2014:22:59:01 +0000] "GET /univ/js/app/PageRoutes.js HTTP/1.1" 304 0 
0:0:0:0:0:0:0:1 -  -  [06/Mar/2014:22:59:01 +0000] "GET /univ/js/app/LocationView.js HTTP/1.1" 304 0 
0:0:0:0:0:0:0:1 -  -  [06/Mar/2014:22:59:01 +0000] "GET /univ/js/app/Environment.js HTTP/1.1" 304 0 
0:0:0:0:0:0:0:1 -  -  [06/Mar/2014:22:59:01 +0000] "GET /univ/js/app/UrlFragment.js HTTP/1.1" 304 0 
0:0:0:0:0:0:0:1 -  -  [06/Mar/2014:22:59:01 +0000] "GET /univ/js/app/Router.js HTTP/1.1" 304 0 
0:0:0:0:0:0:0:1 -  -  [06/Mar/2014:22:59:01 +0000] "GET /univ/js/app/Events.js HTTP/1.1" 304 0 
0:0:0:0:0:0:0:1 -  -  [06/Mar/2014:22:59:01 +0000] "GET /univ/js/app/HashManager.js HTTP/1.1" 304 0 
0:0:0:0:0:0:0:1 -  -  [06/Mar/2014:22:59:01 +0000] "GET /univ/js/app/Pager.js HTTP/1.1" 304 0 
0:0:0:0:0:0:0:1 -  -  [06/Mar/2014:22:59:01 +0000] "GET /univ/js/lib/text.js HTTP/1.1" 304 0 
0:0:0:0:0:0:0:1 -  -  [06/Mar/2014:22:59:01 +0000] "GET /univ/js/app/RegisterView.js HTTP/1.1" 304 0 
0:0:0:0:0:0:0:1 -  -  [06/Mar/2014:22:59:01 +0000] "GET /univ/module/register/index.html HTTP/1.1" 200 2836 
0:0:0:0:0:0:0:1 -  -  [06/Mar/2014:23:05:10 +0000] "GET /univ/ HTTP/1.1" 304 0 
0:0:0:0:0:0:0:1 -  -  [06/Mar/2014:23:05:10 +0000] "GET /univ/css/style.css HTTP/1.1" 304 0 
0:0:0:0:0:0:0:1 -  -  [06/Mar/2014:23:05:10 +0000] "GET /univ/js/lib/require.js HTTP/1.1" 304 0 
0:0:0:0:0:0:0:1 -  -  [06/Mar/2014:23:05:10 +0000] "GET /univ/img/logo.png HTTP/1.1" 304 0 
0:0:0:0:0:0:0:1 -  -  [06/Mar/2014:23:05:10 +0000] "GET /univ/img/gradient-top.png HTTP/1.1" 304 0 
0:0:0:0:0:0:0:1 -  -  [06/Mar/2014:23:05:10 +0000] "GET /univ/img/gradient-bottom.png HTTP/1.1" 304 0 
0:0:0:0:0:0:0:1 -  -  [06/Mar/2014:23:05:10 +0000] "GET /univ/js/app/StartApp.js HTTP/1.1" 304 0 
0:0:0:0:0:0:0:1 -  -  [06/Mar/2014:23:05:10 +0000] "GET /univ/js/app/PageRoutes.js HTTP/1.1" 304 0 
0:0:0:0:0:0:0:1 -  -  [06/Mar/2014:23:05:10 +0000] "GET /univ/js/app/LocationView.js HTTP/1.1" 304 0 
0:0:0:0:0:0:0:1 -  -  [06/Mar/2014:23:05:10 +0000] "GET /univ/js/app/Environment.js HTTP/1.1" 304 0 
0:0:0:0:0:0:0:1 -  -  [06/Mar/2014:23:05:10 +0000] "GET /univ/js/app/UrlFragment.js HTTP/1.1" 304 0 
0:0:0:0:0:0:0:1 -  -  [06/Mar/2014:23:05:10 +0000] "GET /univ/js/app/Router.js HTTP/1.1" 304 0 
0:0:0:0:0:0:0:1 -  -  [06/Mar/2014:23:05:10 +0000] "GET /univ/js/app/HashManager.js HTTP/1.1" 304 0 
0:0:0:0:0:0:0:1 -  -  [06/Mar/2014:23:05:10 +0000] "GET /univ/js/app/Events.js HTTP/1.1" 304 0 
0:0:0:0:0:0:0:1 -  -  [06/Mar/2014:23:05:10 +0000] "GET /univ/js/app/Pager.js HTTP/1.1" 304 0 
0:0:0:0:0:0:0:1 -  -  [06/Mar/2014:23:05:10 +0000] "GET /univ/js/lib/text.js HTTP/1.1" 304 0 
0:0:0:0:0:0:0:1 -  -  [06/Mar/2014:23:05:10 +0000] "GET /univ/js/app/RegisterView.js HTTP/1.1" 200 3187 
0:0:0:0:0:0:0:1 -  -  [06/Mar/2014:23:05:10 +0000] "GET /univ/module/register/index.html HTTP/1.1" 200 2960 
0:0:0:0:0:0:0:1 -  -  [06/Mar/2014:23:05:10 +0000] "GET /univ/img/smalllogo.png HTTP/1.1" 304 0 
0:0:0:0:0:0:0:1 -  -  [06/Mar/2014:23:05:42 +0000] "GET /univ/ HTTP/1.1" 304 0 
0:0:0:0:0:0:0:1 -  -  [06/Mar/2014:23:05:42 +0000] "GET /univ/css/style.css HTTP/1.1" 304 0 
0:0:0:0:0:0:0:1 -  -  [06/Mar/2014:23:05:42 +0000] "GET /univ/js/lib/require.js HTTP/1.1" 304 0 
0:0:0:0:0:0:0:1 -  -  [06/Mar/2014:23:05:42 +0000] "GET /univ/img/gradient-bottom.png HTTP/1.1" 304 0 
0:0:0:0:0:0:0:1 -  -  [06/Mar/2014:23:05:42 +0000] "GET /univ/img/gradient-top.png HTTP/1.1" 304 0 
0:0:0:0:0:0:0:1 -  -  [06/Mar/2014:23:05:42 +0000] "GET /univ/img/logo.png HTTP/1.1" 304 0 
0:0:0:0:0:0:0:1 -  -  [06/Mar/2014:23:05:42 +0000] "GET /univ/js/app/RegisterView.js HTTP/1.1" 304 0 
0:0:0:0:0:0:0:1 -  -  [06/Mar/2014:23:05:42 +0000] "GET /univ/module/register/index.html HTTP/1.1" 200 2956 
0:0:0:0:0:0:0:1 -  -  [06/Mar/2014:23:07:33 +0000] "GET /univ/css/style.css HTTP/1.1" 304 0 
0:0:0:0:0:0:0:1 -  -  [06/Mar/2014:23:07:34 +0000] "GET /univ/js/app/PageRoutes.js HTTP/1.1" 304 0 
0:0:0:0:0:0:0:1 -  -  [06/Mar/2014:23:07:34 +0000] "GET /univ/js/app/RegisterView.js HTTP/1.1" 200 2770 
0:0:0:0:0:0:0:1 -  -  [06/Mar/2014:23:07:34 +0000] "GET /univ/module/register/index.html HTTP/1.1" 200 2962 
0:0:0:0:0:0:0:1 -  -  [06/Mar/2014:23:08:03 +0000] "GET /univ/ HTTP/1.1" 304 0 
0:0:0:0:0:0:0:1 -  -  [06/Mar/2014:23:08:03 +0000] "GET /univ/css/style.css HTTP/1.1" 304 0 
0:0:0:0:0:0:0:1 -  -  [06/Mar/2014:23:08:03 +0000] "GET /univ/js/lib/require.js HTTP/1.1" 304 0 
0:0:0:0:0:0:0:1 -  -  [06/Mar/2014:23:08:04 +0000] "GET /univ/js/app/RegisterView.js HTTP/1.1" 200 2771 
0:0:0:0:0:0:0:1 -  -  [06/Mar/2014:23:08:04 +0000] "GET /univ/module/register/index.html HTTP/1.1" 304 0 
0:0:0:0:0:0:0:1 -  -  [06/Mar/2014:23:08:18 +0000] "GET /univ/ HTTP/1.1" 304 0 
0:0:0:0:0:0:0:1 -  -  [06/Mar/2014:23:08:18 +0000] "GET /univ/css/style.css HTTP/1.1" 304 0 
0:0:0:0:0:0:0:1 -  -  [06/Mar/2014:23:08:18 +0000] "GET /univ/js/lib/require.js HTTP/1.1" 304 0 
0:0:0:0:0:0:0:1 -  -  [06/Mar/2014:23:08:18 +0000] "GET /univ/js/app/RegisterView.js HTTP/1.1" 304 0 
0:0:0:0:0:0:0:1 -  -  [06/Mar/2014:23:08:18 +0000] "GET /univ/module/register/index.html HTTP/1.1" 304 0 
0:0:0:0:0:0:0:1 -  -  [06/Mar/2014:23:09:21 +0000] "GET /univ/ HTTP/1.1" 304 0 
0:0:0:0:0:0:0:1 -  -  [06/Mar/2014:23:09:21 +0000] "GET /univ/js/lib/require.js HTTP/1.1" 304 0 
0:0:0:0:0:0:0:1 -  -  [06/Mar/2014:23:09:21 +0000] "GET /univ/css/style.css HTTP/1.1" 200 68263 
0:0:0:0:0:0:0:1 -  -  [06/Mar/2014:23:09:21 +0000] "GET /univ/img/logo.png HTTP/1.1" 304 0 
0:0:0:0:0:0:0:1 -  -  [06/Mar/2014:23:09:21 +0000] "GET /univ/img/gradient-bottom.png HTTP/1.1" 304 0 
0:0:0:0:0:0:0:1 -  -  [06/Mar/2014:23:09:21 +0000] "GET /univ/img/gradient-top.png HTTP/1.1" 304 0 
0:0:0:0:0:0:0:1 -  -  [06/Mar/2014:23:09:21 +0000] "GET /univ/js/app/StartApp.js HTTP/1.1" 304 0 
0:0:0:0:0:0:0:1 -  -  [06/Mar/2014:23:09:21 +0000] "GET /univ/js/app/Router.js HTTP/1.1" 304 0 
0:0:0:0:0:0:0:1 -  -  [06/Mar/2014:23:09:21 +0000] "GET /univ/js/app/UrlFragment.js HTTP/1.1" 304 0 
0:0:0:0:0:0:0:1 -  -  [06/Mar/2014:23:09:21 +0000] "GET /univ/js/app/LocationView.js HTTP/1.1" 304 0 
0:0:0:0:0:0:0:1 -  -  [06/Mar/2014:23:09:21 +0000] "GET /univ/js/app/Environment.js HTTP/1.1" 304 0 
0:0:0:0:0:0:0:1 -  -  [06/Mar/2014:23:09:21 +0000] "GET /univ/js/app/Events.js HTTP/1.1" 304 0 
0:0:0:0:0:0:0:1 -  -  [06/Mar/2014:23:09:21 +0000] "GET /univ/js/app/HashManager.js HTTP/1.1" 304 0 
0:0:0:0:0:0:0:1 -  -  [06/Mar/2014:23:09:21 +0000] "GET /univ/js/app/Pager.js HTTP/1.1" 304 0 
0:0:0:0:0:0:0:1 -  -  [06/Mar/2014:23:09:21 +0000] "GET /univ/js/lib/text.js HTTP/1.1" 304 0 
0:0:0:0:0:0:0:1 -  -  [06/Mar/2014:23:09:21 +0000] "GET /univ/js/app/RegisterView.js HTTP/1.1" 304 0 
0:0:0:0:0:0:0:1 -  -  [06/Mar/2014:23:09:21 +0000] "GET /univ/module/register/index.html HTTP/1.1" 304 0 
0:0:0:0:0:0:0:1 -  -  [06/Mar/2014:23:09:21 +0000] "GET /univ/img/smalllogo.png HTTP/1.1" 304 0 
0:0:0:0:0:0:0:1 -  -  [06/Mar/2014:23:09:29 +0000] "GET /univ/ HTTP/1.1" 304 0 
0:0:0:0:0:0:0:1 -  -  [06/Mar/2014:23:09:29 +0000] "GET /univ/js/lib/require.js HTTP/1.1" 304 0 
0:0:0:0:0:0:0:1 -  -  [06/Mar/2014:23:09:29 +0000] "GET /univ/css/style.css HTTP/1.1" 200 68262 
0:0:0:0:0:0:0:1 -  -  [06/Mar/2014:23:09:29 +0000] "GET /univ/img/logo.png HTTP/1.1" 304 0 
0:0:0:0:0:0:0:1 -  -  [06/Mar/2014:23:09:29 +0000] "GET /univ/img/gradient-top.png HTTP/1.1" 304 0 
0:0:0:0:0:0:0:1 -  -  [06/Mar/2014:23:09:29 +0000] "GET /univ/img/gradient-bottom.png HTTP/1.1" 304 0 
0:0:0:0:0:0:0:1 -  -  [06/Mar/2014:23:09:29 +0000] "GET /univ/js/app/RegisterView.js HTTP/1.1" 304 0 
0:0:0:0:0:0:0:1 -  -  [06/Mar/2014:23:13:01 +0000] "GET /univ/ HTTP/1.1" 304 0 
0:0:0:0:0:0:0:1 -  -  [06/Mar/2014:23:13:01 +0000] "GET /univ/css/style.css HTTP/1.1" 304 0 
0:0:0:0:0:0:0:1 -  -  [06/Mar/2014:23:13:01 +0000] "GET /univ/js/lib/require.js HTTP/1.1" 304 0 
0:0:0:0:0:0:0:1 -  -  [06/Mar/2014:23:13:01 +0000] "GET /univ/js/app/PageRoutes.js HTTP/1.1" 304 0 
0:0:0:0:0:0:0:1 -  -  [06/Mar/2014:23:13:02 +0000] "GET /univ/js/app/RegisterView.js HTTP/1.1" 200 2825 
0:0:0:0:0:0:0:1 -  -  [06/Mar/2014:23:13:02 +0000] "GET /univ/module/register/index.html HTTP/1.1" 200 3083 
