0:0:0:0:0:0:0:1 -  -  [07/Feb/2014:00:00:44 +0000] "GET /AppInsight/ HTTP/1.1" 200 903 
0:0:0:0:0:0:0:1 -  -  [07/Feb/2014:00:00:44 +0000] "GET /AppInsight/css/compiled/hp-piano.css HTTP/1.1" 304 0 
0:0:0:0:0:0:0:1 -  -  [07/Feb/2014:00:00:44 +0000] "GET /AppInsight/css/xsys/appinisght-style.css HTTP/1.1" 304 0 
0:0:0:0:0:0:0:1 -  -  [07/Feb/2014:00:00:44 +0000] "GET /AppInsight/js/lib/require.js HTTP/1.1" 304 0 
0:0:0:0:0:0:0:1 -  -  [07/Feb/2014:00:00:44 +0000] "GET /AppInsight/ HTTP/1.1" 200 903 
0:0:0:0:0:0:0:1 -  -  [07/Feb/2014:00:00:45 +0000] "GET /AppInsight/css/compiled/hp-piano.css HTTP/1.1" 304 0 
0:0:0:0:0:0:0:1 -  -  [07/Feb/2014:00:00:45 +0000] "GET /AppInsight/css/xsys/appinisght-style.css HTTP/1.1" 304 0 
0:0:0:0:0:0:0:1 -  -  [07/Feb/2014:00:00:45 +0000] "GET /AppInsight/js/lib/require.js HTTP/1.1" 304 0 
0:0:0:0:0:0:0:1 -  -  [07/Feb/2014:00:00:46 +0000] "GET /AppInsight/pages/core/body_contents.html HTTP/1.1" 200 1965 
0:0:0:0:0:0:0:1 -  -  [07/Feb/2014:00:00:46 +0000] "GET /AppInsight/pages/core/simple_banner.html HTTP/1.1" 200 632 
0:0:0:0:0:0:0:1 -  -  [07/Feb/2014:00:00:46 +0000] "GET /AppInsight/pages/xsys/banner.html HTTP/1.1" 200 5920 
0:0:0:0:0:0:0:1 -  -  [07/Feb/2014:00:00:46 +0000] "GET /AppInsight/pages/core/not_authorized.html HTTP/1.1" 200 732 
0:0:0:0:0:0:0:1 -  -  [07/Feb/2014:00:00:46 +0000] "GET /AppInsight/pages/core/upload-cancel-confirmation.html HTTP/1.1" 200 1149 
0:0:0:0:0:0:0:1 -  -  [07/Feb/2014:00:00:46 +0000] "GET /AppInsight/pages/core/main_menu.html HTTP/1.1" 200 401 
0:0:0:0:0:0:0:1 -  -  [07/Feb/2014:00:00:46 +0000] "GET /AppInsight/pages/core/page_sub_nav.html HTTP/1.1" 200 437 
0:0:0:0:0:0:0:1 -  -  [07/Feb/2014:00:00:46 +0000] "GET /AppInsight/pages/xsys/help_menu.html HTTP/1.1" 200 2692 
0:0:0:0:0:0:0:1 -  -  [07/Feb/2014:00:00:46 +0000] "GET /AppInsight/pages/core/page_label.html HTTP/1.1" 200 218 
0:0:0:0:0:0:0:1 -  -  [07/Feb/2014:00:00:46 +0000] "GET /AppInsight/pages/core/notification_details.html HTTP/1.1" 200 415 
0:0:0:0:0:0:0:1 -  -  [07/Feb/2014:00:00:46 +0000] "GET /AppInsight/pages/core/dialog_overlay.html HTTP/1.1" 200 293 
0:0:0:0:0:0:0:1 -  -  [07/Feb/2014:00:00:46 +0000] "GET /AppInsight/pages/core/dialog_notification.html HTTP/1.1" 200 373 
0:0:0:0:0:0:0:1 -  -  [07/Feb/2014:00:00:46 +0000] "GET /ui-js/pages/fs/license/support_access_and_written_offer.html?_=1391731246786 HTTP/1.1" 404 1425 
0:0:0:0:0:0:0:1 -  -  [07/Feb/2014:00:00:46 +0000] "GET /rest/appliance/firmware/notification?_=1391731246885 HTTP/1.1" 404 1401 
0:0:0:0:0:0:0:1 -  -  [07/Feb/2014:00:00:46 +0000] "GET /AppInsight/pages/xsys/newversion/index.html HTTP/1.1" 200 3669 
0:0:0:0:0:0:0:1 -  -  [07/Feb/2014:00:00:46 +0000] "GET /AppInsight/js/xsys/view/newversion/newversionView.js HTTP/1.1" 304 0 
0:0:0:0:0:0:0:1 -  -  [07/Feb/2014:00:00:46 +0000] "GET /AppInsight/pages/core/form_state.html HTTP/1.1" 200 1333 
0:0:0:0:0:0:0:1 -  -  [07/Feb/2014:00:00:46 +0000] "GET /AppInsight/pages/core/no_details.html HTTP/1.1" 200 836 
0:0:0:0:0:0:0:1 -  -  [07/Feb/2014:00:00:46 +0000] "GET /AppInsight/pages/core/header_help.html HTTP/1.1" 200 261 
0:0:0:0:0:0:0:1 -  -  [07/Feb/2014:00:00:47 +0000] "GET /xFrameworkRestAPI/api/GetNodeConfig/Generic/repoinfo?_=1391731247034 HTTP/1.1" 200 118 
0:0:0:0:0:0:0:1 -  -  [07/Feb/2014:00:00:47 +0000] "GET /xFrameworkRestAPI/api/GetNodeConfig/Generic/ConfigVersion?_=1391731247037 HTTP/1.1" 200 97 
0:0:0:0:0:0:0:1 -  -  [07/Feb/2014:00:00:47 +0000] "GET /xFrameworkRestAPI/api/GetNodeConfig/Generic/repoinfo?_=1391731247039 HTTP/1.1" 200 118 
0:0:0:0:0:0:0:1 -  -  [07/Feb/2014:00:00:47 +0000] "GET /xFrameworkRestAPI/api/GetNodeConfig/Generic/ConfigVersion?_=1391731247042 HTTP/1.1" 200 97 
0:0:0:0:0:0:0:1 -  -  [07/Feb/2014:00:00:50 +0000] "GET /xFrameworkRestAPI/api/GetWorkflowPropertiesValue/default.config?_=1391731250692 HTTP/1.1" 200 96 
0:0:0:0:0:0:0:1 -  -  [07/Feb/2014:00:00:51 +0000] "GET /xFrameworkRestAPI/api/GetWorkflowPropertiesValue/default.config?_=1391731251544 HTTP/1.1" 200 96 
0:0:0:0:0:0:0:1 -  -  [07/Feb/2014:00:42:03 +0000] "GET /AppInsight/pages/xsys/dashboard/index.html HTTP/1.1" 200 34938 
0:0:0:0:0:0:0:1 -  -  [07/Feb/2014:00:42:03 +0000] "GET /AppInsight/js/xsys/view/dashboard/DashboardView.js HTTP/1.1" 200 122887 
0:0:0:0:0:0:0:1 -  -  [07/Feb/2014:00:42:03 +0000] "GET /AppInsight/js/xsys/view/compliance/ComplianceView.js HTTP/1.1" 200 33224 
0:0:0:0:0:0:0:1 -  -  [07/Feb/2014:00:42:03 +0000] "GET /AppInsight/pages/core/details_notifications.html HTTP/1.1" 200 1842 
0:0:0:0:0:0:0:1 -  -  [07/Feb/2014:00:42:03 +0000] "GET /AppInsight/js/hp/presenter/MasterPanePresenter.js HTTP/1.1" 200 47318 
0:0:0:0:0:0:0:1 -  -  [07/Feb/2014:00:42:03 +0000] "GET /AppInsight/pages/core/master_header.html HTTP/1.1" 200 372 
0:0:0:0:0:0:0:1 -  -  [07/Feb/2014:00:42:03 +0000] "GET /AppInsight/js/hp/model/Resource.js HTTP/1.1" 200 47406 
0:0:0:0:0:0:0:1 -  -  [07/Feb/2014:00:42:03 +0000] "GET /AppInsight/pages/core/master_sub_nav.html HTTP/1.1" 200 243 
0:0:0:0:0:0:0:1 -  -  [07/Feb/2014:00:42:03 +0000] "GET /AppInsight/js/lib/jquery.flot.js HTTP/1.1" 200 115982 
0:0:0:0:0:0:0:1 -  -  [07/Feb/2014:00:42:03 +0000] "GET /AppInsight/js/hp/view/MasterTableView.js HTTP/1.1" 200 48766 
0:0:0:0:0:0:0:1 -  -  [07/Feb/2014:00:42:03 +0000] "GET /AppInsight/js/hp/lib/jquery.hpSelect.js HTTP/1.1" 200 34828 
0:0:0:0:0:0:0:1 -  -  [07/Feb/2014:00:42:03 +0000] "GET /AppInsight/pages/core/no_items.html HTTP/1.1" 200 449 
0:0:0:0:0:0:0:1 -  -  [07/Feb/2014:00:42:03 +0000] "GET /AppInsight/js/lib/excanvas.js HTTP/1.1" 200 41246 
0:0:0:0:0:0:0:1 -  -  [07/Feb/2014:00:42:03 +0000] "GET /AppInsight/pages/core/hp_select_sort_directions.html HTTP/1.1" 200 327 
0:0:0:0:0:0:0:1 -  -  [07/Feb/2014:00:42:03 +0000] "GET /AppInsight/js/lib/jquery.dataTables.js HTTP/1.1" 200 377655 
0:0:0:0:0:0:0:1 -  -  [07/Feb/2014:00:42:04 +0000] "GET /xFrameworkRestAPI/api/RetrieveComplianceHistory/10?_=1391733724263 HTTP/1.1" 200 522 
0:0:0:0:0:0:0:1 -  -  [07/Feb/2014:00:42:04 +0000] "GET /xFrameworkRestAPI/api/GetCurrentVersion?_=1391733724265 HTTP/1.1" 200 95 
0:0:0:0:0:0:0:1 -  -  [07/Feb/2014:00:42:04 +0000] "GET /xFrameworkRestAPI/api/GetAllVersions?_=1391733724482 HTTP/1.1" 200 97 
0:0:0:0:0:0:0:1 -  -  [07/Feb/2014:00:42:04 +0000] "POST /xFrameworkRestAPI/api/getApplianceList HTTP/1.1" 200 121 
0:0:0:0:0:0:0:1 -  -  [07/Feb/2014:00:42:04 +0000] "GET /AppInsight/fonts/HPSimplifiedW04-Bold.ttf HTTP/1.1" 200 111864 
0:0:0:0:0:0:0:1 -  -  [07/Feb/2014:00:42:04 +0000] "GET /xFrameworkRestAPI/api/GetNodeConfig/Generic/serverKind?_=1391733724512 HTTP/1.1" 200 94 
0:0:0:0:0:0:0:1 -  -  [07/Feb/2014:00:42:04 +0000] "GET /AppInsight/fonts/HPSimplifiedW04-Light.ttf HTTP/1.1" 200 142784 
0:0:0:0:0:0:0:1 -  -  [07/Feb/2014:00:42:04 +0000] "GET /xFrameworkRestAPI/api/GetNodeList?_=1391733724546 HTTP/1.1" 200 121 
0:0:0:0:0:0:0:1 -  -  [07/Feb/2014:00:42:04 +0000] "GET /xFrameworkRestAPI/api/GetNodeList?_=1391733724761 HTTP/1.1" 200 121 
0:0:0:0:0:0:0:1 -  -  [07/Feb/2014:00:42:05 +0000] "GET /xFrameworkRestAPI/api/GetNodeConfig/Generic/ApplianceName?_=1391733725280 HTTP/1.1" 200 127 
0:0:0:0:0:0:0:1 -  -  [07/Feb/2014:00:42:05 +0000] "GET /xFrameworkRestAPI/api/GetWorkflowPropertiesValue/appliance.config?_=1391733725282 HTTP/1.1" 200 109 
0:0:0:0:0:0:0:1 -  -  [07/Feb/2014:00:42:05 +0000] "POST /xFrameworkRestAPI/api/RunWorkflowSequenceForResultObject/RC01-DL1/getDISKinfo HTTP/1.1" 200 5878 
0:0:0:0:0:0:0:1 -  -  [07/Feb/2014:00:42:05 +0000] "GET /xFrameworkRestAPI/api/GetWorkflowVar/~~_Disk_Usage?_=1391733725349 HTTP/1.1" 200 719 
0:0:0:0:0:0:0:1 -  -  [07/Feb/2014:00:42:05 +0000] "POST /xFrameworkRestAPI/api/RunWorkflowSequenceForResultObject/RC01-DL1/AUTO HTTP/1.1" 200 5878 
0:0:0:0:0:0:0:1 -  -  [07/Feb/2014:00:42:05 +0000] "GET /xFrameworkRestAPI/api/GetWorkflowVar/_server_model_number?_=1391733725390 HTTP/1.1" 200 100 
0:0:0:0:0:0:0:1 -  -  [07/Feb/2014:00:42:05 +0000] "GET /xFrameworkRestAPI/api/GetWorkflowVar/_server_serial_number?_=1391733725471 HTTP/1.1" 200 108 
0:0:0:0:0:0:0:1 -  -  [07/Feb/2014:00:42:05 +0000] "POST /xFrameworkRestAPI/api/RunWorkflowSequenceForResultObject/RC01-DL1/getHDBinfo HTTP/1.1" 200 5878 
0:0:0:0:0:0:0:1 -  -  [07/Feb/2014:00:42:05 +0000] "GET /xFrameworkRestAPI/api/GetWorkflowVar/~~_hana-hdb?_=1391733725547 HTTP/1.1" 200 95 
0:0:0:0:0:0:0:1 -  -  [07/Feb/2014:00:42:05 +0000] "POST /xFrameworkRestAPI/api/RunWorkflowSequenceForResultObject/RC01-DL1/getHANAfsUsage HTTP/1.1" 200 5878 
0:0:0:0:0:0:0:1 -  -  [07/Feb/2014:00:42:05 +0000] "GET /xFrameworkRestAPI/api/GetWorkflowVar/~~HANA_FS_Info?_=1391733725701 HTTP/1.1" 200 178 
0:0:0:0:0:0:0:1 -  -  [07/Feb/2014:00:42:05 +0000] "POST /xFrameworkRestAPI/api/RunWorkflowSequenceForResultObject/RC01-DL1/getHANAProcesses HTTP/1.1" 200 5878 
0:0:0:0:0:0:0:1 -  -  [07/Feb/2014:00:42:05 +0000] "GET /xFrameworkRestAPI/api/GetWorkflowVar/~~hana-processes?_=1391733725880 HTTP/1.1" 200 1240 
0:0:0:0:0:0:0:1 -  -  [07/Feb/2014:00:42:05 +0000] "POST /xFrameworkRestAPI/api/RunWorkflowSequenceForResultObject/RC01-DL1/getBIOSInfo HTTP/1.1" 200 5878 
0:0:0:0:0:0:0:1 -  -  [07/Feb/2014:00:42:06 +0000] "GET /xFrameworkRestAPI/api/GetWorkflowVar/~~BIOS_Power_Settings?_=1391733726007 HTTP/1.1" 200 150 
0:0:0:0:0:0:0:1 -  -  [07/Feb/2014:00:42:06 +0000] "POST /xFrameworkRestAPI/api/RunWorkflowSequenceForResultObject/RC01-DL1/getServerCPUusage HTTP/1.1" 200 5878 
0:0:0:0:0:0:0:1 -  -  [07/Feb/2014:00:42:06 +0000] "GET /xFrameworkRestAPI/api/GetWorkflowVar/~~_Processor_Stats?_=1391733726166 HTTP/1.1" 200 272 
0:0:0:0:0:0:0:1 -  -  [07/Feb/2014:00:42:06 +0000] "GET /AppInsight/media/notify.mp3 HTTP/1.1" 206 13571 
0:0:0:0:0:0:0:1 -  -  [07/Feb/2014:00:42:06 +0000] "POST /xFrameworkRestAPI/api/RunWorkflowSequenceForResultObject/RC01-DL1/getServerMemoryusage HTTP/1.1" 200 5878 
0:0:0:0:0:0:0:1 -  -  [07/Feb/2014:00:42:06 +0000] "GET /xFrameworkRestAPI/api/GetWorkflowVar/~~_VM_Stats?_=1391733726297 HTTP/1.1" 200 223 
0:0:0:0:0:0:0:1 -  -  [07/Feb/2014:00:42:05 +0000] "POST /xFrameworkRestAPI/api/UpdateComplianceHistory HTTP/1.1" 200 94 
