0:0:0:0:0:0:0:1 -  -  [20/Feb/2014:05:50:34 +0000] "GET /Momford/ HTTP/1.1" 404 1275 
0:0:0:0:0:0:0:1 -  -  [20/Feb/2014:05:50:35 +0000] "GET /favicon.ico HTTP/1.1" 200 1150 
0:0:0:0:0:0:0:1 -  -  [20/Feb/2014:05:50:41 +0000] "GET / HTTP/1.1" 404 812 
0:0:0:0:0:0:0:1 -  -  [20/Feb/2014:05:50:43 +0000] "GET /green HTTP/1.1" 302 0 
0:0:0:0:0:0:0:1 -  -  [20/Feb/2014:05:50:43 +0000] "GET /green/ HTTP/1.1" 200 4943 
0:0:0:0:0:0:0:1 -  -  [20/Feb/2014:05:50:43 +0000] "GET /green/css/style.css HTTP/1.1" 200 55645 
0:0:0:0:0:0:0:1 -  -  [20/Feb/2014:05:50:43 +0000] "GET /green/js/modernizr-2.5.3.min.js HTTP/1.1" 200 15274 
0:0:0:0:0:0:0:1 -  -  [20/Feb/2014:05:50:43 +0000] "GET /green/js/jquery.js HTTP/1.1" 200 93085 
0:0:0:0:0:0:0:1 -  -  [20/Feb/2014:05:50:43 +0000] "GET /green/js/spin.min.js HTTP/1.1" 200 4027 
0:0:0:0:0:0:0:1 -  -  [20/Feb/2014:05:50:43 +0000] "GET /green/js/bloodhound.js HTTP/1.1" 200 24403 
0:0:0:0:0:0:0:1 -  -  [20/Feb/2014:05:50:43 +0000] "GET /green/js/typeahead.bundle.js HTTP/1.1" 200 66240 
0:0:0:0:0:0:0:1 -  -  [20/Feb/2014:05:50:43 +0000] "GET /green/js/jquery.cookie.js HTTP/1.1" 200 2306 
0:0:0:0:0:0:0:1 -  -  [20/Feb/2014:05:50:43 +0000] "GET /green/js/jquery-migrate.min.js HTTP/1.1" 200 7199 
0:0:0:0:0:0:0:1 -  -  [20/Feb/2014:05:50:43 +0000] "GET /green/js/jquery.hashchange.js HTTP/1.1" 200 1526 
0:0:0:0:0:0:0:1 -  -  [20/Feb/2014:05:50:43 +0000] "GET /green/js/jquery.router.js HTTP/1.1" 200 3907 
0:0:0:0:0:0:0:1 -  -  [20/Feb/2014:05:50:44 +0000] "GET /green/img/map.jpg HTTP/1.1" 200 13663 
0:0:0:0:0:0:0:1 -  -  [20/Feb/2014:05:50:44 +0000] "GET /green/js/plugins-min.js HTTP/1.1" 200 47022 
0:0:0:0:0:0:0:1 -  -  [20/Feb/2014:05:50:44 +0000] "GET /green/img/ss-pinterest-large.png HTTP/1.1" 200 1852 
0:0:0:0:0:0:0:1 -  -  [20/Feb/2014:05:50:44 +0000] "GET /green/img/login.png HTTP/1.1" 200 48879 
0:0:0:0:0:0:0:1 -  -  [20/Feb/2014:05:50:44 +0000] "GET /green/img/ss-twitter-large.png HTTP/1.1" 200 1961 
0:0:0:0:0:0:0:1 -  -  [20/Feb/2014:05:50:44 +0000] "GET /green/img/ss-facebook-large.png HTTP/1.1" 200 1594 
0:0:0:0:0:0:0:1 -  -  [20/Feb/2014:05:50:44 +0000] "GET /green/img/ss-pinterest.png HTTP/1.1" 200 1207 
0:0:0:0:0:0:0:1 -  -  [20/Feb/2014:05:50:44 +0000] "GET /green/img/ss-facebook.png HTTP/1.1" 200 1050 
0:0:0:0:0:0:0:1 -  -  [20/Feb/2014:05:50:44 +0000] "GET /green/img/ss-twitter.png HTTP/1.1" 200 1153 
0:0:0:0:0:0:0:1 -  -  [20/Feb/2014:05:50:44 +0000] "GET /green/js/jquery.fitvids.js HTTP/1.1" 200 3168 
0:0:0:0:0:0:0:1 -  -  [20/Feb/2014:05:50:44 +0000] "GET /green/img/logo.png HTTP/1.1" 200 10045 
0:0:0:0:0:0:0:1 -  -  [20/Feb/2014:05:50:44 +0000] "GET /green/img/gradient-bottom.png HTTP/1.1" 200 2710 
0:0:0:0:0:0:0:1 -  -  [20/Feb/2014:05:50:44 +0000] "GET /green/img/gradient-top.png HTTP/1.1" 200 2304 
0:0:0:0:0:0:0:1 -  -  [20/Feb/2014:05:50:44 +0000] "GET /green/js/home-min.js HTTP/1.1" 200 5165 
0:0:0:0:0:0:0:1 -  -  [20/Feb/2014:05:50:44 +0000] "GET /green/img/1.jpg HTTP/1.1" 200 208802 
0:0:0:0:0:0:0:1 -  -  [20/Feb/2014:05:50:44 +0000] "GET /green/img/3.jpg HTTP/1.1" 200 251459 
0:0:0:0:0:0:0:1 -  -  [20/Feb/2014:05:50:44 +0000] "GET /green/img/2.jpg HTTP/1.1" 200 1226991 
0:0:0:0:0:0:0:1 -  -  [20/Feb/2014:05:50:44 +0000] "GET /green/img/5.jpg HTTP/1.1" 200 476812 
0:0:0:0:0:0:0:1 -  -  [20/Feb/2014:05:50:44 +0000] "GET /green/img/4.jpg HTTP/1.1" 200 119196 
0:0:0:0:0:0:0:1 -  -  [20/Feb/2014:05:50:44 +0000] "GET /green/img/modal-close.png HTTP/1.1" 200 1353 
0:0:0:0:0:0:0:1 -  -  [20/Feb/2014:05:50:44 +0000] "GET /green/data/countries.json HTTP/1.1" 200 3208 
0:0:0:0:0:0:0:1 -  -  [20/Feb/2014:05:50:45 +0000] "GET /green/view/class HTTP/1.1" 302 0 
0:0:0:0:0:0:0:1 -  -  [20/Feb/2014:05:50:45 +0000] "GET /green/view/class/ HTTP/1.1" 200 4249 
0:0:0:0:0:0:0:1 -  -  [20/Feb/2014:05:50:45 +0000] "GET /green/img/mathsbook1.png HTTP/1.1" 200 68648 
0:0:0:0:0:0:0:1 -  -  [20/Feb/2014:05:50:45 +0000] "GET /green/img/colorsbook1.png HTTP/1.1" 200 264980 
0:0:0:0:0:0:0:1 -  -  [20/Feb/2014:05:50:45 +0000] "GET /green/img/numbersbook.png HTTP/1.1" 200 130593 
0:0:0:0:0:0:0:1 -  -  [20/Feb/2014:05:50:45 +0000] "GET /green/img/next-up.png HTTP/1.1" 200 1519 
0:0:0:0:0:0:0:1 -  -  [20/Feb/2014:05:50:45 +0000] "GET /green/img/prev-up.png HTTP/1.1" 200 1532 
0:0:0:0:0:0:0:1 -  -  [20/Feb/2014:05:50:45 +0000] "GET /green/view/class/class.js HTTP/1.1" 200 3516 
0:0:0:0:0:0:0:1 -  -  [20/Feb/2014:05:50:45 +0000] "GET /green/img/classbg.png HTTP/1.1" 200 3918328 
0:0:0:0:0:0:0:1 -  -  [20/Feb/2014:05:50:45 +0000] "GET /green/js/jquery.carousel.min.js HTTP/1.1" 200 32288 
0:0:0:0:0:0:0:1 -  -  [20/Feb/2014:05:50:45 +0000] "GET /green/img/mathsbook1bw.png HTTP/1.1" 200 50974 
0:0:0:0:0:0:0:1 -  -  [20/Feb/2014:05:50:45 +0000] "GET /green/img/numbersbookbw.png HTTP/1.1" 200 80852 
0:0:0:0:0:0:0:1 -  -  [20/Feb/2014:05:50:45 +0000] "GET /green/img/colorsbook1bw.png HTTP/1.1" 200 139041 
0:0:0:0:0:0:0:1 -  -  [20/Feb/2014:05:50:49 +0000] "GET /green/img/next-over.png HTTP/1.1" 200 1419 
0:0:0:0:0:0:0:1 -  -  [20/Feb/2014:05:50:57 +0000] "GET /green/img/prev-over.png HTTP/1.1" 200 1441 
0:0:0:0:0:0:0:1 -  -  [20/Feb/2014:05:51:13 +0000] "GET /green/view/course/maths HTTP/1.1" 302 0 
0:0:0:0:0:0:0:1 -  -  [20/Feb/2014:05:51:13 +0000] "GET /green/view/course/maths/ HTTP/1.1" 200 5037 
0:0:0:0:0:0:0:1 -  -  [20/Feb/2014:05:51:13 +0000] "GET /green/js/slickQuiz.js HTTP/1.1" 200 18332 
0:0:0:0:0:0:0:1 -  -  [20/Feb/2014:05:51:13 +0000] "GET /green/js/slickQuiz-config.js HTTP/1.1" 200 4123 
0:0:0:0:0:0:0:1 -  -  [20/Feb/2014:05:51:13 +0000] "GET /green/view/course/maths/teacher.js HTTP/1.1" 200 6533 
0:0:0:0:0:0:0:1 -  -  [20/Feb/2014:05:51:13 +0000] "GET /green/img/pointer-back.png HTTP/1.1" 404 1391 
0:0:0:0:0:0:0:1 -  -  [20/Feb/2014:05:51:13 +0000] "GET /green/img/project-page-logo.png HTTP/1.1" 200 4971 
0:0:0:0:0:0:0:1 -  -  [20/Feb/2014:05:51:13 +0000] "GET /green/img/pointer-bottom.png HTTP/1.1" 404 1393 
0:0:0:0:0:0:0:1 -  -  [20/Feb/2014:06:02:53 +0000] "GET /green/view/class/ HTTP/1.1" 200 4349 
0:0:0:0:0:0:0:1 -  -  [20/Feb/2014:06:02:53 +0000] "GET /green/css/style.css HTTP/1.1" 304 0 
0:0:0:0:0:0:0:1 -  -  [20/Feb/2014:06:02:53 +0000] "GET /green/js/require.js HTTP/1.1" 200 15233 
0:0:0:0:0:0:0:1 -  -  [20/Feb/2014:06:02:53 +0000] "GET /green/js/jquery.js HTTP/1.1" 304 0 
0:0:0:0:0:0:0:1 -  -  [20/Feb/2014:06:02:53 +0000] "GET /green/js/spin.min.js HTTP/1.1" 304 0 
0:0:0:0:0:0:0:1 -  -  [20/Feb/2014:06:02:53 +0000] "GET /green/js/modernizr-2.5.3.min.js HTTP/1.1" 304 0 
0:0:0:0:0:0:0:1 -  -  [20/Feb/2014:06:02:53 +0000] "GET /green/js/typeahead.bundle.js HTTP/1.1" 304 0 
0:0:0:0:0:0:0:1 -  -  [20/Feb/2014:06:02:53 +0000] "GET /green/js/jquery-migrate.min.js HTTP/1.1" 304 0 
0:0:0:0:0:0:0:1 -  -  [20/Feb/2014:06:02:53 +0000] "GET /green/js/bloodhound.js HTTP/1.1" 304 0 
0:0:0:0:0:0:0:1 -  -  [20/Feb/2014:06:02:53 +0000] "GET /green/js/jquery.cookie.js HTTP/1.1" 304 0 
0:0:0:0:0:0:0:1 -  -  [20/Feb/2014:06:02:53 +0000] "GET /green/js/jquery.hashchange.js HTTP/1.1" 304 0 
0:0:0:0:0:0:0:1 -  -  [20/Feb/2014:06:02:54 +0000] "GET /green/js/plugins-min.js HTTP/1.1" 304 0 
0:0:0:0:0:0:0:1 -  -  [20/Feb/2014:06:02:54 +0000] "GET /green/img/colorsbook1.png HTTP/1.1" 304 0 
0:0:0:0:0:0:0:1 -  -  [20/Feb/2014:06:02:54 +0000] "GET /green/js/jquery.router.js HTTP/1.1" 304 0 
0:0:0:0:0:0:0:1 -  -  [20/Feb/2014:06:02:54 +0000] "GET /green/data/service.js HTTP/1.1" 404 1386 
0:0:0:0:0:0:0:1 -  -  [20/Feb/2014:06:02:54 +0000] "GET /green/img/mathsbook1.png HTTP/1.1" 304 0 
0:0:0:0:0:0:0:1 -  -  [20/Feb/2014:06:02:54 +0000] "GET /green/img/numbersbook.png HTTP/1.1" 304 0 
0:0:0:0:0:0:0:1 -  -  [20/Feb/2014:06:02:54 +0000] "GET /green/view/class/class.js HTTP/1.1" 304 0 
0:0:0:0:0:0:0:1 -  -  [20/Feb/2014:06:02:54 +0000] "GET /green/img/classbg.png HTTP/1.1" 304 0 
0:0:0:0:0:0:0:1 -  -  [20/Feb/2014:06:08:58 +0000] "GET /green/view/class/ HTTP/1.1" 304 0 
0:0:0:0:0:0:0:1 -  -  [20/Feb/2014:06:08:58 +0000] "GET /green/css/style.css HTTP/1.1" 304 0 
0:0:0:0:0:0:0:1 -  -  [20/Feb/2014:06:08:58 +0000] "GET /green/js/modernizr-2.5.3.min.js HTTP/1.1" 304 0 
0:0:0:0:0:0:0:1 -  -  [20/Feb/2014:06:08:58 +0000] "GET /green/js/require.js HTTP/1.1" 304 0 
0:0:0:0:0:0:0:1 -  -  [20/Feb/2014:06:08:58 +0000] "GET /green/js/jquery.js HTTP/1.1" 304 0 
0:0:0:0:0:0:0:1 -  -  [20/Feb/2014:06:08:58 +0000] "GET /green/js/jquery-migrate.min.js HTTP/1.1" 304 0 
0:0:0:0:0:0:0:1 -  -  [20/Feb/2014:06:08:58 +0000] "GET /green/js/bloodhound.js HTTP/1.1" 304 0 
0:0:0:0:0:0:0:1 -  -  [20/Feb/2014:06:08:58 +0000] "GET /green/js/typeahead.bundle.js HTTP/1.1" 304 0 
0:0:0:0:0:0:0:1 -  -  [20/Feb/2014:06:08:58 +0000] "GET /green/js/jquery.hashchange.js HTTP/1.1" 304 0 
0:0:0:0:0:0:0:1 -  -  [20/Feb/2014:06:08:58 +0000] "GET /green/js/jquery.cookie.js HTTP/1.1" 304 0 
0:0:0:0:0:0:0:1 -  -  [20/Feb/2014:06:08:58 +0000] "GET /green/js/spin.min.js HTTP/1.1" 304 0 
0:0:0:0:0:0:0:1 -  -  [20/Feb/2014:06:08:58 +0000] "GET /green/img/colorsbook1.png HTTP/1.1" 304 0 
0:0:0:0:0:0:0:1 -  -  [20/Feb/2014:06:08:58 +0000] "GET /green/js/jquery.router.js HTTP/1.1" 304 0 
0:0:0:0:0:0:0:1 -  -  [20/Feb/2014:06:08:58 +0000] "GET /green/js/plugins-min.js HTTP/1.1" 304 0 
0:0:0:0:0:0:0:1 -  -  [20/Feb/2014:06:08:58 +0000] "GET /green/data/service.js HTTP/1.1" 200 51 
0:0:0:0:0:0:0:1 -  -  [20/Feb/2014:06:08:58 +0000] "GET /green/img/mathsbook1.png HTTP/1.1" 304 0 
0:0:0:0:0:0:0:1 -  -  [20/Feb/2014:06:08:58 +0000] "GET /green/img/numbersbook.png HTTP/1.1" 304 0 
0:0:0:0:0:0:0:1 -  -  [20/Feb/2014:06:08:59 +0000] "GET /green/view/class/class.js HTTP/1.1" 200 3629 
0:0:0:0:0:0:0:1 -  -  [20/Feb/2014:06:08:59 +0000] "GET /green/img/classbg.png HTTP/1.1" 304 0 
0:0:0:0:0:0:0:1 -  -  [20/Feb/2014:06:09:53 +0000] "GET /green/view/class/ HTTP/1.1" 304 0 
0:0:0:0:0:0:0:1 -  -  [20/Feb/2014:06:09:54 +0000] "GET /green/css/style.css HTTP/1.1" 304 0 
0:0:0:0:0:0:0:1 -  -  [20/Feb/2014:06:09:54 +0000] "GET /green/js/require.js HTTP/1.1" 304 0 
0:0:0:0:0:0:0:1 -  -  [20/Feb/2014:06:09:54 +0000] "GET /green/js/modernizr-2.5.3.min.js HTTP/1.1" 304 0 
0:0:0:0:0:0:0:1 -  -  [20/Feb/2014:06:09:54 +0000] "GET /green/js/spin.min.js HTTP/1.1" 304 0 
0:0:0:0:0:0:0:1 -  -  [20/Feb/2014:06:09:54 +0000] "GET /green/js/typeahead.bundle.js HTTP/1.1" 304 0 
0:0:0:0:0:0:0:1 -  -  [20/Feb/2014:06:09:54 +0000] "GET /green/js/jquery-migrate.min.js HTTP/1.1" 304 0 
0:0:0:0:0:0:0:1 -  -  [20/Feb/2014:06:09:54 +0000] "GET /green/js/jquery.js HTTP/1.1" 304 0 
0:0:0:0:0:0:0:1 -  -  [20/Feb/2014:06:09:54 +0000] "GET /green/js/jquery.cookie.js HTTP/1.1" 304 0 
0:0:0:0:0:0:0:1 -  -  [20/Feb/2014:06:09:54 +0000] "GET /green/js/bloodhound.js HTTP/1.1" 304 0 
0:0:0:0:0:0:0:1 -  -  [20/Feb/2014:06:09:54 +0000] "GET /green/js/jquery.hashchange.js HTTP/1.1" 304 0 
0:0:0:0:0:0:0:1 -  -  [20/Feb/2014:06:09:54 +0000] "GET /green/js/jquery.router.js HTTP/1.1" 304 0 
0:0:0:0:0:0:0:1 -  -  [20/Feb/2014:06:09:54 +0000] "GET /green/js/plugins-min.js HTTP/1.1" 304 0 
0:0:0:0:0:0:0:1 -  -  [20/Feb/2014:06:09:54 +0000] "GET /green/img/colorsbook1.png HTTP/1.1" 304 0 
0:0:0:0:0:0:0:1 -  -  [20/Feb/2014:06:09:54 +0000] "GET /green/img/mathsbook1.png HTTP/1.1" 304 0 
0:0:0:0:0:0:0:1 -  -  [20/Feb/2014:06:09:54 +0000] "GET /green/img/numbersbook.png HTTP/1.1" 304 0 
0:0:0:0:0:0:0:1 -  -  [20/Feb/2014:06:09:54 +0000] "GET /green/data/service.js HTTP/1.1" 304 0 
0:0:0:0:0:0:0:1 -  -  [20/Feb/2014:06:09:54 +0000] "GET /green/view/class/class.js HTTP/1.1" 200 3603 
0:0:0:0:0:0:0:1 -  -  [20/Feb/2014:06:09:58 +0000] "GET /green/view/class/ HTTP/1.1" 304 0 
0:0:0:0:0:0:0:1 -  -  [20/Feb/2014:06:09:58 +0000] "GET /green/css/style.css HTTP/1.1" 304 0 
0:0:0:0:0:0:0:1 -  -  [20/Feb/2014:06:09:58 +0000] "GET /green/js/require.js HTTP/1.1" 304 0 
0:0:0:0:0:0:0:1 -  -  [20/Feb/2014:06:09:58 +0000] "GET /green/js/modernizr-2.5.3.min.js HTTP/1.1" 304 0 
0:0:0:0:0:0:0:1 -  -  [20/Feb/2014:06:09:58 +0000] "GET /green/js/spin.min.js HTTP/1.1" 304 0 
0:0:0:0:0:0:0:1 -  -  [20/Feb/2014:06:09:58 +0000] "GET /green/js/jquery.js HTTP/1.1" 304 0 
0:0:0:0:0:0:0:1 -  -  [20/Feb/2014:06:09:58 +0000] "GET /green/js/jquery-migrate.min.js HTTP/1.1" 304 0 
0:0:0:0:0:0:0:1 -  -  [20/Feb/2014:06:09:58 +0000] "GET /green/js/typeahead.bundle.js HTTP/1.1" 304 0 
0:0:0:0:0:0:0:1 -  -  [20/Feb/2014:06:09:58 +0000] "GET /green/js/bloodhound.js HTTP/1.1" 304 0 
0:0:0:0:0:0:0:1 -  -  [20/Feb/2014:06:09:58 +0000] "GET /green/js/jquery.cookie.js HTTP/1.1" 304 0 
0:0:0:0:0:0:0:1 -  -  [20/Feb/2014:06:09:58 +0000] "GET /green/js/jquery.hashchange.js HTTP/1.1" 304 0 
0:0:0:0:0:0:0:1 -  -  [20/Feb/2014:06:09:58 +0000] "GET /green/js/jquery.router.js HTTP/1.1" 304 0 
0:0:0:0:0:0:0:1 -  -  [20/Feb/2014:06:09:58 +0000] "GET /green/img/colorsbook1.png HTTP/1.1" 304 0 
0:0:0:0:0:0:0:1 -  -  [20/Feb/2014:06:09:58 +0000] "GET /green/js/plugins-min.js HTTP/1.1" 304 0 
0:0:0:0:0:0:0:1 -  -  [20/Feb/2014:06:09:58 +0000] "GET /green/img/mathsbook1.png HTTP/1.1" 304 0 
0:0:0:0:0:0:0:1 -  -  [20/Feb/2014:06:09:58 +0000] "GET /green/img/numbersbook.png HTTP/1.1" 304 0 
0:0:0:0:0:0:0:1 -  -  [20/Feb/2014:06:09:59 +0000] "GET /green/data/service.js HTTP/1.1" 304 0 
0:0:0:0:0:0:0:1 -  -  [20/Feb/2014:06:09:59 +0000] "GET /green/view/class/class.js HTTP/1.1" 304 0 
0:0:0:0:0:0:0:1 -  -  [20/Feb/2014:06:10:24 +0000] "GET /green/view/class/ HTTP/1.1" 304 0 
0:0:0:0:0:0:0:1 -  -  [20/Feb/2014:06:10:24 +0000] "GET /green/css/style.css HTTP/1.1" 304 0 
0:0:0:0:0:0:0:1 -  -  [20/Feb/2014:06:10:24 +0000] "GET /green/js/require.js HTTP/1.1" 304 0 
0:0:0:0:0:0:0:1 -  -  [20/Feb/2014:06:10:24 +0000] "GET /green/js/modernizr-2.5.3.min.js HTTP/1.1" 304 0 
0:0:0:0:0:0:0:1 -  -  [20/Feb/2014:06:10:24 +0000] "GET /green/js/spin.min.js HTTP/1.1" 304 0 
0:0:0:0:0:0:0:1 -  -  [20/Feb/2014:06:10:24 +0000] "GET /green/js/jquery.js HTTP/1.1" 304 0 
0:0:0:0:0:0:0:1 -  -  [20/Feb/2014:06:10:24 +0000] "GET /green/js/jquery-migrate.min.js HTTP/1.1" 304 0 
0:0:0:0:0:0:0:1 -  -  [20/Feb/2014:06:10:24 +0000] "GET /green/js/typeahead.bundle.js HTTP/1.1" 304 0 
0:0:0:0:0:0:0:1 -  -  [20/Feb/2014:06:10:24 +0000] "GET /green/js/bloodhound.js HTTP/1.1" 304 0 
0:0:0:0:0:0:0:1 -  -  [20/Feb/2014:06:10:24 +0000] "GET /green/js/jquery.cookie.js HTTP/1.1" 304 0 
0:0:0:0:0:0:0:1 -  -  [20/Feb/2014:06:10:24 +0000] "GET /green/js/jquery.hashchange.js HTTP/1.1" 304 0 
0:0:0:0:0:0:0:1 -  -  [20/Feb/2014:06:10:25 +0000] "GET /green/data/service.js HTTP/1.1" 304 0 
0:0:0:0:0:0:0:1 -  -  [20/Feb/2014:06:10:25 +0000] "GET /green/js/jquery.router.js HTTP/1.1" 304 0 
0:0:0:0:0:0:0:1 -  -  [20/Feb/2014:06:10:25 +0000] "GET /green/img/colorsbook1.png HTTP/1.1" 304 0 
0:0:0:0:0:0:0:1 -  -  [20/Feb/2014:06:10:25 +0000] "GET /green/js/plugins-min.js HTTP/1.1" 304 0 
0:0:0:0:0:0:0:1 -  -  [20/Feb/2014:06:10:25 +0000] "GET /green/img/mathsbook1.png HTTP/1.1" 304 0 
0:0:0:0:0:0:0:1 -  -  [20/Feb/2014:06:10:25 +0000] "GET /green/img/numbersbook.png HTTP/1.1" 304 0 
0:0:0:0:0:0:0:1 -  -  [20/Feb/2014:06:10:25 +0000] "GET /green/view/class/class.js HTTP/1.1" 200 3605 
0:0:0:0:0:0:0:1 -  -  [20/Feb/2014:06:11:26 +0000] "GET /green/view/class/ HTTP/1.1" 304 0 
0:0:0:0:0:0:0:1 -  -  [20/Feb/2014:06:11:26 +0000] "GET /green/css/style.css HTTP/1.1" 304 0 
0:0:0:0:0:0:0:1 -  -  [20/Feb/2014:06:11:26 +0000] "GET /green/js/spin.min.js HTTP/1.1" 304 0 
0:0:0:0:0:0:0:1 -  -  [20/Feb/2014:06:11:26 +0000] "GET /green/js/modernizr-2.5.3.min.js HTTP/1.1" 304 0 
0:0:0:0:0:0:0:1 -  -  [20/Feb/2014:06:11:26 +0000] "GET /green/js/require.js HTTP/1.1" 304 0 
0:0:0:0:0:0:0:1 -  -  [20/Feb/2014:06:11:26 +0000] "GET /green/js/jquery.js HTTP/1.1" 304 0 
0:0:0:0:0:0:0:1 -  -  [20/Feb/2014:06:11:26 +0000] "GET /green/js/jquery-migrate.min.js HTTP/1.1" 304 0 
0:0:0:0:0:0:0:1 -  -  [20/Feb/2014:06:11:26 +0000] "GET /green/js/bloodhound.js HTTP/1.1" 304 0 
0:0:0:0:0:0:0:1 -  -  [20/Feb/2014:06:11:26 +0000] "GET /green/js/jquery.cookie.js HTTP/1.1" 304 0 
0:0:0:0:0:0:0:1 -  -  [20/Feb/2014:06:11:26 +0000] "GET /green/js/typeahead.bundle.js HTTP/1.1" 304 0 
0:0:0:0:0:0:0:1 -  -  [20/Feb/2014:06:11:26 +0000] "GET /green/js/jquery.hashchange.js HTTP/1.1" 304 0 
0:0:0:0:0:0:0:1 -  -  [20/Feb/2014:06:11:26 +0000] "GET /green/data/service.js HTTP/1.1" 304 0 
0:0:0:0:0:0:0:1 -  -  [20/Feb/2014:06:11:26 +0000] "GET /green/img/colorsbook1.png HTTP/1.1" 304 0 
0:0:0:0:0:0:0:1 -  -  [20/Feb/2014:06:11:26 +0000] "GET /green/js/plugins-min.js HTTP/1.1" 304 0 
0:0:0:0:0:0:0:1 -  -  [20/Feb/2014:06:11:26 +0000] "GET /green/js/jquery.router.js HTTP/1.1" 304 0 
0:0:0:0:0:0:0:1 -  -  [20/Feb/2014:06:11:26 +0000] "GET /green/img/mathsbook1.png HTTP/1.1" 304 0 
0:0:0:0:0:0:0:1 -  -  [20/Feb/2014:06:11:26 +0000] "GET /green/img/numbersbook.png HTTP/1.1" 304 0 
0:0:0:0:0:0:0:1 -  -  [20/Feb/2014:06:11:27 +0000] "GET /green/view/class/class.js HTTP/1.1" 200 3644 
