0:0:0:0:0:0:0:1 -  -  [28/Feb/2014:05:17:18 +0000] "GET /univ/module/admin/overview/ HTTP/1.1" 304 0 
0:0:0:0:0:0:0:1 -  -  [28/Feb/2014:05:17:18 +0000] "GET /univ/css/font-awesome.css HTTP/1.1" 304 0 
0:0:0:0:0:0:0:1 -  -  [28/Feb/2014:05:17:18 +0000] "GET /univ/js/lib/require.js HTTP/1.1" 304 0 
0:0:0:0:0:0:0:1 -  -  [28/Feb/2014:05:17:18 +0000] "GET /univ/img/ss-twitter.png HTTP/1.1" 304 0 
0:0:0:0:0:0:0:1 -  -  [28/Feb/2014:05:17:18 +0000] "GET /univ/img/ss-facebook.png HTTP/1.1" 304 0 
0:0:0:0:0:0:0:1 -  -  [28/Feb/2014:05:17:18 +0000] "GET /univ/img/ss-pinterest.png HTTP/1.1" 304 0 
0:0:0:0:0:0:0:1 -  -  [28/Feb/2014:05:17:18 +0000] "GET /univ/css/style.css HTTP/1.1" 200 60339 
0:0:0:0:0:0:0:1 -  -  [28/Feb/2014:05:17:18 +0000] "GET /univ/img/logo.png HTTP/1.1" 304 0 
0:0:0:0:0:0:0:1 -  -  [28/Feb/2014:05:17:18 +0000] "GET /univ/img/modal-close.png HTTP/1.1" 304 0 
0:0:0:0:0:0:0:1 -  -  [28/Feb/2014:05:17:18 +0000] "GET /univ/js/lib/jquery.js HTTP/1.1" 304 0 
0:0:0:0:0:0:0:1 -  -  [28/Feb/2014:05:17:18 +0000] "GET /univ/js/common.js HTTP/1.1" 304 0 
0:0:0:0:0:0:0:1 -  -  [28/Feb/2014:05:17:18 +0000] "GET /univ/js/app/OverViewView.js HTTP/1.1" 304 0 
0:0:0:0:0:0:0:1 -  -  [28/Feb/2014:05:19:21 +0000] "GET /univ/module/admin/overview/ HTTP/1.1" 304 0 
0:0:0:0:0:0:0:1 -  -  [28/Feb/2014:05:19:21 +0000] "GET /univ/css/font-awesome.css HTTP/1.1" 304 0 
0:0:0:0:0:0:0:1 -  -  [28/Feb/2014:05:19:21 +0000] "GET /univ/img/ss-pinterest.png HTTP/1.1" 304 0 
0:0:0:0:0:0:0:1 -  -  [28/Feb/2014:05:19:21 +0000] "GET /univ/js/lib/require.js HTTP/1.1" 304 0 
0:0:0:0:0:0:0:1 -  -  [28/Feb/2014:05:19:21 +0000] "GET /univ/img/ss-twitter.png HTTP/1.1" 304 0 
0:0:0:0:0:0:0:1 -  -  [28/Feb/2014:05:19:21 +0000] "GET /univ/img/ss-facebook.png HTTP/1.1" 304 0 
0:0:0:0:0:0:0:1 -  -  [28/Feb/2014:05:19:21 +0000] "GET /univ/css/style.css HTTP/1.1" 200 60353 
0:0:0:0:0:0:0:1 -  -  [28/Feb/2014:05:19:21 +0000] "GET /univ/img/logo.png HTTP/1.1" 304 0 
0:0:0:0:0:0:0:1 -  -  [28/Feb/2014:05:19:21 +0000] "GET /univ/img/modal-close.png HTTP/1.1" 304 0 
0:0:0:0:0:0:0:1 -  -  [28/Feb/2014:05:19:21 +0000] "GET /univ/js/lib/jquery.js HTTP/1.1" 304 0 
0:0:0:0:0:0:0:1 -  -  [28/Feb/2014:05:19:21 +0000] "GET /univ/js/common.js HTTP/1.1" 304 0 
0:0:0:0:0:0:0:1 -  -  [28/Feb/2014:05:19:22 +0000] "GET /univ/js/app/OverViewView.js HTTP/1.1" 304 0 
0:0:0:0:0:0:0:1 -  -  [28/Feb/2014:05:20:03 +0000] "GET /univ/module/admin/overview/ HTTP/1.1" 304 0 
0:0:0:0:0:0:0:1 -  -  [28/Feb/2014:05:20:03 +0000] "GET /univ/css/style.css HTTP/1.1" 200 60394 
0:0:0:0:0:0:0:1 -  -  [28/Feb/2014:05:22:41 +0000] "GET /univ/img/project-page-logo.png HTTP/1.1" 200 4971 
0:0:0:0:0:0:0:1 -  -  [28/Feb/2014:05:22:44 +0000] "GET /univ/module/admin HTTP/1.1" 302 0 
0:0:0:0:0:0:0:1 -  -  [28/Feb/2014:05:22:44 +0000] "GET /univ/css/style.css HTTP/1.1" 200 60418 
0:0:0:0:0:0:0:1 -  -  [28/Feb/2014:05:22:46 +0000] "GET /univ/module/admin/overview HTTP/1.1" 302 0 
0:0:0:0:0:0:0:1 -  -  [28/Feb/2014:05:22:46 +0000] "GET /univ/module/admin/overview/ HTTP/1.1" 304 0 
0:0:0:0:0:0:0:1 -  -  [28/Feb/2014:05:22:46 +0000] "GET /univ/css/style.css HTTP/1.1" 304 0 
0:0:0:0:0:0:0:1 -  -  [28/Feb/2014:05:22:46 +0000] "GET /univ/js/app/OverViewView.js HTTP/1.1" 304 0 
0:0:0:0:0:0:0:1 -  -  [28/Feb/2014:05:32:45 +0000] "GET /univ/module/admin/overview/ HTTP/1.1" 200 4133 
0:0:0:0:0:0:0:1 -  -  [28/Feb/2014:05:32:45 +0000] "GET /univ/css/font-awesome.css HTTP/1.1" 304 0 
0:0:0:0:0:0:0:1 -  -  [28/Feb/2014:05:32:45 +0000] "GET /univ/css/style.css HTTP/1.1" 304 0 
0:0:0:0:0:0:0:1 -  -  [28/Feb/2014:05:32:45 +0000] "GET /univ/js/lib/require.js HTTP/1.1" 304 0 
0:0:0:0:0:0:0:1 -  -  [28/Feb/2014:05:32:45 +0000] "GET /univ/img/ss-facebook.png HTTP/1.1" 304 0 
0:0:0:0:0:0:0:1 -  -  [28/Feb/2014:05:32:45 +0000] "GET /univ/img/ss-pinterest.png HTTP/1.1" 304 0 
0:0:0:0:0:0:0:1 -  -  [28/Feb/2014:05:32:45 +0000] "GET /univ/img/ss-twitter.png HTTP/1.1" 304 0 
0:0:0:0:0:0:0:1 -  -  [28/Feb/2014:05:32:45 +0000] "GET /univ/img/logo.png HTTP/1.1" 304 0 
0:0:0:0:0:0:0:1 -  -  [28/Feb/2014:05:32:45 +0000] "GET /univ/img/modal-close.png HTTP/1.1" 304 0 
0:0:0:0:0:0:0:1 -  -  [28/Feb/2014:05:32:45 +0000] "GET /univ/js/lib/jquery.js HTTP/1.1" 304 0 
0:0:0:0:0:0:0:1 -  -  [28/Feb/2014:05:32:45 +0000] "GET /univ/js/common.js HTTP/1.1" 304 0 
0:0:0:0:0:0:0:1 -  -  [28/Feb/2014:05:32:45 +0000] "GET /univ/js/app/OverViewView.js HTTP/1.1" 200 2727 
0:0:0:0:0:0:0:1 -  -  [28/Feb/2014:05:33:30 +0000] "GET /univ/module/admin/overview/ HTTP/1.1" 304 0 
0:0:0:0:0:0:0:1 -  -  [28/Feb/2014:05:33:31 +0000] "GET /univ/js/lib/require.js HTTP/1.1" 304 0 
0:0:0:0:0:0:0:1 -  -  [28/Feb/2014:05:33:31 +0000] "GET /univ/img/ss-pinterest.png HTTP/1.1" 304 0 
0:0:0:0:0:0:0:1 -  -  [28/Feb/2014:05:33:31 +0000] "GET /univ/img/ss-facebook.png HTTP/1.1" 304 0 
0:0:0:0:0:0:0:1 -  -  [28/Feb/2014:05:33:31 +0000] "GET /univ/img/ss-twitter.png HTTP/1.1" 304 0 
0:0:0:0:0:0:0:1 -  -  [28/Feb/2014:05:33:31 +0000] "GET /univ/css/style.css HTTP/1.1" 304 0 
0:0:0:0:0:0:0:1 -  -  [28/Feb/2014:05:33:31 +0000] "GET /univ/css/font-awesome.css HTTP/1.1" 304 0 
0:0:0:0:0:0:0:1 -  -  [28/Feb/2014:05:33:31 +0000] "GET /univ/img/logo.png HTTP/1.1" 304 0 
0:0:0:0:0:0:0:1 -  -  [28/Feb/2014:05:33:31 +0000] "GET /univ/img/modal-close.png HTTP/1.1" 304 0 
0:0:0:0:0:0:0:1 -  -  [28/Feb/2014:05:33:31 +0000] "GET /univ/js/common.js HTTP/1.1" 304 0 
0:0:0:0:0:0:0:1 -  -  [28/Feb/2014:05:33:31 +0000] "GET /univ/js/lib/jquery.js HTTP/1.1" 304 0 
0:0:0:0:0:0:0:1 -  -  [28/Feb/2014:05:33:31 +0000] "GET /univ/js/app/OverViewView.js HTTP/1.1" 200 2687 
0:0:0:0:0:0:0:1 -  -  [28/Feb/2014:05:33:47 +0000] "GET /univ/module/admin/overview/ HTTP/1.1" 304 0 
0:0:0:0:0:0:0:1 -  -  [28/Feb/2014:05:33:47 +0000] "GET /univ/js/app/OverViewView.js HTTP/1.1" 200 2705 
0:0:0:0:0:0:0:1 -  -  [28/Feb/2014:05:35:17 +0000] "GET /univ/module/admin/overview/ HTTP/1.1" 304 0 
0:0:0:0:0:0:0:1 -  -  [28/Feb/2014:05:35:17 +0000] "GET /univ/img/ss-pinterest.png HTTP/1.1" 304 0 
0:0:0:0:0:0:0:1 -  -  [28/Feb/2014:05:35:17 +0000] "GET /univ/css/style.css HTTP/1.1" 304 0 
0:0:0:0:0:0:0:1 -  -  [28/Feb/2014:05:35:17 +0000] "GET /univ/img/ss-twitter.png HTTP/1.1" 304 0 
0:0:0:0:0:0:0:1 -  -  [28/Feb/2014:05:35:17 +0000] "GET /univ/img/ss-facebook.png HTTP/1.1" 304 0 
0:0:0:0:0:0:0:1 -  -  [28/Feb/2014:05:35:17 +0000] "GET /univ/css/font-awesome.css HTTP/1.1" 304 0 
0:0:0:0:0:0:0:1 -  -  [28/Feb/2014:05:35:17 +0000] "GET /univ/js/lib/require.js HTTP/1.1" 304 0 
0:0:0:0:0:0:0:1 -  -  [28/Feb/2014:05:35:17 +0000] "GET /univ/img/logo.png HTTP/1.1" 304 0 
0:0:0:0:0:0:0:1 -  -  [28/Feb/2014:05:35:17 +0000] "GET /univ/img/modal-close.png HTTP/1.1" 304 0 
0:0:0:0:0:0:0:1 -  -  [28/Feb/2014:05:35:17 +0000] "GET /univ/js/common.js HTTP/1.1" 304 0 
0:0:0:0:0:0:0:1 -  -  [28/Feb/2014:05:35:17 +0000] "GET /univ/js/lib/jquery.js HTTP/1.1" 304 0 
0:0:0:0:0:0:0:1 -  -  [28/Feb/2014:05:35:18 +0000] "GET /univ/js/app/OverViewView.js HTTP/1.1" 304 0 
0:0:0:0:0:0:0:1 -  -  [28/Feb/2014:05:36:55 +0000] "GET /univ/module/admin/overview/ HTTP/1.1" 304 0 
0:0:0:0:0:0:0:1 -  -  [28/Feb/2014:05:36:55 +0000] "GET /univ/img/ss-facebook.png HTTP/1.1" 304 0 
0:0:0:0:0:0:0:1 -  -  [28/Feb/2014:05:36:55 +0000] "GET /univ/js/lib/require.js HTTP/1.1" 304 0 
0:0:0:0:0:0:0:1 -  -  [28/Feb/2014:05:36:55 +0000] "GET /univ/img/ss-pinterest.png HTTP/1.1" 304 0 
0:0:0:0:0:0:0:1 -  -  [28/Feb/2014:05:36:55 +0000] "GET /univ/img/ss-twitter.png HTTP/1.1" 304 0 
0:0:0:0:0:0:0:1 -  -  [28/Feb/2014:05:36:55 +0000] "GET /univ/css/font-awesome.css HTTP/1.1" 304 0 
0:0:0:0:0:0:0:1 -  -  [28/Feb/2014:05:36:55 +0000] "GET /univ/css/style.css HTTP/1.1" 200 60425 
0:0:0:0:0:0:0:1 -  -  [28/Feb/2014:05:36:55 +0000] "GET /univ/img/logo.png HTTP/1.1" 304 0 
0:0:0:0:0:0:0:1 -  -  [28/Feb/2014:05:36:55 +0000] "GET /univ/img/modal-close.png HTTP/1.1" 304 0 
0:0:0:0:0:0:0:1 -  -  [28/Feb/2014:05:36:55 +0000] "GET /univ/js/common.js HTTP/1.1" 304 0 
0:0:0:0:0:0:0:1 -  -  [28/Feb/2014:05:36:55 +0000] "GET /univ/js/lib/jquery.js HTTP/1.1" 304 0 
0:0:0:0:0:0:0:1 -  -  [28/Feb/2014:05:36:55 +0000] "GET /univ/js/app/OverViewView.js HTTP/1.1" 200 2707 
0:0:0:0:0:0:0:1 -  -  [28/Feb/2014:05:37:06 +0000] "GET /univ/module/admin/overview HTTP/1.1" 302 0 
0:0:0:0:0:0:0:1 -  -  [28/Feb/2014:05:37:06 +0000] "GET /univ/css/style.css HTTP/1.1" 304 0 
0:0:0:0:0:0:0:1 -  -  [28/Feb/2014:05:37:06 +0000] "GET /univ/js/app/OverViewView.js HTTP/1.1" 304 0 
0:0:0:0:0:0:0:1 -  -  [28/Feb/2014:05:40:33 +0000] "GET /univ/module/admin/overview/ HTTP/1.1" 304 0 
0:0:0:0:0:0:0:1 -  -  [28/Feb/2014:05:40:33 +0000] "GET /univ/js/lib/require.js HTTP/1.1" 304 0 
0:0:0:0:0:0:0:1 -  -  [28/Feb/2014:05:40:33 +0000] "GET /univ/img/ss-twitter.png HTTP/1.1" 304 0 
0:0:0:0:0:0:0:1 -  -  [28/Feb/2014:05:40:33 +0000] "GET /univ/css/style.css HTTP/1.1" 304 0 
0:0:0:0:0:0:0:1 -  -  [28/Feb/2014:05:40:33 +0000] "GET /univ/img/ss-facebook.png HTTP/1.1" 304 0 
0:0:0:0:0:0:0:1 -  -  [28/Feb/2014:05:40:33 +0000] "GET /univ/img/ss-pinterest.png HTTP/1.1" 304 0 
0:0:0:0:0:0:0:1 -  -  [28/Feb/2014:05:40:33 +0000] "GET /univ/css/font-awesome.css HTTP/1.1" 304 0 
0:0:0:0:0:0:0:1 -  -  [28/Feb/2014:05:40:33 +0000] "GET /univ/img/logo.png HTTP/1.1" 304 0 
0:0:0:0:0:0:0:1 -  -  [28/Feb/2014:05:40:33 +0000] "GET /univ/img/modal-close.png HTTP/1.1" 304 0 
0:0:0:0:0:0:0:1 -  -  [28/Feb/2014:05:40:33 +0000] "GET /univ/js/common.js HTTP/1.1" 304 0 
0:0:0:0:0:0:0:1 -  -  [28/Feb/2014:05:40:33 +0000] "GET /univ/js/lib/jquery.js HTTP/1.1" 304 0 
0:0:0:0:0:0:0:1 -  -  [28/Feb/2014:05:40:33 +0000] "GET /univ/js/app/OverViewView.js HTTP/1.1" 200 2708 
0:0:0:0:0:0:0:1 -  -  [28/Feb/2014:05:41:31 +0000] "GET /univ/module/admin HTTP/1.1" 302 0 
0:0:0:0:0:0:0:1 -  -  [28/Feb/2014:05:41:31 +0000] "GET /univ/css/style.css HTTP/1.1" 304 0 
0:0:0:0:0:0:0:1 -  -  [28/Feb/2014:05:44:47 +0000] "GET /univ/module/admin/ HTTP/1.1" 304 0 
0:0:0:0:0:0:0:1 -  -  [28/Feb/2014:05:44:47 +0000] "GET /univ/css/font-awesome.css HTTP/1.1" 304 0 
0:0:0:0:0:0:0:1 -  -  [28/Feb/2014:05:44:47 +0000] "GET /univ/img/ss-facebook.png HTTP/1.1" 304 0 
0:0:0:0:0:0:0:1 -  -  [28/Feb/2014:05:44:47 +0000] "GET /univ/img/ss-twitter.png HTTP/1.1" 304 0 
0:0:0:0:0:0:0:1 -  -  [28/Feb/2014:05:44:47 +0000] "GET /univ/css/style.css HTTP/1.1" 304 0 
0:0:0:0:0:0:0:1 -  -  [28/Feb/2014:05:44:47 +0000] "GET /univ/css/morris.css HTTP/1.1" 304 0 
0:0:0:0:0:0:0:1 -  -  [28/Feb/2014:05:44:47 +0000] "GET /univ/js/lib/require.js HTTP/1.1" 304 0 
0:0:0:0:0:0:0:1 -  -  [28/Feb/2014:05:44:47 +0000] "GET /univ/img/ss-pinterest.png HTTP/1.1" 304 0 
0:0:0:0:0:0:0:1 -  -  [28/Feb/2014:05:44:47 +0000] "GET /univ/img/logo.png HTTP/1.1" 304 0 
0:0:0:0:0:0:0:1 -  -  [28/Feb/2014:05:44:47 +0000] "GET /univ/img/prev-up.png HTTP/1.1" 304 0 
0:0:0:0:0:0:0:1 -  -  [28/Feb/2014:05:44:47 +0000] "GET /univ/js/common.js HTTP/1.1" 304 0 
0:0:0:0:0:0:0:1 -  -  [28/Feb/2014:05:44:47 +0000] "GET /univ/js/lib/jquery.js HTTP/1.1" 304 0 
0:0:0:0:0:0:0:1 -  -  [28/Feb/2014:05:44:47 +0000] "GET /univ/img/next-up.png HTTP/1.1" 304 0 
0:0:0:0:0:0:0:1 -  -  [28/Feb/2014:05:44:49 +0000] "GET /univ/module/admin/overview HTTP/1.1" 302 0 
0:0:0:0:0:0:0:1 -  -  [28/Feb/2014:05:44:49 +0000] "GET /univ/module/admin/overview/ HTTP/1.1" 200 4503 
0:0:0:0:0:0:0:1 -  -  [28/Feb/2014:05:44:49 +0000] "GET /univ/js/app/OverViewView.js HTTP/1.1" 304 0 
0:0:0:0:0:0:0:1 -  -  [28/Feb/2014:05:47:01 +0000] "GET /univ/module/admin/overview/ HTTP/1.1" 200 4511 
0:0:0:0:0:0:0:1 -  -  [28/Feb/2014:05:47:01 +0000] "GET /univ/img/ss-facebook.png HTTP/1.1" 304 0 
0:0:0:0:0:0:0:1 -  -  [28/Feb/2014:05:47:01 +0000] "GET /univ/js/lib/require.js HTTP/1.1" 304 0 
0:0:0:0:0:0:0:1 -  -  [28/Feb/2014:05:47:01 +0000] "GET /univ/img/ss-pinterest.png HTTP/1.1" 304 0 
0:0:0:0:0:0:0:1 -  -  [28/Feb/2014:05:47:01 +0000] "GET /univ/img/ss-twitter.png HTTP/1.1" 304 0 
0:0:0:0:0:0:0:1 -  -  [28/Feb/2014:05:47:01 +0000] "GET /univ/css/style.css HTTP/1.1" 304 0 
0:0:0:0:0:0:0:1 -  -  [28/Feb/2014:05:47:01 +0000] "GET /univ/css/font-awesome.css HTTP/1.1" 304 0 
0:0:0:0:0:0:0:1 -  -  [28/Feb/2014:05:47:01 +0000] "GET /univ/img/logo.png HTTP/1.1" 304 0 
0:0:0:0:0:0:0:1 -  -  [28/Feb/2014:05:47:01 +0000] "GET /univ/img/modal-close.png HTTP/1.1" 304 0 
0:0:0:0:0:0:0:1 -  -  [28/Feb/2014:05:47:01 +0000] "GET /univ/js/lib/jquery.js HTTP/1.1" 304 0 
0:0:0:0:0:0:0:1 -  -  [28/Feb/2014:05:47:01 +0000] "GET /univ/js/common.js HTTP/1.1" 304 0 
0:0:0:0:0:0:0:1 -  -  [28/Feb/2014:05:47:01 +0000] "GET /univ/js/app/OverViewView.js HTTP/1.1" 304 0 
0:0:0:0:0:0:0:1 -  -  [28/Feb/2014:05:53:10 +0000] "GET /univ/module/admin/overview/ HTTP/1.1" 304 0 
0:0:0:0:0:0:0:1 -  -  [28/Feb/2014:05:53:10 +0000] "GET /univ/css/font-awesome.css HTTP/1.1" 304 0 
0:0:0:0:0:0:0:1 -  -  [28/Feb/2014:05:53:10 +0000] "GET /univ/css/style.css HTTP/1.1" 304 0 
0:0:0:0:0:0:0:1 -  -  [28/Feb/2014:05:53:10 +0000] "GET /univ/js/lib/require.js HTTP/1.1" 304 0 
0:0:0:0:0:0:0:1 -  -  [28/Feb/2014:05:53:10 +0000] "GET /univ/img/ss-facebook.png HTTP/1.1" 304 0 
0:0:0:0:0:0:0:1 -  -  [28/Feb/2014:05:53:10 +0000] "GET /univ/img/ss-pinterest.png HTTP/1.1" 304 0 
0:0:0:0:0:0:0:1 -  -  [28/Feb/2014:05:53:10 +0000] "GET /univ/img/ss-twitter.png HTTP/1.1" 304 0 
0:0:0:0:0:0:0:1 -  -  [28/Feb/2014:05:53:10 +0000] "GET /univ/img/logo.png HTTP/1.1" 304 0 
0:0:0:0:0:0:0:1 -  -  [28/Feb/2014:05:53:10 +0000] "GET /univ/img/modal-close.png HTTP/1.1" 304 0 
0:0:0:0:0:0:0:1 -  -  [28/Feb/2014:05:53:10 +0000] "GET /univ/js/lib/jquery.js HTTP/1.1" 304 0 
0:0:0:0:0:0:0:1 -  -  [28/Feb/2014:05:53:10 +0000] "GET /univ/js/common.js HTTP/1.1" 304 0 
0:0:0:0:0:0:0:1 -  -  [28/Feb/2014:05:53:10 +0000] "GET /univ/js/app/OverViewView.js HTTP/1.1" 200 2767 
0:0:0:0:0:0:0:1 -  -  [28/Feb/2014:05:53:24 +0000] "GET /univ/module/admin HTTP/1.1" 302 0 
0:0:0:0:0:0:0:1 -  -  [28/Feb/2014:05:53:26 +0000] "GET /univ/module/admin/overview HTTP/1.1" 302 0 
0:0:0:0:0:0:0:1 -  -  [28/Feb/2014:05:53:26 +0000] "GET /univ/js/app/OverViewView.js HTTP/1.1" 304 0 
0:0:0:0:0:0:0:1 -  -  [28/Feb/2014:05:53:33 +0000] "GET /univ/module/admin HTTP/1.1" 302 0 
0:0:0:0:0:0:0:1 -  -  [28/Feb/2014:06:06:20 +0000] "GET /univ/module/admin/ HTTP/1.1" 304 0 
0:0:0:0:0:0:0:1 -  -  [28/Feb/2014:06:06:20 +0000] "GET /univ/css/style.css HTTP/1.1" 304 0 
0:0:0:0:0:0:0:1 -  -  [28/Feb/2014:06:06:20 +0000] "GET /univ/css/morris.css HTTP/1.1" 304 0 
0:0:0:0:0:0:0:1 -  -  [28/Feb/2014:06:06:20 +0000] "GET /univ/css/font-awesome.css HTTP/1.1" 304 0 
0:0:0:0:0:0:0:1 -  -  [28/Feb/2014:06:06:20 +0000] "GET /univ/img/ss-twitter.png HTTP/1.1" 304 0 
0:0:0:0:0:0:0:1 -  -  [28/Feb/2014:06:06:20 +0000] "GET /univ/img/ss-facebook.png HTTP/1.1" 304 0 
0:0:0:0:0:0:0:1 -  -  [28/Feb/2014:06:06:20 +0000] "GET /univ/js/lib/require.js HTTP/1.1" 304 0 
0:0:0:0:0:0:0:1 -  -  [28/Feb/2014:06:06:20 +0000] "GET /univ/img/ss-pinterest.png HTTP/1.1" 304 0 
0:0:0:0:0:0:0:1 -  -  [28/Feb/2014:06:06:20 +0000] "GET /univ/img/prev-up.png HTTP/1.1" 304 0 
0:0:0:0:0:0:0:1 -  -  [28/Feb/2014:06:06:20 +0000] "GET /univ/img/logo.png HTTP/1.1" 304 0 
0:0:0:0:0:0:0:1 -  -  [28/Feb/2014:06:06:20 +0000] "GET /univ/img/next-up.png HTTP/1.1" 304 0 
0:0:0:0:0:0:0:1 -  -  [28/Feb/2014:06:06:20 +0000] "GET /univ/js/common.js HTTP/1.1" 304 0 
0:0:0:0:0:0:0:1 -  -  [28/Feb/2014:06:06:20 +0000] "GET /univ/js/lib/jquery.js HTTP/1.1" 304 0 
0:0:0:0:0:0:0:1 -  -  [28/Feb/2014:06:06:20 +0000] "GET /univ/js/app/AdminView.js HTTP/1.1" 304 0 
0:0:0:0:0:0:0:1 -  -  [28/Feb/2014:06:06:30 +0000] "GET /univ/module/admin/subuseradd HTTP/1.1" 302 0 
0:0:0:0:0:0:0:1 -  -  [28/Feb/2014:06:06:30 +0000] "GET /univ/module/admin/subuseradd/ HTTP/1.1" 200 5093 
0:0:0:0:0:0:0:1 -  -  [28/Feb/2014:06:06:30 +0000] "GET /univ/js/app/SubUserAddView.js HTTP/1.1" 200 2343 
0:0:0:0:0:0:0:1 -  -  [28/Feb/2014:06:13:46 +0000] "GET /univ/module/admin/subuseradd/ HTTP/1.1" 200 5113 
0:0:0:0:0:0:0:1 -  -  [28/Feb/2014:06:13:46 +0000] "GET /univ/css/font-awesome.css HTTP/1.1" 304 0 
0:0:0:0:0:0:0:1 -  -  [28/Feb/2014:06:13:46 +0000] "GET /univ/js/lib/require.js HTTP/1.1" 304 0 
0:0:0:0:0:0:0:1 -  -  [28/Feb/2014:06:13:46 +0000] "GET /univ/css/style.css HTTP/1.1" 304 0 
0:0:0:0:0:0:0:1 -  -  [28/Feb/2014:06:13:46 +0000] "GET /univ/img/ss-facebook.png HTTP/1.1" 304 0 
0:0:0:0:0:0:0:1 -  -  [28/Feb/2014:06:13:46 +0000] "GET /univ/img/ss-twitter.png HTTP/1.1" 304 0 
0:0:0:0:0:0:0:1 -  -  [28/Feb/2014:06:13:46 +0000] "GET /univ/img/ss-pinterest.png HTTP/1.1" 304 0 
0:0:0:0:0:0:0:1 -  -  [28/Feb/2014:06:13:46 +0000] "GET /univ/img/logo.png HTTP/1.1" 304 0 
0:0:0:0:0:0:0:1 -  -  [28/Feb/2014:06:13:46 +0000] "GET /univ/img/modal-close.png HTTP/1.1" 304 0 
0:0:0:0:0:0:0:1 -  -  [28/Feb/2014:06:13:46 +0000] "GET /univ/js/common.js HTTP/1.1" 304 0 
0:0:0:0:0:0:0:1 -  -  [28/Feb/2014:06:13:46 +0000] "GET /univ/js/lib/jquery.js HTTP/1.1" 304 0 
0:0:0:0:0:0:0:1 -  -  [28/Feb/2014:06:14:14 +0000] "GET /univ/module/admin/subuseradd/ HTTP/1.1" 200 5113 
0:0:0:0:0:0:0:1 -  -  [28/Feb/2014:06:14:14 +0000] "GET /univ/css/font-awesome.css HTTP/1.1" 200 26648 
0:0:0:0:0:0:0:1 -  -  [28/Feb/2014:06:14:14 +0000] "GET /univ/img/ss-facebook.png HTTP/1.1" 200 1050 
0:0:0:0:0:0:0:1 -  -  [28/Feb/2014:06:14:14 +0000] "GET /univ/js/lib/require.js HTTP/1.1" 200 82686 
0:0:0:0:0:0:0:1 -  -  [28/Feb/2014:06:14:14 +0000] "GET /univ/css/style.css HTTP/1.1" 200 60425 
0:0:0:0:0:0:0:1 -  -  [28/Feb/2014:06:14:14 +0000] "GET /univ/img/ss-pinterest.png HTTP/1.1" 200 1207 
0:0:0:0:0:0:0:1 -  -  [28/Feb/2014:06:14:14 +0000] "GET /univ/img/ss-twitter.png HTTP/1.1" 200 1153 
0:0:0:0:0:0:0:1 -  -  [28/Feb/2014:06:14:14 +0000] "GET /univ/img/logo.png HTTP/1.1" 200 10045 
0:0:0:0:0:0:0:1 -  -  [28/Feb/2014:06:14:14 +0000] "GET /univ/img/modal-close.png HTTP/1.1" 200 1353 
0:0:0:0:0:0:0:1 -  -  [28/Feb/2014:06:14:14 +0000] "GET /univ/js/lib/jquery.js HTTP/1.1" 200 261745 
0:0:0:0:0:0:0:1 -  -  [28/Feb/2014:06:14:14 +0000] "GET /univ/js/common.js HTTP/1.1" 200 629 
0:0:0:0:0:0:0:1 -  -  [28/Feb/2014:06:14:14 +0000] "GET /univ/js/app/SubUserAddView.js HTTP/1.1" 200 3461 
0:0:0:0:0:0:0:1 -  -  [28/Feb/2014:06:14:14 +0000] "GET /univ/js/lib/modernizr-2.5.3.min.js HTTP/1.1" 200 15274 
0:0:0:0:0:0:0:1 -  -  [28/Feb/2014:06:14:14 +0000] "GET /univ/js/lib/jquery.cookie.js HTTP/1.1" 200 2306 
0:0:0:0:0:0:0:1 -  -  [28/Feb/2014:06:14:14 +0000] "GET /univ/js/lib/jquery.validate.min.js HTTP/1.1" 200 21068 
0:0:0:0:0:0:0:1 -  -  [28/Feb/2014:06:14:14 +0000] "GET /favicon.ico HTTP/1.1" 200 1150 
0:0:0:0:0:0:0:1 -  -  [28/Feb/2014:06:14:14 +0000] "GET /univ/js/app/service/DataService.js HTTP/1.1" 200 1270 
0:0:0:0:0:0:0:1 -  -  [28/Feb/2014:06:14:14 +0000] "GET /univ HTTP/1.1" 302 0 
0:0:0:0:0:0:0:1 -  -  [28/Feb/2014:06:14:14 +0000] "GET /univ/ HTTP/1.1" 200 4152 
0:0:0:0:0:0:0:1 -  -  [28/Feb/2014:06:14:15 +0000] "GET /univ/img/map.jpg HTTP/1.1" 200 13663 
0:0:0:0:0:0:0:1 -  -  [28/Feb/2014:06:14:15 +0000] "GET /univ/img/ss-twitter-large.png HTTP/1.1" 200 1961 
0:0:0:0:0:0:0:1 -  -  [28/Feb/2014:06:14:15 +0000] "GET /univ/img/ss-facebook-large.png HTTP/1.1" 200 1594 
0:0:0:0:0:0:0:1 -  -  [28/Feb/2014:06:14:15 +0000] "GET /univ/img/login.png HTTP/1.1" 200 48879 
0:0:0:0:0:0:0:1 -  -  [28/Feb/2014:06:14:15 +0000] "GET /univ/img/ss-pinterest-large.png HTTP/1.1" 200 1852 
0:0:0:0:0:0:0:1 -  -  [28/Feb/2014:06:14:15 +0000] "GET /univ/img/next-up.png HTTP/1.1" 200 1519 
0:0:0:0:0:0:0:1 -  -  [28/Feb/2014:06:14:15 +0000] "GET /univ/img/gradient-top.png HTTP/1.1" 200 2304 
0:0:0:0:0:0:0:1 -  -  [28/Feb/2014:06:14:15 +0000] "GET /univ/img/gradient-bottom.png HTTP/1.1" 200 2710 
0:0:0:0:0:0:0:1 -  -  [28/Feb/2014:06:14:15 +0000] "GET /univ/js/app/HomeView.js HTTP/1.1" 200 4635 
0:0:0:0:0:0:0:1 -  -  [28/Feb/2014:06:14:15 +0000] "GET /univ/js/lib/spin.min.js HTTP/1.1" 200 4027 
0:0:0:0:0:0:0:1 -  -  [28/Feb/2014:06:14:15 +0000] "GET /univ/js/lib/plugins-min.js HTTP/1.1" 200 47022 
0:0:0:0:0:0:0:1 -  -  [28/Feb/2014:06:14:15 +0000] "GET /univ/js/lib/jquery.fitvids.js HTTP/1.1" 200 3168 
0:0:0:0:0:0:0:1 -  -  [28/Feb/2014:06:14:15 +0000] "GET /univ/js/lib/typeahead.bundle.js HTTP/1.1" 200 66240 
0:0:0:0:0:0:0:1 -  -  [28/Feb/2014:06:14:15 +0000] "GET /univ/js/lib/bloodhound.js HTTP/1.1" 200 24403 
0:0:0:0:0:0:0:1 -  -  [28/Feb/2014:06:14:15 +0000] "GET /univ/img/1.jpg HTTP/1.1" 200 208802 
0:0:0:0:0:0:0:1 -  -  [28/Feb/2014:06:14:15 +0000] "GET /univ/img/2.jpg HTTP/1.1" 200 1226991 
0:0:0:0:0:0:0:1 -  -  [28/Feb/2014:06:14:15 +0000] "GET /univ/img/3.jpg HTTP/1.1" 200 251459 
0:0:0:0:0:0:0:1 -  -  [28/Feb/2014:06:14:15 +0000] "GET /univ/img/5.jpg HTTP/1.1" 200 476812 
0:0:0:0:0:0:0:1 -  -  [28/Feb/2014:06:14:15 +0000] "GET /univ/img/4.jpg HTTP/1.1" 200 119196 
0:0:0:0:0:0:0:1 -  -  [28/Feb/2014:06:14:15 +0000] "GET /univ/data/countries.json HTTP/1.1" 200 3208 
0:0:0:0:0:0:0:1 -  -  [28/Feb/2014:06:14:19 +0000] "GET /univ/module/studentlist HTTP/1.1" 302 0 
0:0:0:0:0:0:0:1 -  -  [28/Feb/2014:06:14:19 +0000] "GET /univ/module/studentlist/ HTTP/1.1" 200 2170 
0:0:0:0:0:0:0:1 -  -  [28/Feb/2014:06:14:19 +0000] "GET /univ/img/student1.jpg HTTP/1.1" 200 38839 
0:0:0:0:0:0:0:1 -  -  [28/Feb/2014:06:14:19 +0000] "GET /univ/img/colorsbook1.png HTTP/1.1" 200 264980 
0:0:0:0:0:0:0:1 -  -  [28/Feb/2014:06:14:19 +0000] "GET /univ/img/prev-up.png HTTP/1.1" 200 1532 
0:0:0:0:0:0:0:1 -  -  [28/Feb/2014:06:14:19 +0000] "GET /univ/js/app/StudentListView.js HTTP/1.1" 200 7716 
0:0:0:0:0:0:0:1 -  -  [28/Feb/2014:06:14:19 +0000] "GET /univ/js/lib/jquery.carousel.min.js HTTP/1.1" 200 32288 
0:0:0:0:0:0:0:1 -  -  [28/Feb/2014:06:14:19 +0000] "GET /univ/img/classbg.png HTTP/1.1" 200 3918328 
0:0:0:0:0:0:0:1 -  -  [28/Feb/2014:06:14:20 +0000] "GET /univ/data/loginresponse.json HTTP/1.1" 200 3524 
0:0:0:0:0:0:0:1 -  -  [28/Feb/2014:06:14:20 +0000] "GET /univ/img/student2.jpg HTTP/1.1" 200 211416 
0:0:0:0:0:0:0:1 -  -  [28/Feb/2014:06:14:20 +0000] "GET /univ/img/student4.jpg HTTP/1.1" 200 32146 
0:0:0:0:0:0:0:1 -  -  [28/Feb/2014:06:14:20 +0000] "GET /univ/fonts/fontawesome-webfont.woff?v=3.2.1 HTTP/1.1" 200 43572 
0:0:0:0:0:0:0:1 -  -  [28/Feb/2014:06:14:20 +0000] "GET /univ/module/admin HTTP/1.1" 302 0 
0:0:0:0:0:0:0:1 -  -  [28/Feb/2014:06:14:20 +0000] "GET /univ/module/admin/ HTTP/1.1" 200 9121 
0:0:0:0:0:0:0:1 -  -  [28/Feb/2014:06:14:20 +0000] "GET /univ/css/morris.css HTTP/1.1" 200 443 
0:0:0:0:0:0:0:1 -  -  [28/Feb/2014:06:14:21 +0000] "GET /univ/js/app/AdminView.js HTTP/1.1" 200 13264 
0:0:0:0:0:0:0:1 -  -  [28/Feb/2014:06:14:21 +0000] "GET /univ/js/lib/morris.min.js HTTP/1.1" 200 32156 
0:0:0:0:0:0:0:1 -  -  [28/Feb/2014:06:14:21 +0000] "GET /univ/js/lib/Chart.min.js HTTP/1.1" 200 19761 
0:0:0:0:0:0:0:1 -  -  [28/Feb/2014:06:14:21 +0000] "GET /univ/js/lib/raphael.js HTTP/1.1" 200 91410 
0:0:0:0:0:0:0:1 -  -  [28/Feb/2014:06:14:26 +0000] "GET /univ/module/admin/subuseradd HTTP/1.1" 302 0 
0:0:0:0:0:0:0:1 -  -  [28/Feb/2014:06:14:26 +0000] "GET /univ/js/app/SubUserAddView.js HTTP/1.1" 304 0 
0:0:0:0:0:0:0:1 -  -  [28/Feb/2014:06:16:12 +0000] "GET /univ/module/admin/subuseradd/ HTTP/1.1" 200 5129 
0:0:0:0:0:0:0:1 -  -  [28/Feb/2014:06:16:12 +0000] "GET /univ/css/font-awesome.css HTTP/1.1" 304 0 
0:0:0:0:0:0:0:1 -  -  [28/Feb/2014:06:16:12 +0000] "GET /univ/js/lib/require.js HTTP/1.1" 304 0 
0:0:0:0:0:0:0:1 -  -  [28/Feb/2014:06:16:12 +0000] "GET /univ/css/style.css HTTP/1.1" 304 0 
0:0:0:0:0:0:0:1 -  -  [28/Feb/2014:06:16:12 +0000] "GET /univ/img/ss-facebook.png HTTP/1.1" 304 0 
0:0:0:0:0:0:0:1 -  -  [28/Feb/2014:06:16:12 +0000] "GET /univ/img/ss-twitter.png HTTP/1.1" 304 0 
0:0:0:0:0:0:0:1 -  -  [28/Feb/2014:06:16:12 +0000] "GET /univ/img/ss-pinterest.png HTTP/1.1" 304 0 
0:0:0:0:0:0:0:1 -  -  [28/Feb/2014:06:16:12 +0000] "GET /univ/img/logo.png HTTP/1.1" 304 0 
0:0:0:0:0:0:0:1 -  -  [28/Feb/2014:06:16:12 +0000] "GET /univ/img/modal-close.png HTTP/1.1" 304 0 
0:0:0:0:0:0:0:1 -  -  [28/Feb/2014:06:16:12 +0000] "GET /univ/js/lib/jquery.js HTTP/1.1" 304 0 
0:0:0:0:0:0:0:1 -  -  [28/Feb/2014:06:16:12 +0000] "GET /univ/js/common.js HTTP/1.1" 304 0 
0:0:0:0:0:0:0:1 -  -  [28/Feb/2014:06:16:12 +0000] "GET /univ/js/app/SubUserAddView.js HTTP/1.1" 200 3334 
0:0:0:0:0:0:0:1 -  -  [28/Feb/2014:06:16:15 +0000] "GET /univ/module/admin HTTP/1.1" 302 0 
0:0:0:0:0:0:0:1 -  -  [28/Feb/2014:06:16:21 +0000] "GET /univ/module/admin/subuseradd HTTP/1.1" 302 0 
0:0:0:0:0:0:0:1 -  -  [28/Feb/2014:06:16:21 +0000] "GET /univ/module/admin/subuseradd/ HTTP/1.1" 304 0 
0:0:0:0:0:0:0:1 -  -  [28/Feb/2014:06:16:22 +0000] "GET /univ/js/app/SubUserAddView.js HTTP/1.1" 304 0 
0:0:0:0:0:0:0:1 -  -  [28/Feb/2014:06:16:29 +0000] "GET /univ/module/admin HTTP/1.1" 302 0 
0:0:0:0:0:0:0:1 -  -  [28/Feb/2014:06:17:13 +0000] "GET /univ/module/admin/subuseradd HTTP/1.1" 302 0 
0:0:0:0:0:0:0:1 -  -  [28/Feb/2014:06:17:13 +0000] "GET /univ/module/admin/subuseradd/ HTTP/1.1" 304 0 
0:0:0:0:0:0:0:1 -  -  [28/Feb/2014:06:17:13 +0000] "GET /univ/js/app/SubUserAddView.js HTTP/1.1" 304 0 
0:0:0:0:0:0:0:1 -  -  [28/Feb/2014:06:17:47 +0000] "GET /univ/module/admin HTTP/1.1" 302 0 
0:0:0:0:0:0:0:1 -  -  [28/Feb/2014:06:18:32 +0000] "GET /univ/module/admin/ HTTP/1.1" 304 0 
0:0:0:0:0:0:0:1 -  -  [28/Feb/2014:06:18:32 +0000] "GET /univ/css/font-awesome.css HTTP/1.1" 304 0 
0:0:0:0:0:0:0:1 -  -  [28/Feb/2014:06:18:32 +0000] "GET /univ/css/style.css HTTP/1.1" 304 0 
0:0:0:0:0:0:0:1 -  -  [28/Feb/2014:06:18:32 +0000] "GET /univ/css/morris.css HTTP/1.1" 304 0 
0:0:0:0:0:0:0:1 -  -  [28/Feb/2014:06:18:32 +0000] "GET /univ/js/lib/require.js HTTP/1.1" 304 0 
0:0:0:0:0:0:0:1 -  -  [28/Feb/2014:06:18:32 +0000] "GET /univ/img/ss-twitter.png HTTP/1.1" 304 0 
0:0:0:0:0:0:0:1 -  -  [28/Feb/2014:06:18:32 +0000] "GET /univ/img/ss-pinterest.png HTTP/1.1" 304 0 
0:0:0:0:0:0:0:1 -  -  [28/Feb/2014:06:18:32 +0000] "GET /univ/img/ss-facebook.png HTTP/1.1" 304 0 
0:0:0:0:0:0:0:1 -  -  [28/Feb/2014:06:18:32 +0000] "GET /univ/img/logo.png HTTP/1.1" 304 0 
0:0:0:0:0:0:0:1 -  -  [28/Feb/2014:06:18:32 +0000] "GET /univ/img/prev-up.png HTTP/1.1" 304 0 
0:0:0:0:0:0:0:1 -  -  [28/Feb/2014:06:18:32 +0000] "GET /univ/img/next-up.png HTTP/1.1" 304 0 
0:0:0:0:0:0:0:1 -  -  [28/Feb/2014:06:18:32 +0000] "GET /univ/js/lib/jquery.js HTTP/1.1" 304 0 
0:0:0:0:0:0:0:1 -  -  [28/Feb/2014:06:18:32 +0000] "GET /univ/js/common.js HTTP/1.1" 304 0 
0:0:0:0:0:0:0:1 -  -  [28/Feb/2014:06:18:35 +0000] "GET /univ/module/admin/subuseradd HTTP/1.1" 302 0 
0:0:0:0:0:0:0:1 -  -  [28/Feb/2014:06:18:35 +0000] "GET /univ/module/admin/subuseradd/ HTTP/1.1" 200 5129 
0:0:0:0:0:0:0:1 -  -  [28/Feb/2014:06:18:35 +0000] "GET /univ/js/app/SubUserAddView.js HTTP/1.1" 304 0 
0:0:0:0:0:0:0:1 -  -  [28/Feb/2014:06:18:36 +0000] "GET /univ/module/admin HTTP/1.1" 302 0 
0:0:0:0:0:0:0:1 -  -  [28/Feb/2014:06:19:30 +0000] "GET /univ/module/admin/subuseradd HTTP/1.1" 302 0 
0:0:0:0:0:0:0:1 -  -  [28/Feb/2014:06:19:30 +0000] "GET /univ/module/admin/subuseradd/ HTTP/1.1" 304 0 
0:0:0:0:0:0:0:1 -  -  [28/Feb/2014:06:19:30 +0000] "GET /univ/js/app/SubUserAddView.js HTTP/1.1" 304 0 
0:0:0:0:0:0:0:1 -  -  [28/Feb/2014:06:20:38 +0000] "GET /univ/module/admin/subuseradd/ HTTP/1.1" 304 0 
0:0:0:0:0:0:0:1 -  -  [28/Feb/2014:06:20:38 +0000] "GET /univ/module/admin HTTP/1.1" 302 0 
0:0:0:0:0:0:0:1 -  -  [28/Feb/2014:06:20:43 +0000] "GET /univ/module/admin/subuseradd HTTP/1.1" 302 0 
0:0:0:0:0:0:0:1 -  -  [28/Feb/2014:06:20:43 +0000] "GET /univ/js/app/SubUserAddView.js HTTP/1.1" 200 3326 
0:0:0:0:0:0:0:1 -  -  [28/Feb/2014:06:21:51 +0000] "GET /univ/module/admin/subuseradd/ HTTP/1.1" 200 5147 
0:0:0:0:0:0:0:1 -  -  [28/Feb/2014:06:21:51 +0000] "GET /univ/img/ss-facebook.png HTTP/1.1" 304 0 
0:0:0:0:0:0:0:1 -  -  [28/Feb/2014:06:21:51 +0000] "GET /univ/js/lib/require.js HTTP/1.1" 304 0 
0:0:0:0:0:0:0:1 -  -  [28/Feb/2014:06:21:51 +0000] "GET /univ/css/style.css HTTP/1.1" 304 0 
0:0:0:0:0:0:0:1 -  -  [28/Feb/2014:06:21:51 +0000] "GET /univ/img/ss-twitter.png HTTP/1.1" 304 0 
0:0:0:0:0:0:0:1 -  -  [28/Feb/2014:06:21:51 +0000] "GET /univ/img/ss-pinterest.png HTTP/1.1" 304 0 
0:0:0:0:0:0:0:1 -  -  [28/Feb/2014:06:21:51 +0000] "GET /univ/css/font-awesome.css HTTP/1.1" 304 0 
0:0:0:0:0:0:0:1 -  -  [28/Feb/2014:06:21:51 +0000] "GET /univ/img/logo.png HTTP/1.1" 304 0 
0:0:0:0:0:0:0:1 -  -  [28/Feb/2014:06:21:51 +0000] "GET /univ/img/modal-close.png HTTP/1.1" 304 0 
0:0:0:0:0:0:0:1 -  -  [28/Feb/2014:06:21:51 +0000] "GET /univ/js/lib/jquery.js HTTP/1.1" 304 0 
0:0:0:0:0:0:0:1 -  -  [28/Feb/2014:06:21:51 +0000] "GET /univ/js/common.js HTTP/1.1" 304 0 
0:0:0:0:0:0:0:1 -  -  [28/Feb/2014:06:21:51 +0000] "GET /univ/js/app/SubUserAddView.js HTTP/1.1" 200 3276 
0:0:0:0:0:0:0:1 -  -  [28/Feb/2014:06:24:53 +0000] "GET /univ/module/admin/subuseradd/ HTTP/1.1" 304 0 
0:0:0:0:0:0:0:1 -  -  [28/Feb/2014:06:24:53 +0000] "GET /univ/css/font-awesome.css HTTP/1.1" 304 0 
0:0:0:0:0:0:0:1 -  -  [28/Feb/2014:06:24:53 +0000] "GET /univ/css/style.css HTTP/1.1" 200 60678 
0:0:0:0:0:0:0:1 -  -  [28/Feb/2014:06:24:53 +0000] "GET /univ/img/ss-facebook.png HTTP/1.1" 304 0 
0:0:0:0:0:0:0:1 -  -  [28/Feb/2014:06:24:53 +0000] "GET /univ/img/ss-pinterest.png HTTP/1.1" 304 0 
0:0:0:0:0:0:0:1 -  -  [28/Feb/2014:06:24:53 +0000] "GET /univ/img/ss-twitter.png HTTP/1.1" 304 0 
0:0:0:0:0:0:0:1 -  -  [28/Feb/2014:06:24:53 +0000] "GET /univ/js/lib/require.js HTTP/1.1" 304 0 
0:0:0:0:0:0:0:1 -  -  [28/Feb/2014:06:24:53 +0000] "GET /univ/img/logo.png HTTP/1.1" 304 0 
0:0:0:0:0:0:0:1 -  -  [28/Feb/2014:06:24:53 +0000] "GET /univ/img/modal-close.png HTTP/1.1" 304 0 
0:0:0:0:0:0:0:1 -  -  [28/Feb/2014:06:24:53 +0000] "GET /univ/js/lib/jquery.js HTTP/1.1" 304 0 
0:0:0:0:0:0:0:1 -  -  [28/Feb/2014:06:24:53 +0000] "GET /univ/js/common.js HTTP/1.1" 304 0 
0:0:0:0:0:0:0:1 -  -  [28/Feb/2014:06:24:53 +0000] "GET /univ/js/app/SubUserAddView.js HTTP/1.1" 304 0 
0:0:0:0:0:0:0:1 -  -  [28/Feb/2014:06:25:46 +0000] "GET /univ/module/admin/subuseradd/ HTTP/1.1" 304 0 
0:0:0:0:0:0:0:1 -  -  [28/Feb/2014:06:25:46 +0000] "GET /univ/css/font-awesome.css HTTP/1.1" 304 0 
0:0:0:0:0:0:0:1 -  -  [28/Feb/2014:06:25:46 +0000] "GET /univ/js/lib/require.js HTTP/1.1" 304 0 
0:0:0:0:0:0:0:1 -  -  [28/Feb/2014:06:25:46 +0000] "GET /univ/css/style.css HTTP/1.1" 200 60684 
0:0:0:0:0:0:0:1 -  -  [28/Feb/2014:06:25:46 +0000] "GET /univ/img/ss-twitter.png HTTP/1.1" 304 0 
0:0:0:0:0:0:0:1 -  -  [28/Feb/2014:06:25:46 +0000] "GET /univ/img/ss-pinterest.png HTTP/1.1" 304 0 
0:0:0:0:0:0:0:1 -  -  [28/Feb/2014:06:25:46 +0000] "GET /univ/img/ss-facebook.png HTTP/1.1" 304 0 
0:0:0:0:0:0:0:1 -  -  [28/Feb/2014:06:25:46 +0000] "GET /univ/img/logo.png HTTP/1.1" 304 0 
0:0:0:0:0:0:0:1 -  -  [28/Feb/2014:06:25:46 +0000] "GET /univ/img/modal-close.png HTTP/1.1" 304 0 
0:0:0:0:0:0:0:1 -  -  [28/Feb/2014:06:25:46 +0000] "GET /univ/js/common.js HTTP/1.1" 304 0 
0:0:0:0:0:0:0:1 -  -  [28/Feb/2014:06:25:46 +0000] "GET /univ/js/lib/jquery.js HTTP/1.1" 304 0 
0:0:0:0:0:0:0:1 -  -  [28/Feb/2014:06:25:46 +0000] "GET /univ/js/app/SubUserAddView.js HTTP/1.1" 304 0 
0:0:0:0:0:0:0:1 -  -  [28/Feb/2014:06:25:59 +0000] "GET /univ/module/admin HTTP/1.1" 302 0 
0:0:0:0:0:0:0:1 -  -  [28/Feb/2014:06:25:59 +0000] "GET /univ/css/style.css HTTP/1.1" 304 0 
0:0:0:0:0:0:0:1 -  -  [28/Feb/2014:06:26:01 +0000] "GET /univ/module/admin/overview HTTP/1.1" 302 0 
0:0:0:0:0:0:0:1 -  -  [28/Feb/2014:06:26:01 +0000] "GET /univ/module/admin/overview/ HTTP/1.1" 200 4511 
0:0:0:0:0:0:0:1 -  -  [28/Feb/2014:06:26:01 +0000] "GET /univ/css/style.css HTTP/1.1" 304 0 
0:0:0:0:0:0:0:1 -  -  [28/Feb/2014:06:26:02 +0000] "GET /univ/js/app/OverViewView.js HTTP/1.1" 200 2577 
0:0:0:0:0:0:0:1 -  -  [28/Feb/2014:06:26:08 +0000] "GET /univ/module/admin HTTP/1.1" 302 0 
0:0:0:0:0:0:0:1 -  -  [28/Feb/2014:06:26:09 +0000] "GET /univ/css/style.css HTTP/1.1" 304 0 
0:0:0:0:0:0:0:1 -  -  [28/Feb/2014:06:26:12 +0000] "GET /univ HTTP/1.1" 302 0 
0:0:0:0:0:0:0:1 -  -  [28/Feb/2014:06:26:12 +0000] "GET /univ/css/style.css HTTP/1.1" 304 0 
0:0:0:0:0:0:0:1 -  -  [28/Feb/2014:06:26:12 +0000] "GET /univ/module/studentlist HTTP/1.1" 302 0 
0:0:0:0:0:0:0:1 -  -  [28/Feb/2014:06:26:16 +0000] "GET /univ/module/admin HTTP/1.1" 302 0 
0:0:0:0:0:0:0:1 -  -  [28/Feb/2014:06:26:16 +0000] "GET /univ/css/style.css HTTP/1.1" 304 0 
0:0:0:0:0:0:0:1 -  -  [28/Feb/2014:06:26:18 +0000] "GET /univ/module/admin/ HTTP/1.1" 304 0 
0:0:0:0:0:0:0:1 -  -  [28/Feb/2014:06:26:18 +0000] "GET /univ/css/font-awesome.css HTTP/1.1" 304 0 
0:0:0:0:0:0:0:1 -  -  [28/Feb/2014:06:26:18 +0000] "GET /univ/css/morris.css HTTP/1.1" 304 0 
0:0:0:0:0:0:0:1 -  -  [28/Feb/2014:06:26:18 +0000] "GET /univ/css/style.css HTTP/1.1" 304 0 
0:0:0:0:0:0:0:1 -  -  [28/Feb/2014:06:26:18 +0000] "GET /univ/js/lib/require.js HTTP/1.1" 304 0 
0:0:0:0:0:0:0:1 -  -  [28/Feb/2014:06:26:18 +0000] "GET /univ/img/ss-facebook.png HTTP/1.1" 304 0 
0:0:0:0:0:0:0:1 -  -  [28/Feb/2014:06:26:18 +0000] "GET /univ/img/ss-twitter.png HTTP/1.1" 304 0 
0:0:0:0:0:0:0:1 -  -  [28/Feb/2014:06:26:18 +0000] "GET /univ/img/ss-pinterest.png HTTP/1.1" 304 0 
0:0:0:0:0:0:0:1 -  -  [28/Feb/2014:06:26:18 +0000] "GET /univ/img/logo.png HTTP/1.1" 304 0 
0:0:0:0:0:0:0:1 -  -  [28/Feb/2014:06:26:18 +0000] "GET /univ/img/prev-up.png HTTP/1.1" 304 0 
0:0:0:0:0:0:0:1 -  -  [28/Feb/2014:06:26:18 +0000] "GET /univ/img/next-up.png HTTP/1.1" 304 0 
0:0:0:0:0:0:0:1 -  -  [28/Feb/2014:06:26:19 +0000] "GET /univ HTTP/1.1" 302 0 
0:0:0:0:0:0:0:1 -  -  [28/Feb/2014:06:30:35 +0000] "GET /univ/ HTTP/1.1" 304 0 
0:0:0:0:0:0:0:1 -  -  [28/Feb/2014:06:30:35 +0000] "GET /univ/css/style.css HTTP/1.1" 200 60979 
0:0:0:0:0:0:0:1 -  -  [28/Feb/2014:06:30:35 +0000] "GET /univ/img/ss-facebook-large.png HTTP/1.1" 304 0 
0:0:0:0:0:0:0:1 -  -  [28/Feb/2014:06:30:35 +0000] "GET /univ/img/ss-pinterest-large.png HTTP/1.1" 304 0 
0:0:0:0:0:0:0:1 -  -  [28/Feb/2014:06:30:35 +0000] "GET /univ/img/map.jpg HTTP/1.1" 304 0 
0:0:0:0:0:0:0:1 -  -  [28/Feb/2014:06:30:35 +0000] "GET /univ/img/ss-twitter-large.png HTTP/1.1" 304 0 
0:0:0:0:0:0:0:1 -  -  [28/Feb/2014:06:30:35 +0000] "GET /univ/img/login.png HTTP/1.1" 304 0 
0:0:0:0:0:0:0:1 -  -  [28/Feb/2014:06:30:35 +0000] "GET /univ/js/lib/require.js HTTP/1.1" 304 0 
0:0:0:0:0:0:0:1 -  -  [28/Feb/2014:06:30:35 +0000] "GET /univ/img/ss-facebook.png HTTP/1.1" 304 0 
0:0:0:0:0:0:0:1 -  -  [28/Feb/2014:06:30:35 +0000] "GET /univ/img/ss-twitter.png HTTP/1.1" 304 0 
0:0:0:0:0:0:0:1 -  -  [28/Feb/2014:06:30:35 +0000] "GET /univ/img/ss-pinterest.png HTTP/1.1" 304 0 
0:0:0:0:0:0:0:1 -  -  [28/Feb/2014:06:30:35 +0000] "GET /univ/img/logo.png HTTP/1.1" 304 0 
0:0:0:0:0:0:0:1 -  -  [28/Feb/2014:06:30:35 +0000] "GET /univ/img/next-up.png HTTP/1.1" 304 0 
0:0:0:0:0:0:0:1 -  -  [28/Feb/2014:06:30:35 +0000] "GET /univ/img/gradient-top.png HTTP/1.1" 304 0 
0:0:0:0:0:0:0:1 -  -  [28/Feb/2014:06:30:35 +0000] "GET /univ/img/gradient-bottom.png HTTP/1.1" 304 0 
0:0:0:0:0:0:0:1 -  -  [28/Feb/2014:06:31:29 +0000] "GET /univ/ HTTP/1.1" 304 0 
0:0:0:0:0:0:0:1 -  -  [28/Feb/2014:06:31:29 +0000] "GET /univ/css/style.css HTTP/1.1" 200 60983 
0:0:0:0:0:0:0:1 -  -  [28/Feb/2014:06:31:29 +0000] "GET /univ/img/login.png HTTP/1.1" 304 0 
0:0:0:0:0:0:0:1 -  -  [28/Feb/2014:06:31:29 +0000] "GET /univ/img/ss-twitter-large.png HTTP/1.1" 304 0 
0:0:0:0:0:0:0:1 -  -  [28/Feb/2014:06:31:29 +0000] "GET /univ/img/ss-pinterest-large.png HTTP/1.1" 304 0 
0:0:0:0:0:0:0:1 -  -  [28/Feb/2014:06:31:29 +0000] "GET /univ/img/map.jpg HTTP/1.1" 304 0 
0:0:0:0:0:0:0:1 -  -  [28/Feb/2014:06:31:29 +0000] "GET /univ/img/ss-facebook-large.png HTTP/1.1" 304 0 
0:0:0:0:0:0:0:1 -  -  [28/Feb/2014:06:31:29 +0000] "GET /univ/js/lib/require.js HTTP/1.1" 304 0 
0:0:0:0:0:0:0:1 -  -  [28/Feb/2014:06:31:29 +0000] "GET /univ/img/ss-pinterest.png HTTP/1.1" 304 0 
0:0:0:0:0:0:0:1 -  -  [28/Feb/2014:06:31:29 +0000] "GET /univ/img/ss-facebook.png HTTP/1.1" 304 0 
0:0:0:0:0:0:0:1 -  -  [28/Feb/2014:06:31:29 +0000] "GET /univ/img/ss-twitter.png HTTP/1.1" 304 0 
0:0:0:0:0:0:0:1 -  -  [28/Feb/2014:06:31:29 +0000] "GET /univ/img/logo.png HTTP/1.1" 304 0 
0:0:0:0:0:0:0:1 -  -  [28/Feb/2014:06:31:29 +0000] "GET /univ/img/gradient-top.png HTTP/1.1" 304 0 
0:0:0:0:0:0:0:1 -  -  [28/Feb/2014:06:31:29 +0000] "GET /univ/img/next-up.png HTTP/1.1" 304 0 
0:0:0:0:0:0:0:1 -  -  [28/Feb/2014:06:31:29 +0000] "GET /univ/img/gradient-bottom.png HTTP/1.1" 304 0 
0:0:0:0:0:0:0:1 -  -  [28/Feb/2014:06:31:29 +0000] "GET /univ/js/lib/jquery.js HTTP/1.1" 304 0 
0:0:0:0:0:0:0:1 -  -  [28/Feb/2014:06:31:29 +0000] "GET /univ/js/common.js HTTP/1.1" 304 0 
0:0:0:0:0:0:0:1 -  -  [28/Feb/2014:06:31:44 +0000] "GET /univ/ HTTP/1.1" 304 0 
0:0:0:0:0:0:0:1 -  -  [28/Feb/2014:06:31:44 +0000] "GET /univ/css/style.css HTTP/1.1" 200 60974 
0:0:0:0:0:0:0:1 -  -  [28/Feb/2014:06:31:44 +0000] "GET /univ/img/map.jpg HTTP/1.1" 304 0 
0:0:0:0:0:0:0:1 -  -  [28/Feb/2014:06:31:44 +0000] "GET /univ/img/ss-facebook-large.png HTTP/1.1" 304 0 
0:0:0:0:0:0:0:1 -  -  [28/Feb/2014:06:31:44 +0000] "GET /univ/img/ss-twitter-large.png HTTP/1.1" 304 0 
0:0:0:0:0:0:0:1 -  -  [28/Feb/2014:06:31:44 +0000] "GET /univ/img/login.png HTTP/1.1" 304 0 
0:0:0:0:0:0:0:1 -  -  [28/Feb/2014:06:31:44 +0000] "GET /univ/img/ss-pinterest-large.png HTTP/1.1" 304 0 
0:0:0:0:0:0:0:1 -  -  [28/Feb/2014:06:31:44 +0000] "GET /univ/js/lib/require.js HTTP/1.1" 304 0 
0:0:0:0:0:0:0:1 -  -  [28/Feb/2014:06:31:44 +0000] "GET /univ/img/ss-facebook.png HTTP/1.1" 304 0 
0:0:0:0:0:0:0:1 -  -  [28/Feb/2014:06:31:44 +0000] "GET /univ/img/ss-twitter.png HTTP/1.1" 304 0 
0:0:0:0:0:0:0:1 -  -  [28/Feb/2014:06:31:44 +0000] "GET /univ/img/ss-pinterest.png HTTP/1.1" 304 0 
0:0:0:0:0:0:0:1 -  -  [28/Feb/2014:06:31:44 +0000] "GET /univ/img/logo.png HTTP/1.1" 304 0 
0:0:0:0:0:0:0:1 -  -  [28/Feb/2014:06:31:44 +0000] "GET /univ/img/next-up.png HTTP/1.1" 304 0 
0:0:0:0:0:0:0:1 -  -  [28/Feb/2014:06:31:44 +0000] "GET /univ/img/gradient-top.png HTTP/1.1" 304 0 
0:0:0:0:0:0:0:1 -  -  [28/Feb/2014:06:31:44 +0000] "GET /univ/img/gradient-bottom.png HTTP/1.1" 304 0 
0:0:0:0:0:0:0:1 -  -  [28/Feb/2014:06:31:44 +0000] "GET /univ/js/common.js HTTP/1.1" 304 0 
0:0:0:0:0:0:0:1 -  -  [28/Feb/2014:06:31:44 +0000] "GET /univ/js/lib/jquery.js HTTP/1.1" 304 0 
0:0:0:0:0:0:0:1 -  -  [28/Feb/2014:06:32:24 +0000] "GET /univ/ HTTP/1.1" 304 0 
0:0:0:0:0:0:0:1 -  -  [28/Feb/2014:06:32:24 +0000] "GET /univ/css/style.css HTTP/1.1" 200 60976 
0:0:0:0:0:0:0:1 -  -  [28/Feb/2014:06:32:24 +0000] "GET /univ/img/ss-facebook-large.png HTTP/1.1" 304 0 
0:0:0:0:0:0:0:1 -  -  [28/Feb/2014:06:32:24 +0000] "GET /univ/img/map.jpg HTTP/1.1" 304 0 
0:0:0:0:0:0:0:1 -  -  [28/Feb/2014:06:32:24 +0000] "GET /univ/img/login.png HTTP/1.1" 304 0 
0:0:0:0:0:0:0:1 -  -  [28/Feb/2014:06:32:24 +0000] "GET /univ/img/ss-pinterest-large.png HTTP/1.1" 304 0 
0:0:0:0:0:0:0:1 -  -  [28/Feb/2014:06:32:24 +0000] "GET /univ/img/ss-twitter-large.png HTTP/1.1" 304 0 
0:0:0:0:0:0:0:1 -  -  [28/Feb/2014:06:32:24 +0000] "GET /univ/img/ss-facebook.png HTTP/1.1" 304 0 
0:0:0:0:0:0:0:1 -  -  [28/Feb/2014:06:32:24 +0000] "GET /univ/img/ss-twitter.png HTTP/1.1" 304 0 
0:0:0:0:0:0:0:1 -  -  [28/Feb/2014:06:32:24 +0000] "GET /univ/js/lib/require.js HTTP/1.1" 304 0 
0:0:0:0:0:0:0:1 -  -  [28/Feb/2014:06:32:24 +0000] "GET /univ/img/ss-pinterest.png HTTP/1.1" 304 0 
0:0:0:0:0:0:0:1 -  -  [28/Feb/2014:06:32:24 +0000] "GET /univ/img/logo.png HTTP/1.1" 304 0 
0:0:0:0:0:0:0:1 -  -  [28/Feb/2014:06:32:24 +0000] "GET /univ/img/next-up.png HTTP/1.1" 304 0 
0:0:0:0:0:0:0:1 -  -  [28/Feb/2014:06:32:24 +0000] "GET /univ/img/gradient-top.png HTTP/1.1" 304 0 
0:0:0:0:0:0:0:1 -  -  [28/Feb/2014:06:32:24 +0000] "GET /univ/img/gradient-bottom.png HTTP/1.1" 304 0 
0:0:0:0:0:0:0:1 -  -  [28/Feb/2014:06:32:24 +0000] "GET /univ/js/lib/jquery.js HTTP/1.1" 304 0 
0:0:0:0:0:0:0:1 -  -  [28/Feb/2014:06:32:24 +0000] "GET /univ/js/common.js HTTP/1.1" 304 0 
0:0:0:0:0:0:0:1 -  -  [28/Feb/2014:06:32:38 +0000] "GET /univ/module/studentlist HTTP/1.1" 302 0 
0:0:0:0:0:0:0:1 -  -  [28/Feb/2014:06:32:38 +0000] "GET /univ/css/style.css HTTP/1.1" 304 0 
0:0:0:0:0:0:0:1 -  -  [28/Feb/2014:06:32:41 +0000] "GET /univ/module/admin HTTP/1.1" 302 0 
0:0:0:0:0:0:0:1 -  -  [28/Feb/2014:06:32:41 +0000] "GET /univ/css/style.css HTTP/1.1" 304 0 
0:0:0:0:0:0:0:1 -  -  [28/Feb/2014:06:32:43 +0000] "GET /univ/module/admin/overview HTTP/1.1" 302 0 
0:0:0:0:0:0:0:1 -  -  [28/Feb/2014:06:32:43 +0000] "GET /univ/module/admin/overview/ HTTP/1.1" 304 0 
0:0:0:0:0:0:0:1 -  -  [28/Feb/2014:06:32:43 +0000] "GET /univ/css/style.css HTTP/1.1" 304 0 
0:0:0:0:0:0:0:1 -  -  [28/Feb/2014:06:32:44 +0000] "GET /univ/js/app/OverViewView.js HTTP/1.1" 304 0 
0:0:0:0:0:0:0:1 -  -  [28/Feb/2014:06:32:47 +0000] "GET /univ/module/admin HTTP/1.1" 302 0 
0:0:0:0:0:0:0:1 -  -  [28/Feb/2014:06:32:47 +0000] "GET /univ/css/style.css HTTP/1.1" 304 0 
0:0:0:0:0:0:0:1 -  -  [28/Feb/2014:06:32:51 +0000] "GET /univ/module/admin/subuseradd HTTP/1.1" 302 0 
0:0:0:0:0:0:0:1 -  -  [28/Feb/2014:06:32:51 +0000] "GET /univ/module/admin/subuseradd/ HTTP/1.1" 304 0 
0:0:0:0:0:0:0:1 -  -  [28/Feb/2014:06:32:51 +0000] "GET /univ/css/style.css HTTP/1.1" 304 0 
0:0:0:0:0:0:0:1 -  -  [28/Feb/2014:06:32:52 +0000] "GET /univ/js/app/SubUserAddView.js HTTP/1.1" 304 0 
0:0:0:0:0:0:0:1 -  -  [28/Feb/2014:06:32:57 +0000] "GET /univ/module/admin HTTP/1.1" 302 0 
0:0:0:0:0:0:0:1 -  -  [28/Feb/2014:06:32:57 +0000] "GET /univ/css/style.css HTTP/1.1" 304 0 
0:0:0:0:0:0:0:1 -  -  [28/Feb/2014:06:33:02 +0000] "GET /univ HTTP/1.1" 302 0 
0:0:0:0:0:0:0:1 -  -  [28/Feb/2014:06:33:02 +0000] "GET /univ/css/style.css HTTP/1.1" 304 0 
0:0:0:0:0:0:0:1 -  -  [28/Feb/2014:06:33:02 +0000] "GET /univ/module/studentlist HTTP/1.1" 302 0 
0:0:0:0:0:0:0:1 -  -  [28/Feb/2014:06:33:05 +0000] "GET /univ/module/admin HTTP/1.1" 302 0 
0:0:0:0:0:0:0:1 -  -  [28/Feb/2014:06:33:07 +0000] "GET /univ/module/admin/ HTTP/1.1" 304 0 
0:0:0:0:0:0:0:1 -  -  [28/Feb/2014:06:33:07 +0000] "GET /univ/css/font-awesome.css HTTP/1.1" 304 0 
0:0:0:0:0:0:0:1 -  -  [28/Feb/2014:06:33:07 +0000] "GET /univ/css/style.css HTTP/1.1" 304 0 
0:0:0:0:0:0:0:1 -  -  [28/Feb/2014:06:33:07 +0000] "GET /univ/css/morris.css HTTP/1.1" 304 0 
0:0:0:0:0:0:0:1 -  -  [28/Feb/2014:06:33:07 +0000] "GET /univ/img/ss-twitter.png HTTP/1.1" 304 0 
0:0:0:0:0:0:0:1 -  -  [28/Feb/2014:06:33:07 +0000] "GET /univ/js/lib/require.js HTTP/1.1" 304 0 
0:0:0:0:0:0:0:1 -  -  [28/Feb/2014:06:33:07 +0000] "GET /univ/img/ss-facebook.png HTTP/1.1" 304 0 
0:0:0:0:0:0:0:1 -  -  [28/Feb/2014:06:33:07 +0000] "GET /univ/img/ss-pinterest.png HTTP/1.1" 304 0 
0:0:0:0:0:0:0:1 -  -  [28/Feb/2014:06:33:07 +0000] "GET /univ/img/logo.png HTTP/1.1" 304 0 
0:0:0:0:0:0:0:1 -  -  [28/Feb/2014:06:33:07 +0000] "GET /univ/img/prev-up.png HTTP/1.1" 304 0 
0:0:0:0:0:0:0:1 -  -  [28/Feb/2014:06:33:07 +0000] "GET /univ/img/next-up.png HTTP/1.1" 304 0 
0:0:0:0:0:0:0:1 -  -  [28/Feb/2014:06:33:08 +0000] "GET /univ HTTP/1.1" 302 0 
0:0:0:0:0:0:0:1 -  -  [28/Feb/2014:06:34:19 +0000] "GET /univ/ HTTP/1.1" 304 0 
0:0:0:0:0:0:0:1 -  -  [28/Feb/2014:06:34:19 +0000] "GET /univ/css/style.css HTTP/1.1" 200 61268 
0:0:0:0:0:0:0:1 -  -  [28/Feb/2014:06:34:19 +0000] "GET /univ/img/ss-facebook-large.png HTTP/1.1" 304 0 
0:0:0:0:0:0:0:1 -  -  [28/Feb/2014:06:34:19 +0000] "GET /univ/img/map.jpg HTTP/1.1" 304 0 
0:0:0:0:0:0:0:1 -  -  [28/Feb/2014:06:34:19 +0000] "GET /univ/img/ss-pinterest-large.png HTTP/1.1" 304 0 
0:0:0:0:0:0:0:1 -  -  [28/Feb/2014:06:34:19 +0000] "GET /univ/img/login.png HTTP/1.1" 304 0 
0:0:0:0:0:0:0:1 -  -  [28/Feb/2014:06:34:19 +0000] "GET /univ/img/ss-twitter-large.png HTTP/1.1" 304 0 
0:0:0:0:0:0:0:1 -  -  [28/Feb/2014:06:34:19 +0000] "GET /univ/js/lib/require.js HTTP/1.1" 304 0 
0:0:0:0:0:0:0:1 -  -  [28/Feb/2014:06:34:19 +0000] "GET /univ/img/ss-twitter.png HTTP/1.1" 304 0 
0:0:0:0:0:0:0:1 -  -  [28/Feb/2014:06:34:19 +0000] "GET /univ/img/ss-facebook.png HTTP/1.1" 304 0 
0:0:0:0:0:0:0:1 -  -  [28/Feb/2014:06:34:19 +0000] "GET /univ/img/ss-pinterest.png HTTP/1.1" 304 0 
0:0:0:0:0:0:0:1 -  -  [28/Feb/2014:06:34:19 +0000] "GET /univ/img/next-up.png HTTP/1.1" 304 0 
0:0:0:0:0:0:0:1 -  -  [28/Feb/2014:06:34:19 +0000] "GET /univ/img/logo.png HTTP/1.1" 304 0 
0:0:0:0:0:0:0:1 -  -  [28/Feb/2014:06:34:19 +0000] "GET /univ/img/gradient-top.png HTTP/1.1" 304 0 
0:0:0:0:0:0:0:1 -  -  [28/Feb/2014:06:34:19 +0000] "GET /univ/img/gradient-bottom.png HTTP/1.1" 304 0 
0:0:0:0:0:0:0:1 -  -  [28/Feb/2014:06:34:19 +0000] "GET /univ/js/lib/jquery.js HTTP/1.1" 304 0 
0:0:0:0:0:0:0:1 -  -  [28/Feb/2014:06:34:19 +0000] "GET /univ/js/common.js HTTP/1.1" 304 0 
0:0:0:0:0:0:0:1 -  -  [28/Feb/2014:06:34:46 +0000] "GET /univ/ HTTP/1.1" 304 0 
0:0:0:0:0:0:0:1 -  -  [28/Feb/2014:06:34:46 +0000] "GET /univ/img/map.jpg HTTP/1.1" 304 0 
0:0:0:0:0:0:0:1 -  -  [28/Feb/2014:06:34:46 +0000] "GET /univ/css/style.css HTTP/1.1" 200 61270 
0:0:0:0:0:0:0:1 -  -  [28/Feb/2014:06:34:46 +0000] "GET /univ/img/ss-pinterest-large.png HTTP/1.1" 304 0 
0:0:0:0:0:0:0:1 -  -  [28/Feb/2014:06:34:46 +0000] "GET /univ/img/ss-twitter-large.png HTTP/1.1" 304 0 
0:0:0:0:0:0:0:1 -  -  [28/Feb/2014:06:34:46 +0000] "GET /univ/img/login.png HTTP/1.1" 304 0 
0:0:0:0:0:0:0:1 -  -  [28/Feb/2014:06:34:46 +0000] "GET /univ/img/ss-facebook-large.png HTTP/1.1" 304 0 
0:0:0:0:0:0:0:1 -  -  [28/Feb/2014:06:34:46 +0000] "GET /univ/img/ss-facebook.png HTTP/1.1" 304 0 
0:0:0:0:0:0:0:1 -  -  [28/Feb/2014:06:34:46 +0000] "GET /univ/js/lib/require.js HTTP/1.1" 304 0 
0:0:0:0:0:0:0:1 -  -  [28/Feb/2014:06:34:46 +0000] "GET /univ/img/ss-twitter.png HTTP/1.1" 304 0 
0:0:0:0:0:0:0:1 -  -  [28/Feb/2014:06:34:46 +0000] "GET /univ/img/ss-pinterest.png HTTP/1.1" 304 0 
0:0:0:0:0:0:0:1 -  -  [28/Feb/2014:06:34:46 +0000] "GET /univ/img/gradient-bottom.png HTTP/1.1" 304 0 
0:0:0:0:0:0:0:1 -  -  [28/Feb/2014:06:34:46 +0000] "GET /univ/img/gradient-top.png HTTP/1.1" 304 0 
0:0:0:0:0:0:0:1 -  -  [28/Feb/2014:06:34:46 +0000] "GET /univ/img/next-up.png HTTP/1.1" 304 0 
0:0:0:0:0:0:0:1 -  -  [28/Feb/2014:06:34:46 +0000] "GET /univ/img/logo.png HTTP/1.1" 304 0 
0:0:0:0:0:0:0:1 -  -  [28/Feb/2014:06:35:31 +0000] "GET /univ/ HTTP/1.1" 304 0 
0:0:0:0:0:0:0:1 -  -  [28/Feb/2014:06:35:31 +0000] "GET /univ/img/ss-facebook-large.png HTTP/1.1" 304 0 
0:0:0:0:0:0:0:1 -  -  [28/Feb/2014:06:35:31 +0000] "GET /univ/img/ss-pinterest-large.png HTTP/1.1" 304 0 
0:0:0:0:0:0:0:1 -  -  [28/Feb/2014:06:35:31 +0000] "GET /univ/img/map.jpg HTTP/1.1" 304 0 
0:0:0:0:0:0:0:1 -  -  [28/Feb/2014:06:35:31 +0000] "GET /univ/img/ss-twitter-large.png HTTP/1.1" 304 0 
0:0:0:0:0:0:0:1 -  -  [28/Feb/2014:06:35:31 +0000] "GET /univ/img/login.png HTTP/1.1" 304 0 
0:0:0:0:0:0:0:1 -  -  [28/Feb/2014:06:35:31 +0000] "GET /univ/css/style.css HTTP/1.1" 200 61283 
0:0:0:0:0:0:0:1 -  -  [28/Feb/2014:06:35:31 +0000] "GET /univ/img/ss-facebook.png HTTP/1.1" 304 0 
0:0:0:0:0:0:0:1 -  -  [28/Feb/2014:06:35:31 +0000] "GET /univ/js/lib/require.js HTTP/1.1" 304 0 
0:0:0:0:0:0:0:1 -  -  [28/Feb/2014:06:35:31 +0000] "GET /univ/img/ss-pinterest.png HTTP/1.1" 304 0 
0:0:0:0:0:0:0:1 -  -  [28/Feb/2014:06:35:31 +0000] "GET /univ/img/ss-twitter.png HTTP/1.1" 304 0 
0:0:0:0:0:0:0:1 -  -  [28/Feb/2014:06:35:31 +0000] "GET /univ/img/logo.png HTTP/1.1" 304 0 
0:0:0:0:0:0:0:1 -  -  [28/Feb/2014:06:35:31 +0000] "GET /univ/img/gradient-top.png HTTP/1.1" 304 0 
0:0:0:0:0:0:0:1 -  -  [28/Feb/2014:06:35:31 +0000] "GET /univ/img/next-up.png HTTP/1.1" 304 0 
0:0:0:0:0:0:0:1 -  -  [28/Feb/2014:06:35:31 +0000] "GET /univ/img/gradient-bottom.png HTTP/1.1" 304 0 
0:0:0:0:0:0:0:1 -  -  [28/Feb/2014:06:36:32 +0000] "GET /univ/ HTTP/1.1" 304 0 
0:0:0:0:0:0:0:1 -  -  [28/Feb/2014:06:36:32 +0000] "GET /univ/css/style.css HTTP/1.1" 200 61280 
0:0:0:0:0:0:0:1 -  -  [28/Feb/2014:06:36:32 +0000] "GET /univ/img/map.jpg HTTP/1.1" 304 0 
0:0:0:0:0:0:0:1 -  -  [28/Feb/2014:06:36:32 +0000] "GET /univ/img/ss-facebook-large.png HTTP/1.1" 304 0 
0:0:0:0:0:0:0:1 -  -  [28/Feb/2014:06:36:32 +0000] "GET /univ/img/ss-twitter-large.png HTTP/1.1" 304 0 
0:0:0:0:0:0:0:1 -  -  [28/Feb/2014:06:36:32 +0000] "GET /univ/img/ss-pinterest-large.png HTTP/1.1" 304 0 
0:0:0:0:0:0:0:1 -  -  [28/Feb/2014:06:36:32 +0000] "GET /univ/img/login.png HTTP/1.1" 304 0 
0:0:0:0:0:0:0:1 -  -  [28/Feb/2014:06:36:32 +0000] "GET /univ/js/lib/require.js HTTP/1.1" 304 0 
0:0:0:0:0:0:0:1 -  -  [28/Feb/2014:06:36:32 +0000] "GET /univ/img/ss-twitter.png HTTP/1.1" 304 0 
0:0:0:0:0:0:0:1 -  -  [28/Feb/2014:06:36:32 +0000] "GET /univ/img/ss-pinterest.png HTTP/1.1" 304 0 
0:0:0:0:0:0:0:1 -  -  [28/Feb/2014:06:36:32 +0000] "GET /univ/img/ss-facebook.png HTTP/1.1" 304 0 
0:0:0:0:0:0:0:1 -  -  [28/Feb/2014:06:36:32 +0000] "GET /univ/img/logo.png HTTP/1.1" 304 0 
0:0:0:0:0:0:0:1 -  -  [28/Feb/2014:06:36:32 +0000] "GET /univ/img/gradient-top.png HTTP/1.1" 304 0 
0:0:0:0:0:0:0:1 -  -  [28/Feb/2014:06:36:32 +0000] "GET /univ/img/next-up.png HTTP/1.1" 304 0 
0:0:0:0:0:0:0:1 -  -  [28/Feb/2014:06:36:32 +0000] "GET /univ/img/gradient-bottom.png HTTP/1.1" 304 0 
0:0:0:0:0:0:0:1 -  -  [28/Feb/2014:06:36:32 +0000] "GET /univ/js/lib/jquery.js HTTP/1.1" 304 0 
0:0:0:0:0:0:0:1 -  -  [28/Feb/2014:06:36:32 +0000] "GET /univ/js/common.js HTTP/1.1" 304 0 
0:0:0:0:0:0:0:1 -  -  [28/Feb/2014:06:36:44 +0000] "GET /univ/css/style.css HTTP/1.1" 304 0 
0:0:0:0:0:0:0:1 -  -  [28/Feb/2014:06:36:44 +0000] "GET /univ/img/project-page-logo.png HTTP/1.1" 200 4971 
0:0:0:0:0:0:0:1 -  -  [28/Feb/2014:06:37:27 +0000] "GET /univ/ HTTP/1.1" 304 0 
0:0:0:0:0:0:0:1 -  -  [28/Feb/2014:06:37:27 +0000] "GET /univ/img/ss-twitter-large.png HTTP/1.1" 304 0 
0:0:0:0:0:0:0:1 -  -  [28/Feb/2014:06:37:27 +0000] "GET /univ/img/map.jpg HTTP/1.1" 304 0 
0:0:0:0:0:0:0:1 -  -  [28/Feb/2014:06:37:27 +0000] "GET /univ/img/login.png HTTP/1.1" 304 0 
0:0:0:0:0:0:0:1 -  -  [28/Feb/2014:06:37:27 +0000] "GET /univ/img/ss-pinterest-large.png HTTP/1.1" 304 0 
0:0:0:0:0:0:0:1 -  -  [28/Feb/2014:06:37:27 +0000] "GET /univ/img/ss-facebook-large.png HTTP/1.1" 304 0 
0:0:0:0:0:0:0:1 -  -  [28/Feb/2014:06:37:27 +0000] "GET /univ/js/lib/require.js HTTP/1.1" 304 0 
0:0:0:0:0:0:0:1 -  -  [28/Feb/2014:06:37:27 +0000] "GET /univ/img/ss-pinterest.png HTTP/1.1" 304 0 
0:0:0:0:0:0:0:1 -  -  [28/Feb/2014:06:37:27 +0000] "GET /univ/css/style.css HTTP/1.1" 200 61277 
0:0:0:0:0:0:0:1 -  -  [28/Feb/2014:06:37:27 +0000] "GET /univ/img/ss-twitter.png HTTP/1.1" 304 0 
0:0:0:0:0:0:0:1 -  -  [28/Feb/2014:06:37:27 +0000] "GET /univ/img/ss-facebook.png HTTP/1.1" 304 0 
0:0:0:0:0:0:0:1 -  -  [28/Feb/2014:06:37:27 +0000] "GET /univ/img/logo.png HTTP/1.1" 304 0 
0:0:0:0:0:0:0:1 -  -  [28/Feb/2014:06:37:27 +0000] "GET /univ/img/gradient-top.png HTTP/1.1" 304 0 
0:0:0:0:0:0:0:1 -  -  [28/Feb/2014:06:37:27 +0000] "GET /univ/img/next-up.png HTTP/1.1" 304 0 
0:0:0:0:0:0:0:1 -  -  [28/Feb/2014:06:37:27 +0000] "GET /univ/img/gradient-bottom.png HTTP/1.1" 304 0 
0:0:0:0:0:0:0:1 -  -  [28/Feb/2014:06:37:27 +0000] "GET /univ/js/lib/jquery.js HTTP/1.1" 304 0 
0:0:0:0:0:0:0:1 -  -  [28/Feb/2014:06:37:27 +0000] "GET /univ/js/common.js HTTP/1.1" 304 0 
0:0:0:0:0:0:0:1 -  -  [28/Feb/2014:06:37:45 +0000] "GET /univ/ HTTP/1.1" 304 0 
0:0:0:0:0:0:0:1 -  -  [28/Feb/2014:06:37:45 +0000] "GET /univ/img/map.jpg HTTP/1.1" 304 0 
0:0:0:0:0:0:0:1 -  -  [28/Feb/2014:06:37:45 +0000] "GET /univ/css/style.css HTTP/1.1" 200 61262 
0:0:0:0:0:0:0:1 -  -  [28/Feb/2014:06:37:45 +0000] "GET /univ/img/ss-facebook-large.png HTTP/1.1" 304 0 
0:0:0:0:0:0:0:1 -  -  [28/Feb/2014:06:37:45 +0000] "GET /univ/img/ss-twitter-large.png HTTP/1.1" 304 0 
0:0:0:0:0:0:0:1 -  -  [28/Feb/2014:06:37:45 +0000] "GET /univ/js/lib/require.js HTTP/1.1" 304 0 
0:0:0:0:0:0:0:1 -  -  [28/Feb/2014:06:37:45 +0000] "GET /univ/img/login.png HTTP/1.1" 304 0 
0:0:0:0:0:0:0:1 -  -  [28/Feb/2014:06:37:45 +0000] "GET /univ/img/ss-pinterest-large.png HTTP/1.1" 304 0 
0:0:0:0:0:0:0:1 -  -  [28/Feb/2014:06:37:45 +0000] "GET /univ/img/ss-pinterest.png HTTP/1.1" 304 0 
0:0:0:0:0:0:0:1 -  -  [28/Feb/2014:06:37:45 +0000] "GET /univ/img/ss-twitter.png HTTP/1.1" 304 0 
0:0:0:0:0:0:0:1 -  -  [28/Feb/2014:06:37:45 +0000] "GET /univ/img/ss-facebook.png HTTP/1.1" 304 0 
0:0:0:0:0:0:0:1 -  -  [28/Feb/2014:06:37:45 +0000] "GET /univ/img/logo.png HTTP/1.1" 304 0 
0:0:0:0:0:0:0:1 -  -  [28/Feb/2014:06:37:45 +0000] "GET /univ/img/next-up.png HTTP/1.1" 304 0 
0:0:0:0:0:0:0:1 -  -  [28/Feb/2014:06:37:45 +0000] "GET /univ/img/gradient-top.png HTTP/1.1" 304 0 
0:0:0:0:0:0:0:1 -  -  [28/Feb/2014:06:37:45 +0000] "GET /univ/img/gradient-bottom.png HTTP/1.1" 304 0 
0:0:0:0:0:0:0:1 -  -  [28/Feb/2014:06:37:45 +0000] "GET /univ/js/common.js HTTP/1.1" 304 0 
0:0:0:0:0:0:0:1 -  -  [28/Feb/2014:06:37:45 +0000] "GET /univ/js/lib/jquery.js HTTP/1.1" 304 0 
0:0:0:0:0:0:0:1 -  -  [28/Feb/2014:06:38:32 +0000] "GET /univ/module/studentlist HTTP/1.1" 302 0 
0:0:0:0:0:0:0:1 -  -  [28/Feb/2014:06:38:32 +0000] "GET /univ/css/style.css HTTP/1.1" 304 0 
0:0:0:0:0:0:0:1 -  -  [28/Feb/2014:06:38:35 +0000] "GET /univ/module/admin HTTP/1.1" 302 0 
0:0:0:0:0:0:0:1 -  -  [28/Feb/2014:06:38:38 +0000] "GET /univ/module/admin/overview HTTP/1.1" 302 0 
0:0:0:0:0:0:0:1 -  -  [28/Feb/2014:06:38:38 +0000] "GET /univ/module/admin/overview/ HTTP/1.1" 304 0 
0:0:0:0:0:0:0:1 -  -  [28/Feb/2014:06:38:38 +0000] "GET /univ/css/style.css HTTP/1.1" 304 0 
0:0:0:0:0:0:0:1 -  -  [28/Feb/2014:06:38:38 +0000] "GET /univ/js/app/OverViewView.js HTTP/1.1" 304 0 
0:0:0:0:0:0:0:1 -  -  [28/Feb/2014:06:38:39 +0000] "GET /univ/module/admin HTTP/1.1" 302 0 
0:0:0:0:0:0:0:1 -  -  [28/Feb/2014:06:38:44 +0000] "GET /univ/module/admin/overview HTTP/1.1" 302 0 
0:0:0:0:0:0:0:1 -  -  [28/Feb/2014:06:38:44 +0000] "GET /univ/css/style.css HTTP/1.1" 304 0 
0:0:0:0:0:0:0:1 -  -  [28/Feb/2014:06:40:08 +0000] "GET /univ/module/admin/overview/ HTTP/1.1" 304 0 
0:0:0:0:0:0:0:1 -  -  [28/Feb/2014:06:40:08 +0000] "GET /univ/css/font-awesome.css HTTP/1.1" 304 0 
0:0:0:0:0:0:0:1 -  -  [28/Feb/2014:06:40:08 +0000] "GET /univ/img/ss-pinterest.png HTTP/1.1" 304 0 
0:0:0:0:0:0:0:1 -  -  [28/Feb/2014:06:40:08 +0000] "GET /univ/js/lib/require.js HTTP/1.1" 304 0 
0:0:0:0:0:0:0:1 -  -  [28/Feb/2014:06:40:08 +0000] "GET /univ/img/ss-facebook.png HTTP/1.1" 304 0 
0:0:0:0:0:0:0:1 -  -  [28/Feb/2014:06:40:08 +0000] "GET /univ/img/ss-twitter.png HTTP/1.1" 304 0 
0:0:0:0:0:0:0:1 -  -  [28/Feb/2014:06:40:08 +0000] "GET /univ/css/style.css HTTP/1.1" 304 0 
0:0:0:0:0:0:0:1 -  -  [28/Feb/2014:06:40:08 +0000] "GET /univ/img/logo.png HTTP/1.1" 304 0 
0:0:0:0:0:0:0:1 -  -  [28/Feb/2014:06:40:08 +0000] "GET /univ/img/modal-close.png HTTP/1.1" 304 0 
0:0:0:0:0:0:0:1 -  -  [28/Feb/2014:06:40:08 +0000] "GET /univ/js/lib/jquery.js HTTP/1.1" 304 0 
0:0:0:0:0:0:0:1 -  -  [28/Feb/2014:06:40:08 +0000] "GET /univ/js/common.js HTTP/1.1" 304 0 
0:0:0:0:0:0:0:1 -  -  [28/Feb/2014:06:40:19 +0000] "GET /univ/module/admin HTTP/1.1" 302 0 
0:0:0:0:0:0:0:1 -  -  [28/Feb/2014:06:40:19 +0000] "GET /univ/fonts/fontawesome-webfont.woff?v=3.2.1 HTTP/1.1" 304 0 
0:0:0:0:0:0:0:1 -  -  [28/Feb/2014:06:40:24 +0000] "GET /univ/module/admin/ HTTP/1.1" 304 0 
0:0:0:0:0:0:0:1 -  -  [28/Feb/2014:06:40:24 +0000] "GET /univ/css/font-awesome.css HTTP/1.1" 304 0 
0:0:0:0:0:0:0:1 -  -  [28/Feb/2014:06:40:24 +0000] "GET /univ/css/morris.css HTTP/1.1" 304 0 
0:0:0:0:0:0:0:1 -  -  [28/Feb/2014:06:40:24 +0000] "GET /univ/css/style.css HTTP/1.1" 304 0 
0:0:0:0:0:0:0:1 -  -  [28/Feb/2014:06:40:24 +0000] "GET /univ/js/lib/require.js HTTP/1.1" 304 0 
0:0:0:0:0:0:0:1 -  -  [28/Feb/2014:06:40:24 +0000] "GET /univ/img/ss-facebook.png HTTP/1.1" 304 0 
0:0:0:0:0:0:0:1 -  -  [28/Feb/2014:06:40:24 +0000] "GET /univ/img/ss-pinterest.png HTTP/1.1" 304 0 
0:0:0:0:0:0:0:1 -  -  [28/Feb/2014:06:40:24 +0000] "GET /univ/img/ss-twitter.png HTTP/1.1" 304 0 
0:0:0:0:0:0:0:1 -  -  [28/Feb/2014:06:40:24 +0000] "GET /univ/img/logo.png HTTP/1.1" 304 0 
0:0:0:0:0:0:0:1 -  -  [28/Feb/2014:06:40:24 +0000] "GET /univ/img/prev-up.png HTTP/1.1" 304 0 
0:0:0:0:0:0:0:1 -  -  [28/Feb/2014:06:40:24 +0000] "GET /univ/img/next-up.png HTTP/1.1" 304 0 
0:0:0:0:0:0:0:1 -  -  [28/Feb/2014:06:40:25 +0000] "GET /univ HTTP/1.1" 302 0 
