0:0:0:0:0:0:0:1 -  -  [03/Mar/2014:20:43:55 +0000] "GET /univ/ HTTP/1.1" 200 1181 
0:0:0:0:0:0:0:1 -  -  [03/Mar/2014:20:43:55 +0000] "GET /univ/js/lib/require.js HTTP/1.1" 200 82686 
0:0:0:0:0:0:0:1 -  -  [03/Mar/2014:20:43:55 +0000] "GET /univ/css/style.css HTTP/1.1" 200 61937 
0:0:0:0:0:0:0:1 -  -  [03/Mar/2014:20:43:55 +0000] "GET /univ/img/logo.png HTTP/1.1" 200 10045 
0:0:0:0:0:0:0:1 -  -  [03/Mar/2014:20:43:55 +0000] "GET /univ/img/gradient-top.png HTTP/1.1" 200 2304 
0:0:0:0:0:0:0:1 -  -  [03/Mar/2014:20:43:55 +0000] "GET /univ/img/gradient-bottom.png HTTP/1.1" 200 2710 
0:0:0:0:0:0:0:1 -  -  [03/Mar/2014:20:43:55 +0000] "GET /univ/js/common.js HTTP/1.1" 200 1591 
0:0:0:0:0:0:0:1 -  -  [03/Mar/2014:20:43:56 +0000] "GET /univ/js/app/PageRoutes.js HTTP/1.1" 200 3746 
0:0:0:0:0:0:0:1 -  -  [03/Mar/2014:20:43:56 +0000] "GET /univ/js/app/StartApp.js HTTP/1.1" 200 1164 
0:0:0:0:0:0:0:1 -  -  [03/Mar/2014:20:43:56 +0000] "GET /univ/js/lib/modernizr-2.5.3.min.js HTTP/1.1" 200 15274 
0:0:0:0:0:0:0:1 -  -  [03/Mar/2014:20:43:56 +0000] "GET /univ/js/lib/jquery.js HTTP/1.1" 200 261745 
0:0:0:0:0:0:0:1 -  -  [03/Mar/2014:20:43:56 +0000] "GET /univ/js/lib/jquery.cookie.js HTTP/1.1" 200 2306 
0:0:0:0:0:0:0:1 -  -  [03/Mar/2014:20:43:56 +0000] "GET /univ/js/app/Router.js HTTP/1.1" 200 29534 
0:0:0:0:0:0:0:1 -  -  [03/Mar/2014:20:43:56 +0000] "GET /univ/js/app/UrlFragment.js HTTP/1.1" 200 14389 
0:0:0:0:0:0:0:1 -  -  [03/Mar/2014:20:43:56 +0000] "GET /univ/js/app/Environment.js HTTP/1.1" 200 1405 
0:0:0:0:0:0:0:1 -  -  [03/Mar/2014:20:43:56 +0000] "GET /univ/js/app/LocationView.js HTTP/1.1" 200 1133 
0:0:0:0:0:0:0:1 -  -  [03/Mar/2014:20:43:56 +0000] "GET /univ/js/app/HashManager.js HTTP/1.1" 200 3464 
0:0:0:0:0:0:0:1 -  -  [03/Mar/2014:20:43:56 +0000] "GET /univ/js/app/Events.js HTTP/1.1" 200 999 
0:0:0:0:0:0:0:1 -  -  [03/Mar/2014:20:43:56 +0000] "GET /univ/js/app/Pager.js HTTP/1.1" 200 3460 
0:0:0:0:0:0:0:1 -  -  [03/Mar/2014:20:43:56 +0000] "GET /univ/js/app/HomeView.js HTTP/1.1" 200 3197 
0:0:0:0:0:0:0:1 -  -  [03/Mar/2014:20:43:56 +0000] "GET /univ/js/lib/text.js HTTP/1.1" 200 13043 
0:0:0:0:0:0:0:1 -  -  [03/Mar/2014:20:43:56 +0000] "GET /univ/js/lib/spin.min.js HTTP/1.1" 200 4027 
0:0:0:0:0:0:0:1 -  -  [03/Mar/2014:20:43:56 +0000] "GET /univ/js/lib/jquery.fitvids.js HTTP/1.1" 200 3168 
0:0:0:0:0:0:0:1 -  -  [03/Mar/2014:20:43:56 +0000] "GET /univ/js/lib/plugins-min.js HTTP/1.1" 200 62913 
0:0:0:0:0:0:0:1 -  -  [03/Mar/2014:20:43:56 +0000] "GET /univ/module/home/index.html HTTP/1.1" 200 4143 
0:0:0:0:0:0:0:1 -  -  [03/Mar/2014:20:43:56 +0000] "GET /univ/js/lib/bloodhound.js HTTP/1.1" 200 24403 
0:0:0:0:0:0:0:1 -  -  [03/Mar/2014:20:43:56 +0000] "GET /univ/js/lib/typeahead.bundle.js HTTP/1.1" 200 66240 
0:0:0:0:0:0:0:1 -  -  [03/Mar/2014:20:43:56 +0000] "GET /univ/img/ss-pinterest-large.png HTTP/1.1" 200 1852 
0:0:0:0:0:0:0:1 -  -  [03/Mar/2014:20:43:56 +0000] "GET /univ/img/ss-twitter-large.png HTTP/1.1" 200 1961 
0:0:0:0:0:0:0:1 -  -  [03/Mar/2014:20:43:56 +0000] "GET /univ/img/ss-facebook.png HTTP/1.1" 200 1050 
0:0:0:0:0:0:0:1 -  -  [03/Mar/2014:20:43:56 +0000] "GET /univ/img/map.jpg HTTP/1.1" 200 13663 
0:0:0:0:0:0:0:1 -  -  [03/Mar/2014:20:43:56 +0000] "GET /univ/img/ss-facebook-large.png HTTP/1.1" 200 1594 
0:0:0:0:0:0:0:1 -  -  [03/Mar/2014:20:43:56 +0000] "GET /univ/img/login.png HTTP/1.1" 200 48879 
0:0:0:0:0:0:0:1 -  -  [03/Mar/2014:20:43:56 +0000] "GET /univ/img/next-up.png HTTP/1.1" 200 1519 
0:0:0:0:0:0:0:1 -  -  [03/Mar/2014:20:43:56 +0000] "GET /univ/img/ss-pinterest.png HTTP/1.1" 200 1207 
0:0:0:0:0:0:0:1 -  -  [03/Mar/2014:20:43:56 +0000] "GET /univ/img/ss-twitter.png HTTP/1.1" 200 1153 
0:0:0:0:0:0:0:1 -  -  [03/Mar/2014:20:43:56 +0000] "GET /univ/js/app/StudentListView.js HTTP/1.1" 200 7724 
0:0:0:0:0:0:0:1 -  -  [03/Mar/2014:20:43:56 +0000] "GET /univ/module/studentlist/index.html HTTP/1.1" 200 2239 
0:0:0:0:0:0:0:1 -  -  [03/Mar/2014:20:43:56 +0000] "GET /univ/js/app/service/DataService.js HTTP/1.1" 200 1270 
0:0:0:0:0:0:0:1 -  -  [03/Mar/2014:20:43:57 +0000] "GET /univ/img/student1.jpg HTTP/1.1" 200 38839 
0:0:0:0:0:0:0:1 -  -  [03/Mar/2014:20:43:57 +0000] "GET /univ/img/prev-up.png HTTP/1.1" 200 1532 
0:0:0:0:0:0:0:1 -  -  [03/Mar/2014:20:43:57 +0000] "GET /univ/css/font-awesome.css HTTP/1.1" 200 26648 
0:0:0:0:0:0:0:1 -  -  [03/Mar/2014:20:43:57 +0000] "GET /univ/img/colorsbook1.png HTTP/1.1" 200 264980 
0:0:0:0:0:0:0:1 -  -  [03/Mar/2014:20:43:57 +0000] "GET /univ/img/classbg.png HTTP/1.1" 200 3918328 
0:0:0:0:0:0:0:1 -  -  [03/Mar/2014:20:43:57 +0000] "GET /univ/data/loginresponse.json?_=1393879436552 HTTP/1.1" 200 3539 
0:0:0:0:0:0:0:1 -  -  [03/Mar/2014:20:43:57 +0000] "GET /univ/img/student4.jpg HTTP/1.1" 200 32146 
0:0:0:0:0:0:0:1 -  -  [03/Mar/2014:20:43:57 +0000] "GET /univ/js/lib/jquery.carousel.min.js HTTP/1.1" 200 32288 
0:0:0:0:0:0:0:1 -  -  [03/Mar/2014:20:43:57 +0000] "GET /univ/img/student2.jpg HTTP/1.1" 200 211416 
0:0:0:0:0:0:0:1 -  -  [03/Mar/2014:20:43:57 +0000] "GET /univ/fonts/fontawesome-webfont.woff?v=3.2.1 HTTP/1.1" 200 43572 
0:0:0:0:0:0:0:1 -  -  [03/Mar/2014:20:43:59 +0000] "GET /univ/js/app/AdminRoutes.js HTTP/1.1" 200 2027 
0:0:0:0:0:0:0:1 -  -  [03/Mar/2014:20:43:59 +0000] "GET /univ/module/admin/index.html HTTP/1.1" 200 8817 
0:0:0:0:0:0:0:1 -  -  [03/Mar/2014:20:43:59 +0000] "GET /univ/js/app/AdminView.js HTTP/1.1" 200 13364 
0:0:0:0:0:0:0:1 -  -  [03/Mar/2014:20:43:59 +0000] "GET /univ/js/lib/raphael.js HTTP/1.1" 200 91410 
0:0:0:0:0:0:0:1 -  -  [03/Mar/2014:20:43:59 +0000] "GET /univ/js/lib/morris.min.js HTTP/1.1" 200 32156 
0:0:0:0:0:0:0:1 -  -  [03/Mar/2014:20:43:59 +0000] "GET /univ/js/lib/swipe.min.js HTTP/1.1" 200 3793 
0:0:0:0:0:0:0:1 -  -  [03/Mar/2014:20:43:59 +0000] "GET /univ/js/lib/Chart.min.js HTTP/1.1" 200 19761 
0:0:0:0:0:0:0:1 -  -  [03/Mar/2014:20:43:59 +0000] "GET /univ/css/morris.css HTTP/1.1" 200 443 
0:0:0:0:0:0:0:1 -  -  [03/Mar/2014:20:43:59 +0000] "GET /univ/data/loginresponse.json?_=1393879436553 HTTP/1.1" 200 3539 
0:0:0:0:0:0:0:1 -  -  [03/Mar/2014:20:44:04 +0000] "GET /univ/js/app/SubUserEditView.js HTTP/1.1" 200 1618 
0:0:0:0:0:0:0:1 -  -  [03/Mar/2014:20:44:04 +0000] "GET /univ/js/lib/jquery.validate.min.js HTTP/1.1" 200 21068 
0:0:0:0:0:0:0:1 -  -  [03/Mar/2014:20:44:04 +0000] "GET /univ/module/admin/subuseredit/index.html HTTP/1.1" 200 3967 
0:0:0:0:0:0:0:1 -  -  [03/Mar/2014:20:44:04 +0000] "GET /univ/img/modal-close.png HTTP/1.1" 200 1353 
0:0:0:0:0:0:0:1 -  -  [03/Mar/2014:20:45:05 +0000] "GET /univ/ HTTP/1.1" 304 0 
0:0:0:0:0:0:0:1 -  -  [03/Mar/2014:20:45:05 +0000] "GET /univ/js/lib/require.js HTTP/1.1" 304 0 
0:0:0:0:0:0:0:1 -  -  [03/Mar/2014:20:45:05 +0000] "GET /univ/img/gradient-bottom.png HTTP/1.1" 304 0 
0:0:0:0:0:0:0:1 -  -  [03/Mar/2014:20:45:05 +0000] "GET /univ/img/gradient-top.png HTTP/1.1" 304 0 
0:0:0:0:0:0:0:1 -  -  [03/Mar/2014:20:45:05 +0000] "GET /univ/css/style.css HTTP/1.1" 304 0 
0:0:0:0:0:0:0:1 -  -  [03/Mar/2014:20:45:05 +0000] "GET /univ/img/logo.png HTTP/1.1" 304 0 
0:0:0:0:0:0:0:1 -  -  [03/Mar/2014:20:45:05 +0000] "GET /univ/js/common.js HTTP/1.1" 304 0 
0:0:0:0:0:0:0:1 -  -  [03/Mar/2014:20:45:05 +0000] "GET /favicon.ico HTTP/1.1" 200 1150 
0:0:0:0:0:0:0:1 -  -  [03/Mar/2014:20:45:11 +0000] "GET /univ/data/loginresponse.json?_=1393879505732 HTTP/1.1" 200 3539 
0:0:0:0:0:0:0:1 -  -  [03/Mar/2014:20:45:39 +0000] "GET /univ/ HTTP/1.1" 200 1181 
0:0:0:0:0:0:0:1 -  -  [03/Mar/2014:20:45:39 +0000] "GET /univ/css/style.css HTTP/1.1" 200 61937 
0:0:0:0:0:0:0:1 -  -  [03/Mar/2014:20:45:39 +0000] "GET /univ/js/lib/require.js HTTP/1.1" 200 82686 
0:0:0:0:0:0:0:1 -  -  [03/Mar/2014:20:45:39 +0000] "GET /univ/img/gradient-bottom.png HTTP/1.1" 200 2710 
0:0:0:0:0:0:0:1 -  -  [03/Mar/2014:20:45:39 +0000] "GET /univ/img/gradient-top.png HTTP/1.1" 200 2304 
0:0:0:0:0:0:0:1 -  -  [03/Mar/2014:20:45:39 +0000] "GET /univ/img/logo.png HTTP/1.1" 200 10045 
0:0:0:0:0:0:0:1 -  -  [03/Mar/2014:20:45:39 +0000] "GET /univ/js/common.js HTTP/1.1" 200 1591 
0:0:0:0:0:0:0:1 -  -  [03/Mar/2014:20:45:40 +0000] "GET /favicon.ico HTTP/1.1" 200 1150 
0:0:0:0:0:0:0:1 -  -  [03/Mar/2014:20:45:40 +0000] "GET /univ/js/lib/modernizr-2.5.3.min.js HTTP/1.1" 200 15274 
0:0:0:0:0:0:0:1 -  -  [03/Mar/2014:20:45:40 +0000] "GET /univ/js/app/PageRoutes.js HTTP/1.1" 200 3746 
0:0:0:0:0:0:0:1 -  -  [03/Mar/2014:20:45:40 +0000] "GET /univ/js/lib/jquery.js HTTP/1.1" 200 261745 
0:0:0:0:0:0:0:1 -  -  [03/Mar/2014:20:45:40 +0000] "GET /univ/js/app/StartApp.js HTTP/1.1" 200 1164 
0:0:0:0:0:0:0:1 -  -  [03/Mar/2014:20:45:40 +0000] "GET /univ/js/app/Router.js HTTP/1.1" 200 29534 
0:0:0:0:0:0:0:1 -  -  [03/Mar/2014:20:45:40 +0000] "GET /univ/js/lib/jquery.cookie.js HTTP/1.1" 200 2306 
0:0:0:0:0:0:0:1 -  -  [03/Mar/2014:20:45:40 +0000] "GET /univ/js/app/LocationView.js HTTP/1.1" 200 1133 
0:0:0:0:0:0:0:1 -  -  [03/Mar/2014:20:45:40 +0000] "GET /univ/js/app/UrlFragment.js HTTP/1.1" 200 14389 
0:0:0:0:0:0:0:1 -  -  [03/Mar/2014:20:45:40 +0000] "GET /univ/js/app/Environment.js HTTP/1.1" 200 1405 
0:0:0:0:0:0:0:1 -  -  [03/Mar/2014:20:45:40 +0000] "GET /univ/js/app/Pager.js HTTP/1.1" 200 3460 
0:0:0:0:0:0:0:1 -  -  [03/Mar/2014:20:45:40 +0000] "GET /univ/js/app/Events.js HTTP/1.1" 200 999 
0:0:0:0:0:0:0:1 -  -  [03/Mar/2014:20:45:40 +0000] "GET /univ/js/app/HashManager.js HTTP/1.1" 200 3464 
0:0:0:0:0:0:0:1 -  -  [03/Mar/2014:20:45:40 +0000] "GET /univ/js/app/AdminRoutes.js HTTP/1.1" 200 2027 
0:0:0:0:0:0:0:1 -  -  [03/Mar/2014:20:45:40 +0000] "GET /univ/js/lib/text.js HTTP/1.1" 200 13043 
0:0:0:0:0:0:0:1 -  -  [03/Mar/2014:20:45:40 +0000] "GET /univ/js/app/AdminView.js HTTP/1.1" 200 13364 
0:0:0:0:0:0:0:1 -  -  [03/Mar/2014:20:45:40 +0000] "GET /univ/module/admin/index.html HTTP/1.1" 200 8817 
0:0:0:0:0:0:0:1 -  -  [03/Mar/2014:20:45:40 +0000] "GET /univ/js/lib/plugins-min.js HTTP/1.1" 200 62913 
0:0:0:0:0:0:0:1 -  -  [03/Mar/2014:20:45:40 +0000] "GET /univ/js/lib/spin.min.js HTTP/1.1" 200 4027 
0:0:0:0:0:0:0:1 -  -  [03/Mar/2014:20:45:40 +0000] "GET /univ/js/lib/jquery.carousel.min.js HTTP/1.1" 200 32288 
0:0:0:0:0:0:0:1 -  -  [03/Mar/2014:20:45:40 +0000] "GET /univ/js/lib/swipe.min.js HTTP/1.1" 200 3793 
0:0:0:0:0:0:0:1 -  -  [03/Mar/2014:20:45:40 +0000] "GET /univ/js/lib/Chart.min.js HTTP/1.1" 200 19761 
0:0:0:0:0:0:0:1 -  -  [03/Mar/2014:20:45:40 +0000] "GET /univ/js/app/service/DataService.js HTTP/1.1" 200 1270 
0:0:0:0:0:0:0:1 -  -  [03/Mar/2014:20:45:40 +0000] "GET /univ/js/lib/morris.min.js HTTP/1.1" 200 32156 
0:0:0:0:0:0:0:1 -  -  [03/Mar/2014:20:45:40 +0000] "GET /univ/js/lib/raphael.js HTTP/1.1" 200 91410 
0:0:0:0:0:0:0:1 -  -  [03/Mar/2014:20:45:40 +0000] "GET /univ/img/ss-facebook.png HTTP/1.1" 200 1050 
0:0:0:0:0:0:0:1 -  -  [03/Mar/2014:20:45:40 +0000] "GET /univ/img/ss-twitter.png HTTP/1.1" 200 1153 
0:0:0:0:0:0:0:1 -  -  [03/Mar/2014:20:45:40 +0000] "GET /univ/img/ss-pinterest.png HTTP/1.1" 200 1207 
0:0:0:0:0:0:0:1 -  -  [03/Mar/2014:20:45:40 +0000] "GET /univ/css/font-awesome.css HTTP/1.1" 200 26648 
0:0:0:0:0:0:0:1 -  -  [03/Mar/2014:20:45:40 +0000] "GET /univ/css/morris.css HTTP/1.1" 200 443 
0:0:0:0:0:0:0:1 -  -  [03/Mar/2014:20:45:40 +0000] "GET /univ/ HTTP/1.1" 304 0 
0:0:0:0:0:0:0:1 -  -  [03/Mar/2014:20:45:41 +0000] "GET /univ/css/style.css HTTP/1.1" 304 0 
0:0:0:0:0:0:0:1 -  -  [03/Mar/2014:20:45:41 +0000] "GET /univ/js/lib/require.js HTTP/1.1" 304 0 
0:0:0:0:0:0:0:1 -  -  [03/Mar/2014:20:45:41 +0000] "GET /univ/img/gradient-top.png HTTP/1.1" 304 0 
0:0:0:0:0:0:0:1 -  -  [03/Mar/2014:20:45:41 +0000] "GET /univ/img/logo.png HTTP/1.1" 304 0 
0:0:0:0:0:0:0:1 -  -  [03/Mar/2014:20:45:41 +0000] "GET /univ/img/gradient-bottom.png HTTP/1.1" 304 0 
0:0:0:0:0:0:0:1 -  -  [03/Mar/2014:20:45:41 +0000] "GET /univ/js/common.js HTTP/1.1" 304 0 
0:0:0:0:0:0:0:1 -  -  [03/Mar/2014:20:45:41 +0000] "GET /univ/js/app/HomeView.js HTTP/1.1" 200 3197 
0:0:0:0:0:0:0:1 -  -  [03/Mar/2014:20:45:41 +0000] "GET /univ/module/home/index.html HTTP/1.1" 200 4143 
0:0:0:0:0:0:0:1 -  -  [03/Mar/2014:20:45:41 +0000] "GET /univ/js/lib/jquery.fitvids.js HTTP/1.1" 200 3168 
0:0:0:0:0:0:0:1 -  -  [03/Mar/2014:20:45:41 +0000] "GET /univ/js/lib/bloodhound.js HTTP/1.1" 200 24403 
0:0:0:0:0:0:0:1 -  -  [03/Mar/2014:20:45:41 +0000] "GET /univ/js/lib/typeahead.bundle.js HTTP/1.1" 200 66240 
0:0:0:0:0:0:0:1 -  -  [03/Mar/2014:20:45:41 +0000] "GET /univ/img/ss-twitter-large.png HTTP/1.1" 200 1961 
0:0:0:0:0:0:0:1 -  -  [03/Mar/2014:20:45:41 +0000] "GET /univ/img/map.jpg HTTP/1.1" 200 13663 
0:0:0:0:0:0:0:1 -  -  [03/Mar/2014:20:45:41 +0000] "GET /univ/img/ss-pinterest-large.png HTTP/1.1" 200 1852 
0:0:0:0:0:0:0:1 -  -  [03/Mar/2014:20:45:41 +0000] "GET /univ/img/ss-facebook-large.png HTTP/1.1" 200 1594 
0:0:0:0:0:0:0:1 -  -  [03/Mar/2014:20:45:41 +0000] "GET /univ/img/login.png HTTP/1.1" 200 48879 
0:0:0:0:0:0:0:1 -  -  [03/Mar/2014:20:45:41 +0000] "GET /univ/img/next-up.png HTTP/1.1" 200 1519 
0:0:0:0:0:0:0:1 -  -  [03/Mar/2014:20:45:41 +0000] "GET /univ/img/4.jpg HTTP/1.1" 200 119196 
0:0:0:0:0:0:0:1 -  -  [03/Mar/2014:20:45:41 +0000] "GET /univ/data/univslist.json?_=1393879541238 HTTP/1.1" 200 72 
0:0:0:0:0:0:0:1 -  -  [03/Mar/2014:20:45:41 +0000] "GET /univ/img/1.jpg HTTP/1.1" 200 208802 
0:0:0:0:0:0:0:1 -  -  [03/Mar/2014:20:45:41 +0000] "GET /univ/img/3.jpg HTTP/1.1" 200 251459 
0:0:0:0:0:0:0:1 -  -  [03/Mar/2014:20:45:41 +0000] "GET /univ/img/5.jpg HTTP/1.1" 200 476812 
0:0:0:0:0:0:0:1 -  -  [03/Mar/2014:20:45:41 +0000] "GET /univ/img/2.jpg HTTP/1.1" 200 1226991 
0:0:0:0:0:0:0:1 -  -  [03/Mar/2014:20:45:43 +0000] "GET /univ/module/entry/index.html HTTP/1.1" 200 2757 
0:0:0:0:0:0:0:1 -  -  [03/Mar/2014:20:45:43 +0000] "GET /univ/js/app/EntryView.js HTTP/1.1" 200 1085 
0:0:0:0:0:0:0:1 -  -  [03/Mar/2014:20:45:43 +0000] "GET /univ/img/modal-close.png HTTP/1.1" 200 1353 
0:0:0:0:0:0:0:1 -  -  [03/Mar/2014:20:45:45 +0000] "GET /univ/js/app/StudentListView.js HTTP/1.1" 200 7724 
0:0:0:0:0:0:0:1 -  -  [03/Mar/2014:20:45:45 +0000] "GET /univ/module/studentlist/index.html HTTP/1.1" 200 2239 
0:0:0:0:0:0:0:1 -  -  [03/Mar/2014:20:45:45 +0000] "GET /univ/data/loginresponse.json?_=1393879541239 HTTP/1.1" 200 3539 
0:0:0:0:0:0:0:1 -  -  [03/Mar/2014:20:45:45 +0000] "GET /univ/img/colorsbook1.png HTTP/1.1" 200 264980 
0:0:0:0:0:0:0:1 -  -  [03/Mar/2014:20:45:45 +0000] "GET /univ/img/student1.jpg HTTP/1.1" 200 38839 
0:0:0:0:0:0:0:1 -  -  [03/Mar/2014:20:45:45 +0000] "GET /univ/img/prev-up.png HTTP/1.1" 200 1532 
0:0:0:0:0:0:0:1 -  -  [03/Mar/2014:20:45:45 +0000] "GET /univ/img/classbg.png HTTP/1.1" 200 3918328 
0:0:0:0:0:0:0:1 -  -  [03/Mar/2014:20:45:45 +0000] "GET /univ/img/student2.jpg HTTP/1.1" 200 211416 
0:0:0:0:0:0:0:1 -  -  [03/Mar/2014:20:45:45 +0000] "GET /univ/img/student4.jpg HTTP/1.1" 200 32146 
0:0:0:0:0:0:0:1 -  -  [03/Mar/2014:20:45:45 +0000] "GET /univ/fonts/fontawesome-webfont.woff?v=3.2.1 HTTP/1.1" 200 43572 
0:0:0:0:0:0:0:1 -  -  [03/Mar/2014:20:45:47 +0000] "GET /univ/data/loginresponse.json?_=1393879541240 HTTP/1.1" 200 3539 
0:0:0:0:0:0:0:1 -  -  [03/Mar/2014:20:45:51 +0000] "GET /univ/module/admin/subuseredit/index.html HTTP/1.1" 200 3967 
0:0:0:0:0:0:0:1 -  -  [03/Mar/2014:20:45:51 +0000] "GET /univ/js/app/SubUserEditView.js HTTP/1.1" 200 1620 
0:0:0:0:0:0:0:1 -  -  [03/Mar/2014:20:45:51 +0000] "GET /univ/js/lib/jquery.validate.min.js HTTP/1.1" 200 21068 
0:0:0:0:0:0:0:1 -  -  [03/Mar/2014:20:45:58 +0000] "GET /univ/ HTTP/1.1" 304 0 
0:0:0:0:0:0:0:1 -  -  [03/Mar/2014:20:45:58 +0000] "GET /univ/css/style.css HTTP/1.1" 304 0 
0:0:0:0:0:0:0:1 -  -  [03/Mar/2014:20:45:58 +0000] "GET /univ/js/lib/require.js HTTP/1.1" 304 0 
0:0:0:0:0:0:0:1 -  -  [03/Mar/2014:20:45:58 +0000] "GET /univ/img/gradient-top.png HTTP/1.1" 304 0 
0:0:0:0:0:0:0:1 -  -  [03/Mar/2014:20:45:58 +0000] "GET /univ/img/gradient-bottom.png HTTP/1.1" 304 0 
0:0:0:0:0:0:0:1 -  -  [03/Mar/2014:20:45:58 +0000] "GET /univ/img/logo.png HTTP/1.1" 304 0 
0:0:0:0:0:0:0:1 -  -  [03/Mar/2014:20:45:59 +0000] "GET /univ/data/loginresponse.json?_=1393879559071 HTTP/1.1" 200 3539 
0:0:0:0:0:0:0:1 -  -  [03/Mar/2014:20:46:05 +0000] "GET /univ/module/admin/subuseradd/index.html HTTP/1.1" 200 4710 
0:0:0:0:0:0:0:1 -  -  [03/Mar/2014:20:46:05 +0000] "GET /univ/js/app/SubUserAddView.js HTTP/1.1" 200 3908 
0:0:0:0:0:0:0:1 -  -  [03/Mar/2014:20:46:05 +0000] "GET /univ/data/loginresponse.json?_=1393879559072 HTTP/1.1" 200 3539 
0:0:0:0:0:0:0:1 -  -  [03/Mar/2014:20:46:07 +0000] "GET /univ/ HTTP/1.1" 304 0 
0:0:0:0:0:0:0:1 -  -  [03/Mar/2014:20:46:07 +0000] "GET /univ/css/style.css HTTP/1.1" 304 0 
0:0:0:0:0:0:0:1 -  -  [03/Mar/2014:20:46:07 +0000] "GET /univ/js/lib/require.js HTTP/1.1" 304 0 
0:0:0:0:0:0:0:1 -  -  [03/Mar/2014:20:46:07 +0000] "GET /univ/img/logo.png HTTP/1.1" 304 0 
0:0:0:0:0:0:0:1 -  -  [03/Mar/2014:20:46:07 +0000] "GET /univ/img/gradient-bottom.png HTTP/1.1" 304 0 
0:0:0:0:0:0:0:1 -  -  [03/Mar/2014:20:46:07 +0000] "GET /univ/img/gradient-top.png HTTP/1.1" 304 0 
0:0:0:0:0:0:0:1 -  -  [03/Mar/2014:20:46:08 +0000] "GET /univ/data/loginresponse.json?_=1393879567910 HTTP/1.1" 200 3539 
0:0:0:0:0:0:0:1 -  -  [03/Mar/2014:20:46:39 +0000] "GET /univ/img/next-over.png HTTP/1.1" 200 1419 
0:0:0:0:0:0:0:1 -  -  [03/Mar/2014:20:59:00 +0000] "GET /univ/ HTTP/1.1" 304 0 
0:0:0:0:0:0:0:1 -  -  [03/Mar/2014:20:59:00 +0000] "GET /univ/css/style.css HTTP/1.1" 304 0 
0:0:0:0:0:0:0:1 -  -  [03/Mar/2014:20:59:00 +0000] "GET /univ/img/gradient-bottom.png HTTP/1.1" 304 0 
0:0:0:0:0:0:0:1 -  -  [03/Mar/2014:20:59:00 +0000] "GET /univ/js/lib/require.js HTTP/1.1" 304 0 
0:0:0:0:0:0:0:1 -  -  [03/Mar/2014:20:59:00 +0000] "GET /univ/img/gradient-top.png HTTP/1.1" 304 0 
0:0:0:0:0:0:0:1 -  -  [03/Mar/2014:20:59:00 +0000] "GET /univ/img/logo.png HTTP/1.1" 304 0 
0:0:0:0:0:0:0:1 -  -  [03/Mar/2014:20:59:00 +0000] "GET /univ/js/common.js HTTP/1.1" 304 0 
0:0:0:0:0:0:0:1 -  -  [03/Mar/2014:20:59:01 +0000] "GET /univ/js/app/Router.js HTTP/1.1" 304 0 
0:0:0:0:0:0:0:1 -  -  [03/Mar/2014:20:59:01 +0000] "GET /univ/js/app/Pager.js HTTP/1.1" 304 0 
0:0:0:0:0:0:0:1 -  -  [03/Mar/2014:20:59:01 +0000] "GET /univ/module/admin/index.html HTTP/1.1" 304 0 
0:0:0:0:0:0:0:1 -  -  [03/Mar/2014:20:59:01 +0000] "GET /univ/data/loginresponse.json?_=1393880341066 HTTP/1.1" 200 3539 
0:0:0:0:0:0:0:1 -  -  [03/Mar/2014:21:12:07 +0000] "GET /univ/ HTTP/1.1" 304 0 
0:0:0:0:0:0:0:1 -  -  [03/Mar/2014:21:12:07 +0000] "GET /univ/css/style.css HTTP/1.1" 304 0 
0:0:0:0:0:0:0:1 -  -  [03/Mar/2014:21:12:07 +0000] "GET /univ/img/gradient-top.png HTTP/1.1" 304 0 
0:0:0:0:0:0:0:1 -  -  [03/Mar/2014:21:12:07 +0000] "GET /univ/img/logo.png HTTP/1.1" 304 0 
0:0:0:0:0:0:0:1 -  -  [03/Mar/2014:21:12:07 +0000] "GET /univ/js/lib/require.js HTTP/1.1" 304 0 
0:0:0:0:0:0:0:1 -  -  [03/Mar/2014:21:12:07 +0000] "GET /univ/img/gradient-bottom.png HTTP/1.1" 304 0 
0:0:0:0:0:0:0:1 -  -  [03/Mar/2014:21:12:07 +0000] "GET /univ/js/app/PageRoutes.js HTTP/1.1" 304 0 
0:0:0:0:0:0:0:1 -  -  [03/Mar/2014:21:12:07 +0000] "GET /univ/js/app/Router.js HTTP/1.1" 304 0 
0:0:0:0:0:0:0:1 -  -  [03/Mar/2014:21:12:08 +0000] "GET /univ/js/app/Pager.js HTTP/1.1" 304 0 
0:0:0:0:0:0:0:1 -  -  [03/Mar/2014:21:12:08 +0000] "GET /univ/js/app/AdminView.js HTTP/1.1" 304 0 
0:0:0:0:0:0:0:1 -  -  [03/Mar/2014:21:12:08 +0000] "GET /univ/js/app/AdminRoutes.js HTTP/1.1" 304 0 
0:0:0:0:0:0:0:1 -  -  [03/Mar/2014:21:12:08 +0000] "GET /univ/data/loginresponse.json?_=1393881127975 HTTP/1.1" 200 3539 
0:0:0:0:0:0:0:1 -  -  [03/Mar/2014:21:12:17 +0000] "GET /univ/module/admin/subuseredit/index.html HTTP/1.1" 200 3950 
0:0:0:0:0:0:0:1 -  -  [03/Mar/2014:21:12:17 +0000] "GET /univ/js/app/SubUserEditView.js HTTP/1.1" 200 2407 
0:0:0:0:0:0:0:1 -  -  [03/Mar/2014:21:12:18 +0000] "GET /univ/data/studentinfo-four.json;?_=1393881127976 HTTP/1.1" 200 3292 
0:0:0:0:0:0:0:1 -  -  [03/Mar/2014:21:20:02 +0000] "GET /univ/ HTTP/1.1" 200 1181 
0:0:0:0:0:0:0:1 -  -  [03/Mar/2014:21:20:02 +0000] "GET /univ/css/style.css HTTP/1.1" 200 61937 
0:0:0:0:0:0:0:1 -  -  [03/Mar/2014:21:20:02 +0000] "GET /univ/js/lib/require.js HTTP/1.1" 200 82686 
0:0:0:0:0:0:0:1 -  -  [03/Mar/2014:21:20:02 +0000] "GET /univ/img/gradient-top.png HTTP/1.1" 200 2304 
0:0:0:0:0:0:0:1 -  -  [03/Mar/2014:21:20:02 +0000] "GET /univ/img/logo.png HTTP/1.1" 200 10045 
0:0:0:0:0:0:0:1 -  -  [03/Mar/2014:21:20:02 +0000] "GET /univ/img/gradient-bottom.png HTTP/1.1" 200 2710 
0:0:0:0:0:0:0:1 -  -  [03/Mar/2014:21:20:02 +0000] "GET /univ/js/common.js HTTP/1.1" 200 1591 
0:0:0:0:0:0:0:1 -  -  [03/Mar/2014:21:20:02 +0000] "GET /favicon.ico HTTP/1.1" 200 1150 
0:0:0:0:0:0:0:1 -  -  [03/Mar/2014:21:20:02 +0000] "GET /univ/js/app/StartApp.js HTTP/1.1" 200 1164 
0:0:0:0:0:0:0:1 -  -  [03/Mar/2014:21:20:02 +0000] "GET /univ/js/lib/jquery.js HTTP/1.1" 200 261745 
0:0:0:0:0:0:0:1 -  -  [03/Mar/2014:21:20:02 +0000] "GET /univ/js/lib/modernizr-2.5.3.min.js HTTP/1.1" 200 15274 
0:0:0:0:0:0:0:1 -  -  [03/Mar/2014:21:20:02 +0000] "GET /univ/js/app/PageRoutes.js HTTP/1.1" 200 3746 
0:0:0:0:0:0:0:1 -  -  [03/Mar/2014:21:20:02 +0000] "GET /univ/js/app/LocationView.js HTTP/1.1" 200 1133 
0:0:0:0:0:0:0:1 -  -  [03/Mar/2014:21:20:02 +0000] "GET /univ/js/app/Environment.js HTTP/1.1" 200 1405 
0:0:0:0:0:0:0:1 -  -  [03/Mar/2014:21:20:02 +0000] "GET /univ/js/app/UrlFragment.js HTTP/1.1" 200 14389 
0:0:0:0:0:0:0:1 -  -  [03/Mar/2014:21:20:02 +0000] "GET /univ/js/app/Router.js HTTP/1.1" 200 29534 
0:0:0:0:0:0:0:1 -  -  [03/Mar/2014:21:20:02 +0000] "GET /univ/js/lib/jquery.cookie.js HTTP/1.1" 200 2306 
0:0:0:0:0:0:0:1 -  -  [03/Mar/2014:21:20:03 +0000] "GET /univ/js/app/Events.js HTTP/1.1" 200 999 
0:0:0:0:0:0:0:1 -  -  [03/Mar/2014:21:20:03 +0000] "GET /univ/js/app/Pager.js HTTP/1.1" 200 3460 
0:0:0:0:0:0:0:1 -  -  [03/Mar/2014:21:20:03 +0000] "GET /univ/js/app/HashManager.js HTTP/1.1" 200 3464 
0:0:0:0:0:0:0:1 -  -  [03/Mar/2014:21:20:03 +0000] "GET /univ/js/lib/text.js HTTP/1.1" 200 13043 
0:0:0:0:0:0:0:1 -  -  [03/Mar/2014:21:20:03 +0000] "GET /univ/js/app/HomeView.js HTTP/1.1" 200 3197 
0:0:0:0:0:0:0:1 -  -  [03/Mar/2014:21:20:03 +0000] "GET /univ/js/lib/typeahead.bundle.js HTTP/1.1" 200 66240 
0:0:0:0:0:0:0:1 -  -  [03/Mar/2014:21:20:03 +0000] "GET /univ/module/home/index.html HTTP/1.1" 200 4143 
0:0:0:0:0:0:0:1 -  -  [03/Mar/2014:21:20:03 +0000] "GET /univ/js/lib/jquery.fitvids.js HTTP/1.1" 200 3168 
0:0:0:0:0:0:0:1 -  -  [03/Mar/2014:21:20:03 +0000] "GET /univ/js/lib/bloodhound.js HTTP/1.1" 200 24403 
0:0:0:0:0:0:0:1 -  -  [03/Mar/2014:21:20:03 +0000] "GET /univ/js/lib/spin.min.js HTTP/1.1" 200 4027 
0:0:0:0:0:0:0:1 -  -  [03/Mar/2014:21:20:03 +0000] "GET /univ/js/lib/plugins-min.js HTTP/1.1" 200 62913 
0:0:0:0:0:0:0:1 -  -  [03/Mar/2014:21:20:03 +0000] "GET /univ/img/ss-facebook-large.png HTTP/1.1" 200 1594 
0:0:0:0:0:0:0:1 -  -  [03/Mar/2014:21:20:03 +0000] "GET /univ/img/map.jpg HTTP/1.1" 200 13663 
0:0:0:0:0:0:0:1 -  -  [03/Mar/2014:21:20:03 +0000] "GET /univ/img/ss-twitter-large.png HTTP/1.1" 200 1961 
0:0:0:0:0:0:0:1 -  -  [03/Mar/2014:21:20:03 +0000] "GET /univ/img/ss-pinterest-large.png HTTP/1.1" 200 1852 
0:0:0:0:0:0:0:1 -  -  [03/Mar/2014:21:20:03 +0000] "GET /univ/img/login.png HTTP/1.1" 200 48879 
0:0:0:0:0:0:0:1 -  -  [03/Mar/2014:21:20:03 +0000] "GET /univ/img/ss-facebook.png HTTP/1.1" 200 1050 
0:0:0:0:0:0:0:1 -  -  [03/Mar/2014:21:20:03 +0000] "GET /univ/img/ss-twitter.png HTTP/1.1" 200 1153 
0:0:0:0:0:0:0:1 -  -  [03/Mar/2014:21:20:03 +0000] "GET /univ/img/ss-pinterest.png HTTP/1.1" 200 1207 
0:0:0:0:0:0:0:1 -  -  [03/Mar/2014:21:20:03 +0000] "GET /univ/img/next-up.png HTTP/1.1" 200 1519 
0:0:0:0:0:0:0:1 -  -  [03/Mar/2014:21:20:03 +0000] "GET /univ/img/2.jpg HTTP/1.1" 200 1226991 
0:0:0:0:0:0:0:1 -  -  [03/Mar/2014:21:20:03 +0000] "GET /univ/img/4.jpg HTTP/1.1" 200 119196 
0:0:0:0:0:0:0:1 -  -  [03/Mar/2014:21:20:03 +0000] "GET /univ/img/1.jpg HTTP/1.1" 200 208802 
0:0:0:0:0:0:0:1 -  -  [03/Mar/2014:21:20:03 +0000] "GET /univ/img/3.jpg HTTP/1.1" 200 251459 
0:0:0:0:0:0:0:1 -  -  [03/Mar/2014:21:20:03 +0000] "GET /univ/img/5.jpg HTTP/1.1" 200 476812 
0:0:0:0:0:0:0:1 -  -  [03/Mar/2014:21:20:03 +0000] "GET /univ/data/univslist.json?_=1393881602907 HTTP/1.1" 200 72 
0:0:0:0:0:0:0:1 -  -  [03/Mar/2014:21:20:48 +0000] "GET /univ/module/entry/index.html HTTP/1.1" 200 2757 
0:0:0:0:0:0:0:1 -  -  [03/Mar/2014:21:20:48 +0000] "GET /univ/js/app/EntryView.js HTTP/1.1" 200 1085 
0:0:0:0:0:0:0:1 -  -  [03/Mar/2014:21:20:48 +0000] "GET /univ/img/modal-close.png HTTP/1.1" 200 1353 
0:0:0:0:0:0:0:1 -  -  [03/Mar/2014:21:20:51 +0000] "GET /univ/module/studentlist/index.html HTTP/1.1" 200 2239 
0:0:0:0:0:0:0:1 -  -  [03/Mar/2014:21:20:51 +0000] "GET /univ/js/app/StudentListView.js HTTP/1.1" 200 7724 
0:0:0:0:0:0:0:1 -  -  [03/Mar/2014:21:20:51 +0000] "GET /univ/js/app/service/DataService.js HTTP/1.1" 200 1270 
0:0:0:0:0:0:0:1 -  -  [03/Mar/2014:21:20:51 +0000] "GET /univ/img/colorsbook1.png HTTP/1.1" 200 264980 
0:0:0:0:0:0:0:1 -  -  [03/Mar/2014:21:20:51 +0000] "GET /univ/img/student1.jpg HTTP/1.1" 200 38839 
0:0:0:0:0:0:0:1 -  -  [03/Mar/2014:21:20:51 +0000] "GET /univ/css/font-awesome.css HTTP/1.1" 200 26648 
0:0:0:0:0:0:0:1 -  -  [03/Mar/2014:21:20:51 +0000] "GET /univ/img/prev-up.png HTTP/1.1" 200 1532 
0:0:0:0:0:0:0:1 -  -  [03/Mar/2014:21:20:51 +0000] "GET /univ/data/loginresponse.json?_=1393881602908 HTTP/1.1" 200 3539 
0:0:0:0:0:0:0:1 -  -  [03/Mar/2014:21:20:51 +0000] "GET /univ/img/classbg.png HTTP/1.1" 200 3918328 
0:0:0:0:0:0:0:1 -  -  [03/Mar/2014:21:20:51 +0000] "GET /univ/img/student4.jpg HTTP/1.1" 200 32146 
0:0:0:0:0:0:0:1 -  -  [03/Mar/2014:21:20:51 +0000] "GET /univ/img/student2.jpg HTTP/1.1" 200 211416 
0:0:0:0:0:0:0:1 -  -  [03/Mar/2014:21:20:51 +0000] "GET /univ/js/lib/jquery.carousel.min.js HTTP/1.1" 200 32288 
0:0:0:0:0:0:0:1 -  -  [03/Mar/2014:21:20:51 +0000] "GET /univ/fonts/fontawesome-webfont.woff?v=3.2.1 HTTP/1.1" 200 43572 
0:0:0:0:0:0:0:1 -  -  [03/Mar/2014:21:20:53 +0000] "GET /univ/js/app/AdminRoutes.js HTTP/1.1" 200 2027 
0:0:0:0:0:0:0:1 -  -  [03/Mar/2014:21:20:53 +0000] "GET /univ/js/app/AdminView.js HTTP/1.1" 200 13443 
0:0:0:0:0:0:0:1 -  -  [03/Mar/2014:21:20:53 +0000] "GET /univ/module/admin/index.html HTTP/1.1" 200 8817 
0:0:0:0:0:0:0:1 -  -  [03/Mar/2014:21:20:53 +0000] "GET /univ/js/lib/raphael.js HTTP/1.1" 200 91410 
0:0:0:0:0:0:0:1 -  -  [03/Mar/2014:21:20:53 +0000] "GET /univ/js/lib/morris.min.js HTTP/1.1" 200 32156 
0:0:0:0:0:0:0:1 -  -  [03/Mar/2014:21:20:53 +0000] "GET /univ/js/lib/Chart.min.js HTTP/1.1" 200 19761 
0:0:0:0:0:0:0:1 -  -  [03/Mar/2014:21:20:53 +0000] "GET /univ/js/lib/swipe.min.js HTTP/1.1" 200 3793 
0:0:0:0:0:0:0:1 -  -  [03/Mar/2014:21:20:53 +0000] "GET /univ/js/lib/SubUserEditView.js HTTP/1.1" 404 1395 
0:0:0:0:0:0:0:1 -  -  [03/Mar/2014:21:21:29 +0000] "GET /univ/ HTTP/1.1" 304 0 
0:0:0:0:0:0:0:1 -  -  [03/Mar/2014:21:21:29 +0000] "GET /univ/js/lib/require.js HTTP/1.1" 304 0 
0:0:0:0:0:0:0:1 -  -  [03/Mar/2014:21:21:29 +0000] "GET /univ/css/style.css HTTP/1.1" 304 0 
0:0:0:0:0:0:0:1 -  -  [03/Mar/2014:21:21:29 +0000] "GET /univ/img/gradient-bottom.png HTTP/1.1" 304 0 
0:0:0:0:0:0:0:1 -  -  [03/Mar/2014:21:21:29 +0000] "GET /univ/img/logo.png HTTP/1.1" 304 0 
0:0:0:0:0:0:0:1 -  -  [03/Mar/2014:21:21:29 +0000] "GET /univ/img/gradient-top.png HTTP/1.1" 304 0 
0:0:0:0:0:0:0:1 -  -  [03/Mar/2014:21:21:29 +0000] "GET /univ/js/common.js HTTP/1.1" 304 0 
0:0:0:0:0:0:0:1 -  -  [03/Mar/2014:21:21:30 +0000] "GET /univ/js/app/AdminView.js HTTP/1.1" 200 13450 
0:0:0:0:0:0:0:1 -  -  [03/Mar/2014:21:21:30 +0000] "GET /univ/js/app/SubUserEditView.js HTTP/1.1" 200 1753 
0:0:0:0:0:0:0:1 -  -  [03/Mar/2014:21:21:30 +0000] "GET /univ/js/lib/jquery.validate.min.js HTTP/1.1" 200 21068 
0:0:0:0:0:0:0:1 -  -  [03/Mar/2014:21:21:30 +0000] "GET /univ/css/morris.css HTTP/1.1" 200 443 
0:0:0:0:0:0:0:1 -  -  [03/Mar/2014:21:21:30 +0000] "GET /univ/data/loginresponse.json?_=1393881690028 HTTP/1.1" 200 3539 
0:0:0:0:0:0:0:1 -  -  [03/Mar/2014:21:21:34 +0000] "GET /univ/img/next-over.png HTTP/1.1" 200 1419 
0:0:0:0:0:0:0:1 -  -  [03/Mar/2014:21:21:39 +0000] "GET /univ/module/admin/subuseradd/index.html HTTP/1.1" 200 4710 
0:0:0:0:0:0:0:1 -  -  [03/Mar/2014:21:21:39 +0000] "GET /univ/js/app/SubUserAddView.js HTTP/1.1" 200 3908 
0:0:0:0:0:0:0:1 -  -  [03/Mar/2014:21:21:39 +0000] "GET /univ/data/loginresponse.json?_=1393881690029 HTTP/1.1" 200 3539 
0:0:0:0:0:0:0:1 -  -  [03/Mar/2014:21:21:42 +0000] "GET /univ/ HTTP/1.1" 304 0 
0:0:0:0:0:0:0:1 -  -  [03/Mar/2014:21:21:42 +0000] "GET /univ/js/lib/require.js HTTP/1.1" 304 0 
0:0:0:0:0:0:0:1 -  -  [03/Mar/2014:21:21:42 +0000] "GET /univ/css/style.css HTTP/1.1" 304 0 
0:0:0:0:0:0:0:1 -  -  [03/Mar/2014:21:21:42 +0000] "GET /univ/img/logo.png HTTP/1.1" 304 0 
0:0:0:0:0:0:0:1 -  -  [03/Mar/2014:21:21:42 +0000] "GET /univ/img/gradient-top.png HTTP/1.1" 304 0 
0:0:0:0:0:0:0:1 -  -  [03/Mar/2014:21:21:42 +0000] "GET /univ/img/gradient-bottom.png HTTP/1.1" 304 0 
0:0:0:0:0:0:0:1 -  -  [03/Mar/2014:21:21:42 +0000] "GET /univ/js/common.js HTTP/1.1" 304 0 
0:0:0:0:0:0:0:1 -  -  [03/Mar/2014:21:21:42 +0000] "GET /univ/js/app/AdminView.js HTTP/1.1" 304 0 
0:0:0:0:0:0:0:1 -  -  [03/Mar/2014:21:21:43 +0000] "GET /univ/data/loginresponse.json?_=1393881702758 HTTP/1.1" 200 3539 
0:0:0:0:0:0:0:1 -  -  [03/Mar/2014:21:21:46 +0000] "GET /univ/module/admin/subuseredit/index.html HTTP/1.1" 200 3950 
0:0:0:0:0:0:0:1 -  -  [03/Mar/2014:21:21:46 +0000] "GET /univ/data/studentinfo-four.json;?_=1393881702759 HTTP/1.1" 200 3292 
0:0:0:0:0:0:0:1 -  -  [03/Mar/2014:21:22:11 +0000] "GET /univ/ HTTP/1.1" 304 0 
0:0:0:0:0:0:0:1 -  -  [03/Mar/2014:21:22:11 +0000] "GET /univ/js/lib/require.js HTTP/1.1" 304 0 
0:0:0:0:0:0:0:1 -  -  [03/Mar/2014:21:22:11 +0000] "GET /univ/css/style.css HTTP/1.1" 304 0 
0:0:0:0:0:0:0:1 -  -  [03/Mar/2014:21:22:11 +0000] "GET /univ/img/gradient-bottom.png HTTP/1.1" 304 0 
0:0:0:0:0:0:0:1 -  -  [03/Mar/2014:21:22:11 +0000] "GET /univ/img/gradient-top.png HTTP/1.1" 304 0 
0:0:0:0:0:0:0:1 -  -  [03/Mar/2014:21:22:11 +0000] "GET /univ/img/logo.png HTTP/1.1" 304 0 
0:0:0:0:0:0:0:1 -  -  [03/Mar/2014:21:22:11 +0000] "GET /univ/js/app/AdminView.js HTTP/1.1" 304 0 
0:0:0:0:0:0:0:1 -  -  [03/Mar/2014:21:22:11 +0000] "GET /univ/js/app/SubUserEditView.js HTTP/1.1" 304 0 
0:0:0:0:0:0:0:1 -  -  [03/Mar/2014:21:22:12 +0000] "GET /univ/data/loginresponse.json?_=1393881731539 HTTP/1.1" 200 3539 
0:0:0:0:0:0:0:1 -  -  [03/Mar/2014:21:23:16 +0000] "GET /univ/ HTTP/1.1" 304 0 
0:0:0:0:0:0:0:1 -  -  [03/Mar/2014:21:23:16 +0000] "GET /univ/js/lib/require.js HTTP/1.1" 304 0 
0:0:0:0:0:0:0:1 -  -  [03/Mar/2014:21:23:16 +0000] "GET /univ/css/style.css HTTP/1.1" 304 0 
0:0:0:0:0:0:0:1 -  -  [03/Mar/2014:21:23:16 +0000] "GET /univ/img/gradient-bottom.png HTTP/1.1" 304 0 
0:0:0:0:0:0:0:1 -  -  [03/Mar/2014:21:23:16 +0000] "GET /univ/img/logo.png HTTP/1.1" 304 0 
0:0:0:0:0:0:0:1 -  -  [03/Mar/2014:21:23:16 +0000] "GET /univ/img/gradient-top.png HTTP/1.1" 304 0 
0:0:0:0:0:0:0:1 -  -  [03/Mar/2014:21:23:16 +0000] "GET /univ/js/common.js HTTP/1.1" 304 0 
0:0:0:0:0:0:0:1 -  -  [03/Mar/2014:21:23:16 +0000] "GET /univ/js/app/AdminView.js HTTP/1.1" 304 0 
0:0:0:0:0:0:0:1 -  -  [03/Mar/2014:21:23:16 +0000] "GET /univ/js/app/SubUserEditView.js HTTP/1.1" 200 1766 
0:0:0:0:0:0:0:1 -  -  [03/Mar/2014:21:23:24 +0000] "GET /univ/data/loginresponse.json?_=1393881796727 HTTP/1.1" 200 3539 
0:0:0:0:0:0:0:1 -  -  [03/Mar/2014:21:23:24 +0000] "GET /univ/module/admin/subuseredit/index.html HTTP/1.1" 304 0 
0:0:0:0:0:0:0:1 -  -  [03/Mar/2014:21:23:37 +0000] "GET /univ/data/studentinfo-four.json;?_=1393881796728 HTTP/1.1" 200 3292 
0:0:0:0:0:0:0:1 -  -  [03/Mar/2014:21:24:00 +0000] "GET /univ/ HTTP/1.1" 304 0 
0:0:0:0:0:0:0:1 -  -  [03/Mar/2014:21:24:00 +0000] "GET /univ/js/lib/require.js HTTP/1.1" 304 0 
0:0:0:0:0:0:0:1 -  -  [03/Mar/2014:21:24:00 +0000] "GET /univ/css/style.css HTTP/1.1" 304 0 
0:0:0:0:0:0:0:1 -  -  [03/Mar/2014:21:24:00 +0000] "GET /univ/img/logo.png HTTP/1.1" 304 0 
0:0:0:0:0:0:0:1 -  -  [03/Mar/2014:21:24:00 +0000] "GET /univ/img/gradient-top.png HTTP/1.1" 304 0 
0:0:0:0:0:0:0:1 -  -  [03/Mar/2014:21:24:00 +0000] "GET /univ/img/gradient-bottom.png HTTP/1.1" 304 0 
0:0:0:0:0:0:0:1 -  -  [03/Mar/2014:21:24:01 +0000] "GET /univ/js/app/AdminView.js HTTP/1.1" 304 0 
0:0:0:0:0:0:0:1 -  -  [03/Mar/2014:21:24:01 +0000] "GET /univ/js/app/SubUserEditView.js HTTP/1.1" 304 0 
0:0:0:0:0:0:0:1 -  -  [03/Mar/2014:21:24:01 +0000] "GET /univ/data/loginresponse.json?_=1393881841093 HTTP/1.1" 200 3539 
0:0:0:0:0:0:0:1 -  -  [03/Mar/2014:21:24:05 +0000] "GET /univ/data/loginresponse.json?_=1393881845519 HTTP/1.1" 200 3539 
0:0:0:0:0:0:0:1 -  -  [03/Mar/2014:21:24:07 +0000] "GET /univ/ HTTP/1.1" 304 0 
0:0:0:0:0:0:0:1 -  -  [03/Mar/2014:21:24:07 +0000] "GET /univ/css/style.css HTTP/1.1" 304 0 
0:0:0:0:0:0:0:1 -  -  [03/Mar/2014:21:24:07 +0000] "GET /univ/js/lib/require.js HTTP/1.1" 304 0 
0:0:0:0:0:0:0:1 -  -  [03/Mar/2014:21:24:07 +0000] "GET /univ/img/gradient-top.png HTTP/1.1" 304 0 
0:0:0:0:0:0:0:1 -  -  [03/Mar/2014:21:24:07 +0000] "GET /univ/img/gradient-bottom.png HTTP/1.1" 304 0 
0:0:0:0:0:0:0:1 -  -  [03/Mar/2014:21:24:07 +0000] "GET /univ/img/logo.png HTTP/1.1" 304 0 
0:0:0:0:0:0:0:1 -  -  [03/Mar/2014:21:24:07 +0000] "GET /univ/data/loginresponse.json?_=1393881847472 HTTP/1.1" 200 3539 
0:0:0:0:0:0:0:1 -  -  [03/Mar/2014:21:24:11 +0000] "GET /univ/js/app/SubUserEditView.js HTTP/1.1" 304 0 
0:0:0:0:0:0:0:1 -  -  [03/Mar/2014:21:24:12 +0000] "GET /univ/data/loginresponse.json?_=1393881847473 HTTP/1.1" 200 3539 
0:0:0:0:0:0:0:1 -  -  [03/Mar/2014:21:24:17 +0000] "GET /univ/data/studentinfo-four.json;?_=1393881847474 HTTP/1.1" 200 3292 
0:0:0:0:0:0:0:1 -  -  [03/Mar/2014:21:24:28 +0000] "GET /univ/ HTTP/1.1" 304 0 
0:0:0:0:0:0:0:1 -  -  [03/Mar/2014:21:24:28 +0000] "GET /univ/js/lib/require.js HTTP/1.1" 304 0 
0:0:0:0:0:0:0:1 -  -  [03/Mar/2014:21:24:28 +0000] "GET /univ/css/style.css HTTP/1.1" 304 0 
0:0:0:0:0:0:0:1 -  -  [03/Mar/2014:21:24:28 +0000] "GET /univ/img/logo.png HTTP/1.1" 304 0 
0:0:0:0:0:0:0:1 -  -  [03/Mar/2014:21:24:28 +0000] "GET /univ/img/gradient-top.png HTTP/1.1" 304 0 
0:0:0:0:0:0:0:1 -  -  [03/Mar/2014:21:24:28 +0000] "GET /univ/img/gradient-bottom.png HTTP/1.1" 304 0 
0:0:0:0:0:0:0:1 -  -  [03/Mar/2014:21:24:28 +0000] "GET /univ/js/common.js HTTP/1.1" 304 0 
0:0:0:0:0:0:0:1 -  -  [03/Mar/2014:21:24:28 +0000] "GET /univ/js/app/AdminView.js HTTP/1.1" 304 0 
0:0:0:0:0:0:0:1 -  -  [03/Mar/2014:21:24:28 +0000] "GET /univ/js/app/SubUserEditView.js HTTP/1.1" 304 0 
0:0:0:0:0:0:0:1 -  -  [03/Mar/2014:21:24:32 +0000] "GET /univ/data/loginresponse.json?_=1393881868363 HTTP/1.1" 200 3539 
0:0:0:0:0:0:0:1 -  -  [03/Mar/2014:21:25:53 +0000] "GET /univ/ HTTP/1.1" 304 0 
0:0:0:0:0:0:0:1 -  -  [03/Mar/2014:21:25:53 +0000] "GET /univ/css/style.css HTTP/1.1" 304 0 
0:0:0:0:0:0:0:1 -  -  [03/Mar/2014:21:25:53 +0000] "GET /univ/js/lib/require.js HTTP/1.1" 304 0 
0:0:0:0:0:0:0:1 -  -  [03/Mar/2014:21:25:53 +0000] "GET /univ/img/gradient-top.png HTTP/1.1" 304 0 
0:0:0:0:0:0:0:1 -  -  [03/Mar/2014:21:25:53 +0000] "GET /univ/img/logo.png HTTP/1.1" 304 0 
0:0:0:0:0:0:0:1 -  -  [03/Mar/2014:21:25:53 +0000] "GET /univ/img/gradient-bottom.png HTTP/1.1" 304 0 
0:0:0:0:0:0:0:1 -  -  [03/Mar/2014:21:25:53 +0000] "GET /univ/js/common.js HTTP/1.1" 304 0 
0:0:0:0:0:0:0:1 -  -  [03/Mar/2014:21:25:53 +0000] "GET /univ/js/lib/modernizr-2.5.3.min.js HTTP/1.1" 304 0 
0:0:0:0:0:0:0:1 -  -  [03/Mar/2014:21:25:53 +0000] "GET /univ/js/lib/jquery.js HTTP/1.1" 304 0 
0:0:0:0:0:0:0:1 -  -  [03/Mar/2014:21:25:53 +0000] "GET /univ/js/app/PageRoutes.js HTTP/1.1" 304 0 
0:0:0:0:0:0:0:1 -  -  [03/Mar/2014:21:25:53 +0000] "GET /univ/js/app/LocationView.js HTTP/1.1" 304 0 
0:0:0:0:0:0:0:1 -  -  [03/Mar/2014:21:25:53 +0000] "GET /univ/js/app/Environment.js HTTP/1.1" 304 0 
0:0:0:0:0:0:0:1 -  -  [03/Mar/2014:21:25:53 +0000] "GET /univ/js/app/UrlFragment.js HTTP/1.1" 304 0 
0:0:0:0:0:0:0:1 -  -  [03/Mar/2014:21:25:53 +0000] "GET /univ/js/app/Router.js HTTP/1.1" 304 0 
0:0:0:0:0:0:0:1 -  -  [03/Mar/2014:21:25:53 +0000] "GET /univ/js/lib/jquery.cookie.js HTTP/1.1" 304 0 
0:0:0:0:0:0:0:1 -  -  [03/Mar/2014:21:25:54 +0000] "GET /univ/js/app/HashManager.js HTTP/1.1" 304 0 
0:0:0:0:0:0:0:1 -  -  [03/Mar/2014:21:25:54 +0000] "GET /univ/js/app/Pager.js HTTP/1.1" 304 0 
0:0:0:0:0:0:0:1 -  -  [03/Mar/2014:21:25:54 +0000] "GET /univ/js/app/Events.js HTTP/1.1" 304 0 
0:0:0:0:0:0:0:1 -  -  [03/Mar/2014:21:25:54 +0000] "GET /univ/js/app/AdminView.js HTTP/1.1" 200 13451 
0:0:0:0:0:0:0:1 -  -  [03/Mar/2014:21:25:54 +0000] "GET /univ/js/app/SubUserEditView.js HTTP/1.1" 304 0 
0:0:0:0:0:0:0:1 -  -  [03/Mar/2014:21:25:59 +0000] "GET /univ/data/loginresponse.json?_=1393881954129 HTTP/1.1" 200 3539 
0:0:0:0:0:0:0:1 -  -  [03/Mar/2014:21:26:00 +0000] "GET /univ/module/admin/subuseredit/index.html HTTP/1.1" 304 0 
0:0:0:0:0:0:0:1 -  -  [03/Mar/2014:21:26:04 +0000] "GET /univ/data/studentinfo-four.json;?_=1393881954130 HTTP/1.1" 200 3292 
0:0:0:0:0:0:0:1 -  -  [03/Mar/2014:21:26:07 +0000] "GET /univ/ HTTP/1.1" 304 0 
0:0:0:0:0:0:0:1 -  -  [03/Mar/2014:21:26:07 +0000] "GET /univ/css/style.css HTTP/1.1" 304 0 
0:0:0:0:0:0:0:1 -  -  [03/Mar/2014:21:26:07 +0000] "GET /univ/js/lib/require.js HTTP/1.1" 304 0 
0:0:0:0:0:0:0:1 -  -  [03/Mar/2014:21:26:07 +0000] "GET /univ/img/gradient-top.png HTTP/1.1" 304 0 
0:0:0:0:0:0:0:1 -  -  [03/Mar/2014:21:26:07 +0000] "GET /univ/img/logo.png HTTP/1.1" 304 0 
0:0:0:0:0:0:0:1 -  -  [03/Mar/2014:21:26:07 +0000] "GET /univ/img/gradient-bottom.png HTTP/1.1" 304 0 
0:0:0:0:0:0:0:1 -  -  [03/Mar/2014:21:26:08 +0000] "GET /univ/js/app/AdminView.js HTTP/1.1" 304 0 
0:0:0:0:0:0:0:1 -  -  [03/Mar/2014:21:26:12 +0000] "GET /univ/data/loginresponse.json?_=1393881968198 HTTP/1.1" 200 3539 
0:0:0:0:0:0:0:1 -  -  [03/Mar/2014:21:26:16 +0000] "GET /univ/data/loginresponse.json?_=1393881968199 HTTP/1.1" 200 3539 
0:0:0:0:0:0:0:1 -  -  [03/Mar/2014:21:26:56 +0000] "GET /univ/data/studentinfo-four.json;?_=1393881968200 HTTP/1.1" 200 3292 
0:0:0:0:0:0:0:1 -  -  [03/Mar/2014:21:27:39 +0000] "GET /univ/ HTTP/1.1" 304 0 
0:0:0:0:0:0:0:1 -  -  [03/Mar/2014:21:27:39 +0000] "GET /univ/js/lib/require.js HTTP/1.1" 304 0 
0:0:0:0:0:0:0:1 -  -  [03/Mar/2014:21:27:39 +0000] "GET /univ/css/style.css HTTP/1.1" 304 0 
0:0:0:0:0:0:0:1 -  -  [03/Mar/2014:21:27:39 +0000] "GET /univ/img/logo.png HTTP/1.1" 304 0 
0:0:0:0:0:0:0:1 -  -  [03/Mar/2014:21:27:39 +0000] "GET /univ/img/gradient-top.png HTTP/1.1" 304 0 
0:0:0:0:0:0:0:1 -  -  [03/Mar/2014:21:27:39 +0000] "GET /univ/img/gradient-bottom.png HTTP/1.1" 304 0 
0:0:0:0:0:0:0:1 -  -  [03/Mar/2014:21:27:39 +0000] "GET /univ/js/common.js HTTP/1.1" 304 0 
0:0:0:0:0:0:0:1 -  -  [03/Mar/2014:21:27:39 +0000] "GET /univ/js/app/AdminView.js HTTP/1.1" 304 0 
0:0:0:0:0:0:0:1 -  -  [03/Mar/2014:21:27:39 +0000] "GET /univ/js/app/SubUserEditView.js HTTP/1.1" 200 1763 
0:0:0:0:0:0:0:1 -  -  [03/Mar/2014:21:27:44 +0000] "GET /univ/data/loginresponse.json?_=1393882059387 HTTP/1.1" 200 3539 
0:0:0:0:0:0:0:1 -  -  [03/Mar/2014:21:27:44 +0000] "GET /univ/data/studentinfo-four.json;?_=1393882059388 HTTP/1.1" 200 3292 
0:0:0:0:0:0:0:1 -  -  [03/Mar/2014:21:30:14 +0000] "GET /univ/ HTTP/1.1" 304 0 
0:0:0:0:0:0:0:1 -  -  [03/Mar/2014:21:30:14 +0000] "GET /univ/css/style.css HTTP/1.1" 304 0 
0:0:0:0:0:0:0:1 -  -  [03/Mar/2014:21:30:14 +0000] "GET /univ/js/lib/require.js HTTP/1.1" 304 0 
0:0:0:0:0:0:0:1 -  -  [03/Mar/2014:21:30:14 +0000] "GET /univ/img/logo.png HTTP/1.1" 304 0 
0:0:0:0:0:0:0:1 -  -  [03/Mar/2014:21:30:14 +0000] "GET /univ/img/gradient-top.png HTTP/1.1" 304 0 
0:0:0:0:0:0:0:1 -  -  [03/Mar/2014:21:30:14 +0000] "GET /univ/img/gradient-bottom.png HTTP/1.1" 304 0 
0:0:0:0:0:0:0:1 -  -  [03/Mar/2014:21:30:14 +0000] "GET /univ/js/common.js HTTP/1.1" 304 0 
0:0:0:0:0:0:0:1 -  -  [03/Mar/2014:21:30:14 +0000] "GET /univ/js/app/AdminView.js HTTP/1.1" 200 13461 
0:0:0:0:0:0:0:1 -  -  [03/Mar/2014:21:30:14 +0000] "GET /univ/js/app/SubUserEditView.js HTTP/1.1" 304 0 
0:0:0:0:0:0:0:1 -  -  [03/Mar/2014:21:30:15 +0000] "GET /univ/data/loginresponse.json?_=1393882214428 HTTP/1.1" 200 3539 
0:0:0:0:0:0:0:1 -  -  [03/Mar/2014:21:41:43 +0000] "GET /univ/ HTTP/1.1" 200 1181 
0:0:0:0:0:0:0:1 -  -  [03/Mar/2014:21:41:43 +0000] "GET /univ/js/lib/require.js HTTP/1.1" 200 82686 
0:0:0:0:0:0:0:1 -  -  [03/Mar/2014:21:41:43 +0000] "GET /univ/css/style.css HTTP/1.1" 200 61937 
0:0:0:0:0:0:0:1 -  -  [03/Mar/2014:21:41:43 +0000] "GET /univ/img/logo.png HTTP/1.1" 200 10045 
0:0:0:0:0:0:0:1 -  -  [03/Mar/2014:21:41:43 +0000] "GET /univ/img/gradient-bottom.png HTTP/1.1" 200 2710 
0:0:0:0:0:0:0:1 -  -  [03/Mar/2014:21:41:43 +0000] "GET /univ/img/gradient-top.png HTTP/1.1" 200 2304 
0:0:0:0:0:0:0:1 -  -  [03/Mar/2014:21:41:44 +0000] "GET /univ/js/common.js HTTP/1.1" 200 1591 
0:0:0:0:0:0:0:1 -  -  [03/Mar/2014:21:41:44 +0000] "GET /favicon.ico HTTP/1.1" 200 1150 
0:0:0:0:0:0:0:1 -  -  [03/Mar/2014:21:41:44 +0000] "GET /univ/js/app/StartApp.js HTTP/1.1" 200 1164 
0:0:0:0:0:0:0:1 -  -  [03/Mar/2014:21:41:44 +0000] "GET /univ/js/app/PageRoutes.js HTTP/1.1" 200 3746 
0:0:0:0:0:0:0:1 -  -  [03/Mar/2014:21:41:44 +0000] "GET /univ/js/lib/modernizr-2.5.3.min.js HTTP/1.1" 200 15274 
0:0:0:0:0:0:0:1 -  -  [03/Mar/2014:21:41:44 +0000] "GET /univ/js/lib/jquery.js HTTP/1.1" 200 261745 
0:0:0:0:0:0:0:1 -  -  [03/Mar/2014:21:41:44 +0000] "GET /univ/js/app/UrlFragment.js HTTP/1.1" 200 14389 
0:0:0:0:0:0:0:1 -  -  [03/Mar/2014:21:41:44 +0000] "GET /univ/js/lib/jquery.cookie.js HTTP/1.1" 200 2306 
0:0:0:0:0:0:0:1 -  -  [03/Mar/2014:21:41:44 +0000] "GET /univ/js/app/Router.js HTTP/1.1" 200 29534 
0:0:0:0:0:0:0:1 -  -  [03/Mar/2014:21:41:44 +0000] "GET /univ/js/app/Environment.js HTTP/1.1" 200 1405 
0:0:0:0:0:0:0:1 -  -  [03/Mar/2014:21:41:44 +0000] "GET /univ/js/app/LocationView.js HTTP/1.1" 200 1133 
0:0:0:0:0:0:0:1 -  -  [03/Mar/2014:21:41:44 +0000] "GET /univ/js/app/Events.js HTTP/1.1" 200 999 
0:0:0:0:0:0:0:1 -  -  [03/Mar/2014:21:41:44 +0000] "GET /univ/js/app/HashManager.js HTTP/1.1" 200 3464 
0:0:0:0:0:0:0:1 -  -  [03/Mar/2014:21:41:44 +0000] "GET /univ/js/app/Pager.js HTTP/1.1" 200 3460 
0:0:0:0:0:0:0:1 -  -  [03/Mar/2014:21:41:44 +0000] "GET /univ/js/lib/text.js HTTP/1.1" 200 13043 
0:0:0:0:0:0:0:1 -  -  [03/Mar/2014:21:41:44 +0000] "GET /univ/js/app/AdminRoutes.js HTTP/1.1" 200 2027 
0:0:0:0:0:0:0:1 -  -  [03/Mar/2014:21:41:44 +0000] "GET /univ/js/app/AdminView.js HTTP/1.1" 200 13519 
0:0:0:0:0:0:0:1 -  -  [03/Mar/2014:21:41:44 +0000] "GET /univ/module/admin/index.html HTTP/1.1" 200 8817 
0:0:0:0:0:0:0:1 -  -  [03/Mar/2014:21:41:44 +0000] "GET /univ/js/lib/plugins-min.js HTTP/1.1" 200 62913 
0:0:0:0:0:0:0:1 -  -  [03/Mar/2014:21:41:45 +0000] "GET /univ/js/lib/raphael.js HTTP/1.1" 200 91410 
0:0:0:0:0:0:0:1 -  -  [03/Mar/2014:21:41:45 +0000] "GET /univ/js/lib/morris.min.js HTTP/1.1" 200 32156 
0:0:0:0:0:0:0:1 -  -  [03/Mar/2014:21:41:44 +0000] "GET /univ/js/lib/spin.min.js HTTP/1.1" 200 4027 
0:0:0:0:0:0:0:1 -  -  [03/Mar/2014:21:41:44 +0000] "GET /univ/js/lib/jquery.carousel.min.js HTTP/1.1" 200 32288 
0:0:0:0:0:0:0:1 -  -  [03/Mar/2014:21:41:44 +0000] "GET /univ/js/lib/Chart.min.js HTTP/1.1" 200 19761 
0:0:0:0:0:0:0:1 -  -  [03/Mar/2014:21:41:44 +0000] "GET /univ/js/lib/swipe.min.js HTTP/1.1" 200 3793 
0:0:0:0:0:0:0:1 -  -  [03/Mar/2014:21:41:45 +0000] "GET /univ/js/app/SubUserEditView.js HTTP/1.1" 200 1763 
0:0:0:0:0:0:0:1 -  -  [03/Mar/2014:21:41:45 +0000] "GET /univ/js/app/service/DataService.js HTTP/1.1" 200 1270 
0:0:0:0:0:0:0:1 -  -  [03/Mar/2014:21:41:45 +0000] "GET /univ/js/lib/jquery.validate.min.js HTTP/1.1" 200 21068 
0:0:0:0:0:0:0:1 -  -  [03/Mar/2014:21:41:45 +0000] "GET /univ/img/ss-pinterest.png HTTP/1.1" 200 1207 
0:0:0:0:0:0:0:1 -  -  [03/Mar/2014:21:41:45 +0000] "GET /univ/img/ss-twitter.png HTTP/1.1" 200 1153 
0:0:0:0:0:0:0:1 -  -  [03/Mar/2014:21:41:45 +0000] "GET /univ/img/ss-facebook.png HTTP/1.1" 200 1050 
0:0:0:0:0:0:0:1 -  -  [03/Mar/2014:21:41:45 +0000] "GET /univ/css/font-awesome.css HTTP/1.1" 200 26648 
0:0:0:0:0:0:0:1 -  -  [03/Mar/2014:21:41:45 +0000] "GET /univ/css/morris.css HTTP/1.1" 200 443 
0:0:0:0:0:0:0:1 -  -  [03/Mar/2014:21:41:45 +0000] "GET /univ/ HTTP/1.1" 304 0 
0:0:0:0:0:0:0:1 -  -  [03/Mar/2014:21:41:45 +0000] "GET /univ/js/lib/require.js HTTP/1.1" 304 0 
0:0:0:0:0:0:0:1 -  -  [03/Mar/2014:21:41:45 +0000] "GET /univ/css/style.css HTTP/1.1" 304 0 
0:0:0:0:0:0:0:1 -  -  [03/Mar/2014:21:41:45 +0000] "GET /univ/img/logo.png HTTP/1.1" 304 0 
0:0:0:0:0:0:0:1 -  -  [03/Mar/2014:21:41:45 +0000] "GET /univ/img/gradient-top.png HTTP/1.1" 304 0 
0:0:0:0:0:0:0:1 -  -  [03/Mar/2014:21:41:45 +0000] "GET /univ/img/gradient-bottom.png HTTP/1.1" 304 0 
0:0:0:0:0:0:0:1 -  -  [03/Mar/2014:21:41:45 +0000] "GET /univ/js/app/HomeView.js HTTP/1.1" 200 3197 
0:0:0:0:0:0:0:1 -  -  [03/Mar/2014:21:41:45 +0000] "GET /univ/module/home/index.html HTTP/1.1" 200 4143 
0:0:0:0:0:0:0:1 -  -  [03/Mar/2014:21:41:45 +0000] "GET /univ/js/lib/bloodhound.js HTTP/1.1" 200 24403 
0:0:0:0:0:0:0:1 -  -  [03/Mar/2014:21:41:45 +0000] "GET /univ/js/lib/jquery.fitvids.js HTTP/1.1" 200 3168 
0:0:0:0:0:0:0:1 -  -  [03/Mar/2014:21:41:45 +0000] "GET /univ/js/lib/typeahead.bundle.js HTTP/1.1" 200 66240 
0:0:0:0:0:0:0:1 -  -  [03/Mar/2014:21:41:46 +0000] "GET /univ/img/ss-facebook.png HTTP/1.1" 200 1050 
0:0:0:0:0:0:0:1 -  -  [03/Mar/2014:21:41:46 +0000] "GET /univ/img/ss-twitter.png HTTP/1.1" 200 1153 
0:0:0:0:0:0:0:1 -  -  [03/Mar/2014:21:41:46 +0000] "GET /univ/img/ss-pinterest.png HTTP/1.1" 200 1207 
0:0:0:0:0:0:0:1 -  -  [03/Mar/2014:21:41:46 +0000] "GET /univ/img/ss-pinterest-large.png HTTP/1.1" 200 1852 
0:0:0:0:0:0:0:1 -  -  [03/Mar/2014:21:41:46 +0000] "GET /univ/img/ss-twitter-large.png HTTP/1.1" 200 1961 
0:0:0:0:0:0:0:1 -  -  [03/Mar/2014:21:41:46 +0000] "GET /univ/img/map.jpg HTTP/1.1" 200 13663 
0:0:0:0:0:0:0:1 -  -  [03/Mar/2014:21:41:46 +0000] "GET /univ/img/ss-facebook-large.png HTTP/1.1" 200 1594 
0:0:0:0:0:0:0:1 -  -  [03/Mar/2014:21:41:46 +0000] "GET /univ/img/login.png HTTP/1.1" 200 48879 
0:0:0:0:0:0:0:1 -  -  [03/Mar/2014:21:41:46 +0000] "GET /univ/img/next-up.png HTTP/1.1" 200 1519 
0:0:0:0:0:0:0:1 -  -  [03/Mar/2014:21:41:46 +0000] "GET /univ/data/univslist.json?_=1393882905798 HTTP/1.1" 200 72 
0:0:0:0:0:0:0:1 -  -  [03/Mar/2014:21:41:46 +0000] "GET /univ/img/5.jpg HTTP/1.1" 200 476812 
0:0:0:0:0:0:0:1 -  -  [03/Mar/2014:21:41:46 +0000] "GET /univ/img/2.jpg HTTP/1.1" 200 1226991 
0:0:0:0:0:0:0:1 -  -  [03/Mar/2014:21:41:46 +0000] "GET /univ/img/3.jpg HTTP/1.1" 200 251459 
0:0:0:0:0:0:0:1 -  -  [03/Mar/2014:21:41:46 +0000] "GET /univ/img/4.jpg HTTP/1.1" 200 119196 
0:0:0:0:0:0:0:1 -  -  [03/Mar/2014:21:41:46 +0000] "GET /univ/img/1.jpg HTTP/1.1" 200 208802 
0:0:0:0:0:0:0:1 -  -  [03/Mar/2014:21:41:55 +0000] "GET /univ/module/entry/index.html HTTP/1.1" 200 2757 
0:0:0:0:0:0:0:1 -  -  [03/Mar/2014:21:41:55 +0000] "GET /univ/js/app/EntryView.js HTTP/1.1" 200 1085 
0:0:0:0:0:0:0:1 -  -  [03/Mar/2014:21:41:55 +0000] "GET /univ/img/modal-close.png HTTP/1.1" 200 1353 
0:0:0:0:0:0:0:1 -  -  [03/Mar/2014:21:41:58 +0000] "GET /univ/js/app/StudentListView.js HTTP/1.1" 200 7724 
0:0:0:0:0:0:0:1 -  -  [03/Mar/2014:21:41:58 +0000] "GET /univ/module/studentlist/index.html HTTP/1.1" 200 2239 
0:0:0:0:0:0:0:1 -  -  [03/Mar/2014:21:41:58 +0000] "GET /univ/css/font-awesome.css HTTP/1.1" 200 26648 
0:0:0:0:0:0:0:1 -  -  [03/Mar/2014:21:41:58 +0000] "GET /univ/img/student1.jpg HTTP/1.1" 200 38839 
0:0:0:0:0:0:0:1 -  -  [03/Mar/2014:21:41:58 +0000] "GET /univ/img/prev-up.png HTTP/1.1" 200 1532 
0:0:0:0:0:0:0:1 -  -  [03/Mar/2014:21:41:58 +0000] "GET /univ/data/loginresponse.json?_=1393882905799 HTTP/1.1" 200 3539 
0:0:0:0:0:0:0:1 -  -  [03/Mar/2014:21:41:58 +0000] "GET /univ/img/colorsbook1.png HTTP/1.1" 200 264980 
0:0:0:0:0:0:0:1 -  -  [03/Mar/2014:21:41:58 +0000] "GET /univ/img/classbg.png HTTP/1.1" 200 3918328 
0:0:0:0:0:0:0:1 -  -  [03/Mar/2014:21:41:58 +0000] "GET /univ/img/student4.jpg HTTP/1.1" 200 32146 
0:0:0:0:0:0:0:1 -  -  [03/Mar/2014:21:41:58 +0000] "GET /univ/img/student2.jpg HTTP/1.1" 200 211416 
0:0:0:0:0:0:0:1 -  -  [03/Mar/2014:21:42:03 +0000] "GET /univ/fonts/fontawesome-webfont.woff?v=3.2.1 HTTP/1.1" 200 43572 
0:0:0:0:0:0:0:1 -  -  [03/Mar/2014:21:42:09 +0000] "GET /univ/css/morris.css HTTP/1.1" 200 443 
0:0:0:0:0:0:0:1 -  -  [03/Mar/2014:21:42:09 +0000] "GET /univ/data/loginresponse.json?_=1393882905800 HTTP/1.1" 200 3539 
0:0:0:0:0:0:0:1 -  -  [03/Mar/2014:21:42:14 +0000] "GET /univ/module/admin/subuseredit/index.html HTTP/1.1" 200 3950 
0:0:0:0:0:0:0:1 -  -  [03/Mar/2014:21:42:14 +0000] "GET /univ/data/studentinfo-four.json;?_=1393882905801 HTTP/1.1" 200 3292 
0:0:0:0:0:0:0:1 -  -  [03/Mar/2014:21:42:35 +0000] "GET /univ/ HTTP/1.1" 304 0 
0:0:0:0:0:0:0:1 -  -  [03/Mar/2014:21:42:35 +0000] "GET /univ/css/style.css HTTP/1.1" 304 0 
0:0:0:0:0:0:0:1 -  -  [03/Mar/2014:21:42:35 +0000] "GET /univ/js/lib/require.js HTTP/1.1" 304 0 
0:0:0:0:0:0:0:1 -  -  [03/Mar/2014:21:42:35 +0000] "GET /univ/img/gradient-top.png HTTP/1.1" 304 0 
0:0:0:0:0:0:0:1 -  -  [03/Mar/2014:21:42:35 +0000] "GET /univ/img/gradient-bottom.png HTTP/1.1" 304 0 
0:0:0:0:0:0:0:1 -  -  [03/Mar/2014:21:42:35 +0000] "GET /univ/js/common.js HTTP/1.1" 304 0 
0:0:0:0:0:0:0:1 -  -  [03/Mar/2014:21:42:35 +0000] "GET /univ/img/logo.png HTTP/1.1" 304 0 
0:0:0:0:0:0:0:1 -  -  [03/Mar/2014:21:42:36 +0000] "GET /univ/js/app/AdminView.js HTTP/1.1" 304 0 
0:0:0:0:0:0:0:1 -  -  [03/Mar/2014:21:42:37 +0000] "GET /univ/data/loginresponse.json?_=1393882956187 HTTP/1.1" 200 3539 
0:0:0:0:0:0:0:1 -  -  [03/Mar/2014:21:42:41 +0000] "GET /univ/img/next-over.png HTTP/1.1" 200 1419 
0:0:0:0:0:0:0:1 -  -  [03/Mar/2014:21:42:45 +0000] "GET /univ/data/studentinfo-one.json;?_=1393882956188 HTTP/1.1" 200 2248 
0:0:0:0:0:0:0:1 -  -  [03/Mar/2014:21:42:48 +0000] "GET /univ/ HTTP/1.1" 304 0 
0:0:0:0:0:0:0:1 -  -  [03/Mar/2014:21:42:48 +0000] "GET /univ/css/style.css HTTP/1.1" 304 0 
0:0:0:0:0:0:0:1 -  -  [03/Mar/2014:21:42:48 +0000] "GET /univ/js/lib/require.js HTTP/1.1" 304 0 
0:0:0:0:0:0:0:1 -  -  [03/Mar/2014:21:42:48 +0000] "GET /univ/img/gradient-top.png HTTP/1.1" 304 0 
0:0:0:0:0:0:0:1 -  -  [03/Mar/2014:21:42:48 +0000] "GET /univ/img/gradient-bottom.png HTTP/1.1" 304 0 
0:0:0:0:0:0:0:1 -  -  [03/Mar/2014:21:42:48 +0000] "GET /univ/img/logo.png HTTP/1.1" 304 0 
0:0:0:0:0:0:0:1 -  -  [03/Mar/2014:21:42:49 +0000] "GET /univ/data/loginresponse.json?_=1393882968679 HTTP/1.1" 200 3539 
0:0:0:0:0:0:0:1 -  -  [03/Mar/2014:21:48:50 +0000] "GET /univ/ HTTP/1.1" 304 0 
0:0:0:0:0:0:0:1 -  -  [03/Mar/2014:21:48:50 +0000] "GET /univ/css/style.css HTTP/1.1" 304 0 
0:0:0:0:0:0:0:1 -  -  [03/Mar/2014:21:48:50 +0000] "GET /univ/js/lib/require.js HTTP/1.1" 304 0 
0:0:0:0:0:0:0:1 -  -  [03/Mar/2014:21:48:50 +0000] "GET /univ/img/gradient-top.png HTTP/1.1" 304 0 
0:0:0:0:0:0:0:1 -  -  [03/Mar/2014:21:48:50 +0000] "GET /univ/img/logo.png HTTP/1.1" 304 0 
0:0:0:0:0:0:0:1 -  -  [03/Mar/2014:21:48:50 +0000] "GET /univ/img/gradient-bottom.png HTTP/1.1" 304 0 
0:0:0:0:0:0:0:1 -  -  [03/Mar/2014:21:48:52 +0000] "GET /univ/js/app/AdminView.js HTTP/1.1" 304 0 
0:0:0:0:0:0:0:1 -  -  [03/Mar/2014:21:48:52 +0000] "GET /univ/js/app/SubUserEditView.js HTTP/1.1" 200 2125 
0:0:0:0:0:0:0:1 -  -  [03/Mar/2014:21:48:53 +0000] "GET /univ/data/loginresponse.json?_=1393883331978 HTTP/1.1" 200 3539 
0:0:0:0:0:0:0:1 -  -  [03/Mar/2014:21:54:20 +0000] "GET /univ/module/admin/subuseredit/index.html HTTP/1.1" 200 3901 
0:0:0:0:0:0:0:1 -  -  [03/Mar/2014:21:54:20 +0000] "GET /univ/data/studentinfo-four.json;?_=1393883331979 HTTP/1.1" 200 3292 
0:0:0:0:0:0:0:1 -  -  [03/Mar/2014:21:54:25 +0000] "GET /univ/ HTTP/1.1" 304 0 
0:0:0:0:0:0:0:1 -  -  [03/Mar/2014:21:54:25 +0000] "GET /univ/css/style.css HTTP/1.1" 304 0 
0:0:0:0:0:0:0:1 -  -  [03/Mar/2014:21:54:25 +0000] "GET /univ/js/lib/require.js HTTP/1.1" 304 0 
0:0:0:0:0:0:0:1 -  -  [03/Mar/2014:21:54:25 +0000] "GET /univ/img/logo.png HTTP/1.1" 304 0 
0:0:0:0:0:0:0:1 -  -  [03/Mar/2014:21:54:25 +0000] "GET /univ/img/gradient-top.png HTTP/1.1" 304 0 
0:0:0:0:0:0:0:1 -  -  [03/Mar/2014:21:54:25 +0000] "GET /univ/img/gradient-bottom.png HTTP/1.1" 304 0 
0:0:0:0:0:0:0:1 -  -  [03/Mar/2014:21:54:25 +0000] "GET /univ/js/common.js HTTP/1.1" 304 0 
0:0:0:0:0:0:0:1 -  -  [03/Mar/2014:21:54:26 +0000] "GET /univ/js/app/AdminView.js HTTP/1.1" 304 0 
0:0:0:0:0:0:0:1 -  -  [03/Mar/2014:21:54:26 +0000] "GET /univ/js/app/SubUserEditView.js HTTP/1.1" 304 0 
0:0:0:0:0:0:0:1 -  -  [03/Mar/2014:21:54:26 +0000] "GET /univ/data/loginresponse.json?_=1393883665901 HTTP/1.1" 200 3539 
0:0:0:0:0:0:0:1 -  -  [03/Mar/2014:21:54:31 +0000] "GET /univ/data/studentinfo-four.json;?_=1393883665902 HTTP/1.1" 200 3292 
0:0:0:0:0:0:0:1 -  -  [03/Mar/2014:21:54:32 +0000] "GET /univ/ HTTP/1.1" 304 0 
0:0:0:0:0:0:0:1 -  -  [03/Mar/2014:21:54:32 +0000] "GET /univ/css/style.css HTTP/1.1" 304 0 
0:0:0:0:0:0:0:1 -  -  [03/Mar/2014:21:54:32 +0000] "GET /univ/js/lib/require.js HTTP/1.1" 304 0 
0:0:0:0:0:0:0:1 -  -  [03/Mar/2014:21:54:32 +0000] "GET /univ/img/logo.png HTTP/1.1" 304 0 
0:0:0:0:0:0:0:1 -  -  [03/Mar/2014:21:54:32 +0000] "GET /univ/img/gradient-bottom.png HTTP/1.1" 304 0 
0:0:0:0:0:0:0:1 -  -  [03/Mar/2014:21:54:32 +0000] "GET /univ/img/gradient-top.png HTTP/1.1" 304 0 
0:0:0:0:0:0:0:1 -  -  [03/Mar/2014:21:54:32 +0000] "GET /univ/js/common.js HTTP/1.1" 304 0 
0:0:0:0:0:0:0:1 -  -  [03/Mar/2014:21:54:33 +0000] "GET /univ/data/loginresponse.json?_=1393883673066 HTTP/1.1" 200 3539 
0:0:0:0:0:0:0:1 -  -  [03/Mar/2014:21:54:38 +0000] "GET /univ/data/studentinfo-one.json;?_=1393883673067 HTTP/1.1" 200 2248 
0:0:0:0:0:0:0:1 -  -  [03/Mar/2014:21:54:52 +0000] "GET /univ/ HTTP/1.1" 200 1181 
0:0:0:0:0:0:0:1 -  -  [03/Mar/2014:21:54:52 +0000] "GET /univ/js/lib/require.js HTTP/1.1" 200 82686 
0:0:0:0:0:0:0:1 -  -  [03/Mar/2014:21:54:52 +0000] "GET /univ/css/style.css HTTP/1.1" 200 61937 
0:0:0:0:0:0:0:1 -  -  [03/Mar/2014:21:54:53 +0000] "GET /univ/img/gradient-top.png HTTP/1.1" 200 2304 
0:0:0:0:0:0:0:1 -  -  [03/Mar/2014:21:54:53 +0000] "GET /univ/img/gradient-bottom.png HTTP/1.1" 200 2710 
0:0:0:0:0:0:0:1 -  -  [03/Mar/2014:21:54:53 +0000] "GET /univ/img/logo.png HTTP/1.1" 200 10045 
0:0:0:0:0:0:0:1 -  -  [03/Mar/2014:21:54:53 +0000] "GET /univ/js/common.js HTTP/1.1" 200 1591 
0:0:0:0:0:0:0:1 -  -  [03/Mar/2014:21:54:53 +0000] "GET /favicon.ico HTTP/1.1" 200 1150 
0:0:0:0:0:0:0:1 -  -  [03/Mar/2014:21:54:53 +0000] "GET /univ/js/lib/jquery.js HTTP/1.1" 200 261745 
0:0:0:0:0:0:0:1 -  -  [03/Mar/2014:21:54:53 +0000] "GET /univ/js/app/StartApp.js HTTP/1.1" 200 1164 
0:0:0:0:0:0:0:1 -  -  [03/Mar/2014:21:54:53 +0000] "GET /univ/js/app/PageRoutes.js HTTP/1.1" 200 3746 
0:0:0:0:0:0:0:1 -  -  [03/Mar/2014:21:54:53 +0000] "GET /univ/js/lib/modernizr-2.5.3.min.js HTTP/1.1" 200 15274 
0:0:0:0:0:0:0:1 -  -  [03/Mar/2014:21:54:53 +0000] "GET /univ/js/app/LocationView.js HTTP/1.1" 200 1133 
0:0:0:0:0:0:0:1 -  -  [03/Mar/2014:21:54:53 +0000] "GET /univ/js/app/Environment.js HTTP/1.1" 200 1405 
0:0:0:0:0:0:0:1 -  -  [03/Mar/2014:21:54:53 +0000] "GET /univ/js/app/UrlFragment.js HTTP/1.1" 200 14389 
0:0:0:0:0:0:0:1 -  -  [03/Mar/2014:21:54:53 +0000] "GET /univ/js/app/Router.js HTTP/1.1" 200 29534 
0:0:0:0:0:0:0:1 -  -  [03/Mar/2014:21:54:53 +0000] "GET /univ/js/lib/jquery.cookie.js HTTP/1.1" 200 2306 
0:0:0:0:0:0:0:1 -  -  [03/Mar/2014:21:54:53 +0000] "GET /univ/js/app/Pager.js HTTP/1.1" 200 3460 
0:0:0:0:0:0:0:1 -  -  [03/Mar/2014:21:54:53 +0000] "GET /univ/js/app/HashManager.js HTTP/1.1" 200 3464 
0:0:0:0:0:0:0:1 -  -  [03/Mar/2014:21:54:53 +0000] "GET /univ/js/app/Events.js HTTP/1.1" 200 999 
0:0:0:0:0:0:0:1 -  -  [03/Mar/2014:21:54:53 +0000] "GET /univ/js/lib/text.js HTTP/1.1" 200 13043 
0:0:0:0:0:0:0:1 -  -  [03/Mar/2014:21:54:53 +0000] "GET /univ/js/app/AdminView.js HTTP/1.1" 200 13519 
0:0:0:0:0:0:0:1 -  -  [03/Mar/2014:21:54:53 +0000] "GET /univ/js/app/AdminRoutes.js HTTP/1.1" 200 2027 
0:0:0:0:0:0:0:1 -  -  [03/Mar/2014:21:54:53 +0000] "GET /univ/module/admin/index.html HTTP/1.1" 200 8817 
0:0:0:0:0:0:0:1 -  -  [03/Mar/2014:21:54:53 +0000] "GET /univ/js/lib/spin.min.js HTTP/1.1" 200 4027 
0:0:0:0:0:0:0:1 -  -  [03/Mar/2014:21:54:53 +0000] "GET /univ/js/lib/plugins-min.js HTTP/1.1" 200 62913 
0:0:0:0:0:0:0:1 -  -  [03/Mar/2014:21:54:53 +0000] "GET /univ/js/lib/jquery.carousel.min.js HTTP/1.1" 200 32288 
0:0:0:0:0:0:0:1 -  -  [03/Mar/2014:21:54:53 +0000] "GET /univ/js/lib/swipe.min.js HTTP/1.1" 200 3793 
0:0:0:0:0:0:0:1 -  -  [03/Mar/2014:21:54:53 +0000] "GET /univ/js/lib/Chart.min.js HTTP/1.1" 200 19761 
0:0:0:0:0:0:0:1 -  -  [03/Mar/2014:21:54:53 +0000] "GET /univ/js/lib/morris.min.js HTTP/1.1" 200 32156 
0:0:0:0:0:0:0:1 -  -  [03/Mar/2014:21:54:53 +0000] "GET /univ/js/lib/raphael.js HTTP/1.1" 200 91410 
0:0:0:0:0:0:0:1 -  -  [03/Mar/2014:21:54:53 +0000] "GET /univ/js/app/service/DataService.js HTTP/1.1" 200 1270 
0:0:0:0:0:0:0:1 -  -  [03/Mar/2014:21:54:53 +0000] "GET /univ/js/app/SubUserEditView.js HTTP/1.1" 200 2125 
0:0:0:0:0:0:0:1 -  -  [03/Mar/2014:21:54:54 +0000] "GET /univ/js/lib/jquery.validate.min.js HTTP/1.1" 200 21068 
0:0:0:0:0:0:0:1 -  -  [03/Mar/2014:21:54:54 +0000] "GET /univ/img/ss-facebook.png HTTP/1.1" 200 1050 
0:0:0:0:0:0:0:1 -  -  [03/Mar/2014:21:54:54 +0000] "GET /univ/img/ss-pinterest.png HTTP/1.1" 200 1207 
0:0:0:0:0:0:0:1 -  -  [03/Mar/2014:21:54:54 +0000] "GET /univ/img/ss-twitter.png HTTP/1.1" 200 1153 
0:0:0:0:0:0:0:1 -  -  [03/Mar/2014:21:54:54 +0000] "GET /univ/css/font-awesome.css HTTP/1.1" 200 26648 
0:0:0:0:0:0:0:1 -  -  [03/Mar/2014:21:54:54 +0000] "GET /univ/css/morris.css HTTP/1.1" 200 443 
0:0:0:0:0:0:0:1 -  -  [03/Mar/2014:21:54:54 +0000] "GET /univ/ HTTP/1.1" 304 0 
0:0:0:0:0:0:0:1 -  -  [03/Mar/2014:21:54:54 +0000] "GET /univ/css/style.css HTTP/1.1" 304 0 
0:0:0:0:0:0:0:1 -  -  [03/Mar/2014:21:54:54 +0000] "GET /univ/js/lib/require.js HTTP/1.1" 304 0 
0:0:0:0:0:0:0:1 -  -  [03/Mar/2014:21:54:54 +0000] "GET /univ/img/logo.png HTTP/1.1" 304 0 
0:0:0:0:0:0:0:1 -  -  [03/Mar/2014:21:54:54 +0000] "GET /univ/img/gradient-top.png HTTP/1.1" 304 0 
0:0:0:0:0:0:0:1 -  -  [03/Mar/2014:21:54:54 +0000] "GET /univ/img/gradient-bottom.png HTTP/1.1" 304 0 
0:0:0:0:0:0:0:1 -  -  [03/Mar/2014:21:54:54 +0000] "GET /univ/js/common.js HTTP/1.1" 304 0 
0:0:0:0:0:0:0:1 -  -  [03/Mar/2014:21:54:54 +0000] "GET /univ/js/app/HomeView.js HTTP/1.1" 200 3197 
0:0:0:0:0:0:0:1 -  -  [03/Mar/2014:21:54:54 +0000] "GET /univ/module/home/index.html HTTP/1.1" 200 4143 
0:0:0:0:0:0:0:1 -  -  [03/Mar/2014:21:54:54 +0000] "GET /univ/js/lib/jquery.fitvids.js HTTP/1.1" 200 3168 
0:0:0:0:0:0:0:1 -  -  [03/Mar/2014:21:54:54 +0000] "GET /univ/js/lib/typeahead.bundle.js HTTP/1.1" 200 66240 
0:0:0:0:0:0:0:1 -  -  [03/Mar/2014:21:54:54 +0000] "GET /univ/js/lib/bloodhound.js HTTP/1.1" 200 24403 
0:0:0:0:0:0:0:1 -  -  [03/Mar/2014:21:54:54 +0000] "GET /univ/img/map.jpg HTTP/1.1" 200 13663 
0:0:0:0:0:0:0:1 -  -  [03/Mar/2014:21:54:54 +0000] "GET /univ/img/ss-facebook-large.png HTTP/1.1" 200 1594 
0:0:0:0:0:0:0:1 -  -  [03/Mar/2014:21:54:54 +0000] "GET /univ/img/ss-twitter-large.png HTTP/1.1" 200 1961 
0:0:0:0:0:0:0:1 -  -  [03/Mar/2014:21:54:54 +0000] "GET /univ/img/ss-pinterest-large.png HTTP/1.1" 200 1852 
0:0:0:0:0:0:0:1 -  -  [03/Mar/2014:21:54:54 +0000] "GET /univ/img/login.png HTTP/1.1" 200 48879 
0:0:0:0:0:0:0:1 -  -  [03/Mar/2014:21:54:54 +0000] "GET /univ/img/next-up.png HTTP/1.1" 200 1519 
0:0:0:0:0:0:0:1 -  -  [03/Mar/2014:21:54:54 +0000] "GET /univ/img/2.jpg HTTP/1.1" 200 1226991 
0:0:0:0:0:0:0:1 -  -  [03/Mar/2014:21:54:54 +0000] "GET /univ/img/1.jpg HTTP/1.1" 200 208802 
0:0:0:0:0:0:0:1 -  -  [03/Mar/2014:21:54:54 +0000] "GET /univ/img/3.jpg HTTP/1.1" 200 251459 
0:0:0:0:0:0:0:1 -  -  [03/Mar/2014:21:54:54 +0000] "GET /univ/img/4.jpg HTTP/1.1" 200 119196 
0:0:0:0:0:0:0:1 -  -  [03/Mar/2014:21:54:54 +0000] "GET /univ/img/5.jpg HTTP/1.1" 200 476812 
0:0:0:0:0:0:0:1 -  -  [03/Mar/2014:21:54:54 +0000] "GET /univ/data/univslist.json?_=1393883694503 HTTP/1.1" 200 72 
0:0:0:0:0:0:0:1 -  -  [03/Mar/2014:21:54:56 +0000] "GET /univ/module/entry/index.html HTTP/1.1" 200 2757 
0:0:0:0:0:0:0:1 -  -  [03/Mar/2014:21:54:56 +0000] "GET /univ/js/app/EntryView.js HTTP/1.1" 200 1085 
0:0:0:0:0:0:0:1 -  -  [03/Mar/2014:21:54:56 +0000] "GET /univ/img/modal-close.png HTTP/1.1" 200 1353 
0:0:0:0:0:0:0:1 -  -  [03/Mar/2014:21:54:59 +0000] "GET /univ/module/studentlist/index.html HTTP/1.1" 200 2239 
0:0:0:0:0:0:0:1 -  -  [03/Mar/2014:21:54:59 +0000] "GET /univ/js/app/StudentListView.js HTTP/1.1" 200 7724 
0:0:0:0:0:0:0:1 -  -  [03/Mar/2014:21:54:59 +0000] "GET /univ/img/classbg.png HTTP/1.1" 200 3918328 
0:0:0:0:0:0:0:1 -  -  [03/Mar/2014:21:54:59 +0000] "GET /univ/img/prev-up.png HTTP/1.1" 200 1532 
0:0:0:0:0:0:0:1 -  -  [03/Mar/2014:21:54:59 +0000] "GET /univ/img/colorsbook1.png HTTP/1.1" 200 264980 
0:0:0:0:0:0:0:1 -  -  [03/Mar/2014:21:54:59 +0000] "GET /univ/img/student1.jpg HTTP/1.1" 200 38839 
0:0:0:0:0:0:0:1 -  -  [03/Mar/2014:21:54:59 +0000] "GET /univ/data/loginresponse.json?_=1393883694504 HTTP/1.1" 200 3539 
0:0:0:0:0:0:0:1 -  -  [03/Mar/2014:21:55:00 +0000] "GET /univ/img/student4.jpg HTTP/1.1" 200 32146 
0:0:0:0:0:0:0:1 -  -  [03/Mar/2014:21:55:00 +0000] "GET /univ/img/student2.jpg HTTP/1.1" 200 211416 
0:0:0:0:0:0:0:1 -  -  [03/Mar/2014:21:55:00 +0000] "GET /univ/fonts/fontawesome-webfont.woff?v=3.2.1 HTTP/1.1" 200 43572 
0:0:0:0:0:0:0:1 -  -  [03/Mar/2014:21:55:02 +0000] "GET /univ/data/loginresponse.json?_=1393883694505 HTTP/1.1" 200 3539 
0:0:0:0:0:0:0:1 -  -  [03/Mar/2014:21:55:06 +0000] "GET /univ/module/admin/subuseredit/index.html HTTP/1.1" 200 3901 
0:0:0:0:0:0:0:1 -  -  [03/Mar/2014:21:55:06 +0000] "GET /univ/data/studentinfo-four.json;?_=1393883694506 HTTP/1.1" 200 3292 
0:0:0:0:0:0:0:1 -  -  [03/Mar/2014:21:56:21 +0000] "GET /univ/ HTTP/1.1" 304 0 
0:0:0:0:0:0:0:1 -  -  [03/Mar/2014:21:56:21 +0000] "GET /univ/css/style.css HTTP/1.1" 304 0 
0:0:0:0:0:0:0:1 -  -  [03/Mar/2014:21:56:21 +0000] "GET /univ/js/lib/require.js HTTP/1.1" 304 0 
0:0:0:0:0:0:0:1 -  -  [03/Mar/2014:21:56:21 +0000] "GET /univ/img/gradient-top.png HTTP/1.1" 304 0 
0:0:0:0:0:0:0:1 -  -  [03/Mar/2014:21:56:21 +0000] "GET /univ/img/logo.png HTTP/1.1" 304 0 
0:0:0:0:0:0:0:1 -  -  [03/Mar/2014:21:56:21 +0000] "GET /univ/img/gradient-bottom.png HTTP/1.1" 304 0 
0:0:0:0:0:0:0:1 -  -  [03/Mar/2014:21:56:22 +0000] "GET /univ/js/app/SubUserEditView.js HTTP/1.1" 200 2123 
0:0:0:0:0:0:0:1 -  -  [03/Mar/2014:21:56:22 +0000] "GET /univ/data/loginresponse.json?_=1393883782094 HTTP/1.1" 200 3539 
0:0:0:0:0:0:0:1 -  -  [03/Mar/2014:21:56:23 +0000] "GET /univ/module/admin/subuseredit/index.html HTTP/1.1" 200 3984 
0:0:0:0:0:0:0:1 -  -  [03/Mar/2014:21:56:23 +0000] "GET /univ/data/studentinfo-four.json;?_=1393883782095 HTTP/1.1" 200 3292 
0:0:0:0:0:0:0:1 -  -  [03/Mar/2014:21:56:30 +0000] "GET /univ/ HTTP/1.1" 304 0 
0:0:0:0:0:0:0:1 -  -  [03/Mar/2014:21:56:30 +0000] "GET /univ/css/style.css HTTP/1.1" 304 0 
0:0:0:0:0:0:0:1 -  -  [03/Mar/2014:21:56:30 +0000] "GET /univ/js/lib/require.js HTTP/1.1" 304 0 
0:0:0:0:0:0:0:1 -  -  [03/Mar/2014:21:56:30 +0000] "GET /univ/img/gradient-top.png HTTP/1.1" 304 0 
0:0:0:0:0:0:0:1 -  -  [03/Mar/2014:21:56:30 +0000] "GET /univ/js/common.js HTTP/1.1" 304 0 
0:0:0:0:0:0:0:1 -  -  [03/Mar/2014:21:56:30 +0000] "GET /univ/img/gradient-bottom.png HTTP/1.1" 304 0 
0:0:0:0:0:0:0:1 -  -  [03/Mar/2014:21:56:30 +0000] "GET /univ/img/logo.png HTTP/1.1" 304 0 
0:0:0:0:0:0:0:1 -  -  [03/Mar/2014:21:56:30 +0000] "GET /univ/js/lib/modernizr-2.5.3.min.js HTTP/1.1" 304 0 
0:0:0:0:0:0:0:1 -  -  [03/Mar/2014:21:56:30 +0000] "GET /univ/js/app/PageRoutes.js HTTP/1.1" 304 0 
0:0:0:0:0:0:0:1 -  -  [03/Mar/2014:21:56:30 +0000] "GET /univ/js/lib/jquery.js HTTP/1.1" 304 0 
0:0:0:0:0:0:0:1 -  -  [03/Mar/2014:21:56:30 +0000] "GET /univ/js/app/StartApp.js HTTP/1.1" 304 0 
0:0:0:0:0:0:0:1 -  -  [03/Mar/2014:21:56:30 +0000] "GET /univ/js/app/Router.js HTTP/1.1" 304 0 
0:0:0:0:0:0:0:1 -  -  [03/Mar/2014:21:56:30 +0000] "GET /univ/js/app/UrlFragment.js HTTP/1.1" 304 0 
0:0:0:0:0:0:0:1 -  -  [03/Mar/2014:21:56:30 +0000] "GET /univ/js/lib/jquery.cookie.js HTTP/1.1" 304 0 
0:0:0:0:0:0:0:1 -  -  [03/Mar/2014:21:56:30 +0000] "GET /univ/js/app/Environment.js HTTP/1.1" 304 0 
0:0:0:0:0:0:0:1 -  -  [03/Mar/2014:21:56:30 +0000] "GET /univ/js/app/LocationView.js HTTP/1.1" 304 0 
0:0:0:0:0:0:0:1 -  -  [03/Mar/2014:21:56:30 +0000] "GET /univ/js/app/Events.js HTTP/1.1" 304 0 
0:0:0:0:0:0:0:1 -  -  [03/Mar/2014:21:56:30 +0000] "GET /univ/js/app/HashManager.js HTTP/1.1" 304 0 
0:0:0:0:0:0:0:1 -  -  [03/Mar/2014:21:56:30 +0000] "GET /univ/js/app/Pager.js HTTP/1.1" 304 0 
0:0:0:0:0:0:0:1 -  -  [03/Mar/2014:21:56:30 +0000] "GET /univ/js/app/SubUserEditView.js HTTP/1.1" 304 0 
0:0:0:0:0:0:0:1 -  -  [03/Mar/2014:21:56:30 +0000] "GET /univ/data/loginresponse.json?_=1393883790401 HTTP/1.1" 200 3539 
0:0:0:0:0:0:0:1 -  -  [03/Mar/2014:21:57:08 +0000] "GET /univ/ HTTP/1.1" 304 0 
0:0:0:0:0:0:0:1 -  -  [03/Mar/2014:21:57:08 +0000] "GET /univ/css/style.css HTTP/1.1" 304 0 
0:0:0:0:0:0:0:1 -  -  [03/Mar/2014:21:57:08 +0000] "GET /univ/js/lib/require.js HTTP/1.1" 304 0 
0:0:0:0:0:0:0:1 -  -  [03/Mar/2014:21:57:08 +0000] "GET /univ/img/gradient-top.png HTTP/1.1" 304 0 
0:0:0:0:0:0:0:1 -  -  [03/Mar/2014:21:57:08 +0000] "GET /univ/img/gradient-bottom.png HTTP/1.1" 304 0 
0:0:0:0:0:0:0:1 -  -  [03/Mar/2014:21:57:08 +0000] "GET /univ/img/logo.png HTTP/1.1" 304 0 
0:0:0:0:0:0:0:1 -  -  [03/Mar/2014:21:57:08 +0000] "GET /univ/js/common.js HTTP/1.1" 304 0 
0:0:0:0:0:0:0:1 -  -  [03/Mar/2014:21:57:08 +0000] "GET /univ/js/app/AdminView.js HTTP/1.1" 304 0 
0:0:0:0:0:0:0:1 -  -  [03/Mar/2014:21:57:08 +0000] "GET /univ/js/app/SubUserEditView.js HTTP/1.1" 200 2123 
0:0:0:0:0:0:0:1 -  -  [03/Mar/2014:21:57:09 +0000] "GET /univ/data/loginresponse.json?_=1393883828611 HTTP/1.1" 200 3539 
0:0:0:0:0:0:0:1 -  -  [03/Mar/2014:21:57:13 +0000] "GET /univ/module/admin/subuseredit/index.html HTTP/1.1" 304 0 
0:0:0:0:0:0:0:1 -  -  [03/Mar/2014:21:57:13 +0000] "GET /univ/data/studentinfo-four.json;?_=1393883828612 HTTP/1.1" 200 3292 
0:0:0:0:0:0:0:1 -  -  [03/Mar/2014:21:57:16 +0000] "GET /univ/ HTTP/1.1" 304 0 
0:0:0:0:0:0:0:1 -  -  [03/Mar/2014:21:57:17 +0000] "GET /univ/js/lib/require.js HTTP/1.1" 304 0 
0:0:0:0:0:0:0:1 -  -  [03/Mar/2014:21:57:17 +0000] "GET /univ/css/style.css HTTP/1.1" 304 0 
0:0:0:0:0:0:0:1 -  -  [03/Mar/2014:21:57:17 +0000] "GET /univ/img/logo.png HTTP/1.1" 304 0 
0:0:0:0:0:0:0:1 -  -  [03/Mar/2014:21:57:17 +0000] "GET /univ/img/gradient-top.png HTTP/1.1" 304 0 
0:0:0:0:0:0:0:1 -  -  [03/Mar/2014:21:57:17 +0000] "GET /univ/img/gradient-bottom.png HTTP/1.1" 304 0 
0:0:0:0:0:0:0:1 -  -  [03/Mar/2014:21:57:17 +0000] "GET /univ/js/app/SubUserEditView.js HTTP/1.1" 304 0 
0:0:0:0:0:0:0:1 -  -  [03/Mar/2014:21:57:18 +0000] "GET /univ/data/loginresponse.json?_=1393883837294 HTTP/1.1" 200 3539 
0:0:0:0:0:0:0:1 -  -  [03/Mar/2014:21:59:34 +0000] "GET /univ/ HTTP/1.1" 304 0 
0:0:0:0:0:0:0:1 -  -  [03/Mar/2014:21:59:34 +0000] "GET /univ/js/lib/require.js HTTP/1.1" 304 0 
0:0:0:0:0:0:0:1 -  -  [03/Mar/2014:21:59:34 +0000] "GET /univ/css/style.css HTTP/1.1" 304 0 
0:0:0:0:0:0:0:1 -  -  [03/Mar/2014:21:59:34 +0000] "GET /univ/img/gradient-top.png HTTP/1.1" 304 0 
0:0:0:0:0:0:0:1 -  -  [03/Mar/2014:21:59:34 +0000] "GET /univ/img/gradient-bottom.png HTTP/1.1" 304 0 
0:0:0:0:0:0:0:1 -  -  [03/Mar/2014:21:59:34 +0000] "GET /univ/img/logo.png HTTP/1.1" 304 0 
0:0:0:0:0:0:0:1 -  -  [03/Mar/2014:21:59:34 +0000] "GET /univ/js/common.js HTTP/1.1" 304 0 
0:0:0:0:0:0:0:1 -  -  [03/Mar/2014:21:59:34 +0000] "GET /univ/js/app/AdminView.js HTTP/1.1" 304 0 
0:0:0:0:0:0:0:1 -  -  [03/Mar/2014:21:59:34 +0000] "GET /univ/js/app/SubUserEditView.js HTTP/1.1" 304 0 
0:0:0:0:0:0:0:1 -  -  [03/Mar/2014:21:59:35 +0000] "GET /univ/data/loginresponse.json?_=1393883974564 HTTP/1.1" 200 3539 
0:0:0:0:0:0:0:1 -  -  [03/Mar/2014:21:59:39 +0000] "GET /univ/module/admin/subuseredit/index.html HTTP/1.1" 304 0 
0:0:0:0:0:0:0:1 -  -  [03/Mar/2014:21:59:39 +0000] "GET /univ/data/studentinfo-four.json;?_=1393883974565 HTTP/1.1" 200 3290 
0:0:0:0:0:0:0:1 -  -  [03/Mar/2014:21:59:47 +0000] "GET /univ/ HTTP/1.1" 304 0 
0:0:0:0:0:0:0:1 -  -  [03/Mar/2014:21:59:47 +0000] "GET /univ/js/lib/require.js HTTP/1.1" 304 0 
0:0:0:0:0:0:0:1 -  -  [03/Mar/2014:21:59:47 +0000] "GET /univ/css/style.css HTTP/1.1" 304 0 
0:0:0:0:0:0:0:1 -  -  [03/Mar/2014:21:59:47 +0000] "GET /univ/img/gradient-top.png HTTP/1.1" 304 0 
0:0:0:0:0:0:0:1 -  -  [03/Mar/2014:21:59:47 +0000] "GET /univ/img/logo.png HTTP/1.1" 304 0 
0:0:0:0:0:0:0:1 -  -  [03/Mar/2014:21:59:47 +0000] "GET /univ/img/gradient-bottom.png HTTP/1.1" 304 0 
0:0:0:0:0:0:0:1 -  -  [03/Mar/2014:21:59:47 +0000] "GET /univ/js/common.js HTTP/1.1" 304 0 
0:0:0:0:0:0:0:1 -  -  [03/Mar/2014:21:59:47 +0000] "GET /univ/data/loginresponse.json?_=1393883987292 HTTP/1.1" 200 3539 
0:0:0:0:0:0:0:1 -  -  [03/Mar/2014:21:59:51 +0000] "GET /univ/data/studentinfo-one.json;?_=1393883987293 HTTP/1.1" 200 2256 
0:0:0:0:0:0:0:1 -  -  [03/Mar/2014:21:59:56 +0000] "GET /univ/ HTTP/1.1" 304 0 
0:0:0:0:0:0:0:1 -  -  [03/Mar/2014:21:59:57 +0000] "GET /univ/js/lib/require.js HTTP/1.1" 304 0 
0:0:0:0:0:0:0:1 -  -  [03/Mar/2014:21:59:57 +0000] "GET /univ/css/style.css HTTP/1.1" 304 0 
0:0:0:0:0:0:0:1 -  -  [03/Mar/2014:21:59:57 +0000] "GET /univ/img/logo.png HTTP/1.1" 304 0 
0:0:0:0:0:0:0:1 -  -  [03/Mar/2014:21:59:57 +0000] "GET /univ/img/gradient-top.png HTTP/1.1" 304 0 
0:0:0:0:0:0:0:1 -  -  [03/Mar/2014:21:59:57 +0000] "GET /univ/img/gradient-bottom.png HTTP/1.1" 304 0 
0:0:0:0:0:0:0:1 -  -  [03/Mar/2014:21:59:57 +0000] "GET /univ/js/app/SubUserEditView.js HTTP/1.1" 304 0 
0:0:0:0:0:0:0:1 -  -  [03/Mar/2014:21:59:57 +0000] "GET /univ/data/loginresponse.json?_=1393883997222 HTTP/1.1" 200 3539 
0:0:0:0:0:0:0:1 -  -  [03/Mar/2014:22:00:04 +0000] "GET /univ/module/admin/subuseredit/index.html HTTP/1.1" 304 0 
0:0:0:0:0:0:0:1 -  -  [03/Mar/2014:22:00:04 +0000] "GET /univ/data/studentinfo-four.json;?_=1393883997223 HTTP/1.1" 200 3290 
0:0:0:0:0:0:0:1 -  -  [03/Mar/2014:22:00:06 +0000] "GET /univ/ HTTP/1.1" 304 0 
0:0:0:0:0:0:0:1 -  -  [03/Mar/2014:22:00:06 +0000] "GET /univ/js/lib/require.js HTTP/1.1" 304 0 
0:0:0:0:0:0:0:1 -  -  [03/Mar/2014:22:00:06 +0000] "GET /univ/css/style.css HTTP/1.1" 304 0 
0:0:0:0:0:0:0:1 -  -  [03/Mar/2014:22:00:06 +0000] "GET /univ/img/gradient-top.png HTTP/1.1" 304 0 
0:0:0:0:0:0:0:1 -  -  [03/Mar/2014:22:00:06 +0000] "GET /univ/img/logo.png HTTP/1.1" 304 0 
0:0:0:0:0:0:0:1 -  -  [03/Mar/2014:22:00:06 +0000] "GET /univ/img/gradient-bottom.png HTTP/1.1" 304 0 
0:0:0:0:0:0:0:1 -  -  [03/Mar/2014:22:00:06 +0000] "GET /univ/js/common.js HTTP/1.1" 304 0 
0:0:0:0:0:0:0:1 -  -  [03/Mar/2014:22:00:07 +0000] "GET /univ/data/loginresponse.json?_=1393884007038 HTTP/1.1" 200 3539 
0:0:0:0:0:0:0:1 -  -  [03/Mar/2014:22:00:50 +0000] "GET /univ/module/admin/subuseredit/index.html HTTP/1.1" 304 0 
0:0:0:0:0:0:0:1 -  -  [03/Mar/2014:22:00:50 +0000] "GET /univ/data/studentinfo-four.json;?_=1393884007039 HTTP/1.1" 200 3300 
0:0:0:0:0:0:0:1 -  -  [03/Mar/2014:22:01:28 +0000] "GET /univ/ HTTP/1.1" 304 0 
0:0:0:0:0:0:0:1 -  -  [03/Mar/2014:22:01:28 +0000] "GET /univ/js/lib/require.js HTTP/1.1" 304 0 
0:0:0:0:0:0:0:1 -  -  [03/Mar/2014:22:01:28 +0000] "GET /univ/css/style.css HTTP/1.1" 304 0 
0:0:0:0:0:0:0:1 -  -  [03/Mar/2014:22:01:28 +0000] "GET /univ/img/gradient-bottom.png HTTP/1.1" 304 0 
0:0:0:0:0:0:0:1 -  -  [03/Mar/2014:22:01:28 +0000] "GET /univ/img/gradient-top.png HTTP/1.1" 304 0 
0:0:0:0:0:0:0:1 -  -  [03/Mar/2014:22:01:28 +0000] "GET /univ/img/logo.png HTTP/1.1" 304 0 
0:0:0:0:0:0:0:1 -  -  [03/Mar/2014:22:01:28 +0000] "GET /univ/js/common.js HTTP/1.1" 304 0 
0:0:0:0:0:0:0:1 -  -  [03/Mar/2014:22:01:28 +0000] "GET /univ/js/app/SubUserEditView.js HTTP/1.1" 304 0 
0:0:0:0:0:0:0:1 -  -  [03/Mar/2014:22:01:29 +0000] "GET /univ/data/loginresponse.json?_=1393884088582 HTTP/1.1" 200 3539 
0:0:0:0:0:0:0:1 -  -  [03/Mar/2014:22:01:33 +0000] "GET /univ/ HTTP/1.1" 304 0 
0:0:0:0:0:0:0:1 -  -  [03/Mar/2014:22:01:33 +0000] "GET /univ/js/lib/require.js HTTP/1.1" 304 0 
0:0:0:0:0:0:0:1 -  -  [03/Mar/2014:22:01:33 +0000] "GET /univ/css/style.css HTTP/1.1" 304 0 
0:0:0:0:0:0:0:1 -  -  [03/Mar/2014:22:01:33 +0000] "GET /univ/img/logo.png HTTP/1.1" 304 0 
0:0:0:0:0:0:0:1 -  -  [03/Mar/2014:22:01:33 +0000] "GET /univ/img/gradient-top.png HTTP/1.1" 304 0 
0:0:0:0:0:0:0:1 -  -  [03/Mar/2014:22:01:33 +0000] "GET /univ/img/gradient-bottom.png HTTP/1.1" 304 0 
0:0:0:0:0:0:0:1 -  -  [03/Mar/2014:22:01:34 +0000] "GET /univ/data/loginresponse.json?_=1393884093898 HTTP/1.1" 200 3539 
0:0:0:0:0:0:0:1 -  -  [03/Mar/2014:22:01:42 +0000] "GET /univ/js/app/ClassView.js HTTP/1.1" 200 6601 
0:0:0:0:0:0:0:1 -  -  [03/Mar/2014:22:01:42 +0000] "GET /univ/module/class/index.html HTTP/1.1" 200 2114 
0:0:0:0:0:0:0:1 -  -  [03/Mar/2014:22:01:42 +0000] "GET /univ/img/classbook.jpg HTTP/1.1" 200 81557 
0:0:0:0:0:0:0:1 -  -  [03/Mar/2014:22:01:42 +0000] "GET /univ/img/pointer-bottom.png HTTP/1.1" 200 166 
0:0:0:0:0:0:0:1 -  -  [03/Mar/2014:22:01:42 +0000] "GET /univ/img/pointer-back.png HTTP/1.1" 200 140 
0:0:0:0:0:0:0:1 -  -  [03/Mar/2014:22:01:42 +0000] "GET /univ/data/studentinfo-one.json;?_=1393884093899 HTTP/1.1" 200 2265 
0:0:0:0:0:0:0:1 -  -  [03/Mar/2014:22:01:42 +0000] "GET /univ/img/project-page-logo.png HTTP/1.1" 200 4971 
0:0:0:0:0:0:0:1 -  -  [03/Mar/2014:22:02:54 +0000] "GET /univ/module/quiz/index.html HTTP/1.1" 200 3711 
0:0:0:0:0:0:0:1 -  -  [03/Mar/2014:22:02:54 +0000] "GET /univ/js/app/QuizView.js HTTP/1.1" 200 9756 
0:0:0:0:0:0:0:1 -  -  [03/Mar/2014:22:02:54 +0000] "GET /univ/data/studentinfo-four.json;?_=1393884093900 HTTP/1.1" 200 3300 
0:0:0:0:0:0:0:1 -  -  [03/Mar/2014:22:03:04 +0000] "GET /univ/js/app/AdminView.js HTTP/1.1" 304 0 
0:0:0:0:0:0:0:1 -  -  [03/Mar/2014:22:03:05 +0000] "GET /univ/js/app/SubUserEditView.js HTTP/1.1" 304 0 
0:0:0:0:0:0:0:1 -  -  [03/Mar/2014:22:03:05 +0000] "GET /univ/data/loginresponse.json?_=1393884093901 HTTP/1.1" 200 3539 
0:0:0:0:0:0:0:1 -  -  [03/Mar/2014:22:03:15 +0000] "GET /univ/module/admin/subuseredit/index.html HTTP/1.1" 304 0 
0:0:0:0:0:0:0:1 -  -  [03/Mar/2014:22:03:15 +0000] "GET /univ/data/studentinfo-one.json;?_=1393884093902 HTTP/1.1" 200 2265 
0:0:0:0:0:0:0:1 -  -  [03/Mar/2014:22:06:35 +0000] "GET /univ/ HTTP/1.1" 304 0 
0:0:0:0:0:0:0:1 -  -  [03/Mar/2014:22:06:35 +0000] "GET /univ/css/style.css HTTP/1.1" 304 0 
0:0:0:0:0:0:0:1 -  -  [03/Mar/2014:22:06:35 +0000] "GET /univ/js/lib/require.js HTTP/1.1" 304 0 
0:0:0:0:0:0:0:1 -  -  [03/Mar/2014:22:06:35 +0000] "GET /univ/img/gradient-bottom.png HTTP/1.1" 304 0 
0:0:0:0:0:0:0:1 -  -  [03/Mar/2014:22:06:35 +0000] "GET /univ/img/gradient-top.png HTTP/1.1" 304 0 
0:0:0:0:0:0:0:1 -  -  [03/Mar/2014:22:06:35 +0000] "GET /univ/img/logo.png HTTP/1.1" 304 0 
0:0:0:0:0:0:0:1 -  -  [03/Mar/2014:22:06:36 +0000] "GET /univ/js/app/AdminView.js HTTP/1.1" 304 0 
0:0:0:0:0:0:0:1 -  -  [03/Mar/2014:22:06:36 +0000] "GET /univ/js/app/SubUserEditView.js HTTP/1.1" 304 0 
0:0:0:0:0:0:0:1 -  -  [03/Mar/2014:22:06:36 +0000] "GET /univ/data/loginresponse.json?_=1393884396030 HTTP/1.1" 200 3539 
0:0:0:0:0:0:0:1 -  -  [03/Mar/2014:22:06:43 +0000] "GET /univ/ HTTP/1.1" 304 0 
0:0:0:0:0:0:0:1 -  -  [03/Mar/2014:22:06:44 +0000] "GET /univ/js/lib/require.js HTTP/1.1" 304 0 
0:0:0:0:0:0:0:1 -  -  [03/Mar/2014:22:06:44 +0000] "GET /univ/css/style.css HTTP/1.1" 304 0 
0:0:0:0:0:0:0:1 -  -  [03/Mar/2014:22:06:44 +0000] "GET /univ/img/logo.png HTTP/1.1" 304 0 
0:0:0:0:0:0:0:1 -  -  [03/Mar/2014:22:06:44 +0000] "GET /univ/img/gradient-top.png HTTP/1.1" 304 0 
0:0:0:0:0:0:0:1 -  -  [03/Mar/2014:22:06:44 +0000] "GET /univ/img/gradient-bottom.png HTTP/1.1" 304 0 
0:0:0:0:0:0:0:1 -  -  [03/Mar/2014:22:06:44 +0000] "GET /univ/data/loginresponse.json?_=1393884404221 HTTP/1.1" 200 3539 
0:0:0:0:0:0:0:1 -  -  [03/Mar/2014:22:06:57 +0000] "GET /univ/data/studentinfo-one.json;?_=1393884404222 HTTP/1.1" 200 2265 
0:0:0:0:0:0:0:1 -  -  [03/Mar/2014:22:07:03 +0000] "GET /univ/data/loginresponse.json?_=1393884404223 HTTP/1.1" 200 3539 
0:0:0:0:0:0:0:1 -  -  [03/Mar/2014:22:07:06 +0000] "GET /univ/img/next-over.png HTTP/1.1" 200 1419 
0:0:0:0:0:0:0:1 -  -  [03/Mar/2014:22:20:21 +0000] "GET /univ/ HTTP/1.1" 304 0 
0:0:0:0:0:0:0:1 -  -  [03/Mar/2014:22:20:21 +0000] "GET /univ/css/style.css HTTP/1.1" 304 0 
0:0:0:0:0:0:0:1 -  -  [03/Mar/2014:22:20:21 +0000] "GET /univ/js/lib/require.js HTTP/1.1" 304 0 
0:0:0:0:0:0:0:1 -  -  [03/Mar/2014:22:20:21 +0000] "GET /univ/img/gradient-bottom.png HTTP/1.1" 304 0 
0:0:0:0:0:0:0:1 -  -  [03/Mar/2014:22:20:21 +0000] "GET /univ/img/gradient-top.png HTTP/1.1" 304 0 
0:0:0:0:0:0:0:1 -  -  [03/Mar/2014:22:20:21 +0000] "GET /univ/img/logo.png HTTP/1.1" 304 0 
0:0:0:0:0:0:0:1 -  -  [03/Mar/2014:22:20:22 +0000] "GET /univ/js/app/Router.js HTTP/1.1" 304 0 
0:0:0:0:0:0:0:1 -  -  [03/Mar/2014:22:20:22 +0000] "GET /univ/js/app/Pager.js HTTP/1.1" 304 0 
0:0:0:0:0:0:0:1 -  -  [03/Mar/2014:22:20:22 +0000] "GET /univ/js/app/AdminView.js HTTP/1.1" 304 0 
0:0:0:0:0:0:0:1 -  -  [03/Mar/2014:22:20:22 +0000] "GET /univ/module/admin/index.html HTTP/1.1" 304 0 
0:0:0:0:0:0:0:1 -  -  [03/Mar/2014:22:20:22 +0000] "GET /univ/js/app/SubUserEditView.js HTTP/1.1" 200 2374 
0:0:0:0:0:0:0:1 -  -  [03/Mar/2014:22:20:22 +0000] "GET /univ/data/loginresponse.json?_=1393885222077 HTTP/1.1" 200 3539 
0:0:0:0:0:0:0:1 -  -  [03/Mar/2014:22:20:26 +0000] "GET /univ/module/admin/subuseredit/index.html HTTP/1.1" 200 3815 
0:0:0:0:0:0:0:1 -  -  [03/Mar/2014:22:20:26 +0000] "GET /univ/data/studentinfo-four.json;?_=1393885222078 HTTP/1.1" 200 3300 
0:0:0:0:0:0:0:1 -  -  [03/Mar/2014:22:20:31 +0000] "GET /univ/ HTTP/1.1" 304 0 
0:0:0:0:0:0:0:1 -  -  [03/Mar/2014:22:20:31 +0000] "GET /univ/js/lib/require.js HTTP/1.1" 304 0 
0:0:0:0:0:0:0:1 -  -  [03/Mar/2014:22:20:31 +0000] "GET /univ/css/style.css HTTP/1.1" 304 0 
0:0:0:0:0:0:0:1 -  -  [03/Mar/2014:22:20:31 +0000] "GET /univ/img/gradient-top.png HTTP/1.1" 304 0 
0:0:0:0:0:0:0:1 -  -  [03/Mar/2014:22:20:31 +0000] "GET /univ/img/logo.png HTTP/1.1" 304 0 
0:0:0:0:0:0:0:1 -  -  [03/Mar/2014:22:20:31 +0000] "GET /univ/img/gradient-bottom.png HTTP/1.1" 304 0 
0:0:0:0:0:0:0:1 -  -  [03/Mar/2014:22:20:31 +0000] "GET /univ/js/common.js HTTP/1.1" 304 0 
0:0:0:0:0:0:0:1 -  -  [03/Mar/2014:22:20:31 +0000] "GET /univ/js/app/SubUserEditView.js HTTP/1.1" 304 0 
0:0:0:0:0:0:0:1 -  -  [03/Mar/2014:22:20:31 +0000] "GET /univ/data/loginresponse.json?_=1393885231802 HTTP/1.1" 200 3539 
0:0:0:0:0:0:0:1 -  -  [03/Mar/2014:22:20:37 +0000] "GET /univ/module/admin/subuseredit/index.html HTTP/1.1" 304 0 
0:0:0:0:0:0:0:1 -  -  [03/Mar/2014:22:20:37 +0000] "GET /univ/data/studentinfo-four.json;?_=1393885231803 HTTP/1.1" 200 3300 
0:0:0:0:0:0:0:1 -  -  [03/Mar/2014:22:20:40 +0000] "GET /univ/ HTTP/1.1" 304 0 
0:0:0:0:0:0:0:1 -  -  [03/Mar/2014:22:20:40 +0000] "GET /univ/css/style.css HTTP/1.1" 304 0 
0:0:0:0:0:0:0:1 -  -  [03/Mar/2014:22:20:40 +0000] "GET /univ/js/lib/require.js HTTP/1.1" 304 0 
0:0:0:0:0:0:0:1 -  -  [03/Mar/2014:22:20:40 +0000] "GET /univ/img/gradient-bottom.png HTTP/1.1" 304 0 
0:0:0:0:0:0:0:1 -  -  [03/Mar/2014:22:20:40 +0000] "GET /univ/img/logo.png HTTP/1.1" 304 0 
0:0:0:0:0:0:0:1 -  -  [03/Mar/2014:22:20:40 +0000] "GET /univ/img/gradient-top.png HTTP/1.1" 304 0 
0:0:0:0:0:0:0:1 -  -  [03/Mar/2014:22:20:40 +0000] "GET /univ/js/app/SubUserEditView.js HTTP/1.1" 304 0 
0:0:0:0:0:0:0:1 -  -  [03/Mar/2014:22:20:40 +0000] "GET /univ/data/loginresponse.json?_=1393885240522 HTTP/1.1" 200 3539 
0:0:0:0:0:0:0:1 -  -  [03/Mar/2014:22:22:51 +0000] "GET /univ/ HTTP/1.1" 304 0 
0:0:0:0:0:0:0:1 -  -  [03/Mar/2014:22:22:51 +0000] "GET /univ/css/style.css HTTP/1.1" 304 0 
0:0:0:0:0:0:0:1 -  -  [03/Mar/2014:22:22:51 +0000] "GET /univ/js/lib/require.js HTTP/1.1" 304 0 
0:0:0:0:0:0:0:1 -  -  [03/Mar/2014:22:22:51 +0000] "GET /univ/img/gradient-bottom.png HTTP/1.1" 304 0 
0:0:0:0:0:0:0:1 -  -  [03/Mar/2014:22:22:51 +0000] "GET /univ/img/gradient-top.png HTTP/1.1" 304 0 
0:0:0:0:0:0:0:1 -  -  [03/Mar/2014:22:22:51 +0000] "GET /univ/img/logo.png HTTP/1.1" 304 0 
0:0:0:0:0:0:0:1 -  -  [03/Mar/2014:22:22:51 +0000] "GET /univ/js/common.js HTTP/1.1" 304 0 
0:0:0:0:0:0:0:1 -  -  [03/Mar/2014:22:22:51 +0000] "GET /univ/js/app/SubUserEditView.js HTTP/1.1" 200 2586 
0:0:0:0:0:0:0:1 -  -  [03/Mar/2014:22:22:51 +0000] "GET /univ/data/loginresponse.json?_=1393885371355 HTTP/1.1" 200 3539 
0:0:0:0:0:0:0:1 -  -  [03/Mar/2014:22:22:55 +0000] "GET /univ/module/admin/subuseradd/index.html HTTP/1.1" 200 4710 
0:0:0:0:0:0:0:1 -  -  [03/Mar/2014:22:22:55 +0000] "GET /univ/js/app/SubUserAddView.js HTTP/1.1" 200 3908 
0:0:0:0:0:0:0:1 -  -  [03/Mar/2014:22:22:55 +0000] "GET /univ/data/loginresponse.json?_=1393885371356 HTTP/1.1" 200 3539 
0:0:0:0:0:0:0:1 -  -  [03/Mar/2014:22:23:03 +0000] "GET /univ/ HTTP/1.1" 304 0 
0:0:0:0:0:0:0:1 -  -  [03/Mar/2014:22:23:03 +0000] "GET /univ/css/style.css HTTP/1.1" 304 0 
0:0:0:0:0:0:0:1 -  -  [03/Mar/2014:22:23:03 +0000] "GET /univ/js/lib/require.js HTTP/1.1" 304 0 
0:0:0:0:0:0:0:1 -  -  [03/Mar/2014:22:23:03 +0000] "GET /univ/img/gradient-top.png HTTP/1.1" 304 0 
0:0:0:0:0:0:0:1 -  -  [03/Mar/2014:22:23:03 +0000] "GET /univ/img/gradient-bottom.png HTTP/1.1" 304 0 
0:0:0:0:0:0:0:1 -  -  [03/Mar/2014:22:23:03 +0000] "GET /univ/img/logo.png HTTP/1.1" 304 0 
0:0:0:0:0:0:0:1 -  -  [03/Mar/2014:22:23:04 +0000] "GET /univ/js/app/SubUserEditView.js HTTP/1.1" 304 0 
0:0:0:0:0:0:0:1 -  -  [03/Mar/2014:22:23:04 +0000] "GET /univ/data/loginresponse.json?_=1393885384004 HTTP/1.1" 200 3539 
0:0:0:0:0:0:0:1 -  -  [03/Mar/2014:22:23:09 +0000] "GET /univ/module/admin/subuseredit/index.html HTTP/1.1" 200 3851 
0:0:0:0:0:0:0:1 -  -  [03/Mar/2014:22:23:09 +0000] "GET /univ/data/studentinfo-four.json;?_=1393885384005 HTTP/1.1" 200 3300 
0:0:0:0:0:0:0:1 -  -  [03/Mar/2014:22:23:35 +0000] "GET /univ/ HTTP/1.1" 304 0 
0:0:0:0:0:0:0:1 -  -  [03/Mar/2014:22:23:35 +0000] "GET /univ/css/style.css HTTP/1.1" 304 0 
0:0:0:0:0:0:0:1 -  -  [03/Mar/2014:22:23:35 +0000] "GET /univ/img/gradient-top.png HTTP/1.1" 304 0 
0:0:0:0:0:0:0:1 -  -  [03/Mar/2014:22:23:35 +0000] "GET /univ/img/logo.png HTTP/1.1" 304 0 
0:0:0:0:0:0:0:1 -  -  [03/Mar/2014:22:23:35 +0000] "GET /univ/img/gradient-bottom.png HTTP/1.1" 304 0 
0:0:0:0:0:0:0:1 -  -  [03/Mar/2014:22:23:35 +0000] "GET /univ/js/lib/require.js HTTP/1.1" 304 0 
0:0:0:0:0:0:0:1 -  -  [03/Mar/2014:22:23:35 +0000] "GET /univ/js/app/SubUserEditView.js HTTP/1.1" 200 2588 
0:0:0:0:0:0:0:1 -  -  [03/Mar/2014:22:23:36 +0000] "GET /univ/data/loginresponse.json?_=1393885415314 HTTP/1.1" 200 3539 
0:0:0:0:0:0:0:1 -  -  [03/Mar/2014:22:23:36 +0000] "GET /univ/module/admin/subuseredit/index.html HTTP/1.1" 304 0 
0:0:0:0:0:0:0:1 -  -  [03/Mar/2014:22:23:36 +0000] "GET /univ/data/studentinfo-four.json;?_=1393885415315 HTTP/1.1" 200 3300 
0:0:0:0:0:0:0:1 -  -  [03/Mar/2014:22:23:44 +0000] "GET /univ/ HTTP/1.1" 304 0 
0:0:0:0:0:0:0:1 -  -  [03/Mar/2014:22:23:44 +0000] "GET /univ/css/style.css HTTP/1.1" 304 0 
0:0:0:0:0:0:0:1 -  -  [03/Mar/2014:22:23:44 +0000] "GET /univ/js/lib/require.js HTTP/1.1" 304 0 
0:0:0:0:0:0:0:1 -  -  [03/Mar/2014:22:23:44 +0000] "GET /univ/img/gradient-top.png HTTP/1.1" 304 0 
0:0:0:0:0:0:0:1 -  -  [03/Mar/2014:22:23:44 +0000] "GET /univ/img/gradient-bottom.png HTTP/1.1" 304 0 
0:0:0:0:0:0:0:1 -  -  [03/Mar/2014:22:23:44 +0000] "GET /univ/img/logo.png HTTP/1.1" 304 0 
0:0:0:0:0:0:0:1 -  -  [03/Mar/2014:22:23:45 +0000] "GET /univ/js/app/SubUserEditView.js HTTP/1.1" 304 0 
0:0:0:0:0:0:0:1 -  -  [03/Mar/2014:22:23:45 +0000] "GET /univ/data/loginresponse.json?_=1393885424769 HTTP/1.1" 200 3539 
0:0:0:0:0:0:0:1 -  -  [03/Mar/2014:22:23:49 +0000] "GET /univ/module/admin/subuseredit/index.html HTTP/1.1" 304 0 
0:0:0:0:0:0:0:1 -  -  [03/Mar/2014:22:23:49 +0000] "GET /univ/data/studentinfo-one.json;?_=1393885424770 HTTP/1.1" 200 2265 
0:0:0:0:0:0:0:1 -  -  [03/Mar/2014:22:26:07 +0000] "GET /univ/ HTTP/1.1" 304 0 
0:0:0:0:0:0:0:1 -  -  [03/Mar/2014:22:26:07 +0000] "GET /univ/js/lib/require.js HTTP/1.1" 304 0 
0:0:0:0:0:0:0:1 -  -  [03/Mar/2014:22:26:07 +0000] "GET /univ/css/style.css HTTP/1.1" 304 0 
0:0:0:0:0:0:0:1 -  -  [03/Mar/2014:22:26:07 +0000] "GET /univ/img/gradient-top.png HTTP/1.1" 304 0 
0:0:0:0:0:0:0:1 -  -  [03/Mar/2014:22:26:07 +0000] "GET /univ/img/logo.png HTTP/1.1" 304 0 
0:0:0:0:0:0:0:1 -  -  [03/Mar/2014:22:26:07 +0000] "GET /univ/img/gradient-bottom.png HTTP/1.1" 304 0 
0:0:0:0:0:0:0:1 -  -  [03/Mar/2014:22:26:07 +0000] "GET /univ/js/common.js HTTP/1.1" 304 0 
0:0:0:0:0:0:0:1 -  -  [03/Mar/2014:22:26:07 +0000] "GET /univ/js/app/AdminRoutes.js HTTP/1.1" 304 0 
0:0:0:0:0:0:0:1 -  -  [03/Mar/2014:22:26:07 +0000] "GET /univ/js/app/AdminView.js HTTP/1.1" 304 0 
0:0:0:0:0:0:0:1 -  -  [03/Mar/2014:22:26:07 +0000] "GET /univ/js/app/SubUserEditView.js HTTP/1.1" 200 2586 
0:0:0:0:0:0:0:1 -  -  [03/Mar/2014:22:26:08 +0000] "GET /univ/data/loginresponse.json?_=1393885567558 HTTP/1.1" 200 3539 
0:0:0:0:0:0:0:1 -  -  [03/Mar/2014:22:26:09 +0000] "GET /univ/module/admin/subuseredit/index.html HTTP/1.1" 304 0 
0:0:0:0:0:0:0:1 -  -  [03/Mar/2014:22:26:09 +0000] "GET /univ/data/studentinfo-four.json;?_=1393885567559 HTTP/1.1" 200 3300 
0:0:0:0:0:0:0:1 -  -  [03/Mar/2014:22:26:12 +0000] "GET /univ/ HTTP/1.1" 304 0 
0:0:0:0:0:0:0:1 -  -  [03/Mar/2014:22:26:12 +0000] "GET /univ/css/style.css HTTP/1.1" 304 0 
0:0:0:0:0:0:0:1 -  -  [03/Mar/2014:22:26:12 +0000] "GET /univ/js/lib/require.js HTTP/1.1" 304 0 
0:0:0:0:0:0:0:1 -  -  [03/Mar/2014:22:26:12 +0000] "GET /univ/img/logo.png HTTP/1.1" 304 0 
0:0:0:0:0:0:0:1 -  -  [03/Mar/2014:22:26:12 +0000] "GET /univ/img/gradient-bottom.png HTTP/1.1" 304 0 
0:0:0:0:0:0:0:1 -  -  [03/Mar/2014:22:26:12 +0000] "GET /univ/img/gradient-top.png HTTP/1.1" 304 0 
0:0:0:0:0:0:0:1 -  -  [03/Mar/2014:22:26:12 +0000] "GET /univ/js/common.js HTTP/1.1" 304 0 
0:0:0:0:0:0:0:1 -  -  [03/Mar/2014:22:26:12 +0000] "GET /univ/js/app/SubUserEditView.js HTTP/1.1" 304 0 
0:0:0:0:0:0:0:1 -  -  [03/Mar/2014:22:26:12 +0000] "GET /univ/data/loginresponse.json?_=1393885572334 HTTP/1.1" 200 3539 
0:0:0:0:0:0:0:1 -  -  [03/Mar/2014:22:26:16 +0000] "GET /univ/data/studentinfo-four.json;?_=1393885572335 HTTP/1.1" 200 3300 
0:0:0:0:0:0:0:1 -  -  [03/Mar/2014:22:26:38 +0000] "GET /univ/ HTTP/1.1" 304 0 
0:0:0:0:0:0:0:1 -  -  [03/Mar/2014:22:26:38 +0000] "GET /univ/css/style.css HTTP/1.1" 304 0 
0:0:0:0:0:0:0:1 -  -  [03/Mar/2014:22:26:38 +0000] "GET /univ/js/lib/require.js HTTP/1.1" 304 0 
0:0:0:0:0:0:0:1 -  -  [03/Mar/2014:22:26:38 +0000] "GET /univ/img/logo.png HTTP/1.1" 304 0 
0:0:0:0:0:0:0:1 -  -  [03/Mar/2014:22:26:38 +0000] "GET /univ/img/gradient-bottom.png HTTP/1.1" 304 0 
0:0:0:0:0:0:0:1 -  -  [03/Mar/2014:22:26:38 +0000] "GET /univ/img/gradient-top.png HTTP/1.1" 304 0 
0:0:0:0:0:0:0:1 -  -  [03/Mar/2014:22:26:38 +0000] "GET /univ/js/common.js HTTP/1.1" 304 0 
0:0:0:0:0:0:0:1 -  -  [03/Mar/2014:22:26:38 +0000] "GET /univ/js/app/SubUserEditView.js HTTP/1.1" 304 0 
0:0:0:0:0:0:0:1 -  -  [03/Mar/2014:22:26:39 +0000] "GET /univ/data/loginresponse.json?_=1393885598570 HTTP/1.1" 200 3539 
0:0:0:0:0:0:0:1 -  -  [03/Mar/2014:22:26:43 +0000] "GET /univ/module/admin/subuseredit/index.html HTTP/1.1" 304 0 
0:0:0:0:0:0:0:1 -  -  [03/Mar/2014:22:26:44 +0000] "GET /univ/data/studentinfo-four.json;?_=1393885598571 HTTP/1.1" 200 3302 
0:0:0:0:0:0:0:1 -  -  [03/Mar/2014:22:27:05 +0000] "GET /univ/ HTTP/1.1" 304 0 
0:0:0:0:0:0:0:1 -  -  [03/Mar/2014:22:27:05 +0000] "GET /univ/css/style.css HTTP/1.1" 304 0 
0:0:0:0:0:0:0:1 -  -  [03/Mar/2014:22:27:05 +0000] "GET /univ/js/lib/require.js HTTP/1.1" 304 0 
0:0:0:0:0:0:0:1 -  -  [03/Mar/2014:22:27:06 +0000] "GET /univ/img/logo.png HTTP/1.1" 304 0 
0:0:0:0:0:0:0:1 -  -  [03/Mar/2014:22:27:06 +0000] "GET /univ/img/gradient-bottom.png HTTP/1.1" 304 0 
0:0:0:0:0:0:0:1 -  -  [03/Mar/2014:22:27:06 +0000] "GET /univ/img/gradient-top.png HTTP/1.1" 304 0 
0:0:0:0:0:0:0:1 -  -  [03/Mar/2014:22:27:06 +0000] "GET /univ/js/app/SubUserEditView.js HTTP/1.1" 304 0 
0:0:0:0:0:0:0:1 -  -  [03/Mar/2014:22:27:06 +0000] "GET /univ/data/loginresponse.json?_=1393885626179 HTTP/1.1" 200 3539 
