0:0:0:0:0:0:0:1 -  -  [21/Feb/2014:00:01:45 +0000] "GET /green/ HTTP/1.1" 304 0 
0:0:0:0:0:0:0:1 -  -  [21/Feb/2014:00:01:45 +0000] "GET /green/js/spin.min.js HTTP/1.1" 304 0 
0:0:0:0:0:0:0:1 -  -  [21/Feb/2014:00:01:45 +0000] "GET /green/js/jquery.js HTTP/1.1" 304 0 
0:0:0:0:0:0:0:1 -  -  [21/Feb/2014:00:01:45 +0000] "GET /green/js/modernizr-2.5.3.min.js HTTP/1.1" 304 0 
0:0:0:0:0:0:0:1 -  -  [21/Feb/2014:00:01:45 +0000] "GET /green/css/style.css HTTP/1.1" 200 56981 
0:0:0:0:0:0:0:1 -  -  [21/Feb/2014:00:01:45 +0000] "GET /green/js/typeahead.bundle.js HTTP/1.1" 304 0 
0:0:0:0:0:0:0:1 -  -  [21/Feb/2014:00:01:45 +0000] "GET /green/js/jquery-migrate.min.js HTTP/1.1" 304 0 
0:0:0:0:0:0:0:1 -  -  [21/Feb/2014:00:01:45 +0000] "GET /green/js/bloodhound.js HTTP/1.1" 304 0 
0:0:0:0:0:0:0:1 -  -  [21/Feb/2014:00:01:45 +0000] "GET /green/js/jquery.cookie.js HTTP/1.1" 304 0 
0:0:0:0:0:0:0:1 -  -  [21/Feb/2014:00:01:45 +0000] "GET /green/js/jquery.hashchange.js HTTP/1.1" 304 0 
0:0:0:0:0:0:0:1 -  -  [21/Feb/2014:00:01:45 +0000] "GET /green/js/jquery.router.js HTTP/1.1" 304 0 
0:0:0:0:0:0:0:1 -  -  [21/Feb/2014:00:01:45 +0000] "GET /green/js/plugins-min.js HTTP/1.1" 304 0 
0:0:0:0:0:0:0:1 -  -  [21/Feb/2014:00:01:45 +0000] "GET /green/js/jquery.fitvids.js HTTP/1.1" 304 0 
0:0:0:0:0:0:0:1 -  -  [21/Feb/2014:00:01:45 +0000] "GET /green/img/map.jpg HTTP/1.1" 304 0 
0:0:0:0:0:0:0:1 -  -  [21/Feb/2014:00:01:45 +0000] "GET /green/img/ss-twitter-large.png HTTP/1.1" 304 0 
0:0:0:0:0:0:0:1 -  -  [21/Feb/2014:00:01:45 +0000] "GET /green/img/ss-facebook.png HTTP/1.1" 304 0 
0:0:0:0:0:0:0:1 -  -  [21/Feb/2014:00:01:45 +0000] "GET /green/img/login.png HTTP/1.1" 304 0 
0:0:0:0:0:0:0:1 -  -  [21/Feb/2014:00:01:45 +0000] "GET /green/img/ss-pinterest-large.png HTTP/1.1" 304 0 
0:0:0:0:0:0:0:1 -  -  [21/Feb/2014:00:01:45 +0000] "GET /green/img/ss-twitter.png HTTP/1.1" 304 0 
0:0:0:0:0:0:0:1 -  -  [21/Feb/2014:00:01:45 +0000] "GET /green/img/ss-facebook-large.png HTTP/1.1" 304 0 
0:0:0:0:0:0:0:1 -  -  [21/Feb/2014:00:01:45 +0000] "GET /green/img/ss-pinterest.png HTTP/1.1" 304 0 
0:0:0:0:0:0:0:1 -  -  [21/Feb/2014:00:01:45 +0000] "GET /green/img/logo.png HTTP/1.1" 304 0 
0:0:0:0:0:0:0:1 -  -  [21/Feb/2014:00:01:45 +0000] "GET /green/img/next-up.png HTTP/1.1" 304 0 
0:0:0:0:0:0:0:1 -  -  [21/Feb/2014:00:01:45 +0000] "GET /green/img/gradient-bottom.png HTTP/1.1" 304 0 
0:0:0:0:0:0:0:1 -  -  [21/Feb/2014:00:01:45 +0000] "GET /green/img/gradient-top.png HTTP/1.1" 304 0 
0:0:0:0:0:0:0:1 -  -  [21/Feb/2014:00:01:45 +0000] "GET /green/js/home-min.js HTTP/1.1" 304 0 
0:0:0:0:0:0:0:1 -  -  [21/Feb/2014:00:01:46 +0000] "GET /green/img/5.jpg HTTP/1.1" 304 0 
0:0:0:0:0:0:0:1 -  -  [21/Feb/2014:00:01:46 +0000] "GET /green/img/4.jpg HTTP/1.1" 304 0 
0:0:0:0:0:0:0:1 -  -  [21/Feb/2014:00:01:46 +0000] "GET /green/img/3.jpg HTTP/1.1" 304 0 
0:0:0:0:0:0:0:1 -  -  [21/Feb/2014:00:01:46 +0000] "GET /green/img/2.jpg HTTP/1.1" 304 0 
0:0:0:0:0:0:0:1 -  -  [21/Feb/2014:00:01:46 +0000] "GET /green/img/1.jpg HTTP/1.1" 304 0 
0:0:0:0:0:0:0:1 -  -  [21/Feb/2014:00:01:46 +0000] "GET /green/img/modal-close.png HTTP/1.1" 304 0 
0:0:0:0:0:0:0:1 -  -  [21/Feb/2014:00:01:50 +0000] "GET /green/ HTTP/1.1" 304 0 
0:0:0:0:0:0:0:1 -  -  [21/Feb/2014:00:01:50 +0000] "GET /green/js/jquery-migrate.min.js HTTP/1.1" 304 0 
0:0:0:0:0:0:0:1 -  -  [21/Feb/2014:00:01:50 +0000] "GET /green/js/typeahead.bundle.js HTTP/1.1" 304 0 
0:0:0:0:0:0:0:1 -  -  [21/Feb/2014:00:01:50 +0000] "GET /green/js/spin.min.js HTTP/1.1" 304 0 
0:0:0:0:0:0:0:1 -  -  [21/Feb/2014:00:01:50 +0000] "GET /green/js/jquery.js HTTP/1.1" 304 0 
0:0:0:0:0:0:0:1 -  -  [21/Feb/2014:00:01:50 +0000] "GET /green/css/style.css HTTP/1.1" 304 0 
0:0:0:0:0:0:0:1 -  -  [21/Feb/2014:00:01:50 +0000] "GET /green/js/modernizr-2.5.3.min.js HTTP/1.1" 304 0 
0:0:0:0:0:0:0:1 -  -  [21/Feb/2014:00:01:50 +0000] "GET /green/js/bloodhound.js HTTP/1.1" 304 0 
0:0:0:0:0:0:0:1 -  -  [21/Feb/2014:00:01:50 +0000] "GET /green/js/jquery.cookie.js HTTP/1.1" 304 0 
0:0:0:0:0:0:0:1 -  -  [21/Feb/2014:00:01:50 +0000] "GET /green/js/jquery.fitvids.js HTTP/1.1" 304 0 
0:0:0:0:0:0:0:1 -  -  [21/Feb/2014:00:01:50 +0000] "GET /green/js/jquery.router.js HTTP/1.1" 304 0 
0:0:0:0:0:0:0:1 -  -  [21/Feb/2014:00:01:50 +0000] "GET /green/js/jquery.hashchange.js HTTP/1.1" 304 0 
0:0:0:0:0:0:0:1 -  -  [21/Feb/2014:00:01:50 +0000] "GET /green/js/plugins-min.js HTTP/1.1" 304 0 
0:0:0:0:0:0:0:1 -  -  [21/Feb/2014:00:01:51 +0000] "GET /green/img/map.jpg HTTP/1.1" 304 0 
0:0:0:0:0:0:0:1 -  -  [21/Feb/2014:00:01:51 +0000] "GET /green/img/ss-facebook.png HTTP/1.1" 304 0 
0:0:0:0:0:0:0:1 -  -  [21/Feb/2014:00:01:51 +0000] "GET /green/img/login.png HTTP/1.1" 304 0 
0:0:0:0:0:0:0:1 -  -  [21/Feb/2014:00:01:51 +0000] "GET /green/img/ss-pinterest-large.png HTTP/1.1" 304 0 
0:0:0:0:0:0:0:1 -  -  [21/Feb/2014:00:01:51 +0000] "GET /green/img/ss-facebook-large.png HTTP/1.1" 304 0 
0:0:0:0:0:0:0:1 -  -  [21/Feb/2014:00:01:51 +0000] "GET /green/img/ss-twitter-large.png HTTP/1.1" 304 0 
0:0:0:0:0:0:0:1 -  -  [21/Feb/2014:00:01:51 +0000] "GET /green/img/ss-twitter.png HTTP/1.1" 304 0 
0:0:0:0:0:0:0:1 -  -  [21/Feb/2014:00:01:51 +0000] "GET /green/img/ss-pinterest.png HTTP/1.1" 304 0 
0:0:0:0:0:0:0:1 -  -  [21/Feb/2014:00:01:51 +0000] "GET /green/img/logo.png HTTP/1.1" 304 0 
0:0:0:0:0:0:0:1 -  -  [21/Feb/2014:00:01:51 +0000] "GET /green/js/home-min.js HTTP/1.1" 304 0 
0:0:0:0:0:0:0:1 -  -  [21/Feb/2014:00:01:51 +0000] "GET /green/img/next-up.png HTTP/1.1" 304 0 
0:0:0:0:0:0:0:1 -  -  [21/Feb/2014:00:01:51 +0000] "GET /green/img/gradient-bottom.png HTTP/1.1" 304 0 
0:0:0:0:0:0:0:1 -  -  [21/Feb/2014:00:01:51 +0000] "GET /green/img/gradient-top.png HTTP/1.1" 304 0 
0:0:0:0:0:0:0:1 -  -  [21/Feb/2014:00:01:51 +0000] "GET /green/img/3.jpg HTTP/1.1" 304 0 
0:0:0:0:0:0:0:1 -  -  [21/Feb/2014:00:01:51 +0000] "GET /green/img/2.jpg HTTP/1.1" 304 0 
0:0:0:0:0:0:0:1 -  -  [21/Feb/2014:00:01:51 +0000] "GET /green/img/1.jpg HTTP/1.1" 304 0 
0:0:0:0:0:0:0:1 -  -  [21/Feb/2014:00:01:51 +0000] "GET /green/img/5.jpg HTTP/1.1" 304 0 
0:0:0:0:0:0:0:1 -  -  [21/Feb/2014:00:01:51 +0000] "GET /green/img/4.jpg HTTP/1.1" 304 0 
0:0:0:0:0:0:0:1 -  -  [21/Feb/2014:00:01:51 +0000] "GET /green/img/modal-close.png HTTP/1.1" 304 0 
0:0:0:0:0:0:0:1 -  -  [21/Feb/2014:00:02:40 +0000] "GET /green/ HTTP/1.1" 304 0 
0:0:0:0:0:0:0:1 -  -  [21/Feb/2014:00:02:40 +0000] "GET /green/js/typeahead.bundle.js HTTP/1.1" 304 0 
0:0:0:0:0:0:0:1 -  -  [21/Feb/2014:00:02:40 +0000] "GET /green/js/jquery-migrate.min.js HTTP/1.1" 304 0 
0:0:0:0:0:0:0:1 -  -  [21/Feb/2014:00:02:40 +0000] "GET /green/js/jquery.js HTTP/1.1" 304 0 
0:0:0:0:0:0:0:1 -  -  [21/Feb/2014:00:02:40 +0000] "GET /green/css/style.css HTTP/1.1" 200 56981 
0:0:0:0:0:0:0:1 -  -  [21/Feb/2014:00:02:40 +0000] "GET /green/js/spin.min.js HTTP/1.1" 304 0 
0:0:0:0:0:0:0:1 -  -  [21/Feb/2014:00:02:40 +0000] "GET /green/js/modernizr-2.5.3.min.js HTTP/1.1" 304 0 
0:0:0:0:0:0:0:1 -  -  [21/Feb/2014:00:02:40 +0000] "GET /green/js/bloodhound.js HTTP/1.1" 304 0 
0:0:0:0:0:0:0:1 -  -  [21/Feb/2014:00:02:40 +0000] "GET /green/js/jquery.router.js HTTP/1.1" 304 0 
0:0:0:0:0:0:0:1 -  -  [21/Feb/2014:00:02:40 +0000] "GET /green/js/jquery.cookie.js HTTP/1.1" 304 0 
0:0:0:0:0:0:0:1 -  -  [21/Feb/2014:00:02:40 +0000] "GET /green/js/jquery.hashchange.js HTTP/1.1" 304 0 
0:0:0:0:0:0:0:1 -  -  [21/Feb/2014:00:02:40 +0000] "GET /green/js/jquery.fitvids.js HTTP/1.1" 304 0 
0:0:0:0:0:0:0:1 -  -  [21/Feb/2014:00:02:40 +0000] "GET /green/js/plugins-min.js HTTP/1.1" 304 0 
0:0:0:0:0:0:0:1 -  -  [21/Feb/2014:00:02:40 +0000] "GET /green/img/map.jpg HTTP/1.1" 304 0 
0:0:0:0:0:0:0:1 -  -  [21/Feb/2014:00:02:40 +0000] "GET /green/img/ss-facebook-large.png HTTP/1.1" 304 0 
0:0:0:0:0:0:0:1 -  -  [21/Feb/2014:00:02:40 +0000] "GET /green/img/ss-facebook.png HTTP/1.1" 304 0 
0:0:0:0:0:0:0:1 -  -  [21/Feb/2014:00:02:40 +0000] "GET /green/img/ss-twitter-large.png HTTP/1.1" 304 0 
0:0:0:0:0:0:0:1 -  -  [21/Feb/2014:00:02:40 +0000] "GET /green/img/login.png HTTP/1.1" 304 0 
0:0:0:0:0:0:0:1 -  -  [21/Feb/2014:00:02:40 +0000] "GET /green/img/ss-twitter.png HTTP/1.1" 304 0 
0:0:0:0:0:0:0:1 -  -  [21/Feb/2014:00:02:40 +0000] "GET /green/img/ss-pinterest-large.png HTTP/1.1" 304 0 
0:0:0:0:0:0:0:1 -  -  [21/Feb/2014:00:02:40 +0000] "GET /green/img/ss-pinterest.png HTTP/1.1" 304 0 
0:0:0:0:0:0:0:1 -  -  [21/Feb/2014:00:02:40 +0000] "GET /green/js/home-min.js HTTP/1.1" 304 0 
0:0:0:0:0:0:0:1 -  -  [21/Feb/2014:00:02:40 +0000] "GET /green/img/logo.png HTTP/1.1" 304 0 
0:0:0:0:0:0:0:1 -  -  [21/Feb/2014:00:02:40 +0000] "GET /green/img/gradient-bottom.png HTTP/1.1" 304 0 
0:0:0:0:0:0:0:1 -  -  [21/Feb/2014:00:02:40 +0000] "GET /green/img/gradient-top.png HTTP/1.1" 304 0 
0:0:0:0:0:0:0:1 -  -  [21/Feb/2014:00:02:40 +0000] "GET /green/img/next-up.png HTTP/1.1" 304 0 
0:0:0:0:0:0:0:1 -  -  [21/Feb/2014:00:02:40 +0000] "GET /green/img/4.jpg HTTP/1.1" 304 0 
0:0:0:0:0:0:0:1 -  -  [21/Feb/2014:00:02:40 +0000] "GET /green/img/3.jpg HTTP/1.1" 304 0 
0:0:0:0:0:0:0:1 -  -  [21/Feb/2014:00:02:40 +0000] "GET /green/img/2.jpg HTTP/1.1" 304 0 
0:0:0:0:0:0:0:1 -  -  [21/Feb/2014:00:02:40 +0000] "GET /green/img/1.jpg HTTP/1.1" 304 0 
0:0:0:0:0:0:0:1 -  -  [21/Feb/2014:00:02:40 +0000] "GET /green/img/5.jpg HTTP/1.1" 304 0 
0:0:0:0:0:0:0:1 -  -  [21/Feb/2014:00:02:40 +0000] "GET /green/img/modal-close.png HTTP/1.1" 304 0 
0:0:0:0:0:0:0:1 -  -  [21/Feb/2014:00:04:44 +0000] "GET /green/ HTTP/1.1" 304 0 
0:0:0:0:0:0:0:1 -  -  [21/Feb/2014:00:04:45 +0000] "GET /green/js/modernizr-2.5.3.min.js HTTP/1.1" 304 0 
0:0:0:0:0:0:0:1 -  -  [21/Feb/2014:00:04:45 +0000] "GET /green/js/spin.min.js HTTP/1.1" 304 0 
0:0:0:0:0:0:0:1 -  -  [21/Feb/2014:00:04:45 +0000] "GET /green/js/jquery.js HTTP/1.1" 304 0 
0:0:0:0:0:0:0:1 -  -  [21/Feb/2014:00:04:45 +0000] "GET /green/js/jquery-migrate.min.js HTTP/1.1" 304 0 
0:0:0:0:0:0:0:1 -  -  [21/Feb/2014:00:04:45 +0000] "GET /green/js/jquery.router.js HTTP/1.1" 304 0 
0:0:0:0:0:0:0:1 -  -  [21/Feb/2014:00:04:45 +0000] "GET /green/js/jquery.cookie.js HTTP/1.1" 304 0 
0:0:0:0:0:0:0:1 -  -  [21/Feb/2014:00:04:45 +0000] "GET /green/js/jquery.hashchange.js HTTP/1.1" 304 0 
0:0:0:0:0:0:0:1 -  -  [21/Feb/2014:00:04:45 +0000] "GET /green/css/style.css HTTP/1.1" 200 56979 
0:0:0:0:0:0:0:1 -  -  [21/Feb/2014:00:04:45 +0000] "GET /green/js/typeahead.bundle.js HTTP/1.1" 304 0 
0:0:0:0:0:0:0:1 -  -  [21/Feb/2014:00:04:45 +0000] "GET /green/js/jquery.fitvids.js HTTP/1.1" 304 0 
0:0:0:0:0:0:0:1 -  -  [21/Feb/2014:00:04:45 +0000] "GET /green/js/bloodhound.js HTTP/1.1" 304 0 
0:0:0:0:0:0:0:1 -  -  [21/Feb/2014:00:04:45 +0000] "GET /green/img/map.jpg HTTP/1.1" 304 0 
0:0:0:0:0:0:0:1 -  -  [21/Feb/2014:00:04:45 +0000] "GET /green/js/plugins-min.js HTTP/1.1" 304 0 
0:0:0:0:0:0:0:1 -  -  [21/Feb/2014:00:04:45 +0000] "GET /green/img/ss-facebook-large.png HTTP/1.1" 304 0 
0:0:0:0:0:0:0:1 -  -  [21/Feb/2014:00:04:45 +0000] "GET /green/img/login.png HTTP/1.1" 304 0 
0:0:0:0:0:0:0:1 -  -  [21/Feb/2014:00:04:45 +0000] "GET /green/img/ss-pinterest.png HTTP/1.1" 304 0 
0:0:0:0:0:0:0:1 -  -  [21/Feb/2014:00:04:45 +0000] "GET /green/img/ss-facebook.png HTTP/1.1" 304 0 
0:0:0:0:0:0:0:1 -  -  [21/Feb/2014:00:04:45 +0000] "GET /green/img/ss-pinterest-large.png HTTP/1.1" 304 0 
0:0:0:0:0:0:0:1 -  -  [21/Feb/2014:00:04:45 +0000] "GET /green/img/ss-twitter.png HTTP/1.1" 304 0 
0:0:0:0:0:0:0:1 -  -  [21/Feb/2014:00:04:45 +0000] "GET /green/img/ss-twitter-large.png HTTP/1.1" 304 0 
0:0:0:0:0:0:0:1 -  -  [21/Feb/2014:00:04:45 +0000] "GET /green/img/logo.png HTTP/1.1" 304 0 
0:0:0:0:0:0:0:1 -  -  [21/Feb/2014:00:04:45 +0000] "GET /green/img/gradient-top.png HTTP/1.1" 304 0 
0:0:0:0:0:0:0:1 -  -  [21/Feb/2014:00:04:45 +0000] "GET /green/img/gradient-bottom.png HTTP/1.1" 304 0 
0:0:0:0:0:0:0:1 -  -  [21/Feb/2014:00:04:45 +0000] "GET /green/img/next-up.png HTTP/1.1" 304 0 
0:0:0:0:0:0:0:1 -  -  [21/Feb/2014:00:04:45 +0000] "GET /green/js/home-min.js HTTP/1.1" 304 0 
0:0:0:0:0:0:0:1 -  -  [21/Feb/2014:00:04:45 +0000] "GET /green/img/2.jpg HTTP/1.1" 304 0 
0:0:0:0:0:0:0:1 -  -  [21/Feb/2014:00:04:45 +0000] "GET /green/img/3.jpg HTTP/1.1" 304 0 
0:0:0:0:0:0:0:1 -  -  [21/Feb/2014:00:04:45 +0000] "GET /green/img/4.jpg HTTP/1.1" 304 0 
0:0:0:0:0:0:0:1 -  -  [21/Feb/2014:00:04:45 +0000] "GET /green/img/1.jpg HTTP/1.1" 304 0 
0:0:0:0:0:0:0:1 -  -  [21/Feb/2014:00:04:45 +0000] "GET /green/img/5.jpg HTTP/1.1" 304 0 
0:0:0:0:0:0:0:1 -  -  [21/Feb/2014:00:04:45 +0000] "GET /green/img/modal-close.png HTTP/1.1" 304 0 
0:0:0:0:0:0:0:1 -  -  [21/Feb/2014:00:04:54 +0000] "GET /green/ HTTP/1.1" 304 0 
0:0:0:0:0:0:0:1 -  -  [21/Feb/2014:00:04:54 +0000] "GET /green/js/modernizr-2.5.3.min.js HTTP/1.1" 304 0 
0:0:0:0:0:0:0:1 -  -  [21/Feb/2014:00:04:54 +0000] "GET /green/js/jquery.js HTTP/1.1" 304 0 
0:0:0:0:0:0:0:1 -  -  [21/Feb/2014:00:04:54 +0000] "GET /green/js/spin.min.js HTTP/1.1" 304 0 
0:0:0:0:0:0:0:1 -  -  [21/Feb/2014:00:04:54 +0000] "GET /green/js/typeahead.bundle.js HTTP/1.1" 304 0 
0:0:0:0:0:0:0:1 -  -  [21/Feb/2014:00:04:54 +0000] "GET /green/js/jquery-migrate.min.js HTTP/1.1" 304 0 
0:0:0:0:0:0:0:1 -  -  [21/Feb/2014:00:04:54 +0000] "GET /green/css/style.css HTTP/1.1" 200 56979 
0:0:0:0:0:0:0:1 -  -  [21/Feb/2014:00:04:54 +0000] "GET /green/js/bloodhound.js HTTP/1.1" 304 0 
0:0:0:0:0:0:0:1 -  -  [21/Feb/2014:00:04:54 +0000] "GET /green/js/jquery.cookie.js HTTP/1.1" 304 0 
0:0:0:0:0:0:0:1 -  -  [21/Feb/2014:00:04:54 +0000] "GET /green/js/jquery.hashchange.js HTTP/1.1" 304 0 
0:0:0:0:0:0:0:1 -  -  [21/Feb/2014:00:04:54 +0000] "GET /green/js/jquery.router.js HTTP/1.1" 304 0 
0:0:0:0:0:0:0:1 -  -  [21/Feb/2014:00:04:54 +0000] "GET /green/js/plugins-min.js HTTP/1.1" 304 0 
0:0:0:0:0:0:0:1 -  -  [21/Feb/2014:00:04:54 +0000] "GET /green/js/jquery.fitvids.js HTTP/1.1" 304 0 
0:0:0:0:0:0:0:1 -  -  [21/Feb/2014:00:04:54 +0000] "GET /green/img/map.jpg HTTP/1.1" 304 0 
0:0:0:0:0:0:0:1 -  -  [21/Feb/2014:00:04:54 +0000] "GET /green/img/ss-pinterest-large.png HTTP/1.1" 304 0 
0:0:0:0:0:0:0:1 -  -  [21/Feb/2014:00:04:54 +0000] "GET /green/img/ss-twitter-large.png HTTP/1.1" 304 0 
0:0:0:0:0:0:0:1 -  -  [21/Feb/2014:00:04:54 +0000] "GET /green/img/login.png HTTP/1.1" 304 0 
0:0:0:0:0:0:0:1 -  -  [21/Feb/2014:00:04:54 +0000] "GET /green/img/ss-facebook.png HTTP/1.1" 304 0 
0:0:0:0:0:0:0:1 -  -  [21/Feb/2014:00:04:54 +0000] "GET /green/img/ss-twitter.png HTTP/1.1" 304 0 
0:0:0:0:0:0:0:1 -  -  [21/Feb/2014:00:04:54 +0000] "GET /green/img/ss-pinterest.png HTTP/1.1" 304 0 
0:0:0:0:0:0:0:1 -  -  [21/Feb/2014:00:04:54 +0000] "GET /green/img/ss-facebook-large.png HTTP/1.1" 304 0 
0:0:0:0:0:0:0:1 -  -  [21/Feb/2014:00:04:54 +0000] "GET /green/img/logo.png HTTP/1.1" 304 0 
0:0:0:0:0:0:0:1 -  -  [21/Feb/2014:00:04:54 +0000] "GET /green/img/gradient-top.png HTTP/1.1" 304 0 
0:0:0:0:0:0:0:1 -  -  [21/Feb/2014:00:04:54 +0000] "GET /green/img/next-up.png HTTP/1.1" 304 0 
0:0:0:0:0:0:0:1 -  -  [21/Feb/2014:00:04:54 +0000] "GET /green/img/gradient-bottom.png HTTP/1.1" 304 0 
0:0:0:0:0:0:0:1 -  -  [21/Feb/2014:00:04:54 +0000] "GET /green/js/home-min.js HTTP/1.1" 304 0 
0:0:0:0:0:0:0:1 -  -  [21/Feb/2014:00:04:54 +0000] "GET /green/img/1.jpg HTTP/1.1" 304 0 
0:0:0:0:0:0:0:1 -  -  [21/Feb/2014:00:04:54 +0000] "GET /green/img/2.jpg HTTP/1.1" 304 0 
0:0:0:0:0:0:0:1 -  -  [21/Feb/2014:00:04:54 +0000] "GET /green/img/4.jpg HTTP/1.1" 304 0 
0:0:0:0:0:0:0:1 -  -  [21/Feb/2014:00:04:54 +0000] "GET /green/img/5.jpg HTTP/1.1" 304 0 
0:0:0:0:0:0:0:1 -  -  [21/Feb/2014:00:04:54 +0000] "GET /green/img/3.jpg HTTP/1.1" 304 0 
0:0:0:0:0:0:0:1 -  -  [21/Feb/2014:00:04:54 +0000] "GET /green/img/modal-close.png HTTP/1.1" 304 0 
0:0:0:0:0:0:0:1 -  -  [21/Feb/2014:00:09:26 +0000] "GET /green/css/style.css HTTP/1.1" 304 0 
0:0:0:0:0:0:0:1 -  -  [21/Feb/2014:00:09:41 +0000] "GET /green/view/studentlist HTTP/1.1" 302 0 
0:0:0:0:0:0:0:1 -  -  [21/Feb/2014:00:09:41 +0000] "GET /green/view/studentlist/ HTTP/1.1" 304 0 
0:0:0:0:0:0:0:1 -  -  [21/Feb/2014:00:09:41 +0000] "GET /green/img/student1.jpg HTTP/1.1" 304 0 
0:0:0:0:0:0:0:1 -  -  [21/Feb/2014:00:09:42 +0000] "GET /green/view/studentlist/studentlist.js HTTP/1.1" 304 0 
0:0:0:0:0:0:0:1 -  -  [21/Feb/2014:00:09:42 +0000] "GET /green/js/service.js HTTP/1.1" 304 0 
0:0:0:0:0:0:0:1 -  -  [21/Feb/2014:00:09:44 +0000] "GET /green/data/loginresponse.json HTTP/1.1" 304 0 
0:0:0:0:0:0:0:1 -  -  [21/Feb/2014:00:09:44 +0000] "GET /green/view/class HTTP/1.1" 302 0 
0:0:0:0:0:0:0:1 -  -  [21/Feb/2014:00:10:46 +0000] "GET /green/view/class HTTP/1.1" 302 0 
0:0:0:0:0:0:0:1 -  -  [21/Feb/2014:00:10:46 +0000] "GET /green/css/style.css HTTP/1.1" 304 0 
0:0:0:0:0:0:0:1 -  -  [21/Feb/2014:00:10:49 +0000] "GET /green/view/admin HTTP/1.1" 302 0 
0:0:0:0:0:0:0:1 -  -  [21/Feb/2014:00:10:51 +0000] "GET /green/view/admin/ HTTP/1.1" 304 0 
0:0:0:0:0:0:0:1 -  -  [21/Feb/2014:00:10:51 +0000] "GET /green/css/style.css HTTP/1.1" 304 0 
0:0:0:0:0:0:0:1 -  -  [21/Feb/2014:00:10:51 +0000] "GET /green/js/jquery.js HTTP/1.1" 304 0 
0:0:0:0:0:0:0:1 -  -  [21/Feb/2014:00:10:51 +0000] "GET /green/js/spin.min.js HTTP/1.1" 304 0 
0:0:0:0:0:0:0:1 -  -  [21/Feb/2014:00:10:51 +0000] "GET /green/js/bloodhound.js HTTP/1.1" 304 0 
0:0:0:0:0:0:0:1 -  -  [21/Feb/2014:00:10:51 +0000] "GET /green/js/jquery-migrate.min.js HTTP/1.1" 304 0 
0:0:0:0:0:0:0:1 -  -  [21/Feb/2014:00:10:51 +0000] "GET /green/js/jquery.router.js HTTP/1.1" 304 0 
0:0:0:0:0:0:0:1 -  -  [21/Feb/2014:00:10:51 +0000] "GET /green/js/typeahead.bundle.js HTTP/1.1" 304 0 
0:0:0:0:0:0:0:1 -  -  [21/Feb/2014:00:10:51 +0000] "GET /green/js/modernizr-2.5.3.min.js HTTP/1.1" 304 0 
0:0:0:0:0:0:0:1 -  -  [21/Feb/2014:00:10:51 +0000] "GET /green/js/plugins-min.js HTTP/1.1" 304 0 
0:0:0:0:0:0:0:1 -  -  [21/Feb/2014:00:10:51 +0000] "GET /green/js/jquery.hashchange.js HTTP/1.1" 304 0 
0:0:0:0:0:0:0:1 -  -  [21/Feb/2014:00:10:51 +0000] "GET /green/img/ss-twitter.png HTTP/1.1" 304 0 
0:0:0:0:0:0:0:1 -  -  [21/Feb/2014:00:10:51 +0000] "GET /green/img/ss-facebook.png HTTP/1.1" 304 0 
0:0:0:0:0:0:0:1 -  -  [21/Feb/2014:00:10:51 +0000] "GET /green/img/ss-pinterest.png HTTP/1.1" 304 0 
0:0:0:0:0:0:0:1 -  -  [21/Feb/2014:00:10:51 +0000] "GET /green/js/jquery.cookie.js HTTP/1.1" 304 0 
0:0:0:0:0:0:0:1 -  -  [21/Feb/2014:00:10:51 +0000] "GET /green/js/Chart.min.js HTTP/1.1" 304 0 
0:0:0:0:0:0:0:1 -  -  [21/Feb/2014:00:10:52 +0000] "GET /green/view/admin/admin.js HTTP/1.1" 304 0 
0:0:0:0:0:0:0:1 -  -  [21/Feb/2014:00:10:55 +0000] "GET /green/ HTTP/1.1" 304 0 
0:0:0:0:0:0:0:1 -  -  [21/Feb/2014:00:10:55 +0000] "GET /green/css/style.css HTTP/1.1" 304 0 
0:0:0:0:0:0:0:1 -  -  [21/Feb/2014:00:10:55 +0000] "GET /green/js/typeahead.bundle.js HTTP/1.1" 304 0 
0:0:0:0:0:0:0:1 -  -  [21/Feb/2014:00:10:55 +0000] "GET /green/js/jquery-migrate.min.js HTTP/1.1" 304 0 
0:0:0:0:0:0:0:1 -  -  [21/Feb/2014:00:10:55 +0000] "GET /green/js/modernizr-2.5.3.min.js HTTP/1.1" 304 0 
0:0:0:0:0:0:0:1 -  -  [21/Feb/2014:00:10:55 +0000] "GET /green/js/spin.min.js HTTP/1.1" 304 0 
0:0:0:0:0:0:0:1 -  -  [21/Feb/2014:00:10:55 +0000] "GET /green/js/bloodhound.js HTTP/1.1" 304 0 
0:0:0:0:0:0:0:1 -  -  [21/Feb/2014:00:10:55 +0000] "GET /green/js/jquery.js HTTP/1.1" 304 0 
0:0:0:0:0:0:0:1 -  -  [21/Feb/2014:00:10:55 +0000] "GET /green/js/jquery.hashchange.js HTTP/1.1" 304 0 
0:0:0:0:0:0:0:1 -  -  [21/Feb/2014:00:10:55 +0000] "GET /green/js/jquery.router.js HTTP/1.1" 304 0 
0:0:0:0:0:0:0:1 -  -  [21/Feb/2014:00:10:55 +0000] "GET /green/js/plugins-min.js HTTP/1.1" 304 0 
0:0:0:0:0:0:0:1 -  -  [21/Feb/2014:00:10:55 +0000] "GET /green/js/jquery.fitvids.js HTTP/1.1" 304 0 
0:0:0:0:0:0:0:1 -  -  [21/Feb/2014:00:10:55 +0000] "GET /green/img/map.jpg HTTP/1.1" 304 0 
0:0:0:0:0:0:0:1 -  -  [21/Feb/2014:00:10:55 +0000] "GET /green/js/jquery.cookie.js HTTP/1.1" 304 0 
0:0:0:0:0:0:0:1 -  -  [21/Feb/2014:00:10:55 +0000] "GET /green/img/ss-facebook-large.png HTTP/1.1" 304 0 
0:0:0:0:0:0:0:1 -  -  [21/Feb/2014:00:10:55 +0000] "GET /green/img/ss-twitter-large.png HTTP/1.1" 304 0 
0:0:0:0:0:0:0:1 -  -  [21/Feb/2014:00:10:55 +0000] "GET /green/img/ss-facebook.png HTTP/1.1" 304 0 
0:0:0:0:0:0:0:1 -  -  [21/Feb/2014:00:10:55 +0000] "GET /green/img/ss-twitter.png HTTP/1.1" 304 0 
0:0:0:0:0:0:0:1 -  -  [21/Feb/2014:00:10:55 +0000] "GET /green/img/login.png HTTP/1.1" 304 0 
0:0:0:0:0:0:0:1 -  -  [21/Feb/2014:00:10:55 +0000] "GET /green/img/ss-pinterest.png HTTP/1.1" 304 0 
0:0:0:0:0:0:0:1 -  -  [21/Feb/2014:00:10:55 +0000] "GET /green/img/ss-pinterest-large.png HTTP/1.1" 304 0 
0:0:0:0:0:0:0:1 -  -  [21/Feb/2014:00:10:56 +0000] "GET /green/js/home-min.js HTTP/1.1" 304 0 
0:0:0:0:0:0:0:1 -  -  [21/Feb/2014:00:10:56 +0000] "GET /green/img/5.jpg HTTP/1.1" 304 0 
0:0:0:0:0:0:0:1 -  -  [21/Feb/2014:00:10:56 +0000] "GET /green/img/4.jpg HTTP/1.1" 304 0 
0:0:0:0:0:0:0:1 -  -  [21/Feb/2014:00:10:56 +0000] "GET /green/img/3.jpg HTTP/1.1" 304 0 
0:0:0:0:0:0:0:1 -  -  [21/Feb/2014:00:10:56 +0000] "GET /green/img/2.jpg HTTP/1.1" 304 0 
0:0:0:0:0:0:0:1 -  -  [21/Feb/2014:00:10:56 +0000] "GET /green/img/1.jpg HTTP/1.1" 304 0 
0:0:0:0:0:0:0:1 -  -  [21/Feb/2014:00:10:56 +0000] "GET /green/img/next-up.png HTTP/1.1" 304 0 
0:0:0:0:0:0:0:1 -  -  [21/Feb/2014:00:11:02 +0000] "GET /green/view/studentlist HTTP/1.1" 302 0 
0:0:0:0:0:0:0:1 -  -  [21/Feb/2014:00:11:05 +0000] "GET /green/view/class HTTP/1.1" 302 0 
0:0:0:0:0:0:0:1 -  -  [21/Feb/2014:00:11:12 +0000] "GET /green/view/class/ HTTP/1.1" 304 0 
0:0:0:0:0:0:0:1 -  -  [21/Feb/2014:00:11:12 +0000] "GET /green/css/style.css HTTP/1.1" 304 0 
0:0:0:0:0:0:0:1 -  -  [21/Feb/2014:00:11:12 +0000] "GET /green/js/jquery-migrate.min.js HTTP/1.1" 304 0 
0:0:0:0:0:0:0:1 -  -  [21/Feb/2014:00:11:12 +0000] "GET /green/js/typeahead.bundle.js HTTP/1.1" 304 0 
0:0:0:0:0:0:0:1 -  -  [21/Feb/2014:00:11:12 +0000] "GET /green/js/spin.min.js HTTP/1.1" 304 0 
0:0:0:0:0:0:0:1 -  -  [21/Feb/2014:00:11:12 +0000] "GET /green/js/modernizr-2.5.3.min.js HTTP/1.1" 304 0 
0:0:0:0:0:0:0:1 -  -  [21/Feb/2014:00:11:12 +0000] "GET /green/js/require-jquery.js HTTP/1.1" 304 0 
0:0:0:0:0:0:0:1 -  -  [21/Feb/2014:00:11:12 +0000] "GET /green/js/bloodhound.js HTTP/1.1" 304 0 
0:0:0:0:0:0:0:1 -  -  [21/Feb/2014:00:11:12 +0000] "GET /green/js/jquery.cookie.js HTTP/1.1" 304 0 
0:0:0:0:0:0:0:1 -  -  [21/Feb/2014:00:11:12 +0000] "GET /green/js/jquery.hashchange.js HTTP/1.1" 304 0 
0:0:0:0:0:0:0:1 -  -  [21/Feb/2014:00:11:12 +0000] "GET /green/js/jquery.router.js HTTP/1.1" 304 0 
0:0:0:0:0:0:0:1 -  -  [21/Feb/2014:00:11:12 +0000] "GET /green/js/plugins-min.js HTTP/1.1" 304 0 
0:0:0:0:0:0:0:1 -  -  [21/Feb/2014:00:11:12 +0000] "GET /green/img/colorsbook1.png HTTP/1.1" 304 0 
0:0:0:0:0:0:0:1 -  -  [21/Feb/2014:00:11:12 +0000] "GET /green/img/numbersbook.png HTTP/1.1" 304 0 
0:0:0:0:0:0:0:1 -  -  [21/Feb/2014:00:11:12 +0000] "GET /green/img/mathsbook1.png HTTP/1.1" 304 0 
0:0:0:0:0:0:0:1 -  -  [21/Feb/2014:00:11:12 +0000] "GET /green/js/main.js HTTP/1.1" 304 0 
0:0:0:0:0:0:0:1 -  -  [21/Feb/2014:00:11:12 +0000] "GET /green/view/class/class.js HTTP/1.1" 304 0 
0:0:0:0:0:0:0:1 -  -  [21/Feb/2014:00:11:12 +0000] "GET /green/img/logo.png HTTP/1.1" 304 0 
0:0:0:0:0:0:0:1 -  -  [21/Feb/2014:00:11:12 +0000] "GET /green/img/next-up.png HTTP/1.1" 304 0 
0:0:0:0:0:0:0:1 -  -  [21/Feb/2014:00:11:12 +0000] "GET /green/img/prev-up.png HTTP/1.1" 304 0 
0:0:0:0:0:0:0:1 -  -  [21/Feb/2014:00:11:12 +0000] "GET /green/js/service.js HTTP/1.1" 304 0 
0:0:0:0:0:0:0:1 -  -  [21/Feb/2014:00:11:28 +0000] "GET /green/view/class HTTP/1.1" 302 0 
0:0:0:0:0:0:0:1 -  -  [21/Feb/2014:00:13:09 +0000] "GET /green/view/class/ HTTP/1.1" 304 0 
0:0:0:0:0:0:0:1 -  -  [21/Feb/2014:00:13:09 +0000] "GET /green/js/typeahead.bundle.js HTTP/1.1" 304 0 
0:0:0:0:0:0:0:1 -  -  [21/Feb/2014:00:13:09 +0000] "GET /green/js/jquery-migrate.min.js HTTP/1.1" 304 0 
0:0:0:0:0:0:0:1 -  -  [21/Feb/2014:00:13:09 +0000] "GET /green/css/style.css HTTP/1.1" 304 0 
0:0:0:0:0:0:0:1 -  -  [21/Feb/2014:00:13:09 +0000] "GET /green/js/modernizr-2.5.3.min.js HTTP/1.1" 304 0 
0:0:0:0:0:0:0:1 -  -  [21/Feb/2014:00:13:09 +0000] "GET /green/js/spin.min.js HTTP/1.1" 304 0 
0:0:0:0:0:0:0:1 -  -  [21/Feb/2014:00:13:09 +0000] "GET /green/js/require-jquery.js HTTP/1.1" 304 0 
0:0:0:0:0:0:0:1 -  -  [21/Feb/2014:00:13:09 +0000] "GET /green/js/bloodhound.js HTTP/1.1" 304 0 
0:0:0:0:0:0:0:1 -  -  [21/Feb/2014:00:13:09 +0000] "GET /green/js/jquery.cookie.js HTTP/1.1" 304 0 
0:0:0:0:0:0:0:1 -  -  [21/Feb/2014:00:13:09 +0000] "GET /green/js/jquery.hashchange.js HTTP/1.1" 304 0 
0:0:0:0:0:0:0:1 -  -  [21/Feb/2014:00:13:09 +0000] "GET /green/js/jquery.router.js HTTP/1.1" 304 0 
0:0:0:0:0:0:0:1 -  -  [21/Feb/2014:00:13:09 +0000] "GET /green/js/plugins-min.js HTTP/1.1" 304 0 
0:0:0:0:0:0:0:1 -  -  [21/Feb/2014:00:13:09 +0000] "GET /green/img/colorsbook1.png HTTP/1.1" 304 0 
0:0:0:0:0:0:0:1 -  -  [21/Feb/2014:00:13:09 +0000] "GET /green/img/numbersbook.png HTTP/1.1" 304 0 
0:0:0:0:0:0:0:1 -  -  [21/Feb/2014:00:13:09 +0000] "GET /green/img/mathsbook1.png HTTP/1.1" 304 0 
0:0:0:0:0:0:0:1 -  -  [21/Feb/2014:00:13:09 +0000] "GET /green/js/main.js HTTP/1.1" 304 0 
0:0:0:0:0:0:0:1 -  -  [21/Feb/2014:00:13:09 +0000] "GET /green/img/logo.png HTTP/1.1" 304 0 
0:0:0:0:0:0:0:1 -  -  [21/Feb/2014:00:13:09 +0000] "GET /green/view/class/class.js HTTP/1.1" 304 0 
0:0:0:0:0:0:0:1 -  -  [21/Feb/2014:00:13:09 +0000] "GET /green/img/prev-up.png HTTP/1.1" 304 0 
0:0:0:0:0:0:0:1 -  -  [21/Feb/2014:00:13:09 +0000] "GET /green/img/next-up.png HTTP/1.1" 304 0 
0:0:0:0:0:0:0:1 -  -  [21/Feb/2014:00:13:09 +0000] "GET /green/js/service.js HTTP/1.1" 304 0 
0:0:0:0:0:0:0:1 -  -  [21/Feb/2014:00:13:12 +0000] "GET /green/view/admin HTTP/1.1" 302 0 
0:0:0:0:0:0:0:1 -  -  [21/Feb/2014:00:13:15 +0000] "GET /green/view/admin/ HTTP/1.1" 304 0 
0:0:0:0:0:0:0:1 -  -  [21/Feb/2014:00:13:15 +0000] "GET /green/js/typeahead.bundle.js HTTP/1.1" 304 0 
0:0:0:0:0:0:0:1 -  -  [21/Feb/2014:00:13:15 +0000] "GET /green/js/modernizr-2.5.3.min.js HTTP/1.1" 304 0 
0:0:0:0:0:0:0:1 -  -  [21/Feb/2014:00:13:15 +0000] "GET /green/css/style.css HTTP/1.1" 304 0 
0:0:0:0:0:0:0:1 -  -  [21/Feb/2014:00:13:15 +0000] "GET /green/js/jquery-migrate.min.js HTTP/1.1" 304 0 
0:0:0:0:0:0:0:1 -  -  [21/Feb/2014:00:13:15 +0000] "GET /green/js/jquery.js HTTP/1.1" 304 0 
0:0:0:0:0:0:0:1 -  -  [21/Feb/2014:00:13:15 +0000] "GET /green/js/spin.min.js HTTP/1.1" 304 0 
0:0:0:0:0:0:0:1 -  -  [21/Feb/2014:00:13:15 +0000] "GET /green/js/bloodhound.js HTTP/1.1" 304 0 
0:0:0:0:0:0:0:1 -  -  [21/Feb/2014:00:13:15 +0000] "GET /green/js/jquery.hashchange.js HTTP/1.1" 304 0 
0:0:0:0:0:0:0:1 -  -  [21/Feb/2014:00:13:15 +0000] "GET /green/js/jquery.cookie.js HTTP/1.1" 304 0 
0:0:0:0:0:0:0:1 -  -  [21/Feb/2014:00:13:15 +0000] "GET /green/js/jquery.router.js HTTP/1.1" 304 0 
0:0:0:0:0:0:0:1 -  -  [21/Feb/2014:00:13:15 +0000] "GET /green/js/Chart.min.js HTTP/1.1" 304 0 
0:0:0:0:0:0:0:1 -  -  [21/Feb/2014:00:13:15 +0000] "GET /green/js/plugins-min.js HTTP/1.1" 304 0 
0:0:0:0:0:0:0:1 -  -  [21/Feb/2014:00:13:15 +0000] "GET /green/img/ss-facebook.png HTTP/1.1" 304 0 
0:0:0:0:0:0:0:1 -  -  [21/Feb/2014:00:13:15 +0000] "GET /green/img/ss-pinterest.png HTTP/1.1" 304 0 
0:0:0:0:0:0:0:1 -  -  [21/Feb/2014:00:13:15 +0000] "GET /green/img/ss-twitter.png HTTP/1.1" 304 0 
0:0:0:0:0:0:0:1 -  -  [21/Feb/2014:00:13:15 +0000] "GET /green/view/admin/admin.js HTTP/1.1" 200 7337 
0:0:0:0:0:0:0:1 -  -  [21/Feb/2014:00:13:15 +0000] "GET /green/img/logo.png HTTP/1.1" 304 0 
0:0:0:0:0:0:0:1 -  -  [21/Feb/2014:00:13:15 +0000] "GET /green/img/prev-up.png HTTP/1.1" 304 0 
0:0:0:0:0:0:0:1 -  -  [21/Feb/2014:00:13:15 +0000] "GET /green/img/next-up.png HTTP/1.1" 304 0 
0:0:0:0:0:0:0:1 -  -  [21/Feb/2014:00:13:18 +0000] "GET /green/ HTTP/1.1" 304 0 
0:0:0:0:0:0:0:1 -  -  [21/Feb/2014:00:13:18 +0000] "GET /green/js/jquery.js HTTP/1.1" 304 0 
0:0:0:0:0:0:0:1 -  -  [21/Feb/2014:00:13:18 +0000] "GET /green/js/modernizr-2.5.3.min.js HTTP/1.1" 304 0 
0:0:0:0:0:0:0:1 -  -  [21/Feb/2014:00:13:18 +0000] "GET /green/js/spin.min.js HTTP/1.1" 304 0 
0:0:0:0:0:0:0:1 -  -  [21/Feb/2014:00:13:18 +0000] "GET /green/js/typeahead.bundle.js HTTP/1.1" 304 0 
0:0:0:0:0:0:0:1 -  -  [21/Feb/2014:00:13:18 +0000] "GET /green/js/jquery-migrate.min.js HTTP/1.1" 304 0 
0:0:0:0:0:0:0:1 -  -  [21/Feb/2014:00:13:18 +0000] "GET /green/js/bloodhound.js HTTP/1.1" 304 0 
0:0:0:0:0:0:0:1 -  -  [21/Feb/2014:00:13:18 +0000] "GET /green/js/jquery.cookie.js HTTP/1.1" 304 0 
0:0:0:0:0:0:0:1 -  -  [21/Feb/2014:00:13:18 +0000] "GET /green/js/jquery.router.js HTTP/1.1" 304 0 
0:0:0:0:0:0:0:1 -  -  [21/Feb/2014:00:13:18 +0000] "GET /green/js/plugins-min.js HTTP/1.1" 304 0 
0:0:0:0:0:0:0:1 -  -  [21/Feb/2014:00:13:18 +0000] "GET /green/js/jquery.fitvids.js HTTP/1.1" 304 0 
0:0:0:0:0:0:0:1 -  -  [21/Feb/2014:00:13:18 +0000] "GET /green/img/map.jpg HTTP/1.1" 304 0 
0:0:0:0:0:0:0:1 -  -  [21/Feb/2014:00:13:18 +0000] "GET /green/img/ss-facebook-large.png HTTP/1.1" 304 0 
0:0:0:0:0:0:0:1 -  -  [21/Feb/2014:00:13:18 +0000] "GET /green/img/ss-twitter-large.png HTTP/1.1" 304 0 
0:0:0:0:0:0:0:1 -  -  [21/Feb/2014:00:13:18 +0000] "GET /green/css/style.css HTTP/1.1" 304 0 
0:0:0:0:0:0:0:1 -  -  [21/Feb/2014:00:13:18 +0000] "GET /green/img/ss-pinterest-large.png HTTP/1.1" 304 0 
0:0:0:0:0:0:0:1 -  -  [21/Feb/2014:00:13:18 +0000] "GET /green/img/login.png HTTP/1.1" 304 0 
0:0:0:0:0:0:0:1 -  -  [21/Feb/2014:00:13:18 +0000] "GET /green/js/jquery.hashchange.js HTTP/1.1" 304 0 
0:0:0:0:0:0:0:1 -  -  [21/Feb/2014:00:13:18 +0000] "GET /green/img/ss-facebook.png HTTP/1.1" 304 0 
0:0:0:0:0:0:0:1 -  -  [21/Feb/2014:00:13:18 +0000] "GET /green/img/ss-pinterest.png HTTP/1.1" 304 0 
0:0:0:0:0:0:0:1 -  -  [21/Feb/2014:00:13:18 +0000] "GET /green/img/ss-twitter.png HTTP/1.1" 304 0 
0:0:0:0:0:0:0:1 -  -  [21/Feb/2014:00:13:18 +0000] "GET /green/img/logo.png HTTP/1.1" 304 0 
0:0:0:0:0:0:0:1 -  -  [21/Feb/2014:00:13:18 +0000] "GET /green/img/next-up.png HTTP/1.1" 304 0 
0:0:0:0:0:0:0:1 -  -  [21/Feb/2014:00:13:18 +0000] "GET /green/img/gradient-top.png HTTP/1.1" 304 0 
0:0:0:0:0:0:0:1 -  -  [21/Feb/2014:00:13:18 +0000] "GET /green/img/gradient-bottom.png HTTP/1.1" 304 0 
0:0:0:0:0:0:0:1 -  -  [21/Feb/2014:00:13:18 +0000] "GET /green/js/home-min.js HTTP/1.1" 304 0 
0:0:0:0:0:0:0:1 -  -  [21/Feb/2014:00:13:18 +0000] "GET /green/img/1.jpg HTTP/1.1" 304 0 
0:0:0:0:0:0:0:1 -  -  [21/Feb/2014:00:13:18 +0000] "GET /green/img/3.jpg HTTP/1.1" 304 0 
0:0:0:0:0:0:0:1 -  -  [21/Feb/2014:00:13:18 +0000] "GET /green/img/4.jpg HTTP/1.1" 304 0 
0:0:0:0:0:0:0:1 -  -  [21/Feb/2014:00:13:18 +0000] "GET /green/img/2.jpg HTTP/1.1" 304 0 
0:0:0:0:0:0:0:1 -  -  [21/Feb/2014:00:13:18 +0000] "GET /green/img/5.jpg HTTP/1.1" 304 0 
0:0:0:0:0:0:0:1 -  -  [21/Feb/2014:00:13:18 +0000] "GET /green/img/modal-close.png HTTP/1.1" 304 0 
0:0:0:0:0:0:0:1 -  -  [21/Feb/2014:00:13:21 +0000] "GET /green/ HTTP/1.1" 304 0 
0:0:0:0:0:0:0:1 -  -  [21/Feb/2014:00:13:21 +0000] "GET /green/css/style.css HTTP/1.1" 304 0 
0:0:0:0:0:0:0:1 -  -  [21/Feb/2014:00:13:21 +0000] "GET /green/js/typeahead.bundle.js HTTP/1.1" 304 0 
0:0:0:0:0:0:0:1 -  -  [21/Feb/2014:00:13:21 +0000] "GET /green/js/spin.min.js HTTP/1.1" 304 0 
0:0:0:0:0:0:0:1 -  -  [21/Feb/2014:00:13:21 +0000] "GET /green/js/jquery-migrate.min.js HTTP/1.1" 304 0 
0:0:0:0:0:0:0:1 -  -  [21/Feb/2014:00:13:21 +0000] "GET /green/js/jquery.js HTTP/1.1" 304 0 
0:0:0:0:0:0:0:1 -  -  [21/Feb/2014:00:13:21 +0000] "GET /green/js/modernizr-2.5.3.min.js HTTP/1.1" 304 0 
0:0:0:0:0:0:0:1 -  -  [21/Feb/2014:00:13:21 +0000] "GET /green/js/bloodhound.js HTTP/1.1" 304 0 
0:0:0:0:0:0:0:1 -  -  [21/Feb/2014:00:13:21 +0000] "GET /green/js/jquery.cookie.js HTTP/1.1" 304 0 
0:0:0:0:0:0:0:1 -  -  [21/Feb/2014:00:13:21 +0000] "GET /green/js/jquery.hashchange.js HTTP/1.1" 304 0 
0:0:0:0:0:0:0:1 -  -  [21/Feb/2014:00:13:21 +0000] "GET /green/js/jquery.router.js HTTP/1.1" 304 0 
0:0:0:0:0:0:0:1 -  -  [21/Feb/2014:00:13:21 +0000] "GET /green/js/plugins-min.js HTTP/1.1" 304 0 
0:0:0:0:0:0:0:1 -  -  [21/Feb/2014:00:13:21 +0000] "GET /green/js/jquery.fitvids.js HTTP/1.1" 304 0 
0:0:0:0:0:0:0:1 -  -  [21/Feb/2014:00:13:21 +0000] "GET /green/img/map.jpg HTTP/1.1" 304 0 
0:0:0:0:0:0:0:1 -  -  [21/Feb/2014:00:13:21 +0000] "GET /green/img/ss-facebook-large.png HTTP/1.1" 304 0 
0:0:0:0:0:0:0:1 -  -  [21/Feb/2014:00:13:21 +0000] "GET /green/img/login.png HTTP/1.1" 304 0 
0:0:0:0:0:0:0:1 -  -  [21/Feb/2014:00:13:21 +0000] "GET /green/img/ss-twitter-large.png HTTP/1.1" 304 0 
0:0:0:0:0:0:0:1 -  -  [21/Feb/2014:00:13:21 +0000] "GET /green/img/ss-pinterest-large.png HTTP/1.1" 304 0 
0:0:0:0:0:0:0:1 -  -  [21/Feb/2014:00:13:21 +0000] "GET /green/img/ss-twitter.png HTTP/1.1" 304 0 
0:0:0:0:0:0:0:1 -  -  [21/Feb/2014:00:13:21 +0000] "GET /green/img/ss-facebook.png HTTP/1.1" 304 0 
0:0:0:0:0:0:0:1 -  -  [21/Feb/2014:00:13:21 +0000] "GET /green/img/ss-pinterest.png HTTP/1.1" 304 0 
0:0:0:0:0:0:0:1 -  -  [21/Feb/2014:00:13:21 +0000] "GET /green/js/home-min.js HTTP/1.1" 304 0 
0:0:0:0:0:0:0:1 -  -  [21/Feb/2014:00:13:21 +0000] "GET /green/img/next-up.png HTTP/1.1" 304 0 
0:0:0:0:0:0:0:1 -  -  [21/Feb/2014:00:13:21 +0000] "GET /green/img/logo.png HTTP/1.1" 304 0 
0:0:0:0:0:0:0:1 -  -  [21/Feb/2014:00:13:21 +0000] "GET /green/img/gradient-top.png HTTP/1.1" 304 0 
0:0:0:0:0:0:0:1 -  -  [21/Feb/2014:00:13:21 +0000] "GET /green/img/gradient-bottom.png HTTP/1.1" 304 0 
0:0:0:0:0:0:0:1 -  -  [21/Feb/2014:00:13:21 +0000] "GET /green/img/2.jpg HTTP/1.1" 304 0 
0:0:0:0:0:0:0:1 -  -  [21/Feb/2014:00:13:21 +0000] "GET /green/img/3.jpg HTTP/1.1" 304 0 
0:0:0:0:0:0:0:1 -  -  [21/Feb/2014:00:13:21 +0000] "GET /green/img/1.jpg HTTP/1.1" 304 0 
0:0:0:0:0:0:0:1 -  -  [21/Feb/2014:00:13:21 +0000] "GET /green/img/4.jpg HTTP/1.1" 304 0 
0:0:0:0:0:0:0:1 -  -  [21/Feb/2014:00:13:21 +0000] "GET /green/img/5.jpg HTTP/1.1" 304 0 
0:0:0:0:0:0:0:1 -  -  [21/Feb/2014:00:13:21 +0000] "GET /green/img/modal-close.png HTTP/1.1" 304 0 
0:0:0:0:0:0:0:1 -  -  [21/Feb/2014:00:13:31 +0000] "GET /green/view/studentlist HTTP/1.1" 302 0 
0:0:0:0:0:0:0:1 -  -  [21/Feb/2014:00:13:32 +0000] "GET /green/view/studentlist/studentlist.js HTTP/1.1" 200 4801 
0:0:0:0:0:0:0:1 -  -  [21/Feb/2014:00:13:34 +0000] "GET /green/view/class HTTP/1.1" 302 0 
0:0:0:0:0:0:0:1 -  -  [21/Feb/2014:00:13:36 +0000] "GET /green/view/admin HTTP/1.1" 302 0 
0:0:0:0:0:0:0:1 -  -  [21/Feb/2014:00:13:37 +0000] "GET /green/view/admin/admin.js HTTP/1.1" 304 0 
0:0:0:0:0:0:0:1 -  -  [21/Feb/2014:00:13:44 +0000] "GET /green/view/studentlist HTTP/1.1" 302 0 
0:0:0:0:0:0:0:1 -  -  [21/Feb/2014:00:13:45 +0000] "GET /green/view/studentlist/studentlist.js HTTP/1.1" 304 0 
0:0:0:0:0:0:0:1 -  -  [21/Feb/2014:00:13:47 +0000] "GET /green/view/class HTTP/1.1" 302 0 
0:0:0:0:0:0:0:1 -  -  [21/Feb/2014:00:14:10 +0000] "GET /green/view/class/ HTTP/1.1" 200 4184 
0:0:0:0:0:0:0:1 -  -  [21/Feb/2014:00:14:10 +0000] "GET /green/js/modernizr-2.5.3.min.js HTTP/1.1" 200 15274 
0:0:0:0:0:0:0:1 -  -  [21/Feb/2014:00:14:10 +0000] "GET /green/js/require-jquery.js HTTP/1.1" 200 338799 
0:0:0:0:0:0:0:1 -  -  [21/Feb/2014:00:14:10 +0000] "GET /green/js/typeahead.bundle.js HTTP/1.1" 200 66240 
0:0:0:0:0:0:0:1 -  -  [21/Feb/2014:00:14:10 +0000] "GET /green/js/jquery-migrate.min.js HTTP/1.1" 200 7199 
0:0:0:0:0:0:0:1 -  -  [21/Feb/2014:00:14:10 +0000] "GET /green/js/spin.min.js HTTP/1.1" 200 4027 
0:0:0:0:0:0:0:1 -  -  [21/Feb/2014:00:14:10 +0000] "GET /green/js/bloodhound.js HTTP/1.1" 200 24403 
0:0:0:0:0:0:0:1 -  -  [21/Feb/2014:00:14:10 +0000] "GET /green/js/jquery.cookie.js HTTP/1.1" 200 2306 
0:0:0:0:0:0:0:1 -  -  [21/Feb/2014:00:14:10 +0000] "GET /green/js/jquery.hashchange.js HTTP/1.1" 200 1526 
0:0:0:0:0:0:0:1 -  -  [21/Feb/2014:00:14:10 +0000] "GET /green/js/jquery.router.js HTTP/1.1" 200 3907 
0:0:0:0:0:0:0:1 -  -  [21/Feb/2014:00:14:10 +0000] "GET /green/js/plugins-min.js HTTP/1.1" 200 47022 
0:0:0:0:0:0:0:1 -  -  [21/Feb/2014:00:14:10 +0000] "GET /green/css/style.css HTTP/1.1" 200 56979 
0:0:0:0:0:0:0:1 -  -  [21/Feb/2014:00:14:10 +0000] "GET /green/img/colorsbook1.png HTTP/1.1" 200 264980 
0:0:0:0:0:0:0:1 -  -  [21/Feb/2014:00:14:10 +0000] "GET /green/img/mathsbook1.png HTTP/1.1" 200 68648 
0:0:0:0:0:0:0:1 -  -  [21/Feb/2014:00:14:10 +0000] "GET /green/img/numbersbook.png HTTP/1.1" 200 130593 
0:0:0:0:0:0:0:1 -  -  [21/Feb/2014:00:14:10 +0000] "GET /green/js/main.js HTTP/1.1" 200 147 
0:0:0:0:0:0:0:1 -  -  [21/Feb/2014:00:14:11 +0000] "GET /green/img/logo.png HTTP/1.1" 200 10045 
0:0:0:0:0:0:0:1 -  -  [21/Feb/2014:00:14:11 +0000] "GET /green/img/prev-up.png HTTP/1.1" 200 1532 
0:0:0:0:0:0:0:1 -  -  [21/Feb/2014:00:14:11 +0000] "GET /green/img/next-up.png HTTP/1.1" 200 1519 
0:0:0:0:0:0:0:1 -  -  [21/Feb/2014:00:14:11 +0000] "GET /green/view/class/class.js HTTP/1.1" 200 3754 
0:0:0:0:0:0:0:1 -  -  [21/Feb/2014:00:14:11 +0000] "GET /green/js/service.js HTTP/1.1" 200 1094 
0:0:0:0:0:0:0:1 -  -  [21/Feb/2014:00:14:11 +0000] "GET /green/data/loginresponse.json HTTP/1.1" 200 2136 
0:0:0:0:0:0:0:1 -  -  [21/Feb/2014:00:14:11 +0000] "GET /green/img/classbg.png HTTP/1.1" 200 3918328 
0:0:0:0:0:0:0:1 -  -  [21/Feb/2014:00:14:11 +0000] "GET /green/js/jquery.carousel.min.js HTTP/1.1" 200 32288 
0:0:0:0:0:0:0:1 -  -  [21/Feb/2014:00:14:11 +0000] "GET /favicon.ico HTTP/1.1" 200 1150 
0:0:0:0:0:0:0:1 -  -  [21/Feb/2014:00:14:11 +0000] "GET /green/ HTTP/1.1" 200 4767 
0:0:0:0:0:0:0:1 -  -  [21/Feb/2014:00:14:11 +0000] "GET /green/js/jquery.js HTTP/1.1" 200 93085 
0:0:0:0:0:0:0:1 -  -  [21/Feb/2014:00:14:11 +0000] "GET /green/img/login.png HTTP/1.1" 200 48879 
0:0:0:0:0:0:0:1 -  -  [21/Feb/2014:00:14:11 +0000] "GET /green/img/map.jpg HTTP/1.1" 200 13663 
0:0:0:0:0:0:0:1 -  -  [21/Feb/2014:00:14:11 +0000] "GET /green/img/ss-facebook-large.png HTTP/1.1" 200 1594 
0:0:0:0:0:0:0:1 -  -  [21/Feb/2014:00:14:11 +0000] "GET /green/img/ss-pinterest-large.png HTTP/1.1" 200 1852 
0:0:0:0:0:0:0:1 -  -  [21/Feb/2014:00:14:11 +0000] "GET /green/img/ss-twitter-large.png HTTP/1.1" 200 1961 
0:0:0:0:0:0:0:1 -  -  [21/Feb/2014:00:14:11 +0000] "GET /green/js/jquery.fitvids.js HTTP/1.1" 200 3168 
0:0:0:0:0:0:0:1 -  -  [21/Feb/2014:00:14:11 +0000] "GET /green/img/ss-pinterest.png HTTP/1.1" 200 1207 
0:0:0:0:0:0:0:1 -  -  [21/Feb/2014:00:14:11 +0000] "GET /green/img/ss-twitter.png HTTP/1.1" 200 1153 
0:0:0:0:0:0:0:1 -  -  [21/Feb/2014:00:14:11 +0000] "GET /green/img/ss-facebook.png HTTP/1.1" 200 1050 
0:0:0:0:0:0:0:1 -  -  [21/Feb/2014:00:14:11 +0000] "GET /green/img/gradient-bottom.png HTTP/1.1" 200 2710 
0:0:0:0:0:0:0:1 -  -  [21/Feb/2014:00:14:11 +0000] "GET /green/img/gradient-top.png HTTP/1.1" 200 2304 
0:0:0:0:0:0:0:1 -  -  [21/Feb/2014:00:14:11 +0000] "GET /green/js/home-min.js HTTP/1.1" 200 5183 
0:0:0:0:0:0:0:1 -  -  [21/Feb/2014:00:14:11 +0000] "GET /green/img/1.jpg HTTP/1.1" 200 208802 
0:0:0:0:0:0:0:1 -  -  [21/Feb/2014:00:14:11 +0000] "GET /green/img/3.jpg HTTP/1.1" 200 251459 
0:0:0:0:0:0:0:1 -  -  [21/Feb/2014:00:14:11 +0000] "GET /green/img/4.jpg HTTP/1.1" 200 119196 
0:0:0:0:0:0:0:1 -  -  [21/Feb/2014:00:14:11 +0000] "GET /green/img/2.jpg HTTP/1.1" 200 1226991 
0:0:0:0:0:0:0:1 -  -  [21/Feb/2014:00:14:11 +0000] "GET /green/img/5.jpg HTTP/1.1" 200 476812 
0:0:0:0:0:0:0:1 -  -  [21/Feb/2014:00:14:11 +0000] "GET /green/img/modal-close.png HTTP/1.1" 200 1353 
0:0:0:0:0:0:0:1 -  -  [21/Feb/2014:00:14:11 +0000] "GET /green/data/countries.json HTTP/1.1" 200 3208 
0:0:0:0:0:0:0:1 -  -  [21/Feb/2014:00:14:19 +0000] "GET /green/view/studentlist HTTP/1.1" 302 0 
0:0:0:0:0:0:0:1 -  -  [21/Feb/2014:00:14:19 +0000] "GET /green/view/studentlist/ HTTP/1.1" 200 2870 
0:0:0:0:0:0:0:1 -  -  [21/Feb/2014:00:14:19 +0000] "GET /green/img/student1.jpg HTTP/1.1" 200 23055 
0:0:0:0:0:0:0:1 -  -  [21/Feb/2014:00:14:19 +0000] "GET /green/view/studentlist/studentlist.js HTTP/1.1" 200 4801 
0:0:0:0:0:0:0:1 -  -  [21/Feb/2014:00:14:19 +0000] "GET /green/img/classbg.png HTTP/1.1" 206 1 
0:0:0:0:0:0:0:1 -  -  [21/Feb/2014:00:14:19 +0000] "GET /green/img/classbg.png HTTP/1.1" 206 3357382 
0:0:0:0:0:0:0:1 -  -  [21/Feb/2014:00:14:21 +0000] "GET /green/img/student4.jpg HTTP/1.1" 200 32146 
0:0:0:0:0:0:0:1 -  -  [21/Feb/2014:00:14:21 +0000] "GET /green/view/class HTTP/1.1" 302 0 
0:0:0:0:0:0:0:1 -  -  [21/Feb/2014:00:14:22 +0000] "GET /green/img/colorsbook1bw.png HTTP/1.1" 200 139041 
0:0:0:0:0:0:0:1 -  -  [21/Feb/2014:00:14:22 +0000] "GET /green/img/mathsbook1bw.png HTTP/1.1" 200 50974 
0:0:0:0:0:0:0:1 -  -  [21/Feb/2014:00:14:22 +0000] "GET /green/img/numbersbookbw.png HTTP/1.1" 200 80852 
0:0:0:0:0:0:0:1 -  -  [21/Feb/2014:00:14:24 +0000] "GET /green/view/admin HTTP/1.1" 302 0 
0:0:0:0:0:0:0:1 -  -  [21/Feb/2014:00:14:24 +0000] "GET /green/view/admin/ HTTP/1.1" 200 7326 
0:0:0:0:0:0:0:1 -  -  [21/Feb/2014:00:14:24 +0000] "GET /green/js/Chart.min.js HTTP/1.1" 200 19761 
0:0:0:0:0:0:0:1 -  -  [21/Feb/2014:00:14:24 +0000] "GET /green/view/admin/admin.js HTTP/1.1" 200 7338 
0:0:0:0:0:0:0:1 -  -  [21/Feb/2014:00:14:55 +0000] "GET /green/view/studentlist HTTP/1.1" 302 0 
0:0:0:0:0:0:0:1 -  -  [21/Feb/2014:00:14:56 +0000] "GET /green/view/studentlist/studentlist.js HTTP/1.1" 304 0 
0:0:0:0:0:0:0:1 -  -  [21/Feb/2014:00:14:58 +0000] "GET /green/view/class HTTP/1.1" 302 0 
0:0:0:0:0:0:0:1 -  -  [21/Feb/2014:00:15:01 +0000] "GET /green/view/admin HTTP/1.1" 302 0 
0:0:0:0:0:0:0:1 -  -  [21/Feb/2014:00:15:01 +0000] "GET /green/view/admin/admin.js HTTP/1.1" 304 0 
0:0:0:0:0:0:0:1 -  -  [21/Feb/2014:00:15:36 +0000] "GET /green/css/style.css HTTP/1.1" 304 0 
0:0:0:0:0:0:0:1 -  -  [21/Feb/2014:00:15:36 +0000] "GET /green/view/studentlist HTTP/1.1" 302 0 
0:0:0:0:0:0:0:1 -  -  [21/Feb/2014:00:15:37 +0000] "GET /green/view/studentlist/studentlist.js HTTP/1.1" 304 0 
0:0:0:0:0:0:0:1 -  -  [21/Feb/2014:00:15:38 +0000] "GET /green/view/studentlist/ HTTP/1.1" 304 0 
0:0:0:0:0:0:0:1 -  -  [21/Feb/2014:00:15:38 +0000] "GET /green/js/jquery-migrate.min.js HTTP/1.1" 304 0 
0:0:0:0:0:0:0:1 -  -  [21/Feb/2014:00:15:38 +0000] "GET /green/css/style.css HTTP/1.1" 304 0 
0:0:0:0:0:0:0:1 -  -  [21/Feb/2014:00:15:38 +0000] "GET /green/js/require-jquery.js HTTP/1.1" 304 0 
0:0:0:0:0:0:0:1 -  -  [21/Feb/2014:00:15:38 +0000] "GET /green/js/modernizr-2.5.3.min.js HTTP/1.1" 304 0 
0:0:0:0:0:0:0:1 -  -  [21/Feb/2014:00:15:38 +0000] "GET /green/js/spin.min.js HTTP/1.1" 304 0 
0:0:0:0:0:0:0:1 -  -  [21/Feb/2014:00:15:38 +0000] "GET /green/js/typeahead.bundle.js HTTP/1.1" 304 0 
0:0:0:0:0:0:0:1 -  -  [21/Feb/2014:00:15:38 +0000] "GET /green/js/bloodhound.js HTTP/1.1" 304 0 
0:0:0:0:0:0:0:1 -  -  [21/Feb/2014:00:15:38 +0000] "GET /green/js/jquery.cookie.js HTTP/1.1" 304 0 
0:0:0:0:0:0:0:1 -  -  [21/Feb/2014:00:15:38 +0000] "GET /green/js/jquery.router.js HTTP/1.1" 304 0 
0:0:0:0:0:0:0:1 -  -  [21/Feb/2014:00:15:38 +0000] "GET /green/js/jquery.hashchange.js HTTP/1.1" 304 0 
0:0:0:0:0:0:0:1 -  -  [21/Feb/2014:00:15:38 +0000] "GET /green/js/plugins-min.js HTTP/1.1" 304 0 
0:0:0:0:0:0:0:1 -  -  [21/Feb/2014:00:15:38 +0000] "GET /green/img/colorsbook1.png HTTP/1.1" 304 0 
0:0:0:0:0:0:0:1 -  -  [21/Feb/2014:00:15:38 +0000] "GET /green/img/student1.jpg HTTP/1.1" 304 0 
0:0:0:0:0:0:0:1 -  -  [21/Feb/2014:00:15:38 +0000] "GET /green/js/main.js HTTP/1.1" 304 0 
0:0:0:0:0:0:0:1 -  -  [21/Feb/2014:00:15:38 +0000] "GET /green/view/studentlist/studentlist.js HTTP/1.1" 304 0 
0:0:0:0:0:0:0:1 -  -  [21/Feb/2014:00:15:38 +0000] "GET /green/js/service.js HTTP/1.1" 304 0 
0:0:0:0:0:0:0:1 -  -  [21/Feb/2014:00:15:40 +0000] "GET /green/img/student4.jpg HTTP/1.1" 200 32146 
0:0:0:0:0:0:0:1 -  -  [21/Feb/2014:00:15:40 +0000] "GET /green/view/class HTTP/1.1" 302 0 
0:0:0:0:0:0:0:1 -  -  [21/Feb/2014:00:15:44 +0000] "GET /green/view/admin HTTP/1.1" 302 0 
0:0:0:0:0:0:0:1 -  -  [21/Feb/2014:00:15:44 +0000] "GET /green/view/admin/admin.js HTTP/1.1" 200 7338 
0:0:0:0:0:0:0:1 -  -  [21/Feb/2014:00:15:49 +0000] "GET /green/view/studentlist HTTP/1.1" 302 0 
0:0:0:0:0:0:0:1 -  -  [21/Feb/2014:00:15:51 +0000] "GET /green/img/student4.jpg HTTP/1.1" 200 32146 
0:0:0:0:0:0:0:1 -  -  [21/Feb/2014:00:15:51 +0000] "GET /green/view/class HTTP/1.1" 302 0 
0:0:0:0:0:0:0:1 -  -  [21/Feb/2014:00:17:36 +0000] "GET /green/view/class/ HTTP/1.1" 304 0 
0:0:0:0:0:0:0:1 -  -  [21/Feb/2014:00:17:36 +0000] "GET /green/js/require-jquery.js HTTP/1.1" 304 0 
0:0:0:0:0:0:0:1 -  -  [21/Feb/2014:00:17:36 +0000] "GET /green/js/jquery-migrate.min.js HTTP/1.1" 304 0 
0:0:0:0:0:0:0:1 -  -  [21/Feb/2014:00:17:36 +0000] "GET /green/js/modernizr-2.5.3.min.js HTTP/1.1" 304 0 
0:0:0:0:0:0:0:1 -  -  [21/Feb/2014:00:17:36 +0000] "GET /green/js/spin.min.js HTTP/1.1" 304 0 
0:0:0:0:0:0:0:1 -  -  [21/Feb/2014:00:17:36 +0000] "GET /green/css/style.css HTTP/1.1" 304 0 
0:0:0:0:0:0:0:1 -  -  [21/Feb/2014:00:17:36 +0000] "GET /green/js/jquery.cookie.js HTTP/1.1" 304 0 
0:0:0:0:0:0:0:1 -  -  [21/Feb/2014:00:17:36 +0000] "GET /green/js/jquery.hashchange.js HTTP/1.1" 304 0 
0:0:0:0:0:0:0:1 -  -  [21/Feb/2014:00:17:36 +0000] "GET /green/js/jquery.router.js HTTP/1.1" 304 0 
0:0:0:0:0:0:0:1 -  -  [21/Feb/2014:00:17:36 +0000] "GET /green/js/typeahead.bundle.js HTTP/1.1" 304 0 
0:0:0:0:0:0:0:1 -  -  [21/Feb/2014:00:17:36 +0000] "GET /green/img/colorsbook1.png HTTP/1.1" 304 0 
0:0:0:0:0:0:0:1 -  -  [21/Feb/2014:00:17:36 +0000] "GET /green/js/plugins-min.js HTTP/1.1" 304 0 
0:0:0:0:0:0:0:1 -  -  [21/Feb/2014:00:17:36 +0000] "GET /green/js/bloodhound.js HTTP/1.1" 304 0 
0:0:0:0:0:0:0:1 -  -  [21/Feb/2014:00:17:36 +0000] "GET /green/img/mathsbook1.png HTTP/1.1" 304 0 
0:0:0:0:0:0:0:1 -  -  [21/Feb/2014:00:17:36 +0000] "GET /green/img/numbersbook.png HTTP/1.1" 304 0 
0:0:0:0:0:0:0:1 -  -  [21/Feb/2014:00:17:36 +0000] "GET /green/js/main.js HTTP/1.1" 304 0 
0:0:0:0:0:0:0:1 -  -  [21/Feb/2014:00:17:36 +0000] "GET /green/view/class/class.js HTTP/1.1" 304 0 
0:0:0:0:0:0:0:1 -  -  [21/Feb/2014:00:17:36 +0000] "GET /green/js/service.js HTTP/1.1" 304 0 
0:0:0:0:0:0:0:1 -  -  [21/Feb/2014:00:17:39 +0000] "GET /green/view/class/ HTTP/1.1" 304 0 
0:0:0:0:0:0:0:1 -  -  [21/Feb/2014:00:17:39 +0000] "GET /green/css/style.css HTTP/1.1" 304 0 
0:0:0:0:0:0:0:1 -  -  [21/Feb/2014:00:17:39 +0000] "GET /green/js/modernizr-2.5.3.min.js HTTP/1.1" 304 0 
0:0:0:0:0:0:0:1 -  -  [21/Feb/2014:00:17:39 +0000] "GET /green/js/jquery-migrate.min.js HTTP/1.1" 304 0 
0:0:0:0:0:0:0:1 -  -  [21/Feb/2014:00:17:39 +0000] "GET /green/js/require-jquery.js HTTP/1.1" 304 0 
0:0:0:0:0:0:0:1 -  -  [21/Feb/2014:00:17:39 +0000] "GET /green/js/bloodhound.js HTTP/1.1" 304 0 
0:0:0:0:0:0:0:1 -  -  [21/Feb/2014:00:17:39 +0000] "GET /green/js/jquery.cookie.js HTTP/1.1" 304 0 
0:0:0:0:0:0:0:1 -  -  [21/Feb/2014:00:17:39 +0000] "GET /green/js/jquery.hashchange.js HTTP/1.1" 304 0 
0:0:0:0:0:0:0:1 -  -  [21/Feb/2014:00:17:39 +0000] "GET /green/js/typeahead.bundle.js HTTP/1.1" 304 0 
0:0:0:0:0:0:0:1 -  -  [21/Feb/2014:00:17:39 +0000] "GET /green/js/jquery.router.js HTTP/1.1" 304 0 
0:0:0:0:0:0:0:1 -  -  [21/Feb/2014:00:17:39 +0000] "GET /green/js/plugins-min.js HTTP/1.1" 304 0 
0:0:0:0:0:0:0:1 -  -  [21/Feb/2014:00:17:39 +0000] "GET /green/js/main.js HTTP/1.1" 304 0 
0:0:0:0:0:0:0:1 -  -  [21/Feb/2014:00:17:39 +0000] "GET /green/img/colorsbook1.png HTTP/1.1" 304 0 
0:0:0:0:0:0:0:1 -  -  [21/Feb/2014:00:17:39 +0000] "GET /green/js/spin.min.js HTTP/1.1" 304 0 
0:0:0:0:0:0:0:1 -  -  [21/Feb/2014:00:17:39 +0000] "GET /green/img/mathsbook1.png HTTP/1.1" 304 0 
0:0:0:0:0:0:0:1 -  -  [21/Feb/2014:00:17:39 +0000] "GET /green/img/numbersbook.png HTTP/1.1" 304 0 
0:0:0:0:0:0:0:1 -  -  [21/Feb/2014:00:17:39 +0000] "GET /green/view/class/class.js HTTP/1.1" 304 0 
0:0:0:0:0:0:0:1 -  -  [21/Feb/2014:00:17:39 +0000] "GET /green/js/service.js HTTP/1.1" 304 0 
0:0:0:0:0:0:0:1 -  -  [21/Feb/2014:00:17:41 +0000] "GET /green/view/admin HTTP/1.1" 302 0 
0:0:0:0:0:0:0:1 -  -  [21/Feb/2014:00:17:41 +0000] "GET /green/view/admin/admin.js HTTP/1.1" 200 7391 
0:0:0:0:0:0:0:1 -  -  [21/Feb/2014:00:17:44 +0000] "GET /green/view/admin/ HTTP/1.1" 304 0 
0:0:0:0:0:0:0:1 -  -  [21/Feb/2014:00:17:44 +0000] "GET /green/css/style.css HTTP/1.1" 304 0 
0:0:0:0:0:0:0:1 -  -  [21/Feb/2014:00:17:44 +0000] "GET /green/js/spin.min.js HTTP/1.1" 304 0 
0:0:0:0:0:0:0:1 -  -  [21/Feb/2014:00:17:44 +0000] "GET /green/js/modernizr-2.5.3.min.js HTTP/1.1" 304 0 
0:0:0:0:0:0:0:1 -  -  [21/Feb/2014:00:17:44 +0000] "GET /green/js/jquery.js HTTP/1.1" 304 0 
0:0:0:0:0:0:0:1 -  -  [21/Feb/2014:00:17:44 +0000] "GET /green/js/typeahead.bundle.js HTTP/1.1" 304 0 
0:0:0:0:0:0:0:1 -  -  [21/Feb/2014:00:17:44 +0000] "GET /green/js/jquery-migrate.min.js HTTP/1.1" 304 0 
0:0:0:0:0:0:0:1 -  -  [21/Feb/2014:00:17:44 +0000] "GET /green/js/bloodhound.js HTTP/1.1" 304 0 
0:0:0:0:0:0:0:1 -  -  [21/Feb/2014:00:17:44 +0000] "GET /green/js/jquery.cookie.js HTTP/1.1" 304 0 
0:0:0:0:0:0:0:1 -  -  [21/Feb/2014:00:17:44 +0000] "GET /green/js/jquery.router.js HTTP/1.1" 304 0 
0:0:0:0:0:0:0:1 -  -  [21/Feb/2014:00:17:44 +0000] "GET /green/js/jquery.hashchange.js HTTP/1.1" 304 0 
0:0:0:0:0:0:0:1 -  -  [21/Feb/2014:00:17:44 +0000] "GET /green/js/Chart.min.js HTTP/1.1" 304 0 
0:0:0:0:0:0:0:1 -  -  [21/Feb/2014:00:17:44 +0000] "GET /green/js/plugins-min.js HTTP/1.1" 304 0 
0:0:0:0:0:0:0:1 -  -  [21/Feb/2014:00:17:44 +0000] "GET /green/img/ss-facebook.png HTTP/1.1" 304 0 
0:0:0:0:0:0:0:1 -  -  [21/Feb/2014:00:17:44 +0000] "GET /green/img/ss-pinterest.png HTTP/1.1" 304 0 
0:0:0:0:0:0:0:1 -  -  [21/Feb/2014:00:17:44 +0000] "GET /green/img/ss-twitter.png HTTP/1.1" 304 0 
0:0:0:0:0:0:0:1 -  -  [21/Feb/2014:00:17:45 +0000] "GET /green/view/admin/admin.js HTTP/1.1" 304 0 
0:0:0:0:0:0:0:1 -  -  [21/Feb/2014:00:17:47 +0000] "GET /green/ HTTP/1.1" 304 0 
0:0:0:0:0:0:0:1 -  -  [21/Feb/2014:00:17:47 +0000] "GET /green/css/style.css HTTP/1.1" 304 0 
0:0:0:0:0:0:0:1 -  -  [21/Feb/2014:00:17:47 +0000] "GET /green/js/spin.min.js HTTP/1.1" 304 0 
0:0:0:0:0:0:0:1 -  -  [21/Feb/2014:00:17:47 +0000] "GET /green/js/typeahead.bundle.js HTTP/1.1" 304 0 
0:0:0:0:0:0:0:1 -  -  [21/Feb/2014:00:17:47 +0000] "GET /green/js/jquery-migrate.min.js HTTP/1.1" 304 0 
0:0:0:0:0:0:0:1 -  -  [21/Feb/2014:00:17:47 +0000] "GET /green/js/jquery.js HTTP/1.1" 304 0 
0:0:0:0:0:0:0:1 -  -  [21/Feb/2014:00:17:47 +0000] "GET /green/js/modernizr-2.5.3.min.js HTTP/1.1" 304 0 
0:0:0:0:0:0:0:1 -  -  [21/Feb/2014:00:17:47 +0000] "GET /green/js/jquery.cookie.js HTTP/1.1" 304 0 
0:0:0:0:0:0:0:1 -  -  [21/Feb/2014:00:17:47 +0000] "GET /green/js/bloodhound.js HTTP/1.1" 304 0 
0:0:0:0:0:0:0:1 -  -  [21/Feb/2014:00:17:47 +0000] "GET /green/js/jquery.hashchange.js HTTP/1.1" 304 0 
0:0:0:0:0:0:0:1 -  -  [21/Feb/2014:00:17:47 +0000] "GET /green/js/jquery.router.js HTTP/1.1" 304 0 
0:0:0:0:0:0:0:1 -  -  [21/Feb/2014:00:17:47 +0000] "GET /green/js/plugins-min.js HTTP/1.1" 304 0 
0:0:0:0:0:0:0:1 -  -  [21/Feb/2014:00:17:47 +0000] "GET /green/js/jquery.fitvids.js HTTP/1.1" 304 0 
0:0:0:0:0:0:0:1 -  -  [21/Feb/2014:00:17:47 +0000] "GET /green/img/map.jpg HTTP/1.1" 304 0 
0:0:0:0:0:0:0:1 -  -  [21/Feb/2014:00:17:47 +0000] "GET /green/img/ss-facebook-large.png HTTP/1.1" 304 0 
0:0:0:0:0:0:0:1 -  -  [21/Feb/2014:00:17:47 +0000] "GET /green/img/ss-pinterest-large.png HTTP/1.1" 304 0 
0:0:0:0:0:0:0:1 -  -  [21/Feb/2014:00:17:47 +0000] "GET /green/img/ss-facebook.png HTTP/1.1" 304 0 
0:0:0:0:0:0:0:1 -  -  [21/Feb/2014:00:17:47 +0000] "GET /green/img/ss-twitter.png HTTP/1.1" 304 0 
0:0:0:0:0:0:0:1 -  -  [21/Feb/2014:00:17:47 +0000] "GET /green/img/login.png HTTP/1.1" 304 0 
0:0:0:0:0:0:0:1 -  -  [21/Feb/2014:00:17:47 +0000] "GET /green/img/ss-twitter-large.png HTTP/1.1" 304 0 
0:0:0:0:0:0:0:1 -  -  [21/Feb/2014:00:17:47 +0000] "GET /green/img/ss-pinterest.png HTTP/1.1" 304 0 
0:0:0:0:0:0:0:1 -  -  [21/Feb/2014:00:17:47 +0000] "GET /green/js/home-min.js HTTP/1.1" 200 5179 
0:0:0:0:0:0:0:1 -  -  [21/Feb/2014:00:17:47 +0000] "GET /green/img/4.jpg HTTP/1.1" 304 0 
0:0:0:0:0:0:0:1 -  -  [21/Feb/2014:00:17:47 +0000] "GET /green/img/2.jpg HTTP/1.1" 304 0 
0:0:0:0:0:0:0:1 -  -  [21/Feb/2014:00:17:47 +0000] "GET /green/img/1.jpg HTTP/1.1" 304 0 
0:0:0:0:0:0:0:1 -  -  [21/Feb/2014:00:17:47 +0000] "GET /green/img/5.jpg HTTP/1.1" 304 0 
0:0:0:0:0:0:0:1 -  -  [21/Feb/2014:00:17:47 +0000] "GET /green/img/3.jpg HTTP/1.1" 304 0 
0:0:0:0:0:0:0:1 -  -  [21/Feb/2014:00:17:47 +0000] "GET /green/img/next-up.png HTTP/1.1" 304 0 
0:0:0:0:0:0:0:1 -  -  [21/Feb/2014:00:17:54 +0000] "GET /green/view/studentlist HTTP/1.1" 302 0 
0:0:0:0:0:0:0:1 -  -  [21/Feb/2014:00:17:55 +0000] "GET /green/view/studentlist/studentlist.js HTTP/1.1" 304 0 
0:0:0:0:0:0:0:1 -  -  [21/Feb/2014:00:17:57 +0000] "GET /green/img/student4.jpg HTTP/1.1" 200 32146 
0:0:0:0:0:0:0:1 -  -  [21/Feb/2014:00:17:57 +0000] "GET /green/view/class HTTP/1.1" 302 0 
0:0:0:0:0:0:0:1 -  -  [21/Feb/2014:00:18:02 +0000] "GET /green/view/course/maths HTTP/1.1" 302 0 
0:0:0:0:0:0:0:1 -  -  [21/Feb/2014:00:18:02 +0000] "GET /green/view/course/maths/ HTTP/1.1" 200 5037 
0:0:0:0:0:0:0:1 -  -  [21/Feb/2014:00:18:02 +0000] "GET /green/js/slickQuiz.js HTTP/1.1" 200 18332 
0:0:0:0:0:0:0:1 -  -  [21/Feb/2014:00:18:03 +0000] "GET /green/js/slickQuiz-config.js HTTP/1.1" 200 4123 
0:0:0:0:0:0:0:1 -  -  [21/Feb/2014:00:18:03 +0000] "GET /green/img/pointer-back.png HTTP/1.1" 404 1391 
0:0:0:0:0:0:0:1 -  -  [21/Feb/2014:00:18:03 +0000] "GET /green/img/pointer-bottom.png HTTP/1.1" 404 1393 
0:0:0:0:0:0:0:1 -  -  [21/Feb/2014:00:18:03 +0000] "GET /green/img/project-page-logo.png HTTP/1.1" 200 4971 
0:0:0:0:0:0:0:1 -  -  [21/Feb/2014:00:18:03 +0000] "GET /green/view/course/maths/teacher.js HTTP/1.1" 200 6533 
0:0:0:0:0:0:0:1 -  -  [21/Feb/2014:00:18:16 +0000] "GET /green/view/admin HTTP/1.1" 302 0 
0:0:0:0:0:0:0:1 -  -  [21/Feb/2014:00:18:16 +0000] "GET /green/view/admin/admin.js HTTP/1.1" 304 0 
0:0:0:0:0:0:0:1 -  -  [21/Feb/2014:00:18:16 +0000] "GET /green/js/home-min.js HTTP/1.1" 304 0 
