0:0:0:0:0:0:0:1 -  -  [16/Feb/2014:15:50:37 +0000] "POST /xFrameworkRestAPI/api/Login HTTP/1.1" 200 154 
0:0:0:0:0:0:0:1 -  -  [16/Feb/2014:15:50:37 +0000] "GET /rest/appliance/firmware/notification?_=1392565837438 HTTP/1.1" 404 1401 
0:0:0:0:0:0:0:1 -  -  [16/Feb/2014:15:50:37 +0000] "GET /AppInsight/pages/xsys/dashboard/index.html HTTP/1.1" 200 34938 
0:0:0:0:0:0:0:1 -  -  [16/Feb/2014:15:50:37 +0000] "GET /AppInsight/js/xsys/view/dashboard/DashboardView.js HTTP/1.1" 200 124176 
0:0:0:0:0:0:0:1 -  -  [16/Feb/2014:15:50:37 +0000] "GET /AppInsight/js/xsys/presenter/dashboard/DashboardPresenter.js HTTP/1.1" 200 2675 
0:0:0:0:0:0:0:1 -  -  [16/Feb/2014:15:50:37 +0000] "GET /AppInsight/js/xsys/presenter/compliance/CompliancePresenter.js HTTP/1.1" 200 10275 
0:0:0:0:0:0:0:1 -  -  [16/Feb/2014:15:50:37 +0000] "GET /AppInsight/js/xsys/view/compliance/ComplianceView.js HTTP/1.1" 200 33224 
0:0:0:0:0:0:0:1 -  -  [16/Feb/2014:15:50:37 +0000] "GET /AppInsight/js/hp/lib/jquery.hpGridPanels.js HTTP/1.1" 200 12187 
0:0:0:0:0:0:0:1 -  -  [16/Feb/2014:15:50:37 +0000] "GET /AppInsight/js/xsys/view/cpuinfo/CPUView.js HTTP/1.1" 200 17178 
0:0:0:0:0:0:0:1 -  -  [16/Feb/2014:15:50:37 +0000] "GET /AppInsight/js/xsys/model/compliance/ComplianceResource.js HTTP/1.1" 200 155 
0:0:0:0:0:0:0:1 -  -  [16/Feb/2014:15:50:37 +0000] "GET /AppInsight/js/hp/lib/jquery.hpDonut.js HTTP/1.1" 200 3248 
0:0:0:0:0:0:0:1 -  -  [16/Feb/2014:15:50:37 +0000] "GET /AppInsight/js/hp/view/NotificationsView.js HTTP/1.1" 200 25669 
0:0:0:0:0:0:0:1 -  -  [16/Feb/2014:15:50:37 +0000] "GET /AppInsight/js/hp/lib/jquery.hpProgressBar.js HTTP/1.1" 200 2140 
0:0:0:0:0:0:0:1 -  -  [16/Feb/2014:15:50:37 +0000] "GET /AppInsight/js/hp/lib/jquery.hpDropMenu.js HTTP/1.1" 200 7562 
0:0:0:0:0:0:0:1 -  -  [16/Feb/2014:15:50:37 +0000] "GET /AppInsight/js/hp/lib/jquery.hpPlot.js HTTP/1.1" 200 1925 
0:0:0:0:0:0:0:1 -  -  [16/Feb/2014:15:50:37 +0000] "GET /AppInsight/js/hp/model/Resource.js HTTP/1.1" 200 47406 
0:0:0:0:0:0:0:1 -  -  [16/Feb/2014:15:50:37 +0000] "GET /AppInsight/js/lib/jquery.flot.pie.js HTTP/1.1" 200 23523 
0:0:0:0:0:0:0:1 -  -  [16/Feb/2014:15:50:37 +0000] "GET /AppInsight/js/hp/presenter/ResourceNotificationsPresenter.js HTTP/1.1" 200 12274 
0:0:0:0:0:0:0:1 -  -  [16/Feb/2014:15:50:37 +0000] "GET /AppInsight/js/hp/view/MasterPaneView.js HTTP/1.1" 200 23233 
0:0:0:0:0:0:0:1 -  -  [16/Feb/2014:15:50:37 +0000] "GET /AppInsight/pages/core/details_notifications.html HTTP/1.1" 200 1842 
0:0:0:0:0:0:0:1 -  -  [16/Feb/2014:15:50:37 +0000] "GET /AppInsight/js/lib/jquery.flot.fillbetween.js HTTP/1.1" 200 5386 
0:0:0:0:0:0:0:1 -  -  [16/Feb/2014:15:50:37 +0000] "GET /AppInsight/js/lib/jquery.flot.time.js HTTP/1.1" 200 11797 
0:0:0:0:0:0:0:1 -  -  [16/Feb/2014:15:50:37 +0000] "GET /AppInsight/js/hp/services/ResourceService.js HTTP/1.1" 200 3023 
0:0:0:0:0:0:0:1 -  -  [16/Feb/2014:15:50:37 +0000] "GET /AppInsight/js/fs/model/activity/ActivityResource.js HTTP/1.1" 200 1681 
0:0:0:0:0:0:0:1 -  -  [16/Feb/2014:15:50:37 +0000] "GET /AppInsight/js/hp/presenter/MasterPanePresenter.js HTTP/1.1" 200 47318 
0:0:0:0:0:0:0:1 -  -  [16/Feb/2014:15:50:37 +0000] "GET /AppInsight/js/hp/view/MasterTableView.js HTTP/1.1" 200 48766 
0:0:0:0:0:0:0:1 -  -  [16/Feb/2014:15:50:37 +0000] "GET /AppInsight/js/hp/view/MasterGridView.js HTTP/1.1" 200 24406 
0:0:0:0:0:0:0:1 -  -  [16/Feb/2014:15:50:37 +0000] "GET /AppInsight/js/hp/view/MasterErrorView.js HTTP/1.1" 200 3053 
0:0:0:0:0:0:0:1 -  -  [16/Feb/2014:15:50:37 +0000] "GET /AppInsight/pages/core/master_sub_nav.html HTTP/1.1" 200 243 
0:0:0:0:0:0:0:1 -  -  [16/Feb/2014:15:50:37 +0000] "GET /AppInsight/pages/core/master_header.html HTTP/1.1" 200 372 
0:0:0:0:0:0:0:1 -  -  [16/Feb/2014:15:50:37 +0000] "GET /AppInsight/js/lib/jquery.flot.selection.js HTTP/1.1" 200 13270 
0:0:0:0:0:0:0:1 -  -  [16/Feb/2014:15:50:37 +0000] "GET /AppInsight/pages/core/no_items.html HTTP/1.1" 200 449 
0:0:0:0:0:0:0:1 -  -  [16/Feb/2014:15:50:37 +0000] "GET /AppInsight/js/lib/jquery.flot.js HTTP/1.1" 200 115982 
0:0:0:0:0:0:0:1 -  -  [16/Feb/2014:15:50:37 +0000] "GET /AppInsight/js/hp/model/SelectionValidator.js HTTP/1.1" 200 5388 
0:0:0:0:0:0:0:1 -  -  [16/Feb/2014:15:50:37 +0000] "GET /AppInsight/js/hp/lib/jquery.hpCollapsible.js HTTP/1.1" 200 2821 
0:0:0:0:0:0:0:1 -  -  [16/Feb/2014:15:50:37 +0000] "GET /AppInsight/pages/core/no_details.html HTTP/1.1" 200 836 
0:0:0:0:0:0:0:1 -  -  [16/Feb/2014:15:50:37 +0000] "GET /AppInsight/js/hp/lib/jquery.hpSelect.js HTTP/1.1" 200 34828 
0:0:0:0:0:0:0:1 -  -  [16/Feb/2014:15:50:37 +0000] "GET /AppInsight/js/lib/excanvas.js HTTP/1.1" 200 41246 
0:0:0:0:0:0:0:1 -  -  [16/Feb/2014:15:50:37 +0000] "GET /AppInsight/js/hp/lib/jquery.inArrayCaseInsensitive.js HTTP/1.1" 200 921 
0:0:0:0:0:0:0:1 -  -  [16/Feb/2014:15:50:37 +0000] "GET /AppInsight/pages/core/hp_select_sort_directions.html HTTP/1.1" 200 327 
0:0:0:0:0:0:0:1 -  -  [16/Feb/2014:15:50:37 +0000] "GET /AppInsight/js/lib/jquery.dataTables.js HTTP/1.1" 200 377655 
0:0:0:0:0:0:0:1 -  -  [16/Feb/2014:15:50:39 +0000] "GET /AppInsight/ HTTP/1.1" 200 903 
0:0:0:0:0:0:0:1 -  -  [16/Feb/2014:15:50:39 +0000] "GET /AppInsight/css/xsys/appinisght-style.css HTTP/1.1" 304 0 
0:0:0:0:0:0:0:1 -  -  [16/Feb/2014:15:50:39 +0000] "GET /AppInsight/css/compiled/hp-piano.css HTTP/1.1" 304 0 
0:0:0:0:0:0:0:1 -  -  [16/Feb/2014:15:50:39 +0000] "GET /AppInsight/js/lib/require.js HTTP/1.1" 200 80260 
0:0:0:0:0:0:0:1 -  -  [16/Feb/2014:15:50:39 +0000] "GET /AppInsight/js/xsys/shell-require.js HTTP/1.1" 200 2123 
0:0:0:0:0:0:0:1 -  -  [16/Feb/2014:15:50:39 +0000] "GET /AppInsight/js/hp/Application.js HTTP/1.1" 200 4668 
0:0:0:0:0:0:0:1 -  -  [16/Feb/2014:15:50:39 +0000] "GET /AppInsight/js/hp/model/DevelopmentSettings.js HTTP/1.1" 200 4903 
0:0:0:0:0:0:0:1 -  -  [16/Feb/2014:15:50:39 +0000] "GET /AppInsight/js/xsys/shell/MainPageRoutes.js HTTP/1.1" 200 21745 
0:0:0:0:0:0:0:1 -  -  [16/Feb/2014:15:50:39 +0000] "GET /AppInsight/js/lib/jquery.js HTTP/1.1" 200 267808 
0:0:0:0:0:0:0:1 -  -  [16/Feb/2014:15:50:39 +0000] "GET /AppInsight/js/lib/jquery-ui-1.8.16.piano.min.js HTTP/1.1" 200 210463 
0:0:0:0:0:0:0:1 -  -  [16/Feb/2014:15:50:39 +0000] "GET /AppInsight/js/lib/modernizr-2.0.6.js HTTP/1.1" 200 43394 
0:0:0:0:0:0:0:1 -  -  [16/Feb/2014:15:50:39 +0000] "GET /AppInsight/js/lib/json2.js HTTP/1.1" 200 17594 
0:0:0:0:0:0:0:1 -  -  [16/Feb/2014:15:50:39 +0000] "GET /AppInsight/js/hp/core/Environment.js HTTP/1.1" 200 2112 
0:0:0:0:0:0:0:1 -  -  [16/Feb/2014:15:50:39 +0000] "GET /AppInsight/js/hp/core/Localizer.js HTTP/1.1" 200 5763 
0:0:0:0:0:0:0:1 -  -  [16/Feb/2014:15:50:39 +0000] "GET /AppInsight/js/hp/view/login/LoginView.js HTTP/1.1" 200 12055 
0:0:0:0:0:0:0:1 -  -  [16/Feb/2014:15:50:39 +0000] "GET /AppInsight/js/hp/core/UrlFragment.js HTTP/1.1" 200 14466 
0:0:0:0:0:0:0:1 -  -  [16/Feb/2014:15:50:39 +0000] "GET /AppInsight/js/hp/core/Validator.js HTTP/1.1" 200 9869 
0:0:0:0:0:0:0:1 -  -  [16/Feb/2014:15:50:39 +0000] "GET /AppInsight/js/hp/core/Router.js HTTP/1.1" 200 33068 
0:0:0:0:0:0:0:1 -  -  [16/Feb/2014:15:50:39 +0000] "GET /AppInsight/js/xsys/services/ComplianceService.js HTTP/1.1" 200 166796 
0:0:0:0:0:0:0:1 -  -  [16/Feb/2014:15:50:39 +0000] "GET /AppInsight/js/lib/jquery.cookie.js HTTP/1.1" 200 2284 
0:0:0:0:0:0:0:1 -  -  [16/Feb/2014:15:50:39 +0000] "GET /AppInsight/js/lib/text.js HTTP/1.1" 200 13107 
0:0:0:0:0:0:0:1 -  -  [16/Feb/2014:15:50:39 +0000] "GET /AppInsight/js/hp/model/SessionRoutes.js HTTP/1.1" 200 6676 
0:0:0:0:0:0:0:1 -  -  [16/Feb/2014:15:50:39 +0000] "GET /AppInsight/js/hp/model/Session.js HTTP/1.1" 200 12061 
0:0:0:0:0:0:0:1 -  -  [16/Feb/2014:15:50:39 +0000] "GET /AppInsight/js/hp/model/settings/SettingsRoutes.js HTTP/1.1" 200 5269 
0:0:0:0:0:0:0:1 -  -  [16/Feb/2014:15:50:39 +0000] "GET /AppInsight/js/hp/view/LocationView.js HTTP/1.1" 200 1458 
0:0:0:0:0:0:0:1 -  -  [16/Feb/2014:15:50:39 +0000] "GET /AppInsight/js/hp/core/Banner.js HTTP/1.1" 200 12292 
0:0:0:0:0:0:0:1 -  -  [16/Feb/2014:15:50:39 +0000] "GET /AppInsight/js/hp/model/settings/DevelopmentRoutes.js HTTP/1.1" 200 1099 
0:0:0:0:0:0:0:1 -  -  [16/Feb/2014:15:50:39 +0000] "GET /AppInsight/js/hp/presenter/settings/DevelopmentPresenter.js HTTP/1.1" 200 2366 
0:0:0:0:0:0:0:1 -  -  [16/Feb/2014:15:50:39 +0000] "GET /AppInsight/js/hp/core/Language.js HTTP/1.1" 200 3056 
0:0:0:0:0:0:0:1 -  -  [16/Feb/2014:15:50:39 +0000] "GET /AppInsight/js/hp/services/Log.js HTTP/1.1" 200 393 
0:0:0:0:0:0:0:1 -  -  [16/Feb/2014:15:50:39 +0000] "GET /AppInsight/js/xsys/lang/en.js HTTP/1.1" 200 443 
0:0:0:0:0:0:0:1 -  -  [16/Feb/2014:15:50:39 +0000] "GET /AppInsight/js/hp/presenter/LoginPresenter.js HTTP/1.1" 200 9561 
0:0:0:0:0:0:0:1 -  -  [16/Feb/2014:15:50:39 +0000] "GET /AppInsight/js/lib/jquery.timeago.js HTTP/1.1" 200 5068 
0:0:0:0:0:0:0:1 -  -  [16/Feb/2014:15:50:39 +0000] "GET /AppInsight/js/lib/ECMA262-5.js HTTP/1.1" 200 997 
0:0:0:0:0:0:0:1 -  -  [16/Feb/2014:15:50:39 +0000] "GET /AppInsight/js/hp/core/EventDispatcher.js HTTP/1.1" 200 2066 
0:0:0:0:0:0:0:1 -  -  [16/Feb/2014:15:50:39 +0000] "GET /AppInsight/js/hp/core/HashManager.js HTTP/1.1" 200 3561 
0:0:0:0:0:0:0:1 -  -  [16/Feb/2014:15:50:39 +0000] "GET /AppInsight/js/lib/jquery.validate.js HTTP/1.1" 200 39317 
0:0:0:0:0:0:0:1 -  -  [16/Feb/2014:15:50:39 +0000] "GET /AppInsight/js/hp/core/Pager.js HTTP/1.1" 200 7232 
0:0:0:0:0:0:0:1 -  -  [16/Feb/2014:15:50:39 +0000] "GET /AppInsight/js/hp/lib/jquery.hpTooltip.js HTTP/1.1" 200 4706 
0:0:0:0:0:0:0:1 -  -  [16/Feb/2014:15:50:39 +0000] "GET /AppInsight/js/hp/services/REST.js HTTP/1.1" 200 10602 
0:0:0:0:0:0:0:1 -  -  [16/Feb/2014:15:50:39 +0000] "GET /AppInsight/js/lib/jquery.selectBox.js HTTP/1.1" 200 30152 
0:0:0:0:0:0:0:1 -  -  [16/Feb/2014:15:50:39 +0000] "GET /AppInsight/js/hp/lib/date.js HTTP/1.1" 200 4166 
0:0:0:0:0:0:0:1 -  -  [16/Feb/2014:15:50:39 +0000] "GET /AppInsight/js/hp/services/IndexFilter.js HTTP/1.1" 200 26072 
0:0:0:0:0:0:0:1 -  -  [16/Feb/2014:15:50:39 +0000] "GET /AppInsight/js/hp/services/IndexThrottler.js HTTP/1.1" 200 8577 
0:0:0:0:0:0:0:1 -  -  [16/Feb/2014:15:50:39 +0000] "GET /AppInsight/js/hp/view/NotAuthorizedView.js HTTP/1.1" 200 1632 
0:0:0:0:0:0:0:1 -  -  [16/Feb/2014:15:50:39 +0000] "GET /AppInsight/pages/core/body_contents.html HTTP/1.1" 200 1965 
0:0:0:0:0:0:0:1 -  -  [16/Feb/2014:15:50:39 +0000] "GET /AppInsight/pages/core/not_authorized.html HTTP/1.1" 200 732 
0:0:0:0:0:0:0:1 -  -  [16/Feb/2014:15:50:39 +0000] "GET /AppInsight/js/hp/core/Performance.js HTTP/1.1" 200 3532 
0:0:0:0:0:0:0:1 -  -  [16/Feb/2014:15:50:39 +0000] "GET /AppInsight/js/xsys/xSysSessionService.js HTTP/1.1" 200 438 
0:0:0:0:0:0:0:1 -  -  [16/Feb/2014:15:50:39 +0000] "GET /AppInsight/js/hp/core/Notifications.js HTTP/1.1" 200 19258 
0:0:0:0:0:0:0:1 -  -  [16/Feb/2014:15:50:39 +0000] "GET /AppInsight/js/hp/core/MainMenu.js HTTP/1.1" 200 14166 
0:0:0:0:0:0:0:1 -  -  [16/Feb/2014:15:50:39 +0000] "GET /AppInsight/js/hp/view/SearchBoxView.js HTTP/1.1" 200 12293 
0:0:0:0:0:0:0:1 -  -  [16/Feb/2014:15:50:39 +0000] "GET /AppInsight/js/hp/core/Uploads.js HTTP/1.1" 200 19609 
0:0:0:0:0:0:0:1 -  -  [16/Feb/2014:15:50:39 +0000] "GET /AppInsight/js/xsys/xSysAuthn.js HTTP/1.1" 200 4419 
0:0:0:0:0:0:0:1 -  -  [16/Feb/2014:15:50:39 +0000] "GET /AppInsight/pages/core/simple_banner.html HTTP/1.1" 200 632 
0:0:0:0:0:0:0:1 -  -  [16/Feb/2014:15:50:39 +0000] "GET /AppInsight/pages/xsys/banner.html HTTP/1.1" 200 5920 
0:0:0:0:0:0:0:1 -  -  [16/Feb/2014:15:50:39 +0000] "GET /AppInsight/js/hp/core/Sidebar.js HTTP/1.1" 200 6562 
0:0:0:0:0:0:0:1 -  -  [16/Feb/2014:15:50:39 +0000] "GET /AppInsight/js/hp/core/HelpMenu.js HTTP/1.1" 200 13464 
0:0:0:0:0:0:0:1 -  -  [16/Feb/2014:15:50:39 +0000] "GET /AppInsight/js/hp/core/lang/login-en.js HTTP/1.1" 200 791 
0:0:0:0:0:0:0:1 -  -  [16/Feb/2014:15:50:39 +0000] "GET /AppInsight/js/hp/core/lang/core-en.js HTTP/1.1" 200 12804 
0:0:0:0:0:0:0:1 -  -  [16/Feb/2014:15:50:39 +0000] "GET /AppInsight/js/hp/core/lang/help-en.js HTTP/1.1" 200 734 
0:0:0:0:0:0:0:1 -  -  [16/Feb/2014:15:50:39 +0000] "GET /AppInsight/js/xsys/xSysAuthz.js HTTP/1.1" 200 818 
0:0:0:0:0:0:0:1 -  -  [16/Feb/2014:15:50:39 +0000] "GET /AppInsight/js/hp/core/lang/search-en.js HTTP/1.1" 200 936 
0:0:0:0:0:0:0:1 -  -  [16/Feb/2014:15:50:39 +0000] "GET /AppInsight/js/xsys/lang/xsys-en.js HTTP/1.1" 200 380 
0:0:0:0:0:0:0:1 -  -  [16/Feb/2014:15:50:39 +0000] "GET /AppInsight/js/fs/lang/fs-en.js HTTP/1.1" 200 548 
0:0:0:0:0:0:0:1 -  -  [16/Feb/2014:15:50:39 +0000] "GET /AppInsight/js/hp/services/lum.js HTTP/1.1" 200 1231 
0:0:0:0:0:0:0:1 -  -  [16/Feb/2014:15:50:39 +0000] "GET /AppInsight/js/hp/presenter/SessionNotificationsPresenter.js HTTP/1.1" 200 6327 
0:0:0:0:0:0:0:1 -  -  [16/Feb/2014:15:50:39 +0000] "GET /AppInsight/js/hp/services/IndexFilterParser.js HTTP/1.1" 200 23810 
0:0:0:0:0:0:0:1 -  -  [16/Feb/2014:15:50:39 +0000] "GET /AppInsight/js/hp/view/NotificationDetailsView.js HTTP/1.1" 200 6050 
0:0:0:0:0:0:0:1 -  -  [16/Feb/2014:15:50:39 +0000] "GET /AppInsight/js/hp/model/Login.js HTTP/1.1" 200 1382 
0:0:0:0:0:0:0:1 -  -  [16/Feb/2014:15:50:39 +0000] "GET /AppInsight/js/hp/services/Encoder.js HTTP/1.1" 200 2060 
0:0:0:0:0:0:0:1 -  -  [16/Feb/2014:15:50:39 +0000] "GET /AppInsight/js/hp/lib/jquery.hpStatus.js HTTP/1.1" 200 5065 
0:0:0:0:0:0:0:1 -  -  [16/Feb/2014:15:50:39 +0000] "GET /AppInsight/js/hp/lib/jquery.hpSafeClone.js HTTP/1.1" 200 606 
0:0:0:0:0:0:0:1 -  -  [16/Feb/2014:15:50:39 +0000] "GET /AppInsight/js/hp/core/LinkTargetBuilder.js HTTP/1.1" 200 19617 
0:0:0:0:0:0:0:1 -  -  [16/Feb/2014:15:50:39 +0000] "GET /AppInsight/js/hp/lib/jquery.hpTextFormat.js HTTP/1.1" 200 5639 
0:0:0:0:0:0:0:1 -  -  [16/Feb/2014:15:50:39 +0000] "GET /AppInsight/js/hp/lib/jquery.hpTimestamp.js HTTP/1.1" 200 7181 
0:0:0:0:0:0:0:1 -  -  [16/Feb/2014:15:50:39 +0000] "GET /AppInsight/js/hp/core/Style.js HTTP/1.1" 200 9039 
0:0:0:0:0:0:0:1 -  -  [16/Feb/2014:15:50:39 +0000] "GET /AppInsight/pages/core/main_menu.html HTTP/1.1" 200 401 
0:0:0:0:0:0:0:1 -  -  [16/Feb/2014:15:50:39 +0000] "GET /AppInsight/pages/core/page_sub_nav.html HTTP/1.1" 200 437 
0:0:0:0:0:0:0:1 -  -  [16/Feb/2014:15:50:39 +0000] "GET /AppInsight/pages/core/page_label.html HTTP/1.1" 200 218 
0:0:0:0:0:0:0:1 -  -  [16/Feb/2014:15:50:39 +0000] "GET /AppInsight/js/xsys/presenter/xSysSearchBoxPresenter.js HTTP/1.1" 200 10110 
0:0:0:0:0:0:0:1 -  -  [16/Feb/2014:15:50:39 +0000] "GET /AppInsight/js/hp/model/UploadManager.js HTTP/1.1" 200 3400 
0:0:0:0:0:0:0:1 -  -  [16/Feb/2014:15:50:39 +0000] "GET /AppInsight/js/hp/view/DialogView.js HTTP/1.1" 200 14965 
0:0:0:0:0:0:0:1 -  -  [16/Feb/2014:15:50:39 +0000] "GET /AppInsight/js/fs/presenter/settings/ApplianceUpdatePresenter.js HTTP/1.1" 200 11865 
0:0:0:0:0:0:0:1 -  -  [16/Feb/2014:15:50:39 +0000] "GET /AppInsight/pages/xsys/help_menu.html HTTP/1.1" 200 2692 
0:0:0:0:0:0:0:1 -  -  [16/Feb/2014:15:50:39 +0000] "GET /AppInsight/pages/core/upload-cancel-confirmation.html HTTP/1.1" 200 1149 
0:0:0:0:0:0:0:1 -  -  [16/Feb/2014:15:50:39 +0000] "GET /AppInsight/js/hp/lib/jquery.hpUtilizationMeter.js HTTP/1.1" 200 18515 
0:0:0:0:0:0:0:1 -  -  [16/Feb/2014:15:50:39 +0000] "GET /AppInsight/js/hp/core/lang/settings-en.js HTTP/1.1" 200 1127 
0:0:0:0:0:0:0:1 -  -  [16/Feb/2014:15:50:39 +0000] "GET /AppInsight/js/hp/core/lang/upload-en.js HTTP/1.1" 200 989 
0:0:0:0:0:0:0:1 -  -  [16/Feb/2014:15:50:39 +0000] "GET /AppInsight/js/fs/lang/alerts-en.js HTTP/1.1" 200 8579 
0:0:0:0:0:0:0:1 -  -  [16/Feb/2014:15:50:39 +0000] "GET /AppInsight/js/fs/lang/activity-en.js HTTP/1.1" 200 2183 
0:0:0:0:0:0:0:1 -  -  [16/Feb/2014:15:50:39 +0000] "GET /AppInsight/js/fs/lang/settings-en.js HTTP/1.1" 200 54121 
0:0:0:0:0:0:0:1 -  -  [16/Feb/2014:15:50:39 +0000] "GET /AppInsight/js/fs/lang/users-en.js HTTP/1.1" 200 9018 
0:0:0:0:0:0:0:1 -  -  [16/Feb/2014:15:50:39 +0000] "GET /AppInsight/js/fs/lang/displayitemlist-en.js HTTP/1.1" 200 238 
0:0:0:0:0:0:0:1 -  -  [16/Feb/2014:15:50:39 +0000] "GET /AppInsight/js/hp/core/lang/notify-en.js HTTP/1.1" 200 462 
0:0:0:0:0:0:0:1 -  -  [16/Feb/2014:15:50:39 +0000] "GET /AppInsight/js/hp/model/NotificationResource.js HTTP/1.1" 200 18809 
0:0:0:0:0:0:0:1 -  -  [16/Feb/2014:15:50:39 +0000] "GET /AppInsight/js/fs/lang/welcome-en.js HTTP/1.1" 200 605 
0:0:0:0:0:0:0:1 -  -  [16/Feb/2014:15:50:39 +0000] "GET /AppInsight/js/hp/core/NotificationFormatter.js HTTP/1.1" 200 10323 
0:0:0:0:0:0:0:1 -  -  [16/Feb/2014:15:50:39 +0000] "GET /AppInsight/js/hp/services/IndexTime.js HTTP/1.1" 200 4205 
0:0:0:0:0:0:0:1 -  -  [16/Feb/2014:15:50:39 +0000] "GET /AppInsight/pages/core/notification_details.html HTTP/1.1" 200 415 
0:0:0:0:0:0:0:1 -  -  [16/Feb/2014:15:50:39 +0000] "GET /AppInsight/js/lib/jquery.dateFormat.js HTTP/1.1" 200 15974 
0:0:0:0:0:0:0:1 -  -  [16/Feb/2014:15:50:39 +0000] "GET /AppInsight/js/fs/lang/status-en.js HTTP/1.1" 200 5763 
0:0:0:0:0:0:0:1 -  -  [16/Feb/2014:15:50:39 +0000] "GET /AppInsight/js/hp/view/DialogHeader.js HTTP/1.1" 200 8068 
0:0:0:0:0:0:0:1 -  -  [16/Feb/2014:15:50:39 +0000] "GET /AppInsight/pages/core/dialog_overlay.html HTTP/1.1" 200 293 
0:0:0:0:0:0:0:1 -  -  [16/Feb/2014:15:50:39 +0000] "GET /AppInsight/js/hp/view/DialogNotification.js HTTP/1.1" 200 5401 
0:0:0:0:0:0:0:1 -  -  [16/Feb/2014:15:50:39 +0000] "GET /AppInsight/js/hp/lib/interval.js HTTP/1.1" 200 3955 
0:0:0:0:0:0:0:1 -  -  [16/Feb/2014:15:50:40 +0000] "GET /AppInsight/js/fs/services/settings/ApplianceUpdateService.js HTTP/1.1" 200 1896 
0:0:0:0:0:0:0:1 -  -  [16/Feb/2014:15:50:40 +0000] "GET /AppInsight/js/fs/model/settings/ApplianceUpgradeResource.js HTTP/1.1" 200 5893 
0:0:0:0:0:0:0:1 -  -  [16/Feb/2014:15:50:39 +0000] "GET /AppInsight/js/hp/model/Upload.js HTTP/1.1" 200 14878 
0:0:0:0:0:0:0:1 -  -  [16/Feb/2014:15:50:40 +0000] "GET /AppInsight/pages/core/dialog_notification.html HTTP/1.1" 200 373 
0:0:0:0:0:0:0:1 -  -  [16/Feb/2014:15:50:40 +0000] "GET /AppInsight/js/hp/lib/jquery.hpEllipsis.js HTTP/1.1" 200 2639 
0:0:0:0:0:0:0:1 -  -  [16/Feb/2014:15:50:40 +0000] "GET /AppInsight/js/hp/view/FormUploader.js HTTP/1.1" 200 11815 
0:0:0:0:0:0:0:1 -  -  [16/Feb/2014:15:50:40 +0000] "GET /AppInsight/js/hp/services/UploadService.js HTTP/1.1" 200 404 
0:0:0:0:0:0:0:1 -  -  [16/Feb/2014:15:50:40 +0000] "GET /AppInsight/js/lib/jquery.browser.js HTTP/1.1" 200 3164 
0:0:0:0:0:0:0:1 -  -  [16/Feb/2014:15:50:40 +0000] "GET /ui-js/pages/fs/license/support_access_and_written_offer.html?_=1392565840145 HTTP/1.1" 404 1425 
0:0:0:0:0:0:0:1 -  -  [16/Feb/2014:15:50:40 +0000] "GET /rest/appliance/firmware/notification?_=1392565840218 HTTP/1.1" 404 1401 
0:0:0:0:0:0:0:1 -  -  [16/Feb/2014:15:50:40 +0000] "GET /AppInsight/pages/xsys/dashboard/index.html HTTP/1.1" 200 34938 
0:0:0:0:0:0:0:1 -  -  [16/Feb/2014:15:50:40 +0000] "GET /AppInsight/pages/core/master_header.html HTTP/1.1" 200 372 
0:0:0:0:0:0:0:1 -  -  [16/Feb/2014:15:50:40 +0000] "GET /AppInsight/pages/core/master_sub_nav.html HTTP/1.1" 200 243 
0:0:0:0:0:0:0:1 -  -  [16/Feb/2014:15:50:40 +0000] "GET /AppInsight/pages/core/no_details.html HTTP/1.1" 200 836 
0:0:0:0:0:0:0:1 -  -  [16/Feb/2014:15:50:40 +0000] "GET /AppInsight/pages/core/no_items.html HTTP/1.1" 200 449 
0:0:0:0:0:0:0:1 -  -  [16/Feb/2014:15:50:40 +0000] "GET /AppInsight/pages/core/details_notifications.html HTTP/1.1" 200 1842 
0:0:0:0:0:0:0:1 -  -  [16/Feb/2014:15:50:40 +0000] "GET /AppInsight/pages/core/hp_select_sort_directions.html HTTP/1.1" 200 327 
0:0:0:0:0:0:0:1 -  -  [16/Feb/2014:15:50:41 +0000] "GET /AppInsight/ HTTP/1.1" 200 903 
0:0:0:0:0:0:0:1 -  -  [16/Feb/2014:15:50:41 +0000] "GET /AppInsight/css/compiled/hp-piano.css HTTP/1.1" 304 0 
0:0:0:0:0:0:0:1 -  -  [16/Feb/2014:15:50:41 +0000] "GET /AppInsight/css/xsys/appinisght-style.css HTTP/1.1" 304 0 
0:0:0:0:0:0:0:1 -  -  [16/Feb/2014:15:50:41 +0000] "GET /AppInsight/js/lib/require.js HTTP/1.1" 304 0 
0:0:0:0:0:0:0:1 -  -  [16/Feb/2014:15:50:42 +0000] "GET /AppInsight/pages/core/body_contents.html HTTP/1.1" 200 1965 
0:0:0:0:0:0:0:1 -  -  [16/Feb/2014:15:50:42 +0000] "GET /AppInsight/pages/core/simple_banner.html HTTP/1.1" 200 632 
0:0:0:0:0:0:0:1 -  -  [16/Feb/2014:15:50:42 +0000] "GET /AppInsight/pages/xsys/banner.html HTTP/1.1" 200 5920 
0:0:0:0:0:0:0:1 -  -  [16/Feb/2014:15:50:42 +0000] "GET /AppInsight/pages/core/not_authorized.html HTTP/1.1" 200 732 
0:0:0:0:0:0:0:1 -  -  [16/Feb/2014:15:50:42 +0000] "GET /AppInsight/pages/core/upload-cancel-confirmation.html HTTP/1.1" 200 1149 
0:0:0:0:0:0:0:1 -  -  [16/Feb/2014:15:50:42 +0000] "GET /AppInsight/pages/core/page_sub_nav.html HTTP/1.1" 200 437 
0:0:0:0:0:0:0:1 -  -  [16/Feb/2014:15:50:42 +0000] "GET /AppInsight/pages/core/page_label.html HTTP/1.1" 200 218 
0:0:0:0:0:0:0:1 -  -  [16/Feb/2014:15:50:42 +0000] "GET /AppInsight/pages/xsys/help_menu.html HTTP/1.1" 200 2692 
0:0:0:0:0:0:0:1 -  -  [16/Feb/2014:15:50:42 +0000] "GET /AppInsight/pages/core/main_menu.html HTTP/1.1" 200 401 
0:0:0:0:0:0:0:1 -  -  [16/Feb/2014:15:50:42 +0000] "GET /AppInsight/pages/core/notification_details.html HTTP/1.1" 200 415 
0:0:0:0:0:0:0:1 -  -  [16/Feb/2014:15:50:42 +0000] "GET /AppInsight/pages/core/dialog_overlay.html HTTP/1.1" 200 293 
0:0:0:0:0:0:0:1 -  -  [16/Feb/2014:15:50:42 +0000] "GET /AppInsight/pages/core/dialog_notification.html HTTP/1.1" 200 373 
0:0:0:0:0:0:0:1 -  -  [16/Feb/2014:15:50:42 +0000] "GET /ui-js/pages/fs/license/support_access_and_written_offer.html?_=1392565842178 HTTP/1.1" 404 1425 
0:0:0:0:0:0:0:1 -  -  [16/Feb/2014:15:50:42 +0000] "GET /rest/appliance/firmware/notification?_=1392565842232 HTTP/1.1" 404 1401 
0:0:0:0:0:0:0:1 -  -  [16/Feb/2014:15:50:42 +0000] "GET /AppInsight/pages/xsys/dashboard/index.html HTTP/1.1" 200 34938 
0:0:0:0:0:0:0:1 -  -  [16/Feb/2014:15:50:42 +0000] "GET /AppInsight/pages/core/master_header.html HTTP/1.1" 200 372 
0:0:0:0:0:0:0:1 -  -  [16/Feb/2014:15:50:42 +0000] "GET /AppInsight/pages/core/no_items.html HTTP/1.1" 200 449 
0:0:0:0:0:0:0:1 -  -  [16/Feb/2014:15:50:42 +0000] "GET /AppInsight/pages/core/master_sub_nav.html HTTP/1.1" 200 243 
0:0:0:0:0:0:0:1 -  -  [16/Feb/2014:15:50:42 +0000] "GET /AppInsight/pages/core/no_details.html HTTP/1.1" 200 836 
0:0:0:0:0:0:0:1 -  -  [16/Feb/2014:15:50:42 +0000] "GET /AppInsight/pages/core/details_notifications.html HTTP/1.1" 200 1842 
0:0:0:0:0:0:0:1 -  -  [16/Feb/2014:15:50:42 +0000] "GET /AppInsight/pages/core/hp_select_sort_directions.html HTTP/1.1" 200 327 
0:0:0:0:0:0:0:1 -  -  [16/Feb/2014:15:50:43 +0000] "GET /AppInsight/ HTTP/1.1" 200 903 
0:0:0:0:0:0:0:1 -  -  [16/Feb/2014:15:50:43 +0000] "GET /AppInsight/css/compiled/hp-piano.css HTTP/1.1" 304 0 
0:0:0:0:0:0:0:1 -  -  [16/Feb/2014:15:50:43 +0000] "GET /AppInsight/css/xsys/appinisght-style.css HTTP/1.1" 304 0 
0:0:0:0:0:0:0:1 -  -  [16/Feb/2014:15:50:43 +0000] "GET /AppInsight/js/lib/require.js HTTP/1.1" 304 0 
0:0:0:0:0:0:0:1 -  -  [16/Feb/2014:15:50:44 +0000] "GET /AppInsight/pages/core/body_contents.html HTTP/1.1" 200 1965 
0:0:0:0:0:0:0:1 -  -  [16/Feb/2014:15:50:44 +0000] "GET /AppInsight/pages/core/simple_banner.html HTTP/1.1" 200 632 
0:0:0:0:0:0:0:1 -  -  [16/Feb/2014:15:50:44 +0000] "GET /AppInsight/pages/xsys/banner.html HTTP/1.1" 200 5920 
0:0:0:0:0:0:0:1 -  -  [16/Feb/2014:15:50:44 +0000] "GET /AppInsight/pages/core/not_authorized.html HTTP/1.1" 200 732 
0:0:0:0:0:0:0:1 -  -  [16/Feb/2014:15:50:44 +0000] "GET /AppInsight/pages/core/main_menu.html HTTP/1.1" 200 401 
0:0:0:0:0:0:0:1 -  -  [16/Feb/2014:15:50:44 +0000] "GET /AppInsight/pages/core/upload-cancel-confirmation.html HTTP/1.1" 200 1149 
0:0:0:0:0:0:0:1 -  -  [16/Feb/2014:15:50:44 +0000] "GET /AppInsight/pages/core/page_sub_nav.html HTTP/1.1" 200 437 
0:0:0:0:0:0:0:1 -  -  [16/Feb/2014:15:50:44 +0000] "GET /AppInsight/pages/xsys/help_menu.html HTTP/1.1" 200 2692 
0:0:0:0:0:0:0:1 -  -  [16/Feb/2014:15:50:44 +0000] "GET /AppInsight/pages/core/page_label.html HTTP/1.1" 200 218 
0:0:0:0:0:0:0:1 -  -  [16/Feb/2014:15:50:44 +0000] "GET /AppInsight/pages/core/dialog_notification.html HTTP/1.1" 200 373 
0:0:0:0:0:0:0:1 -  -  [16/Feb/2014:15:50:44 +0000] "GET /AppInsight/pages/core/notification_details.html HTTP/1.1" 200 415 
0:0:0:0:0:0:0:1 -  -  [16/Feb/2014:15:50:44 +0000] "GET /AppInsight/pages/core/dialog_overlay.html HTTP/1.1" 200 293 
0:0:0:0:0:0:0:1 -  -  [16/Feb/2014:15:50:44 +0000] "GET /ui-js/pages/fs/license/support_access_and_written_offer.html?_=1392565844171 HTTP/1.1" 404 1425 
0:0:0:0:0:0:0:1 -  -  [16/Feb/2014:15:50:44 +0000] "GET /rest/appliance/firmware/notification?_=1392565844227 HTTP/1.1" 404 1401 
0:0:0:0:0:0:0:1 -  -  [16/Feb/2014:15:50:44 +0000] "GET /AppInsight/pages/xsys/dashboard/index.html HTTP/1.1" 200 34938 
0:0:0:0:0:0:0:1 -  -  [16/Feb/2014:15:50:44 +0000] "GET /AppInsight/pages/core/master_sub_nav.html HTTP/1.1" 200 243 
0:0:0:0:0:0:0:1 -  -  [16/Feb/2014:15:50:44 +0000] "GET /AppInsight/pages/core/details_notifications.html HTTP/1.1" 200 1842 
0:0:0:0:0:0:0:1 -  -  [16/Feb/2014:15:50:44 +0000] "GET /AppInsight/pages/core/no_details.html HTTP/1.1" 200 836 
0:0:0:0:0:0:0:1 -  -  [16/Feb/2014:15:50:44 +0000] "GET /AppInsight/pages/core/hp_select_sort_directions.html HTTP/1.1" 200 327 
0:0:0:0:0:0:0:1 -  -  [16/Feb/2014:15:50:44 +0000] "GET /AppInsight/pages/core/master_header.html HTTP/1.1" 200 372 
0:0:0:0:0:0:0:1 -  -  [16/Feb/2014:15:50:44 +0000] "GET /AppInsight/pages/core/no_items.html HTTP/1.1" 200 449 
0:0:0:0:0:0:0:1 -  -  [16/Feb/2014:15:50:45 +0000] "GET /AppInsight/ HTTP/1.1" 200 903 
0:0:0:0:0:0:0:1 -  -  [16/Feb/2014:15:50:45 +0000] "GET /AppInsight/css/compiled/hp-piano.css HTTP/1.1" 304 0 
0:0:0:0:0:0:0:1 -  -  [16/Feb/2014:15:50:45 +0000] "GET /AppInsight/js/lib/require.js HTTP/1.1" 304 0 
0:0:0:0:0:0:0:1 -  -  [16/Feb/2014:15:50:45 +0000] "GET /AppInsight/css/xsys/appinisght-style.css HTTP/1.1" 304 0 
0:0:0:0:0:0:0:1 -  -  [16/Feb/2014:15:50:46 +0000] "GET /AppInsight/pages/core/body_contents.html HTTP/1.1" 200 1965 
0:0:0:0:0:0:0:1 -  -  [16/Feb/2014:15:50:46 +0000] "GET /AppInsight/pages/core/simple_banner.html HTTP/1.1" 200 632 
0:0:0:0:0:0:0:1 -  -  [16/Feb/2014:15:50:46 +0000] "GET /AppInsight/pages/xsys/banner.html HTTP/1.1" 200 5920 
0:0:0:0:0:0:0:1 -  -  [16/Feb/2014:15:50:46 +0000] "GET /AppInsight/pages/core/not_authorized.html HTTP/1.1" 200 732 
0:0:0:0:0:0:0:1 -  -  [16/Feb/2014:15:50:46 +0000] "GET /AppInsight/pages/core/upload-cancel-confirmation.html HTTP/1.1" 200 1149 
0:0:0:0:0:0:0:1 -  -  [16/Feb/2014:15:50:46 +0000] "GET /AppInsight/pages/core/main_menu.html HTTP/1.1" 200 401 
0:0:0:0:0:0:0:1 -  -  [16/Feb/2014:15:50:46 +0000] "GET /AppInsight/pages/core/page_sub_nav.html HTTP/1.1" 200 437 
0:0:0:0:0:0:0:1 -  -  [16/Feb/2014:15:50:46 +0000] "GET /AppInsight/pages/core/page_label.html HTTP/1.1" 200 218 
0:0:0:0:0:0:0:1 -  -  [16/Feb/2014:15:50:46 +0000] "GET /AppInsight/pages/xsys/help_menu.html HTTP/1.1" 200 2692 
0:0:0:0:0:0:0:1 -  -  [16/Feb/2014:15:50:46 +0000] "GET /AppInsight/pages/core/notification_details.html HTTP/1.1" 200 415 
0:0:0:0:0:0:0:1 -  -  [16/Feb/2014:15:50:46 +0000] "GET /AppInsight/pages/core/dialog_overlay.html HTTP/1.1" 200 293 
0:0:0:0:0:0:0:1 -  -  [16/Feb/2014:15:50:46 +0000] "GET /AppInsight/pages/core/dialog_notification.html HTTP/1.1" 200 373 
0:0:0:0:0:0:0:1 -  -  [16/Feb/2014:15:50:46 +0000] "GET /ui-js/pages/fs/license/support_access_and_written_offer.html?_=1392565846230 HTTP/1.1" 404 1425 
0:0:0:0:0:0:0:1 -  -  [16/Feb/2014:15:50:46 +0000] "GET /rest/appliance/firmware/notification?_=1392565846312 HTTP/1.1" 404 1401 
0:0:0:0:0:0:0:1 -  -  [16/Feb/2014:15:50:46 +0000] "GET /AppInsight/pages/xsys/dashboard/index.html HTTP/1.1" 200 34938 
0:0:0:0:0:0:0:1 -  -  [16/Feb/2014:15:50:46 +0000] "GET /AppInsight/pages/core/master_sub_nav.html HTTP/1.1" 200 243 
0:0:0:0:0:0:0:1 -  -  [16/Feb/2014:15:50:46 +0000] "GET /AppInsight/pages/core/master_header.html HTTP/1.1" 200 372 
0:0:0:0:0:0:0:1 -  -  [16/Feb/2014:15:50:46 +0000] "GET /AppInsight/pages/core/no_details.html HTTP/1.1" 200 836 
0:0:0:0:0:0:0:1 -  -  [16/Feb/2014:15:50:46 +0000] "GET /AppInsight/pages/core/no_items.html HTTP/1.1" 200 449 
0:0:0:0:0:0:0:1 -  -  [16/Feb/2014:15:50:46 +0000] "GET /AppInsight/pages/core/details_notifications.html HTTP/1.1" 200 1842 
0:0:0:0:0:0:0:1 -  -  [16/Feb/2014:15:50:46 +0000] "GET /AppInsight/pages/core/hp_select_sort_directions.html HTTP/1.1" 200 327 
0:0:0:0:0:0:0:1 -  -  [16/Feb/2014:15:50:47 +0000] "GET /xFrameworkRestAPI/api/GetNodeList?_=1392565847014 HTTP/1.1" 200 121 
0:0:0:0:0:0:0:1 -  -  [16/Feb/2014:15:50:44 +0000] "GET /xFrameworkRestAPI/api/GetNodeList?_=1392565844930 HTTP/1.1" 200 121 
0:0:0:0:0:0:0:1 -  -  [16/Feb/2014:15:50:40 +0000] "GET /xFrameworkRestAPI/api/GetNodeList?_=1392565840933 HTTP/1.1" 200 121 
0:0:0:0:0:0:0:1 -  -  [16/Feb/2014:15:50:38 +0000] "GET /xFrameworkRestAPI/api/GetNodeList?_=1392565838391 HTTP/1.1" 200 121 
0:0:0:0:0:0:0:1 -  -  [16/Feb/2014:15:50:42 +0000] "GET /xFrameworkRestAPI/api/GetNodeList?_=1392565842899 HTTP/1.1" 200 121 
0:0:0:0:0:0:0:1 -  -  [16/Feb/2014:15:50:37 +0000] "GET /xFrameworkRestAPI/api/InitializeMgtModule?mgt_module=compliance&_=1392565837893 HTTP/1.1" 200 94 
0:0:0:0:0:0:0:1 -  -  [16/Feb/2014:15:50:46 +0000] "GET /xFrameworkRestAPI/api/InitializeMgtModule?mgt_module=compliance&_=1392565846515 HTTP/1.1" 200 224 
127.0.0.1 -  -  [16/Feb/2014:15:50:54 +0000] "GET /AppInsight/ HTTP/1.1" 200 903 
0:0:0:0:0:0:0:1 -  -  [16/Feb/2014:15:50:54 +0000] "GET /AppInsight/ HTTP/1.1" 200 903 
0:0:0:0:0:0:0:1 -  -  [16/Feb/2014:15:50:54 +0000] "GET /AppInsight/pages/core/body_contents.html HTTP/1.1" 200 1965 
0:0:0:0:0:0:0:1 -  -  [16/Feb/2014:15:50:54 +0000] "GET /AppInsight/pages/core/page_sub_nav.html HTTP/1.1" 200 437 
0:0:0:0:0:0:0:1 -  -  [16/Feb/2014:15:50:54 +0000] "GET /AppInsight/pages/xsys/banner.html HTTP/1.1" 200 5920 
0:0:0:0:0:0:0:1 -  -  [16/Feb/2014:15:50:54 +0000] "GET /AppInsight/pages/core/not_authorized.html HTTP/1.1" 200 732 
0:0:0:0:0:0:0:1 -  -  [16/Feb/2014:15:50:54 +0000] "GET /AppInsight/pages/core/simple_banner.html HTTP/1.1" 200 632 
0:0:0:0:0:0:0:1 -  -  [16/Feb/2014:15:50:54 +0000] "GET /AppInsight/pages/core/dialog_overlay.html HTTP/1.1" 200 293 
0:0:0:0:0:0:0:1 -  -  [16/Feb/2014:15:50:54 +0000] "GET /AppInsight/pages/core/notification_details.html HTTP/1.1" 200 415 
0:0:0:0:0:0:0:1 -  -  [16/Feb/2014:15:50:54 +0000] "GET /AppInsight/pages/core/page_label.html HTTP/1.1" 200 218 
0:0:0:0:0:0:0:1 -  -  [16/Feb/2014:15:50:54 +0000] "GET /AppInsight/pages/core/main_menu.html HTTP/1.1" 200 401 
0:0:0:0:0:0:0:1 -  -  [16/Feb/2014:15:50:54 +0000] "GET /AppInsight/pages/core/dialog_notification.html HTTP/1.1" 200 373 
0:0:0:0:0:0:0:1 -  -  [16/Feb/2014:15:50:54 +0000] "GET /AppInsight/pages/xsys/help_menu.html HTTP/1.1" 200 2692 
0:0:0:0:0:0:0:1 -  -  [16/Feb/2014:15:50:54 +0000] "GET /AppInsight/pages/core/upload-cancel-confirmation.html HTTP/1.1" 200 1149 
0:0:0:0:0:0:0:1 -  -  [16/Feb/2014:15:50:54 +0000] "GET /ui-js/pages/fs/license/support_access_and_written_offer.html?_=1392565854707 HTTP/1.1" 404 1425 
0:0:0:0:0:0:0:1 -  -  [16/Feb/2014:15:50:54 +0000] "GET /AppInsight/js/hp/services/EulaService.js HTTP/1.1" 200 1298 
0:0:0:0:0:0:0:1 -  -  [16/Feb/2014:15:50:54 +0000] "GET /rest/appliance/eula/status?_=1392565854866 HTTP/1.1" 404 1391 
0:0:0:0:0:0:0:1 -  -  [16/Feb/2014:15:50:54 +0000] "GET /AppInsight/pages/xsys/loginindex.html HTTP/1.1" 200 3204 
0:0:0:0:0:0:0:1 -  -  [16/Feb/2014:15:51:01 +0000] "POST /xFrameworkRestAPI/api/Login HTTP/1.1" 200 154 
0:0:0:0:0:0:0:1 -  -  [16/Feb/2014:15:51:01 +0000] "GET /rest/appliance/firmware/notification?_=1392565861781 HTTP/1.1" 404 1401 
0:0:0:0:0:0:0:1 -  -  [16/Feb/2014:15:51:01 +0000] "GET /AppInsight/pages/core/master_sub_nav.html HTTP/1.1" 200 243 
0:0:0:0:0:0:0:1 -  -  [16/Feb/2014:15:51:01 +0000] "GET /AppInsight/pages/core/no_items.html HTTP/1.1" 200 449 
0:0:0:0:0:0:0:1 -  -  [16/Feb/2014:15:51:01 +0000] "GET /AppInsight/pages/core/master_header.html HTTP/1.1" 200 372 
0:0:0:0:0:0:0:1 -  -  [16/Feb/2014:15:51:01 +0000] "GET /AppInsight/pages/xsys/dashboard/index.html HTTP/1.1" 200 34938 
0:0:0:0:0:0:0:1 -  -  [16/Feb/2014:15:51:01 +0000] "GET /AppInsight/pages/core/hp_select_sort_directions.html HTTP/1.1" 200 327 
0:0:0:0:0:0:0:1 -  -  [16/Feb/2014:15:51:01 +0000] "GET /AppInsight/pages/core/no_details.html HTTP/1.1" 200 836 
0:0:0:0:0:0:0:1 -  -  [16/Feb/2014:15:51:01 +0000] "GET /AppInsight/pages/core/details_notifications.html HTTP/1.1" 200 1842 
0:0:0:0:0:0:0:1 -  -  [16/Feb/2014:15:51:02 +0000] "GET /xFrameworkRestAPI/api/GetNodeList?_=1392565862509 HTTP/1.1" 200 121 
0:0:0:0:0:0:0:1 -  -  [16/Feb/2014:15:51:02 +0000] "GET /xFrameworkRestAPI/api/InitializeMgtModule?mgt_module=compliance&_=1392565862011 HTTP/1.1" 200 94 
0:0:0:0:0:0:0:1 -  -  [16/Feb/2014:15:51:02 +0000] "GET /xFrameworkRestAPI/api/GetCurrentVersion?_=1392565862539 HTTP/1.1" 200 95 
0:0:0:0:0:0:0:1 -  -  [16/Feb/2014:15:51:02 +0000] "GET /xFrameworkRestAPI/api/RetrieveComplianceHistory/10?_=1392565862538 HTTP/1.1" 200 151 
0:0:0:0:0:0:0:1 -  -  [16/Feb/2014:15:51:02 +0000] "GET /xFrameworkRestAPI/api/GetAllVersions?_=1392565862545 HTTP/1.1" 200 97 
0:0:0:0:0:0:0:1 -  -  [16/Feb/2014:15:51:02 +0000] "POST /xFrameworkRestAPI/api/getApplianceList HTTP/1.1" 200 121 
0:0:0:0:0:0:0:1 -  -  [16/Feb/2014:15:51:02 +0000] "GET /xFrameworkRestAPI/api/GetNodeConfig/Generic/serverKind?_=1392565862614 HTTP/1.1" 200 94 
0:0:0:0:0:0:0:1 -  -  [16/Feb/2014:15:51:02 +0000] "GET /xFrameworkRestAPI/api/GetNodeList?_=1392565862625 HTTP/1.1" 200 121 
0:0:0:0:0:0:0:1 -  -  [16/Feb/2014:15:51:03 +0000] "GET /AppInsight/ HTTP/1.1" 200 903 
0:0:0:0:0:0:0:1 -  -  [16/Feb/2014:15:51:03 +0000] "GET /AppInsight/css/compiled/hp-piano.css HTTP/1.1" 304 0 
0:0:0:0:0:0:0:1 -  -  [16/Feb/2014:15:51:03 +0000] "GET /AppInsight/css/xsys/appinisght-style.css HTTP/1.1" 304 0 
0:0:0:0:0:0:0:1 -  -  [16/Feb/2014:15:51:03 +0000] "GET /AppInsight/js/lib/require.js HTTP/1.1" 304 0 
0:0:0:0:0:0:0:1 -  -  [16/Feb/2014:15:51:03 +0000] "GET /AppInsight/pages/core/body_contents.html HTTP/1.1" 200 1965 
0:0:0:0:0:0:0:1 -  -  [16/Feb/2014:15:51:03 +0000] "GET /AppInsight/pages/core/simple_banner.html HTTP/1.1" 200 632 
0:0:0:0:0:0:0:1 -  -  [16/Feb/2014:15:51:03 +0000] "GET /AppInsight/pages/xsys/banner.html HTTP/1.1" 200 5920 
0:0:0:0:0:0:0:1 -  -  [16/Feb/2014:15:51:03 +0000] "GET /AppInsight/pages/core/not_authorized.html HTTP/1.1" 200 732 
0:0:0:0:0:0:0:1 -  -  [16/Feb/2014:15:51:03 +0000] "GET /AppInsight/pages/core/upload-cancel-confirmation.html HTTP/1.1" 200 1149 
0:0:0:0:0:0:0:1 -  -  [16/Feb/2014:15:51:03 +0000] "GET /AppInsight/pages/core/page_label.html HTTP/1.1" 200 218 
0:0:0:0:0:0:0:1 -  -  [16/Feb/2014:15:51:03 +0000] "GET /AppInsight/pages/core/main_menu.html HTTP/1.1" 200 401 
0:0:0:0:0:0:0:1 -  -  [16/Feb/2014:15:51:03 +0000] "GET /AppInsight/pages/xsys/help_menu.html HTTP/1.1" 200 2692 
0:0:0:0:0:0:0:1 -  -  [16/Feb/2014:15:51:03 +0000] "GET /AppInsight/pages/core/page_sub_nav.html HTTP/1.1" 200 437 
0:0:0:0:0:0:0:1 -  -  [16/Feb/2014:15:51:03 +0000] "GET /AppInsight/pages/core/notification_details.html HTTP/1.1" 200 415 
0:0:0:0:0:0:0:1 -  -  [16/Feb/2014:15:51:03 +0000] "GET /AppInsight/pages/core/dialog_overlay.html HTTP/1.1" 200 293 
0:0:0:0:0:0:0:1 -  -  [16/Feb/2014:15:51:03 +0000] "GET /AppInsight/pages/core/dialog_notification.html HTTP/1.1" 200 373 
0:0:0:0:0:0:0:1 -  -  [16/Feb/2014:15:51:03 +0000] "GET /ui-js/pages/fs/license/support_access_and_written_offer.html?_=1392565863793 HTTP/1.1" 404 1425 
0:0:0:0:0:0:0:1 -  -  [16/Feb/2014:15:51:03 +0000] "GET /rest/appliance/firmware/notification?_=1392565863853 HTTP/1.1" 404 1401 
0:0:0:0:0:0:0:1 -  -  [16/Feb/2014:15:51:03 +0000] "GET /AppInsight/pages/xsys/dashboard/index.html HTTP/1.1" 200 34938 
0:0:0:0:0:0:0:1 -  -  [16/Feb/2014:15:51:03 +0000] "GET /AppInsight/pages/core/master_sub_nav.html HTTP/1.1" 200 243 
0:0:0:0:0:0:0:1 -  -  [16/Feb/2014:15:51:03 +0000] "GET /AppInsight/pages/core/master_header.html HTTP/1.1" 200 372 
0:0:0:0:0:0:0:1 -  -  [16/Feb/2014:15:51:03 +0000] "GET /AppInsight/pages/core/no_items.html HTTP/1.1" 200 449 
0:0:0:0:0:0:0:1 -  -  [16/Feb/2014:15:51:03 +0000] "GET /AppInsight/pages/core/no_details.html HTTP/1.1" 200 836 
0:0:0:0:0:0:0:1 -  -  [16/Feb/2014:15:51:03 +0000] "GET /AppInsight/pages/core/details_notifications.html HTTP/1.1" 200 1842 
0:0:0:0:0:0:0:1 -  -  [16/Feb/2014:15:51:03 +0000] "GET /AppInsight/pages/core/hp_select_sort_directions.html HTTP/1.1" 200 327 
0:0:0:0:0:0:0:1 -  -  [16/Feb/2014:15:51:04 +0000] "GET /xFrameworkRestAPI/api/RetrieveComplianceHistory/10?_=1392565864054 HTTP/1.1" 200 151 
0:0:0:0:0:0:0:1 -  -  [16/Feb/2014:15:51:04 +0000] "GET /xFrameworkRestAPI/api/GetCurrentVersion?_=1392565864057 HTTP/1.1" 200 95 
0:0:0:0:0:0:0:1 -  -  [16/Feb/2014:15:51:04 +0000] "GET /xFrameworkRestAPI/api/GetAllVersions?_=1392565864191 HTTP/1.1" 200 97 
0:0:0:0:0:0:0:1 -  -  [16/Feb/2014:15:51:04 +0000] "POST /xFrameworkRestAPI/api/getApplianceList HTTP/1.1" 200 121 
0:0:0:0:0:0:0:1 -  -  [16/Feb/2014:15:51:04 +0000] "GET /xFrameworkRestAPI/api/GetNodeConfig/Generic/serverKind?_=1392565864211 HTTP/1.1" 200 94 
0:0:0:0:0:0:0:1 -  -  [16/Feb/2014:15:51:04 +0000] "GET /xFrameworkRestAPI/api/GetNodeList?_=1392565864217 HTTP/1.1" 200 121 
0:0:0:0:0:0:0:1 -  -  [16/Feb/2014:15:51:04 +0000] "GET /xFrameworkRestAPI/api/GetNodeList?_=1392565864552 HTTP/1.1" 200 121 
0:0:0:0:0:0:0:1 -  -  [16/Feb/2014:15:51:05 +0000] "GET /xFrameworkRestAPI/api/GetNodeConfig/Generic/ApplianceName?_=1392565865072 HTTP/1.1" 200 127 
0:0:0:0:0:0:0:1 -  -  [16/Feb/2014:15:51:05 +0000] "GET /xFrameworkRestAPI/api/GetWorkflowPropertiesValue/appliance.config?_=1392565865074 HTTP/1.1" 200 109 
0:0:0:0:0:0:0:1 -  -  [16/Feb/2014:15:51:05 +0000] "POST /xFrameworkRestAPI/api/RunWorkflowSequenceForResultObject/RC01-DL1/getDISKinfo HTTP/1.1" 200 94 
0:0:0:0:0:0:0:1 -  -  [16/Feb/2014:15:51:05 +0000] "GET /xFrameworkRestAPI/api/GetWorkflowVar/~~_Disk_Usage?_=1392565865407 HTTP/1.1" 200 95 
0:0:0:0:0:0:0:1 -  -  [16/Feb/2014:15:51:05 +0000] "POST /xFrameworkRestAPI/api/RunWorkflowSequenceForResultObject/RC01-DL1/AUTO HTTP/1.1" 200 5878 
0:0:0:0:0:0:0:1 -  -  [16/Feb/2014:15:51:05 +0000] "GET /xFrameworkRestAPI/api/GetWorkflowVar/_server_model_number?_=1392565865448 HTTP/1.1" 200 100 
0:0:0:0:0:0:0:1 -  -  [16/Feb/2014:15:51:05 +0000] "GET /xFrameworkRestAPI/api/GetWorkflowVar/_server_serial_number?_=1392565865507 HTTP/1.1" 200 108 
0:0:0:0:0:0:0:1 -  -  [16/Feb/2014:15:51:06 +0000] "GET /AppInsight/media/notify.mp3 HTTP/1.1" 206 13571 
0:0:0:0:0:0:0:1 -  -  [16/Feb/2014:15:51:05 +0000] "POST /xFrameworkRestAPI/api/UpdateComplianceHistory HTTP/1.1" 200 94 
0:0:0:0:0:0:0:1 -  -  [16/Feb/2014:15:51:07 +0000] "GET /AppInsight/js/xsys/view/settings/SettingsView.js HTTP/1.1" 200 28977 
0:0:0:0:0:0:0:1 -  -  [16/Feb/2014:15:51:07 +0000] "GET /AppInsight/pages/xsys/settings/index.html HTTP/1.1" 200 10107 
0:0:0:0:0:0:0:1 -  -  [16/Feb/2014:15:51:08 +0000] "GET /AppInsight/js/hp/lib/jquery.hpStackedPanels.js HTTP/1.1" 200 16489 
0:0:0:0:0:0:0:1 -  -  [16/Feb/2014:15:51:08 +0000] "GET /AppInsight/js/hp/view/FormStateView.js HTTP/1.1" 200 27452 
0:0:0:0:0:0:0:1 -  -  [16/Feb/2014:15:51:08 +0000] "GET /AppInsight/pages/core/header_help.html HTTP/1.1" 200 261 
0:0:0:0:0:0:0:1 -  -  [16/Feb/2014:15:51:08 +0000] "GET /AppInsight/js/hp/lib/jquery.hpToggle.js HTTP/1.1" 200 6199 
0:0:0:0:0:0:0:1 -  -  [16/Feb/2014:15:51:08 +0000] "GET /AppInsight/pages/core/form_state.html HTTP/1.1" 200 1333 
0:0:0:0:0:0:0:1 -  -  [16/Feb/2014:15:51:08 +0000] "GET /AppInsight/js/xsys/view/notauthorized/NotAuthorizedView.js HTTP/1.1" 200 1632 
0:0:0:0:0:0:0:1 -  -  [16/Feb/2014:15:51:08 +0000] "GET /xFrameworkRestAPI/api/GetWorkflowPropertiesValue/default.appliance?_=1392565868214 HTTP/1.1" 200 106 
0:0:0:0:0:0:0:1 -  -  [16/Feb/2014:15:51:08 +0000] "GET /xFrameworkRestAPI/api/GetWorkflowPropertiesValue/appliance.config?_=1392565868216 HTTP/1.1" 200 109 
0:0:0:0:0:0:0:1 -  -  [16/Feb/2014:15:51:08 +0000] "GET /xFrameworkRestAPI/api/GetNodeConfig/Generic/repoinfo?_=1392565868247 HTTP/1.1" 200 118 
0:0:0:0:0:0:0:1 -  -  [16/Feb/2014:18:48:36 +0000] "GET / HTTP/1.1" 200 477 
0:0:0:0:0:0:0:1 -  -  [16/Feb/2014:18:48:36 +0000] "GET /AppInsight HTTP/1.1" 302 0 
0:0:0:0:0:0:0:1 -  -  [16/Feb/2014:18:48:36 +0000] "GET /AppInsight/ HTTP/1.1" 200 903 
0:0:0:0:0:0:0:1 -  -  [16/Feb/2014:18:48:37 +0000] "GET /AppInsight/css/compiled/hp-piano.css HTTP/1.1" 200 440819 
0:0:0:0:0:0:0:1 -  -  [16/Feb/2014:18:48:37 +0000] "GET /AppInsight/css/xsys/appinisght-style.css HTTP/1.1" 200 2776 
0:0:0:0:0:0:0:1 -  -  [16/Feb/2014:18:48:37 +0000] "GET /AppInsight/js/lib/require.js HTTP/1.1" 200 80260 
0:0:0:0:0:0:0:1 -  -  [16/Feb/2014:18:48:37 +0000] "GET /AppInsight/img/hp-piano/hp-piano-icons.png HTTP/1.1" 200 33758 
0:0:0:0:0:0:0:1 -  -  [16/Feb/2014:18:48:37 +0000] "GET /AppInsight/img/xsys/favicon.ico HTTP/1.1" 404 1396 
0:0:0:0:0:0:0:1 -  -  [16/Feb/2014:18:48:37 +0000] "GET /AppInsight/js/xsys/shell-require.js HTTP/1.1" 200 2123 
0:0:0:0:0:0:0:1 -  -  [16/Feb/2014:18:48:38 +0000] "GET /AppInsight/js/hp/model/DevelopmentSettings.js HTTP/1.1" 200 4903 
0:0:0:0:0:0:0:1 -  -  [16/Feb/2014:18:48:38 +0000] "GET /AppInsight/js/hp/Application.js HTTP/1.1" 200 4668 
0:0:0:0:0:0:0:1 -  -  [16/Feb/2014:18:48:38 +0000] "GET /AppInsight/js/xsys/shell/MainPageRoutes.js HTTP/1.1" 200 21745 
0:0:0:0:0:0:0:1 -  -  [16/Feb/2014:18:48:38 +0000] "GET /AppInsight/js/lib/json2.js HTTP/1.1" 200 17594 
0:0:0:0:0:0:0:1 -  -  [16/Feb/2014:18:48:38 +0000] "GET /AppInsight/js/lib/modernizr-2.0.6.js HTTP/1.1" 200 43394 
0:0:0:0:0:0:0:1 -  -  [16/Feb/2014:18:48:38 +0000] "GET /AppInsight/js/lib/jquery-ui-1.8.16.piano.min.js HTTP/1.1" 200 210463 
0:0:0:0:0:0:0:1 -  -  [16/Feb/2014:18:48:38 +0000] "GET /AppInsight/js/lib/jquery.js HTTP/1.1" 200 267808 
0:0:0:0:0:0:0:1 -  -  [16/Feb/2014:18:48:38 +0000] "GET /AppInsight/js/lib/jquery.cookie.js HTTP/1.1" 200 2284 
0:0:0:0:0:0:0:1 -  -  [16/Feb/2014:18:48:38 +0000] "GET /AppInsight/js/hp/core/UrlFragment.js HTTP/1.1" 200 14466 
0:0:0:0:0:0:0:1 -  -  [16/Feb/2014:18:48:38 +0000] "GET /AppInsight/js/hp/core/Banner.js HTTP/1.1" 200 12292 
0:0:0:0:0:0:0:1 -  -  [16/Feb/2014:18:48:38 +0000] "GET /AppInsight/js/hp/core/Localizer.js HTTP/1.1" 200 5763 
0:0:0:0:0:0:0:1 -  -  [16/Feb/2014:18:48:38 +0000] "GET /AppInsight/js/hp/core/Router.js HTTP/1.1" 200 33068 
0:0:0:0:0:0:0:1 -  -  [16/Feb/2014:18:48:38 +0000] "GET /AppInsight/js/hp/model/SessionRoutes.js HTTP/1.1" 200 6676 
0:0:0:0:0:0:0:1 -  -  [16/Feb/2014:18:48:38 +0000] "GET /AppInsight/js/lib/text.js HTTP/1.1" 200 13107 
0:0:0:0:0:0:0:1 -  -  [16/Feb/2014:18:48:38 +0000] "GET /AppInsight/js/hp/model/settings/SettingsRoutes.js HTTP/1.1" 200 5269 
0:0:0:0:0:0:0:1 -  -  [16/Feb/2014:18:48:38 +0000] "GET /AppInsight/js/hp/model/settings/DevelopmentRoutes.js HTTP/1.1" 200 1099 
0:0:0:0:0:0:0:1 -  -  [16/Feb/2014:18:48:38 +0000] "GET /AppInsight/js/xsys/services/ComplianceService.js HTTP/1.1" 200 166796 
0:0:0:0:0:0:0:1 -  -  [16/Feb/2014:18:48:38 +0000] "GET /AppInsight/js/hp/view/login/LoginView.js HTTP/1.1" 200 12055 
0:0:0:0:0:0:0:1 -  -  [16/Feb/2014:18:48:38 +0000] "GET /AppInsight/js/hp/model/Session.js HTTP/1.1" 200 12061 
0:0:0:0:0:0:0:1 -  -  [16/Feb/2014:18:48:38 +0000] "GET /AppInsight/js/hp/core/Validator.js HTTP/1.1" 200 9869 
0:0:0:0:0:0:0:1 -  -  [16/Feb/2014:18:48:38 +0000] "GET /AppInsight/js/hp/view/LocationView.js HTTP/1.1" 200 1458 
0:0:0:0:0:0:0:1 -  -  [16/Feb/2014:18:48:38 +0000] "GET /AppInsight/js/hp/presenter/settings/DevelopmentPresenter.js HTTP/1.1" 200 2366 
0:0:0:0:0:0:0:1 -  -  [16/Feb/2014:18:48:39 +0000] "GET /AppInsight/js/hp/core/Environment.js HTTP/1.1" 200 2112 
0:0:0:0:0:0:0:1 -  -  [16/Feb/2014:18:48:39 +0000] "GET /AppInsight/js/lib/ECMA262-5.js HTTP/1.1" 200 997 
0:0:0:0:0:0:0:1 -  -  [16/Feb/2014:18:48:39 +0000] "GET /AppInsight/js/hp/core/MainMenu.js HTTP/1.1" 200 14166 
0:0:0:0:0:0:0:1 -  -  [16/Feb/2014:18:48:39 +0000] "GET /AppInsight/js/hp/view/SearchBoxView.js HTTP/1.1" 200 12293 
0:0:0:0:0:0:0:1 -  -  [16/Feb/2014:18:48:39 +0000] "GET /AppInsight/js/hp/core/Notifications.js HTTP/1.1" 200 19258 
0:0:0:0:0:0:0:1 -  -  [16/Feb/2014:18:48:39 +0000] "GET /AppInsight/js/hp/core/Uploads.js HTTP/1.1" 200 19609 
0:0:0:0:0:0:0:1 -  -  [16/Feb/2014:18:48:39 +0000] "GET /AppInsight/js/hp/core/HelpMenu.js HTTP/1.1" 200 13464 
0:0:0:0:0:0:0:1 -  -  [16/Feb/2014:18:48:39 +0000] "GET /AppInsight/js/xsys/xSysAuthn.js HTTP/1.1" 200 4419 
0:0:0:0:0:0:0:1 -  -  [16/Feb/2014:18:48:39 +0000] "GET /AppInsight/js/hp/core/Performance.js HTTP/1.1" 200 3532 
0:0:0:0:0:0:0:1 -  -  [16/Feb/2014:18:48:39 +0000] "GET /AppInsight/js/lib/jquery.timeago.js HTTP/1.1" 200 5068 
0:0:0:0:0:0:0:1 -  -  [16/Feb/2014:18:48:39 +0000] "GET /AppInsight/js/hp/core/Sidebar.js HTTP/1.1" 200 6562 
0:0:0:0:0:0:0:1 -  -  [16/Feb/2014:18:48:39 +0000] "GET /AppInsight/js/hp/core/EventDispatcher.js HTTP/1.1" 200 2066 
0:0:0:0:0:0:0:1 -  -  [16/Feb/2014:18:48:39 +0000] "GET /AppInsight/js/hp/services/Log.js HTTP/1.1" 200 393 
0:0:0:0:0:0:0:1 -  -  [16/Feb/2014:18:48:39 +0000] "GET /AppInsight/js/hp/lib/jquery.hpTooltip.js HTTP/1.1" 200 4706 
0:0:0:0:0:0:0:1 -  -  [16/Feb/2014:18:48:39 +0000] "GET /AppInsight/js/hp/core/Language.js HTTP/1.1" 200 3056 
0:0:0:0:0:0:0:1 -  -  [16/Feb/2014:18:48:39 +0000] "GET /AppInsight/js/hp/core/Pager.js HTTP/1.1" 200 7232 
0:0:0:0:0:0:0:1 -  -  [16/Feb/2014:18:48:39 +0000] "GET /AppInsight/js/hp/view/NotAuthorizedView.js HTTP/1.1" 200 1632 
0:0:0:0:0:0:0:1 -  -  [16/Feb/2014:18:48:39 +0000] "GET /AppInsight/js/xsys/lang/en.js HTTP/1.1" 200 443 
0:0:0:0:0:0:0:1 -  -  [16/Feb/2014:18:48:39 +0000] "GET /AppInsight/js/hp/core/HashManager.js HTTP/1.1" 200 3561 
0:0:0:0:0:0:0:1 -  -  [16/Feb/2014:18:48:39 +0000] "GET /AppInsight/pages/core/body_contents.html HTTP/1.1" 200 1965 
0:0:0:0:0:0:0:1 -  -  [16/Feb/2014:18:48:40 +0000] "GET /AppInsight/pages/core/not_authorized.html HTTP/1.1" 200 732 
0:0:0:0:0:0:0:1 -  -  [16/Feb/2014:18:48:40 +0000] "GET /AppInsight/pages/core/simple_banner.html HTTP/1.1" 200 632 
0:0:0:0:0:0:0:1 -  -  [16/Feb/2014:18:48:40 +0000] "GET /AppInsight/js/hp/services/IndexThrottler.js HTTP/1.1" 200 8577 
0:0:0:0:0:0:0:1 -  -  [16/Feb/2014:18:48:40 +0000] "GET /AppInsight/js/hp/services/REST.js HTTP/1.1" 200 10602 
0:0:0:0:0:0:0:1 -  -  [16/Feb/2014:18:48:40 +0000] "GET /AppInsight/js/hp/services/IndexFilter.js HTTP/1.1" 200 26072 
0:0:0:0:0:0:0:1 -  -  [16/Feb/2014:18:48:40 +0000] "GET /AppInsight/pages/xsys/banner.html HTTP/1.1" 200 5920 
0:0:0:0:0:0:0:1 -  -  [16/Feb/2014:18:48:40 +0000] "GET /AppInsight/js/xsys/xSysSessionService.js HTTP/1.1" 200 438 
0:0:0:0:0:0:0:1 -  -  [16/Feb/2014:18:48:40 +0000] "GET /AppInsight/js/lib/jquery.validate.js HTTP/1.1" 200 39317 
0:0:0:0:0:0:0:1 -  -  [16/Feb/2014:18:48:40 +0000] "GET /AppInsight/js/hp/lib/date.js HTTP/1.1" 200 4166 
0:0:0:0:0:0:0:1 -  -  [16/Feb/2014:18:48:40 +0000] "GET /AppInsight/js/hp/presenter/LoginPresenter.js HTTP/1.1" 200 9561 
0:0:0:0:0:0:0:1 -  -  [16/Feb/2014:18:48:40 +0000] "GET /AppInsight/js/lib/jquery.selectBox.js HTTP/1.1" 200 30152 
0:0:0:0:0:0:0:1 -  -  [16/Feb/2014:18:48:40 +0000] "GET /AppInsight/pages/core/page_label.html HTTP/1.1" 200 218 
0:0:0:0:0:0:0:1 -  -  [16/Feb/2014:18:48:40 +0000] "GET /AppInsight/pages/core/page_sub_nav.html HTTP/1.1" 200 437 
0:0:0:0:0:0:0:1 -  -  [16/Feb/2014:18:48:40 +0000] "GET /AppInsight/js/xsys/presenter/xSysSearchBoxPresenter.js HTTP/1.1" 200 10110 
0:0:0:0:0:0:0:1 -  -  [16/Feb/2014:18:48:40 +0000] "GET /AppInsight/js/hp/core/LinkTargetBuilder.js HTTP/1.1" 200 19617 
0:0:0:0:0:0:0:1 -  -  [16/Feb/2014:18:48:40 +0000] "GET /AppInsight/pages/core/main_menu.html HTTP/1.1" 200 401 
0:0:0:0:0:0:0:1 -  -  [16/Feb/2014:18:48:40 +0000] "GET /AppInsight/js/fs/presenter/settings/ApplianceUpdatePresenter.js HTTP/1.1" 200 11865 
0:0:0:0:0:0:0:1 -  -  [16/Feb/2014:18:48:40 +0000] "GET /AppInsight/pages/xsys/help_menu.html HTTP/1.1" 200 2692 
0:0:0:0:0:0:0:1 -  -  [16/Feb/2014:18:48:40 +0000] "GET /AppInsight/js/hp/view/NotificationDetailsView.js HTTP/1.1" 200 6050 
0:0:0:0:0:0:0:1 -  -  [16/Feb/2014:18:48:40 +0000] "GET /AppInsight/js/hp/core/Style.js HTTP/1.1" 200 9039 
0:0:0:0:0:0:0:1 -  -  [16/Feb/2014:18:48:40 +0000] "GET /AppInsight/js/hp/lib/jquery.hpStatus.js HTTP/1.1" 200 5065 
0:0:0:0:0:0:0:1 -  -  [16/Feb/2014:18:48:40 +0000] "GET /AppInsight/js/hp/lib/jquery.hpTextFormat.js HTTP/1.1" 200 5639 
0:0:0:0:0:0:0:1 -  -  [16/Feb/2014:18:48:40 +0000] "GET /AppInsight/js/hp/presenter/SessionNotificationsPresenter.js HTTP/1.1" 200 6327 
0:0:0:0:0:0:0:1 -  -  [16/Feb/2014:18:48:40 +0000] "GET /AppInsight/js/hp/lib/jquery.hpSafeClone.js HTTP/1.1" 200 606 
0:0:0:0:0:0:0:1 -  -  [16/Feb/2014:18:48:40 +0000] "GET /AppInsight/js/hp/lib/jquery.hpTimestamp.js HTTP/1.1" 200 7181 
0:0:0:0:0:0:0:1 -  -  [16/Feb/2014:18:48:40 +0000] "GET /AppInsight/js/hp/model/UploadManager.js HTTP/1.1" 200 3400 
0:0:0:0:0:0:0:1 -  -  [16/Feb/2014:18:48:40 +0000] "GET /AppInsight/js/hp/view/DialogView.js HTTP/1.1" 200 14965 
0:0:0:0:0:0:0:1 -  -  [16/Feb/2014:18:48:40 +0000] "GET /AppInsight/pages/core/upload-cancel-confirmation.html HTTP/1.1" 200 1149 
0:0:0:0:0:0:0:1 -  -  [16/Feb/2014:18:48:40 +0000] "GET /AppInsight/js/hp/core/lang/search-en.js HTTP/1.1" 200 936 
0:0:0:0:0:0:0:1 -  -  [16/Feb/2014:18:48:40 +0000] "GET /AppInsight/js/hp/core/lang/core-en.js HTTP/1.1" 200 12804 
0:0:0:0:0:0:0:1 -  -  [16/Feb/2014:18:48:40 +0000] "GET /AppInsight/js/hp/core/lang/login-en.js HTTP/1.1" 200 791 
0:0:0:0:0:0:0:1 -  -  [16/Feb/2014:18:48:40 +0000] "GET /AppInsight/js/hp/core/lang/help-en.js HTTP/1.1" 200 734 
0:0:0:0:0:0:0:1 -  -  [16/Feb/2014:18:48:40 +0000] "GET /AppInsight/js/fs/lang/fs-en.js HTTP/1.1" 200 548 
0:0:0:0:0:0:0:1 -  -  [16/Feb/2014:18:48:40 +0000] "GET /AppInsight/js/hp/lib/jquery.hpUtilizationMeter.js HTTP/1.1" 200 18515 
0:0:0:0:0:0:0:1 -  -  [16/Feb/2014:18:48:40 +0000] "GET /AppInsight/js/xsys/lang/xsys-en.js HTTP/1.1" 200 380 
0:0:0:0:0:0:0:1 -  -  [16/Feb/2014:18:48:40 +0000] "GET /AppInsight/js/xsys/xSysAuthz.js HTTP/1.1" 200 818 
0:0:0:0:0:0:0:1 -  -  [16/Feb/2014:18:48:40 +0000] "GET /AppInsight/js/hp/services/Encoder.js HTTP/1.1" 200 2060 
0:0:0:0:0:0:0:1 -  -  [16/Feb/2014:18:48:40 +0000] "GET /AppInsight/js/hp/services/lum.js HTTP/1.1" 200 1231 
0:0:0:0:0:0:0:1 -  -  [16/Feb/2014:18:48:40 +0000] "GET /AppInsight/js/hp/services/IndexFilterParser.js HTTP/1.1" 200 23810 
0:0:0:0:0:0:0:1 -  -  [16/Feb/2014:18:48:40 +0000] "GET /AppInsight/js/hp/model/Login.js HTTP/1.1" 200 1382 
0:0:0:0:0:0:0:1 -  -  [16/Feb/2014:18:48:40 +0000] "GET /AppInsight/js/hp/model/Upload.js HTTP/1.1" 200 14878 
0:0:0:0:0:0:0:1 -  -  [16/Feb/2014:18:48:40 +0000] "GET /AppInsight/js/hp/core/NotificationFormatter.js HTTP/1.1" 200 10323 
0:0:0:0:0:0:0:1 -  -  [16/Feb/2014:18:48:40 +0000] "GET /AppInsight/js/lib/jquery.dateFormat.js HTTP/1.1" 200 15974 
0:0:0:0:0:0:0:1 -  -  [16/Feb/2014:18:48:40 +0000] "GET /AppInsight/js/fs/services/settings/ApplianceUpdateService.js HTTP/1.1" 200 1896 
0:0:0:0:0:0:0:1 -  -  [16/Feb/2014:18:48:40 +0000] "GET /AppInsight/pages/core/notification_details.html HTTP/1.1" 200 415 
0:0:0:0:0:0:0:1 -  -  [16/Feb/2014:18:48:40 +0000] "GET /AppInsight/js/hp/model/NotificationResource.js HTTP/1.1" 200 18809 
0:0:0:0:0:0:0:1 -  -  [16/Feb/2014:18:48:40 +0000] "GET /AppInsight/js/hp/view/DialogNotification.js HTTP/1.1" 200 5401 
0:0:0:0:0:0:0:1 -  -  [16/Feb/2014:18:48:40 +0000] "GET /AppInsight/js/fs/lang/activity-en.js HTTP/1.1" 200 2183 
0:0:0:0:0:0:0:1 -  -  [16/Feb/2014:18:48:40 +0000] "GET /AppInsight/js/hp/lib/interval.js HTTP/1.1" 200 3955 
0:0:0:0:0:0:0:1 -  -  [16/Feb/2014:18:48:40 +0000] "GET /AppInsight/js/hp/view/DialogHeader.js HTTP/1.1" 200 8068 
0:0:0:0:0:0:0:1 -  -  [16/Feb/2014:18:48:40 +0000] "GET /AppInsight/js/fs/model/settings/ApplianceUpgradeResource.js HTTP/1.1" 200 5893 
0:0:0:0:0:0:0:1 -  -  [16/Feb/2014:18:48:40 +0000] "GET /AppInsight/pages/core/dialog_overlay.html HTTP/1.1" 200 293 
0:0:0:0:0:0:0:1 -  -  [16/Feb/2014:18:48:40 +0000] "GET /AppInsight/js/fs/lang/alerts-en.js HTTP/1.1" 200 8579 
0:0:0:0:0:0:0:1 -  -  [16/Feb/2014:18:48:40 +0000] "GET /AppInsight/js/fs/lang/settings-en.js HTTP/1.1" 200 54121 
0:0:0:0:0:0:0:1 -  -  [16/Feb/2014:18:48:40 +0000] "GET /AppInsight/js/fs/lang/status-en.js HTTP/1.1" 200 5763 
0:0:0:0:0:0:0:1 -  -  [16/Feb/2014:18:48:40 +0000] "GET /AppInsight/js/fs/lang/users-en.js HTTP/1.1" 200 9018 
0:0:0:0:0:0:0:1 -  -  [16/Feb/2014:18:48:40 +0000] "GET /AppInsight/js/fs/lang/welcome-en.js HTTP/1.1" 200 605 
0:0:0:0:0:0:0:1 -  -  [16/Feb/2014:18:48:40 +0000] "GET /AppInsight/js/fs/lang/displayitemlist-en.js HTTP/1.1" 200 238 
0:0:0:0:0:0:0:1 -  -  [16/Feb/2014:18:48:40 +0000] "GET /AppInsight/js/hp/core/lang/upload-en.js HTTP/1.1" 200 989 
0:0:0:0:0:0:0:1 -  -  [16/Feb/2014:18:48:40 +0000] "GET /AppInsight/js/hp/core/lang/notify-en.js HTTP/1.1" 200 462 
0:0:0:0:0:0:0:1 -  -  [16/Feb/2014:18:48:40 +0000] "GET /AppInsight/js/hp/services/UploadService.js HTTP/1.1" 200 404 
0:0:0:0:0:0:0:1 -  -  [16/Feb/2014:18:48:40 +0000] "GET /AppInsight/js/hp/services/IndexTime.js HTTP/1.1" 200 4205 
0:0:0:0:0:0:0:1 -  -  [16/Feb/2014:18:48:40 +0000] "GET /AppInsight/js/hp/core/lang/settings-en.js HTTP/1.1" 200 1127 
0:0:0:0:0:0:0:1 -  -  [16/Feb/2014:18:48:40 +0000] "GET /AppInsight/js/hp/view/FormUploader.js HTTP/1.1" 200 11815 
0:0:0:0:0:0:0:1 -  -  [16/Feb/2014:18:48:40 +0000] "GET /AppInsight/js/hp/lib/jquery.hpEllipsis.js HTTP/1.1" 200 2639 
0:0:0:0:0:0:0:1 -  -  [16/Feb/2014:18:48:40 +0000] "GET /AppInsight/pages/core/dialog_notification.html HTTP/1.1" 200 373 
0:0:0:0:0:0:0:1 -  -  [16/Feb/2014:18:48:40 +0000] "GET /AppInsight/js/lib/jquery.browser.js HTTP/1.1" 200 3164 
0:0:0:0:0:0:0:1 -  -  [16/Feb/2014:18:48:41 +0000] "GET /ui-js/pages/fs/license/support_access_and_written_offer.html?_=1392576521221 HTTP/1.1" 404 1425 
0:0:0:0:0:0:0:1 -  -  [16/Feb/2014:18:48:41 +0000] "GET /AppInsight/css/compiled/hp-piano-graphics.css HTTP/1.1" 200 171201 
0:0:0:0:0:0:0:1 -  -  [16/Feb/2014:18:48:42 +0000] "GET /AppInsight/ HTTP/1.1" 200 903 
0:0:0:0:0:0:0:1 -  -  [16/Feb/2014:18:48:43 +0000] "GET /AppInsight/css/xsys/appinisght-style.css HTTP/1.1" 304 0 
0:0:0:0:0:0:0:1 -  -  [16/Feb/2014:18:48:43 +0000] "GET /AppInsight/css/compiled/hp-piano.css HTTP/1.1" 304 0 
0:0:0:0:0:0:0:1 -  -  [16/Feb/2014:18:48:43 +0000] "GET /AppInsight/js/lib/require.js HTTP/1.1" 304 0 
0:0:0:0:0:0:0:1 -  -  [16/Feb/2014:18:48:44 +0000] "GET /AppInsight/pages/core/body_contents.html HTTP/1.1" 200 1965 
0:0:0:0:0:0:0:1 -  -  [16/Feb/2014:18:48:44 +0000] "GET /AppInsight/pages/core/simple_banner.html HTTP/1.1" 200 632 
0:0:0:0:0:0:0:1 -  -  [16/Feb/2014:18:48:44 +0000] "GET /AppInsight/pages/xsys/banner.html HTTP/1.1" 200 5920 
0:0:0:0:0:0:0:1 -  -  [16/Feb/2014:18:48:44 +0000] "GET /AppInsight/pages/core/not_authorized.html HTTP/1.1" 200 732 
0:0:0:0:0:0:0:1 -  -  [16/Feb/2014:18:48:44 +0000] "GET /AppInsight/pages/core/page_label.html HTTP/1.1" 200 218 
0:0:0:0:0:0:0:1 -  -  [16/Feb/2014:18:48:44 +0000] "GET /AppInsight/pages/xsys/help_menu.html HTTP/1.1" 200 2692 
0:0:0:0:0:0:0:1 -  -  [16/Feb/2014:18:48:44 +0000] "GET /AppInsight/pages/core/page_sub_nav.html HTTP/1.1" 200 437 
0:0:0:0:0:0:0:1 -  -  [16/Feb/2014:18:48:44 +0000] "GET /AppInsight/pages/core/upload-cancel-confirmation.html HTTP/1.1" 200 1149 
0:0:0:0:0:0:0:1 -  -  [16/Feb/2014:18:48:44 +0000] "GET /AppInsight/pages/core/main_menu.html HTTP/1.1" 200 401 
0:0:0:0:0:0:0:1 -  -  [16/Feb/2014:18:48:44 +0000] "GET /AppInsight/pages/core/notification_details.html HTTP/1.1" 200 415 
0:0:0:0:0:0:0:1 -  -  [16/Feb/2014:18:48:44 +0000] "GET /AppInsight/pages/core/dialog_overlay.html HTTP/1.1" 200 293 
0:0:0:0:0:0:0:1 -  -  [16/Feb/2014:18:48:44 +0000] "GET /AppInsight/pages/core/dialog_notification.html HTTP/1.1" 200 373 
0:0:0:0:0:0:0:1 -  -  [16/Feb/2014:18:48:45 +0000] "GET /ui-js/pages/fs/license/support_access_and_written_offer.html?_=1392576525160 HTTP/1.1" 404 1425 
0:0:0:0:0:0:0:1 -  -  [16/Feb/2014:18:48:45 +0000] "GET /AppInsight/js/hp/services/EulaService.js HTTP/1.1" 200 1298 
0:0:0:0:0:0:0:1 -  -  [16/Feb/2014:18:48:45 +0000] "GET /rest/appliance/eula/status?_=1392576525777 HTTP/1.1" 404 1391 
0:0:0:0:0:0:0:1 -  -  [16/Feb/2014:18:48:45 +0000] "GET /AppInsight/pages/xsys/loginindex.html HTTP/1.1" 200 3204 
0:0:0:0:0:0:0:1 -  -  [16/Feb/2014:18:48:45 +0000] "GET /AppInsight/img/hp-piano/down-arrow-select.png HTTP/1.1" 200 2915 
0:0:0:0:0:0:0:1 -  -  [16/Feb/2014:18:48:45 +0000] "GET /AppInsight/img/login_hero.png HTTP/1.1" 200 467589 
0:0:0:0:0:0:0:1 -  -  [16/Feb/2014:18:48:46 +0000] "GET /AppInsight/fonts/HPSimplifiedW04-Bold.ttf HTTP/1.1" 200 111864 
0:0:0:0:0:0:0:1 -  -  [16/Feb/2014:18:48:46 +0000] "GET /AppInsight/fonts/HPSimplifiedW04-Light.ttf HTTP/1.1" 200 142784 
0:0:0:0:0:0:0:1 -  -  [16/Feb/2014:18:48:46 +0000] "GET /AppInsight/fonts/HPSimplifiedW04-Regular.ttf HTTP/1.1" 200 122504 
0:0:0:0:0:0:0:1 -  -  [16/Feb/2014:18:53:37 +0000] "GET / HTTP/1.1" 200 477 
0:0:0:0:0:0:0:1 -  -  [16/Feb/2014:18:53:37 +0000] "GET /AppInsight HTTP/1.1" 302 0 
0:0:0:0:0:0:0:1 -  -  [16/Feb/2014:18:53:37 +0000] "GET /AppInsight/ HTTP/1.1" 200 903 
0:0:0:0:0:0:0:1 -  -  [16/Feb/2014:18:53:38 +0000] "GET /AppInsight/pages/core/body_contents.html HTTP/1.1" 200 1965 
0:0:0:0:0:0:0:1 -  -  [16/Feb/2014:18:53:38 +0000] "GET /AppInsight/pages/xsys/banner.html HTTP/1.1" 200 5920 
0:0:0:0:0:0:0:1 -  -  [16/Feb/2014:18:53:38 +0000] "GET /AppInsight/pages/core/main_menu.html HTTP/1.1" 200 401 
0:0:0:0:0:0:0:1 -  -  [16/Feb/2014:18:53:38 +0000] "GET /AppInsight/pages/xsys/help_menu.html HTTP/1.1" 200 2692 
0:0:0:0:0:0:0:1 -  -  [16/Feb/2014:18:53:38 +0000] "GET /AppInsight/pages/core/page_sub_nav.html HTTP/1.1" 200 437 
0:0:0:0:0:0:0:1 -  -  [16/Feb/2014:18:53:38 +0000] "GET /AppInsight/pages/core/upload-cancel-confirmation.html HTTP/1.1" 200 1149 
0:0:0:0:0:0:0:1 -  -  [16/Feb/2014:18:53:38 +0000] "GET /AppInsight/pages/core/not_authorized.html HTTP/1.1" 200 732 
0:0:0:0:0:0:0:1 -  -  [16/Feb/2014:18:53:38 +0000] "GET /AppInsight/pages/core/page_label.html HTTP/1.1" 200 218 
0:0:0:0:0:0:0:1 -  -  [16/Feb/2014:18:53:38 +0000] "GET /AppInsight/pages/core/simple_banner.html HTTP/1.1" 200 632 
0:0:0:0:0:0:0:1 -  -  [16/Feb/2014:18:53:38 +0000] "GET /AppInsight/pages/core/dialog_overlay.html HTTP/1.1" 200 293 
0:0:0:0:0:0:0:1 -  -  [16/Feb/2014:18:53:38 +0000] "GET /AppInsight/pages/core/notification_details.html HTTP/1.1" 200 415 
0:0:0:0:0:0:0:1 -  -  [16/Feb/2014:18:53:39 +0000] "GET /AppInsight/pages/core/dialog_notification.html HTTP/1.1" 200 373 
0:0:0:0:0:0:0:1 -  -  [16/Feb/2014:18:53:39 +0000] "GET /ui-js/pages/fs/license/support_access_and_written_offer.html?_=1392576819252 HTTP/1.1" 404 1425 
0:0:0:0:0:0:0:1 -  -  [16/Feb/2014:18:53:39 +0000] "GET /rest/appliance/eula/status?_=1392576819530 HTTP/1.1" 404 1391 
0:0:0:0:0:0:0:1 -  -  [16/Feb/2014:18:53:39 +0000] "GET /AppInsight/pages/xsys/loginindex.html HTTP/1.1" 200 3204 
0:0:0:0:0:0:0:1 -  -  [16/Feb/2014:18:53:54 +0000] "POST /xFrameworkRestAPI/api/Login HTTP/1.1" 200 120 
