0:0:0:0:0:0:0:1 -  -  [04/Mar/2014:00:06:08 +0000] "GET /univ/ HTTP/1.1" 304 0 
0:0:0:0:0:0:0:1 -  -  [04/Mar/2014:00:06:08 +0000] "GET /univ/js/lib/require.js HTTP/1.1" 304 0 
0:0:0:0:0:0:0:1 -  -  [04/Mar/2014:00:06:08 +0000] "GET /univ/css/style.css HTTP/1.1" 200 62468 
0:0:0:0:0:0:0:1 -  -  [04/Mar/2014:00:06:08 +0000] "GET /univ/img/gradient-top.png HTTP/1.1" 304 0 
0:0:0:0:0:0:0:1 -  -  [04/Mar/2014:00:06:08 +0000] "GET /univ/img/gradient-bottom.png HTTP/1.1" 304 0 
0:0:0:0:0:0:0:1 -  -  [04/Mar/2014:00:06:08 +0000] "GET /univ/img/logo.png HTTP/1.1" 304 0 
0:0:0:0:0:0:0:1 -  -  [04/Mar/2014:00:06:08 +0000] "GET /univ/js/common.js HTTP/1.1" 304 0 
0:0:0:0:0:0:0:1 -  -  [04/Mar/2014:00:06:08 +0000] "GET /univ/js/app/EntryView.js HTTP/1.1" 200 1707 
0:0:0:0:0:0:0:1 -  -  [04/Mar/2014:00:06:09 +0000] "GET /univ/module/entry/index.html HTTP/1.1" 304 0 
0:0:0:0:0:0:0:1 -  -  [04/Mar/2014:00:07:38 +0000] "GET /univ/ HTTP/1.1" 304 0 
0:0:0:0:0:0:0:1 -  -  [04/Mar/2014:00:07:38 +0000] "GET /univ/js/lib/require.js HTTP/1.1" 304 0 
0:0:0:0:0:0:0:1 -  -  [04/Mar/2014:00:07:38 +0000] "GET /univ/css/style.css HTTP/1.1" 200 62481 
0:0:0:0:0:0:0:1 -  -  [04/Mar/2014:00:07:38 +0000] "GET /univ/img/gradient-top.png HTTP/1.1" 304 0 
0:0:0:0:0:0:0:1 -  -  [04/Mar/2014:00:07:38 +0000] "GET /univ/img/logo.png HTTP/1.1" 304 0 
0:0:0:0:0:0:0:1 -  -  [04/Mar/2014:00:07:38 +0000] "GET /univ/img/gradient-bottom.png HTTP/1.1" 304 0 
0:0:0:0:0:0:0:1 -  -  [04/Mar/2014:00:07:38 +0000] "GET /univ/js/common.js HTTP/1.1" 304 0 
0:0:0:0:0:0:0:1 -  -  [04/Mar/2014:00:07:39 +0000] "GET /univ/js/app/EntryView.js HTTP/1.1" 200 1741 
0:0:0:0:0:0:0:1 -  -  [04/Mar/2014:00:07:39 +0000] "GET /univ/module/entry/index.html HTTP/1.1" 304 0 
0:0:0:0:0:0:0:1 -  -  [04/Mar/2014:00:08:44 +0000] "GET /univ/ HTTP/1.1" 304 0 
0:0:0:0:0:0:0:1 -  -  [04/Mar/2014:00:08:44 +0000] "GET /univ/js/lib/require.js HTTP/1.1" 304 0 
0:0:0:0:0:0:0:1 -  -  [04/Mar/2014:00:08:44 +0000] "GET /univ/css/style.css HTTP/1.1" 304 0 
0:0:0:0:0:0:0:1 -  -  [04/Mar/2014:00:08:44 +0000] "GET /univ/img/logo.png HTTP/1.1" 304 0 
0:0:0:0:0:0:0:1 -  -  [04/Mar/2014:00:08:44 +0000] "GET /univ/img/gradient-top.png HTTP/1.1" 304 0 
0:0:0:0:0:0:0:1 -  -  [04/Mar/2014:00:08:44 +0000] "GET /univ/img/gradient-bottom.png HTTP/1.1" 304 0 
0:0:0:0:0:0:0:1 -  -  [04/Mar/2014:00:08:44 +0000] "GET /univ/js/common.js HTTP/1.1" 304 0 
0:0:0:0:0:0:0:1 -  -  [04/Mar/2014:00:08:44 +0000] "GET /univ/js/app/EntryView.js HTTP/1.1" 200 1742 
0:0:0:0:0:0:0:1 -  -  [04/Mar/2014:00:09:39 +0000] "GET /univ/ HTTP/1.1" 304 0 
0:0:0:0:0:0:0:1 -  -  [04/Mar/2014:00:09:39 +0000] "GET /univ/css/style.css HTTP/1.1" 304 0 
0:0:0:0:0:0:0:1 -  -  [04/Mar/2014:00:09:39 +0000] "GET /univ/js/lib/require.js HTTP/1.1" 304 0 
0:0:0:0:0:0:0:1 -  -  [04/Mar/2014:00:09:39 +0000] "GET /univ/img/logo.png HTTP/1.1" 304 0 
0:0:0:0:0:0:0:1 -  -  [04/Mar/2014:00:09:39 +0000] "GET /univ/img/gradient-bottom.png HTTP/1.1" 304 0 
0:0:0:0:0:0:0:1 -  -  [04/Mar/2014:00:09:39 +0000] "GET /univ/img/gradient-top.png HTTP/1.1" 304 0 
0:0:0:0:0:0:0:1 -  -  [04/Mar/2014:00:09:39 +0000] "GET /univ/js/app/EntryView.js HTTP/1.1" 200 1746 
0:0:0:0:0:0:0:1 -  -  [04/Mar/2014:00:09:39 +0000] "GET /univ/module/entry/index.html HTTP/1.1" 304 0 
0:0:0:0:0:0:0:1 -  -  [04/Mar/2014:00:12:14 +0000] "GET /univ/ HTTP/1.1" 304 0 
0:0:0:0:0:0:0:1 -  -  [04/Mar/2014:00:12:14 +0000] "GET /univ/css/style.css HTTP/1.1" 304 0 
0:0:0:0:0:0:0:1 -  -  [04/Mar/2014:00:12:14 +0000] "GET /univ/js/lib/require.js HTTP/1.1" 304 0 
0:0:0:0:0:0:0:1 -  -  [04/Mar/2014:00:12:14 +0000] "GET /univ/img/gradient-bottom.png HTTP/1.1" 304 0 
0:0:0:0:0:0:0:1 -  -  [04/Mar/2014:00:12:14 +0000] "GET /univ/img/logo.png HTTP/1.1" 304 0 
0:0:0:0:0:0:0:1 -  -  [04/Mar/2014:00:12:14 +0000] "GET /univ/img/gradient-top.png HTTP/1.1" 304 0 
0:0:0:0:0:0:0:1 -  -  [04/Mar/2014:00:12:14 +0000] "GET /univ/js/common.js HTTP/1.1" 304 0 
0:0:0:0:0:0:0:1 -  -  [04/Mar/2014:00:12:14 +0000] "GET /univ/js/app/PageRoutes.js HTTP/1.1" 304 0 
0:0:0:0:0:0:0:1 -  -  [04/Mar/2014:00:12:14 +0000] "GET /univ/js/app/EntryView.js HTTP/1.1" 200 1846 
0:0:0:0:0:0:0:1 -  -  [04/Mar/2014:00:12:14 +0000] "GET /univ/module/entry/index.html HTTP/1.1" 304 0 
0:0:0:0:0:0:0:1 -  -  [04/Mar/2014:00:12:29 +0000] "GET /univ/ HTTP/1.1" 304 0 
0:0:0:0:0:0:0:1 -  -  [04/Mar/2014:00:12:29 +0000] "GET /univ/js/lib/require.js HTTP/1.1" 304 0 
0:0:0:0:0:0:0:1 -  -  [04/Mar/2014:00:12:29 +0000] "GET /univ/css/style.css HTTP/1.1" 304 0 
0:0:0:0:0:0:0:1 -  -  [04/Mar/2014:00:12:29 +0000] "GET /univ/img/gradient-top.png HTTP/1.1" 304 0 
0:0:0:0:0:0:0:1 -  -  [04/Mar/2014:00:12:29 +0000] "GET /univ/img/logo.png HTTP/1.1" 304 0 
0:0:0:0:0:0:0:1 -  -  [04/Mar/2014:00:12:29 +0000] "GET /univ/img/gradient-bottom.png HTTP/1.1" 304 0 
0:0:0:0:0:0:0:1 -  -  [04/Mar/2014:00:12:29 +0000] "GET /univ/js/common.js HTTP/1.1" 304 0 
0:0:0:0:0:0:0:1 -  -  [04/Mar/2014:00:12:29 +0000] "GET /univ/js/app/PageRoutes.js HTTP/1.1" 304 0 
0:0:0:0:0:0:0:1 -  -  [04/Mar/2014:00:12:29 +0000] "GET /univ/js/lib/jquery.js HTTP/1.1" 304 0 
0:0:0:0:0:0:0:1 -  -  [04/Mar/2014:00:12:29 +0000] "GET /univ/js/lib/modernizr-2.5.3.min.js HTTP/1.1" 304 0 
0:0:0:0:0:0:0:1 -  -  [04/Mar/2014:00:12:29 +0000] "GET /univ/js/app/StartApp.js HTTP/1.1" 304 0 
0:0:0:0:0:0:0:1 -  -  [04/Mar/2014:00:12:29 +0000] "GET /univ/js/lib/jquery.cookie.js HTTP/1.1" 304 0 
0:0:0:0:0:0:0:1 -  -  [04/Mar/2014:00:12:29 +0000] "GET /univ/js/app/Router.js HTTP/1.1" 304 0 
0:0:0:0:0:0:0:1 -  -  [04/Mar/2014:00:12:29 +0000] "GET /univ/js/app/UrlFragment.js HTTP/1.1" 304 0 
0:0:0:0:0:0:0:1 -  -  [04/Mar/2014:00:12:29 +0000] "GET /univ/js/app/Environment.js HTTP/1.1" 304 0 
0:0:0:0:0:0:0:1 -  -  [04/Mar/2014:00:12:29 +0000] "GET /univ/js/app/LocationView.js HTTP/1.1" 304 0 
0:0:0:0:0:0:0:1 -  -  [04/Mar/2014:00:12:29 +0000] "GET /univ/js/app/Events.js HTTP/1.1" 304 0 
0:0:0:0:0:0:0:1 -  -  [04/Mar/2014:00:12:29 +0000] "GET /univ/js/app/HashManager.js HTTP/1.1" 304 0 
0:0:0:0:0:0:0:1 -  -  [04/Mar/2014:00:12:29 +0000] "GET /univ/js/app/Pager.js HTTP/1.1" 304 0 
0:0:0:0:0:0:0:1 -  -  [04/Mar/2014:00:12:29 +0000] "GET /univ/js/app/EntryView.js HTTP/1.1" 200 1853 
0:0:0:0:0:0:0:1 -  -  [04/Mar/2014:00:12:59 +0000] "GET /univ/js/lib/require.js HTTP/1.1" 304 0 
0:0:0:0:0:0:0:1 -  -  [04/Mar/2014:00:12:59 +0000] "GET /univ/ HTTP/1.1" 304 0 
0:0:0:0:0:0:0:1 -  -  [04/Mar/2014:00:12:59 +0000] "GET /univ/css/style.css HTTP/1.1" 304 0 
0:0:0:0:0:0:0:1 -  -  [04/Mar/2014:00:12:59 +0000] "GET /univ/img/gradient-top.png HTTP/1.1" 304 0 
0:0:0:0:0:0:0:1 -  -  [04/Mar/2014:00:12:59 +0000] "GET /univ/img/gradient-bottom.png HTTP/1.1" 304 0 
0:0:0:0:0:0:0:1 -  -  [04/Mar/2014:00:12:59 +0000] "GET /univ/img/logo.png HTTP/1.1" 304 0 
0:0:0:0:0:0:0:1 -  -  [04/Mar/2014:00:12:59 +0000] "GET /univ/js/app/EntryView.js HTTP/1.1" 200 1849 
0:0:0:0:0:0:0:1 -  -  [04/Mar/2014:00:13:01 +0000] "GET /univ/ HTTP/1.1" 304 0 
0:0:0:0:0:0:0:1 -  -  [04/Mar/2014:00:13:01 +0000] "GET /univ/css/style.css HTTP/1.1" 304 0 
0:0:0:0:0:0:0:1 -  -  [04/Mar/2014:00:13:01 +0000] "GET /univ/js/lib/require.js HTTP/1.1" 304 0 
0:0:0:0:0:0:0:1 -  -  [04/Mar/2014:00:13:01 +0000] "GET /univ/img/gradient-top.png HTTP/1.1" 304 0 
0:0:0:0:0:0:0:1 -  -  [04/Mar/2014:00:13:01 +0000] "GET /univ/img/gradient-bottom.png HTTP/1.1" 304 0 
0:0:0:0:0:0:0:1 -  -  [04/Mar/2014:00:13:01 +0000] "GET /univ/img/logo.png HTTP/1.1" 304 0 
0:0:0:0:0:0:0:1 -  -  [04/Mar/2014:00:13:04 +0000] "GET /univ/js/app/EntryView.js HTTP/1.1" 304 0 
0:0:0:0:0:0:0:1 -  -  [04/Mar/2014:00:13:07 +0000] "GET /univ/ HTTP/1.1" 304 0 
0:0:0:0:0:0:0:1 -  -  [04/Mar/2014:00:13:07 +0000] "GET /univ/css/style.css HTTP/1.1" 304 0 
0:0:0:0:0:0:0:1 -  -  [04/Mar/2014:00:13:07 +0000] "GET /univ/js/lib/require.js HTTP/1.1" 304 0 
0:0:0:0:0:0:0:1 -  -  [04/Mar/2014:00:13:07 +0000] "GET /univ/img/logo.png HTTP/1.1" 304 0 
0:0:0:0:0:0:0:1 -  -  [04/Mar/2014:00:13:07 +0000] "GET /univ/img/gradient-bottom.png HTTP/1.1" 304 0 
0:0:0:0:0:0:0:1 -  -  [04/Mar/2014:00:13:07 +0000] "GET /univ/img/gradient-top.png HTTP/1.1" 304 0 
0:0:0:0:0:0:0:1 -  -  [04/Mar/2014:00:13:07 +0000] "GET /univ/js/common.js HTTP/1.1" 304 0 
0:0:0:0:0:0:0:1 -  -  [04/Mar/2014:00:13:10 +0000] "GET /univ/js/app/EntryView.js HTTP/1.1" 304 0 
0:0:0:0:0:0:0:1 -  -  [04/Mar/2014:00:13:12 +0000] "GET /univ/ HTTP/1.1" 304 0 
0:0:0:0:0:0:0:1 -  -  [04/Mar/2014:00:13:12 +0000] "GET /univ/css/style.css HTTP/1.1" 304 0 
0:0:0:0:0:0:0:1 -  -  [04/Mar/2014:00:13:12 +0000] "GET /univ/js/lib/require.js HTTP/1.1" 304 0 
0:0:0:0:0:0:0:1 -  -  [04/Mar/2014:00:13:12 +0000] "GET /univ/img/logo.png HTTP/1.1" 304 0 
0:0:0:0:0:0:0:1 -  -  [04/Mar/2014:00:13:12 +0000] "GET /univ/img/gradient-top.png HTTP/1.1" 304 0 
0:0:0:0:0:0:0:1 -  -  [04/Mar/2014:00:13:12 +0000] "GET /univ/img/gradient-bottom.png HTTP/1.1" 304 0 
0:0:0:0:0:0:0:1 -  -  [04/Mar/2014:00:13:15 +0000] "GET /univ/js/app/EntryView.js HTTP/1.1" 304 0 
0:0:0:0:0:0:0:1 -  -  [04/Mar/2014:00:15:48 +0000] "GET /univ/ HTTP/1.1" 304 0 
0:0:0:0:0:0:0:1 -  -  [04/Mar/2014:00:15:48 +0000] "GET /univ/css/style.css HTTP/1.1" 304 0 
0:0:0:0:0:0:0:1 -  -  [04/Mar/2014:00:15:48 +0000] "GET /univ/js/lib/require.js HTTP/1.1" 304 0 
0:0:0:0:0:0:0:1 -  -  [04/Mar/2014:00:15:48 +0000] "GET /univ/img/logo.png HTTP/1.1" 304 0 
0:0:0:0:0:0:0:1 -  -  [04/Mar/2014:00:15:48 +0000] "GET /univ/img/gradient-top.png HTTP/1.1" 304 0 
0:0:0:0:0:0:0:1 -  -  [04/Mar/2014:00:15:48 +0000] "GET /univ/img/gradient-bottom.png HTTP/1.1" 304 0 
0:0:0:0:0:0:0:1 -  -  [04/Mar/2014:00:15:48 +0000] "GET /univ/js/common.js HTTP/1.1" 304 0 
0:0:0:0:0:0:0:1 -  -  [04/Mar/2014:00:15:49 +0000] "GET /univ/js/app/EntryView.js HTTP/1.1" 200 1907 
0:0:0:0:0:0:0:1 -  -  [04/Mar/2014:00:15:49 +0000] "GET /univ/module/entry/index.html HTTP/1.1" 200 3021 
0:0:0:0:0:0:0:1 -  -  [04/Mar/2014:00:16:14 +0000] "GET /univ/ HTTP/1.1" 304 0 
0:0:0:0:0:0:0:1 -  -  [04/Mar/2014:00:16:14 +0000] "GET /univ/css/style.css HTTP/1.1" 304 0 
0:0:0:0:0:0:0:1 -  -  [04/Mar/2014:00:16:14 +0000] "GET /univ/js/lib/require.js HTTP/1.1" 304 0 
0:0:0:0:0:0:0:1 -  -  [04/Mar/2014:00:16:14 +0000] "GET /univ/img/logo.png HTTP/1.1" 304 0 
0:0:0:0:0:0:0:1 -  -  [04/Mar/2014:00:16:14 +0000] "GET /univ/img/gradient-bottom.png HTTP/1.1" 304 0 
0:0:0:0:0:0:0:1 -  -  [04/Mar/2014:00:16:14 +0000] "GET /univ/img/gradient-top.png HTTP/1.1" 304 0 
0:0:0:0:0:0:0:1 -  -  [04/Mar/2014:00:16:14 +0000] "GET /univ/js/app/EntryView.js HTTP/1.1" 200 1964 
0:0:0:0:0:0:0:1 -  -  [04/Mar/2014:00:16:14 +0000] "GET /univ/module/entry/index.html HTTP/1.1" 304 0 
0:0:0:0:0:0:0:1 -  -  [04/Mar/2014:00:16:56 +0000] "GET /univ/ HTTP/1.1" 304 0 
0:0:0:0:0:0:0:1 -  -  [04/Mar/2014:00:16:56 +0000] "GET /univ/js/lib/require.js HTTP/1.1" 304 0 
0:0:0:0:0:0:0:1 -  -  [04/Mar/2014:00:16:56 +0000] "GET /univ/css/style.css HTTP/1.1" 304 0 
0:0:0:0:0:0:0:1 -  -  [04/Mar/2014:00:16:56 +0000] "GET /univ/img/gradient-top.png HTTP/1.1" 304 0 
0:0:0:0:0:0:0:1 -  -  [04/Mar/2014:00:16:56 +0000] "GET /univ/img/logo.png HTTP/1.1" 304 0 
0:0:0:0:0:0:0:1 -  -  [04/Mar/2014:00:16:56 +0000] "GET /univ/img/gradient-bottom.png HTTP/1.1" 304 0 
0:0:0:0:0:0:0:1 -  -  [04/Mar/2014:00:16:56 +0000] "GET /univ/js/common.js HTTP/1.1" 304 0 
0:0:0:0:0:0:0:1 -  -  [04/Mar/2014:00:16:56 +0000] "GET /univ/js/app/EntryView.js HTTP/1.1" 304 0 
0:0:0:0:0:0:0:1 -  -  [04/Mar/2014:00:16:56 +0000] "GET /univ/module/entry/index.html HTTP/1.1" 200 3022 
0:0:0:0:0:0:0:1 -  -  [04/Mar/2014:00:16:59 +0000] "GET /univ/ HTTP/1.1" 304 0 
0:0:0:0:0:0:0:1 -  -  [04/Mar/2014:00:16:59 +0000] "GET /univ/css/style.css HTTP/1.1" 304 0 
0:0:0:0:0:0:0:1 -  -  [04/Mar/2014:00:16:59 +0000] "GET /univ/js/lib/require.js HTTP/1.1" 304 0 
0:0:0:0:0:0:0:1 -  -  [04/Mar/2014:00:16:59 +0000] "GET /univ/img/logo.png HTTP/1.1" 304 0 
0:0:0:0:0:0:0:1 -  -  [04/Mar/2014:00:16:59 +0000] "GET /univ/img/gradient-top.png HTTP/1.1" 304 0 
0:0:0:0:0:0:0:1 -  -  [04/Mar/2014:00:16:59 +0000] "GET /univ/img/gradient-bottom.png HTTP/1.1" 304 0 
0:0:0:0:0:0:0:1 -  -  [04/Mar/2014:00:17:01 +0000] "GET /univ/module/entry/index.html HTTP/1.1" 304 0 
0:0:0:0:0:0:0:1 -  -  [04/Mar/2014:00:17:01 +0000] "GET /univ/js/app/EntryView.js HTTP/1.1" 304 0 
0:0:0:0:0:0:0:1 -  -  [04/Mar/2014:00:17:13 +0000] "GET /univ/ HTTP/1.1" 304 0 
0:0:0:0:0:0:0:1 -  -  [04/Mar/2014:00:17:13 +0000] "GET /univ/css/style.css HTTP/1.1" 304 0 
0:0:0:0:0:0:0:1 -  -  [04/Mar/2014:00:17:13 +0000] "GET /univ/js/lib/require.js HTTP/1.1" 304 0 
0:0:0:0:0:0:0:1 -  -  [04/Mar/2014:00:17:13 +0000] "GET /univ/img/gradient-top.png HTTP/1.1" 304 0 
0:0:0:0:0:0:0:1 -  -  [04/Mar/2014:00:17:13 +0000] "GET /univ/img/gradient-bottom.png HTTP/1.1" 304 0 
0:0:0:0:0:0:0:1 -  -  [04/Mar/2014:00:17:13 +0000] "GET /univ/img/logo.png HTTP/1.1" 304 0 
0:0:0:0:0:0:0:1 -  -  [04/Mar/2014:00:18:25 +0000] "GET /univ/module/entry/index.html HTTP/1.1" 304 0 
0:0:0:0:0:0:0:1 -  -  [04/Mar/2014:00:18:25 +0000] "GET /univ/js/app/EntryView.js HTTP/1.1" 304 0 
0:0:0:0:0:0:0:1 -  -  [04/Mar/2014:00:18:27 +0000] "GET /univ/ HTTP/1.1" 304 0 
0:0:0:0:0:0:0:1 -  -  [04/Mar/2014:00:18:27 +0000] "GET /univ/js/lib/require.js HTTP/1.1" 304 0 
0:0:0:0:0:0:0:1 -  -  [04/Mar/2014:00:18:27 +0000] "GET /univ/css/style.css HTTP/1.1" 304 0 
0:0:0:0:0:0:0:1 -  -  [04/Mar/2014:00:18:27 +0000] "GET /univ/img/gradient-top.png HTTP/1.1" 304 0 
0:0:0:0:0:0:0:1 -  -  [04/Mar/2014:00:18:27 +0000] "GET /univ/img/logo.png HTTP/1.1" 304 0 
0:0:0:0:0:0:0:1 -  -  [04/Mar/2014:00:18:27 +0000] "GET /univ/img/gradient-bottom.png HTTP/1.1" 304 0 
0:0:0:0:0:0:0:1 -  -  [04/Mar/2014:00:18:27 +0000] "GET /univ/js/common.js HTTP/1.1" 304 0 
0:0:0:0:0:0:0:1 -  -  [04/Mar/2014:00:19:03 +0000] "GET /univ/data/loginresponse.json?_=1393892307646 HTTP/1.1" 200 3539 
0:0:0:0:0:0:0:1 -  -  [04/Mar/2014:00:19:07 +0000] "GET /univ/js/app/AdminView.js HTTP/1.1" 304 0 
0:0:0:0:0:0:0:1 -  -  [04/Mar/2014:00:19:07 +0000] "GET /univ/js/app/SubUserEditView.js HTTP/1.1" 304 0 
0:0:0:0:0:0:0:1 -  -  [04/Mar/2014:00:19:08 +0000] "GET /univ/data/loginresponse.json?_=1393892307647 HTTP/1.1" 200 3539 
0:0:0:0:0:0:0:1 -  -  [04/Mar/2014:00:19:12 +0000] "GET /univ/img/next-over.png HTTP/1.1" 200 1419 
0:0:0:0:0:0:0:1 -  -  [04/Mar/2014:00:19:14 +0000] "GET /univ/module/admin/subuseradd/index.html HTTP/1.1" 200 4710 
0:0:0:0:0:0:0:1 -  -  [04/Mar/2014:00:19:14 +0000] "GET /univ/js/app/SubUserAddView.js HTTP/1.1" 200 3908 
0:0:0:0:0:0:0:1 -  -  [04/Mar/2014:00:19:14 +0000] "GET /univ/data/loginresponse.json?_=1393892307648 HTTP/1.1" 200 3539 
0:0:0:0:0:0:0:1 -  -  [04/Mar/2014:00:19:17 +0000] "GET /univ/ HTTP/1.1" 304 0 
0:0:0:0:0:0:0:1 -  -  [04/Mar/2014:00:19:17 +0000] "GET /univ/css/style.css HTTP/1.1" 304 0 
0:0:0:0:0:0:0:1 -  -  [04/Mar/2014:00:19:17 +0000] "GET /univ/js/lib/require.js HTTP/1.1" 304 0 
0:0:0:0:0:0:0:1 -  -  [04/Mar/2014:00:19:17 +0000] "GET /univ/img/logo.png HTTP/1.1" 304 0 
0:0:0:0:0:0:0:1 -  -  [04/Mar/2014:00:19:17 +0000] "GET /univ/img/gradient-top.png HTTP/1.1" 304 0 
0:0:0:0:0:0:0:1 -  -  [04/Mar/2014:00:19:17 +0000] "GET /univ/img/gradient-bottom.png HTTP/1.1" 304 0 
0:0:0:0:0:0:0:1 -  -  [04/Mar/2014:00:19:17 +0000] "GET /univ/js/common.js HTTP/1.1" 304 0 
0:0:0:0:0:0:0:1 -  -  [04/Mar/2014:00:19:18 +0000] "GET /univ/data/loginresponse.json?_=1393892357578 HTTP/1.1" 200 3539 
0:0:0:0:0:0:0:1 -  -  [04/Mar/2014:00:19:22 +0000] "GET /univ/data/loginresponse.json?_=1393892362083 HTTP/1.1" 200 3539 
0:0:0:0:0:0:0:1 -  -  [04/Mar/2014:00:19:31 +0000] "GET /univ/data/loginresponse.json?_=1393892362084 HTTP/1.1" 200 3539 
0:0:0:0:0:0:0:1 -  -  [04/Mar/2014:00:19:33 +0000] "GET /univ/ HTTP/1.1" 304 0 
0:0:0:0:0:0:0:1 -  -  [04/Mar/2014:00:19:33 +0000] "GET /univ/css/style.css HTTP/1.1" 304 0 
0:0:0:0:0:0:0:1 -  -  [04/Mar/2014:00:19:33 +0000] "GET /univ/js/lib/require.js HTTP/1.1" 304 0 
0:0:0:0:0:0:0:1 -  -  [04/Mar/2014:00:19:33 +0000] "GET /univ/img/gradient-top.png HTTP/1.1" 304 0 
0:0:0:0:0:0:0:1 -  -  [04/Mar/2014:00:19:33 +0000] "GET /univ/img/gradient-bottom.png HTTP/1.1" 304 0 
0:0:0:0:0:0:0:1 -  -  [04/Mar/2014:00:19:33 +0000] "GET /univ/img/logo.png HTTP/1.1" 304 0 
0:0:0:0:0:0:0:1 -  -  [04/Mar/2014:00:19:36 +0000] "GET /univ/module/entry/index.html HTTP/1.1" 304 0 
0:0:0:0:0:0:0:1 -  -  [04/Mar/2014:00:19:36 +0000] "GET /univ/js/app/EntryView.js HTTP/1.1" 304 0 
0:0:0:0:0:0:0:1 -  -  [04/Mar/2014:00:19:38 +0000] "GET /univ/ HTTP/1.1" 304 0 
0:0:0:0:0:0:0:1 -  -  [04/Mar/2014:00:19:38 +0000] "GET /univ/css/style.css HTTP/1.1" 304 0 
0:0:0:0:0:0:0:1 -  -  [04/Mar/2014:00:19:38 +0000] "GET /univ/js/lib/require.js HTTP/1.1" 304 0 
0:0:0:0:0:0:0:1 -  -  [04/Mar/2014:00:19:38 +0000] "GET /univ/img/gradient-top.png HTTP/1.1" 304 0 
0:0:0:0:0:0:0:1 -  -  [04/Mar/2014:00:19:38 +0000] "GET /univ/img/gradient-bottom.png HTTP/1.1" 304 0 
0:0:0:0:0:0:0:1 -  -  [04/Mar/2014:00:19:38 +0000] "GET /univ/img/logo.png HTTP/1.1" 304 0 
0:0:0:0:0:0:0:1 -  -  [04/Mar/2014:00:20:55 +0000] "GET /univ/ HTTP/1.1" 304 0 
0:0:0:0:0:0:0:1 -  -  [04/Mar/2014:00:20:55 +0000] "GET /univ/js/lib/require.js HTTP/1.1" 304 0 
0:0:0:0:0:0:0:1 -  -  [04/Mar/2014:00:20:55 +0000] "GET /univ/css/style.css HTTP/1.1" 304 0 
0:0:0:0:0:0:0:1 -  -  [04/Mar/2014:00:20:55 +0000] "GET /univ/img/gradient-top.png HTTP/1.1" 304 0 
0:0:0:0:0:0:0:1 -  -  [04/Mar/2014:00:20:55 +0000] "GET /univ/img/logo.png HTTP/1.1" 304 0 
0:0:0:0:0:0:0:1 -  -  [04/Mar/2014:00:20:55 +0000] "GET /univ/img/gradient-bottom.png HTTP/1.1" 304 0 
0:0:0:0:0:0:0:1 -  -  [04/Mar/2014:00:20:55 +0000] "GET /univ/js/common.js HTTP/1.1" 304 0 
0:0:0:0:0:0:0:1 -  -  [04/Mar/2014:00:20:58 +0000] "GET /univ/js/app/EntryView.js HTTP/1.1" 304 0 
0:0:0:0:0:0:0:1 -  -  [04/Mar/2014:00:20:58 +0000] "GET /univ/module/entry/index.html HTTP/1.1" 200 3084 
0:0:0:0:0:0:0:1 -  -  [04/Mar/2014:00:21:06 +0000] "GET /univ/ HTTP/1.1" 304 0 
0:0:0:0:0:0:0:1 -  -  [04/Mar/2014:00:21:07 +0000] "GET /univ/css/style.css HTTP/1.1" 304 0 
0:0:0:0:0:0:0:1 -  -  [04/Mar/2014:00:21:07 +0000] "GET /univ/js/lib/require.js HTTP/1.1" 304 0 
0:0:0:0:0:0:0:1 -  -  [04/Mar/2014:00:21:07 +0000] "GET /univ/img/logo.png HTTP/1.1" 304 0 
0:0:0:0:0:0:0:1 -  -  [04/Mar/2014:00:21:07 +0000] "GET /univ/img/gradient-top.png HTTP/1.1" 304 0 
0:0:0:0:0:0:0:1 -  -  [04/Mar/2014:00:21:07 +0000] "GET /univ/img/gradient-bottom.png HTTP/1.1" 304 0 
0:0:0:0:0:0:0:1 -  -  [04/Mar/2014:00:21:07 +0000] "GET /univ/js/common.js HTTP/1.1" 304 0 
0:0:0:0:0:0:0:1 -  -  [04/Mar/2014:00:22:08 +0000] "GET /univ/ HTTP/1.1" 304 0 
0:0:0:0:0:0:0:1 -  -  [04/Mar/2014:00:22:08 +0000] "GET /univ/css/style.css HTTP/1.1" 304 0 
0:0:0:0:0:0:0:1 -  -  [04/Mar/2014:00:22:08 +0000] "GET /univ/js/lib/require.js HTTP/1.1" 304 0 
0:0:0:0:0:0:0:1 -  -  [04/Mar/2014:00:22:08 +0000] "GET /univ/img/logo.png HTTP/1.1" 304 0 
0:0:0:0:0:0:0:1 -  -  [04/Mar/2014:00:22:08 +0000] "GET /univ/img/gradient-top.png HTTP/1.1" 304 0 
0:0:0:0:0:0:0:1 -  -  [04/Mar/2014:00:22:08 +0000] "GET /univ/img/gradient-bottom.png HTTP/1.1" 304 0 
0:0:0:0:0:0:0:1 -  -  [04/Mar/2014:00:22:08 +0000] "GET /univ/js/common.js HTTP/1.1" 304 0 
0:0:0:0:0:0:0:1 -  -  [04/Mar/2014:00:22:10 +0000] "GET /univ/module/entry/index.html HTTP/1.1" 200 3082 
0:0:0:0:0:0:0:1 -  -  [04/Mar/2014:00:22:10 +0000] "GET /univ/js/app/EntryView.js HTTP/1.1" 304 0 
0:0:0:0:0:0:0:1 -  -  [04/Mar/2014:00:22:13 +0000] "GET /univ/ HTTP/1.1" 304 0 
0:0:0:0:0:0:0:1 -  -  [04/Mar/2014:00:22:13 +0000] "GET /univ/css/style.css HTTP/1.1" 304 0 
0:0:0:0:0:0:0:1 -  -  [04/Mar/2014:00:22:13 +0000] "GET /univ/js/lib/require.js HTTP/1.1" 304 0 
0:0:0:0:0:0:0:1 -  -  [04/Mar/2014:00:22:13 +0000] "GET /univ/img/logo.png HTTP/1.1" 304 0 
0:0:0:0:0:0:0:1 -  -  [04/Mar/2014:00:22:13 +0000] "GET /univ/img/gradient-bottom.png HTTP/1.1" 304 0 
0:0:0:0:0:0:0:1 -  -  [04/Mar/2014:00:22:13 +0000] "GET /univ/img/gradient-top.png HTTP/1.1" 304 0 
0:0:0:0:0:0:0:1 -  -  [04/Mar/2014:00:22:13 +0000] "GET /univ/js/common.js HTTP/1.1" 304 0 
0:0:0:0:0:0:0:1 -  -  [04/Mar/2014:00:22:19 +0000] "GET /univ/ HTTP/1.1" 304 0 
0:0:0:0:0:0:0:1 -  -  [04/Mar/2014:00:22:19 +0000] "GET /univ/css/style.css HTTP/1.1" 304 0 
0:0:0:0:0:0:0:1 -  -  [04/Mar/2014:00:22:19 +0000] "GET /univ/js/lib/require.js HTTP/1.1" 304 0 
0:0:0:0:0:0:0:1 -  -  [04/Mar/2014:00:22:19 +0000] "GET /univ/img/logo.png HTTP/1.1" 304 0 
0:0:0:0:0:0:0:1 -  -  [04/Mar/2014:00:22:19 +0000] "GET /univ/img/gradient-top.png HTTP/1.1" 304 0 
0:0:0:0:0:0:0:1 -  -  [04/Mar/2014:00:22:19 +0000] "GET /univ/img/gradient-bottom.png HTTP/1.1" 304 0 
0:0:0:0:0:0:0:1 -  -  [04/Mar/2014:00:22:19 +0000] "GET /univ/js/common.js HTTP/1.1" 304 0 
0:0:0:0:0:0:0:1 -  -  [04/Mar/2014:00:22:20 +0000] "GET /univ/module/entry/index.html HTTP/1.1" 200 3082 
